running egg_info
creating ../../build/obslidar_description/obslidar_description.egg-info
writing ../../build/obslidar_description/obslidar_description.egg-info/PKG-INFO
writing dependency_links to ../../build/obslidar_description/obslidar_description.egg-info/dependency_links.txt
writing requirements to ../../build/obslidar_description/obslidar_description.egg-info/requires.txt
writing top-level names to ../../build/obslidar_description/obslidar_description.egg-info/top_level.txt
writing manifest file '../../build/obslidar_description/obslidar_description.egg-info/SOURCES.txt'
reading manifest file '../../build/obslidar_description/obslidar_description.egg-info/SOURCES.txt'
writing manifest file '../../build/obslidar_description/obslidar_description.egg-info/SOURCES.txt'
running build
running build_py
creating /home/jonatan/ros2_ws/build/obslidar_description/build
creating /home/jonatan/ros2_ws/build/obslidar_description/build/lib
creating /home/jonatan/ros2_ws/build/obslidar_description/build/lib/obslidar_description
copying obslidar_description/__init__.py -> /home/jonatan/ros2_ws/build/obslidar_description/build/lib/obslidar_description
running install
running install_lib
creating /home/jonatan/ros2_ws/install/obslidar_description/lib/python3.12/site-packages/obslidar_description
copying /home/jonatan/ros2_ws/build/obslidar_description/build/lib/obslidar_description/__init__.py -> /home/jonatan/ros2_ws/install/obslidar_description/lib/python3.12/site-packages/obslidar_description
byte-compiling /home/jonatan/ros2_ws/install/obslidar_description/lib/python3.12/site-packages/obslidar_description/__init__.py to __init__.cpython-312.pyc
running install_data
creating /home/jonatan/ros2_ws/install/obslidar_description/share/ament_index
creating /home/jonatan/ros2_ws/install/obslidar_description/share/ament_index/resource_index
creating /home/jonatan/ros2_ws/install/obslidar_description/share/ament_index/resource_index/packages
copying resource/obslidar_description -> /home/jonatan/ros2_ws/install/obslidar_description/share/ament_index/resource_index/packages
copying package.xml -> /home/jonatan/ros2_ws/install/obslidar_description/share/obslidar_description
creating /home/jonatan/ros2_ws/install/obslidar_description/share/obslidar_description/launch
copying launch/gazebo.launch.py -> /home/jonatan/ros2_ws/install/obslidar_description/share/obslidar_description/launch
copying launch/display.launch.py -> /home/jonatan/ros2_ws/install/obslidar_description/share/obslidar_description/launch
creating /home/jonatan/ros2_ws/install/obslidar_description/share/obslidar_description/urdf
copying urdf/obslidar.xacro -> /home/jonatan/ros2_ws/install/obslidar_description/share/obslidar_description/urdf
copying urdf/obslidar.ros2control -> /home/jonatan/ros2_ws/install/obslidar_description/share/obslidar_description/urdf
copying urdf/obslidar.gazebo -> /home/jonatan/ros2_ws/install/obslidar_description/share/obslidar_description/urdf
copying urdf/materials.xacro -> /home/jonatan/ros2_ws/install/obslidar_description/share/obslidar_description/urdf
creating /home/jonatan/ros2_ws/install/obslidar_description/share/obslidar_description/meshes
copying meshes/castro_wheel_1.stl -> /home/jonatan/ros2_ws/install/obslidar_description/share/obslidar_description/meshes
copying meshes/right_wheel_1.stl -> /home/jonatan/ros2_ws/install/obslidar_description/share/obslidar_description/meshes
copying meshes/lidar_1.stl -> /home/jonatan/ros2_ws/install/obslidar_description/share/obslidar_description/meshes
copying meshes/left_wheel_1.stl -> /home/jonatan/ros2_ws/install/obslidar_description/share/obslidar_description/meshes
copying meshes/base_link.stl -> /home/jonatan/ros2_ws/install/obslidar_description/share/obslidar_description/meshes
creating /home/jonatan/ros2_ws/install/obslidar_description/share/obslidar_description/config
copying config/display.rviz -> /home/jonatan/ros2_ws/install/obslidar_description/share/obslidar_description/config
copying config/gazebo.rviz -> /home/jonatan/ros2_ws/install/obslidar_description/share/obslidar_description/config
copying config/ros_gz_bridge_gazebo.yaml -> /home/jonatan/ros2_ws/install/obslidar_description/share/obslidar_description/config
running install_egg_info
Copying ../../build/obslidar_description/obslidar_description.egg-info to /home/jonatan/ros2_ws/install/obslidar_description/lib/python3.12/site-packages/obslidar_description-0.0.0-py3.12.egg-info
running install_scripts
writing list of installed files to '/home/jonatan/ros2_ws/build/obslidar_description/install.log'
