[0.165s] DEBUG:colcon:Command line arguments: ['/usr/bin/colcon', 'build', '--packages-select', 'working_robot']
[0.165s] DEBUG:colcon:Parsed command line arguments: Namespace(log_base=None, log_level=None, verb_name='build', build_base='build', install_base='install', merge_install=False, symlink_install=False, test_result_base=None, continue_on_error=False, executor='parallel', parallel_workers=4, event_handlers=None, ignore_user_meta=False, metas=['./colcon.meta'], base_paths=['.'], packages_ignore=None, packages_ignore_regex=None, paths=None, packages_up_to=None, packages_up_to_regex=None, packages_above=None, packages_above_and_dependencies=None, packages_above_depth=None, packages_select_by_dep=None, packages_skip_by_dep=None, packages_skip_up_to=None, packages_select_build_failed=False, packages_skip_build_finished=False, packages_select_test_failures=False, packages_skip_test_passed=False, packages_select=['working_robot'], packages_skip=None, packages_select_regex=None, packages_skip_regex=None, packages_start=None, packages_end=None, allow_overriding=[], cmake_args=None, cmake_target=None, cmake_target_skip_unavailable=False, cmake_clean_cache=False, cmake_clean_first=False, cmake_force_configure=False, ament_cmake_args=None, catkin_cmake_args=None, catkin_skip_building_tests=False, mixin_files=None, mixin=None, verb_parser=<colcon_mixin.mixin.mixin_argument.MixinArgumentDecorator object at 0x783589146a20>, verb_extension=<colcon_core.verb.build.BuildVerb object at 0x7835890a04d0>, main=<bound method BuildVerb.main of <colcon_core.verb.build.BuildVerb object at 0x7835890a04d0>>, mixin_verb=('build',))
[0.215s] Level 1:colcon.colcon_core.package_discovery:discover_packages(colcon_meta) check parameters
[0.215s] Level 1:colcon.colcon_core.package_discovery:discover_packages(recursive) check parameters
[0.215s] Level 1:colcon.colcon_core.package_discovery:discover_packages(ignore) check parameters
[0.215s] Level 1:colcon.colcon_core.package_discovery:discover_packages(path) check parameters
[0.215s] Level 1:colcon.colcon_core.package_discovery:discover_packages(colcon_meta) discover
[0.216s] Level 1:colcon.colcon_core.package_discovery:discover_packages(recursive) discover
[0.216s] INFO:colcon.colcon_core.package_discovery:Crawling recursively for packages in '/home/jonatan/ros2_ws'
[0.216s] Level 1:colcon.colcon_core.package_identification:_identify(.) by extensions ['ignore', 'ignore_ament_install']
[0.216s] Level 1:colcon.colcon_core.package_identification:_identify(.) by extension 'ignore'
[0.216s] Level 1:colcon.colcon_core.package_identification:_identify(.) by extension 'ignore_ament_install'
[0.216s] Level 1:colcon.colcon_core.package_identification:_identify(.) by extensions ['colcon_pkg']
[0.216s] Level 1:colcon.colcon_core.package_identification:_identify(.) by extension 'colcon_pkg'
[0.216s] Level 1:colcon.colcon_core.package_identification:_identify(.) by extensions ['colcon_meta']
[0.216s] Level 1:colcon.colcon_core.package_identification:_identify(.) by extension 'colcon_meta'
[0.216s] Level 1:colcon.colcon_core.package_identification:_identify(.) by extensions ['ros']
[0.216s] Level 1:colcon.colcon_core.package_identification:_identify(.) by extension 'ros'
[0.255s] Level 1:colcon.colcon_core.package_identification:_identify(.) by extensions ['cmake', 'python']
[0.255s] Level 1:colcon.colcon_core.package_identification:_identify(.) by extension 'cmake'
[0.255s] Level 1:colcon.colcon_core.package_identification:_identify(.) by extension 'python'
[0.255s] Level 1:colcon.colcon_core.package_identification:_identify(.) by extensions ['python_setup_py']
[0.255s] Level 1:colcon.colcon_core.package_identification:_identify(.) by extension 'python_setup_py'
[0.255s] Level 1:colcon.colcon_core.package_identification:_identify(build) by extensions ['ignore', 'ignore_ament_install']
[0.255s] Level 1:colcon.colcon_core.package_identification:_identify(build) by extension 'ignore'
[0.255s] Level 1:colcon.colcon_core.package_identification:_identify(build) ignored
[0.255s] Level 1:colcon.colcon_core.package_identification:_identify(install) by extensions ['ignore', 'ignore_ament_install']
[0.255s] Level 1:colcon.colcon_core.package_identification:_identify(install) by extension 'ignore'
[0.256s] Level 1:colcon.colcon_core.package_identification:_identify(install) ignored
[0.256s] Level 1:colcon.colcon_core.package_identification:_identify(log) by extensions ['ignore', 'ignore_ament_install']
[0.256s] Level 1:colcon.colcon_core.package_identification:_identify(log) by extension 'ignore'
[0.256s] Level 1:colcon.colcon_core.package_identification:_identify(log) ignored
[0.256s] Level 1:colcon.colcon_core.package_identification:_identify(src) by extensions ['ignore', 'ignore_ament_install']
[0.256s] Level 1:colcon.colcon_core.package_identification:_identify(src) by extension 'ignore'
[0.256s] Level 1:colcon.colcon_core.package_identification:_identify(src) by extension 'ignore_ament_install'
[0.256s] Level 1:colcon.colcon_core.package_identification:_identify(src) by extensions ['colcon_pkg']
[0.256s] Level 1:colcon.colcon_core.package_identification:_identify(src) by extension 'colcon_pkg'
[0.256s] Level 1:colcon.colcon_core.package_identification:_identify(src) by extensions ['colcon_meta']
[0.256s] Level 1:colcon.colcon_core.package_identification:_identify(src) by extension 'colcon_meta'
[0.256s] Level 1:colcon.colcon_core.package_identification:_identify(src) by extensions ['ros']
[0.256s] Level 1:colcon.colcon_core.package_identification:_identify(src) by extension 'ros'
[0.257s] Level 1:colcon.colcon_core.package_identification:_identify(src) by extensions ['cmake', 'python']
[0.257s] Level 1:colcon.colcon_core.package_identification:_identify(src) by extension 'cmake'
[0.257s] Level 1:colcon.colcon_core.package_identification:_identify(src) by extension 'python'
[0.257s] Level 1:colcon.colcon_core.package_identification:_identify(src) by extensions ['python_setup_py']
[0.257s] Level 1:colcon.colcon_core.package_identification:_identify(src) by extension 'python_setup_py'
[0.257s] Level 1:colcon.colcon_core.package_identification:_identify(src/differential_drive_robot_with_lidar) by extensions ['ignore', 'ignore_ament_install']
[0.257s] Level 1:colcon.colcon_core.package_identification:_identify(src/differential_drive_robot_with_lidar) by extension 'ignore'
[0.257s] Level 1:colcon.colcon_core.package_identification:_identify(src/differential_drive_robot_with_lidar) by extension 'ignore_ament_install'
[0.257s] Level 1:colcon.colcon_core.package_identification:_identify(src/differential_drive_robot_with_lidar) by extensions ['colcon_pkg']
[0.257s] Level 1:colcon.colcon_core.package_identification:_identify(src/differential_drive_robot_with_lidar) by extension 'colcon_pkg'
[0.257s] Level 1:colcon.colcon_core.package_identification:_identify(src/differential_drive_robot_with_lidar) by extensions ['colcon_meta']
[0.257s] Level 1:colcon.colcon_core.package_identification:_identify(src/differential_drive_robot_with_lidar) by extension 'colcon_meta'
[0.257s] Level 1:colcon.colcon_core.package_identification:_identify(src/differential_drive_robot_with_lidar) by extensions ['ros']
[0.257s] Level 1:colcon.colcon_core.package_identification:_identify(src/differential_drive_robot_with_lidar) by extension 'ros'
[0.260s] DEBUG:colcon.colcon_core.package_identification:Package 'src/differential_drive_robot_with_lidar' with type 'ros.ament_python' and name 'obslidar_description'
[0.261s] Level 1:colcon.colcon_core.package_identification:_identify(src/first_project) by extensions ['ignore', 'ignore_ament_install']
[0.261s] Level 1:colcon.colcon_core.package_identification:_identify(src/first_project) by extension 'ignore'
[0.261s] Level 1:colcon.colcon_core.package_identification:_identify(src/first_project) by extension 'ignore_ament_install'
[0.261s] Level 1:colcon.colcon_core.package_identification:_identify(src/first_project) by extensions ['colcon_pkg']
[0.261s] Level 1:colcon.colcon_core.package_identification:_identify(src/first_project) by extension 'colcon_pkg'
[0.261s] Level 1:colcon.colcon_core.package_identification:_identify(src/first_project) by extensions ['colcon_meta']
[0.261s] Level 1:colcon.colcon_core.package_identification:_identify(src/first_project) by extension 'colcon_meta'
[0.261s] Level 1:colcon.colcon_core.package_identification:_identify(src/first_project) by extensions ['ros']
[0.261s] Level 1:colcon.colcon_core.package_identification:_identify(src/first_project) by extension 'ros'
[0.262s] DEBUG:colcon.colcon_core.package_identification:Package 'src/first_project' with type 'ros.ament_python' and name 'first_project'
[0.262s] Level 1:colcon.colcon_core.package_identification:_identify(src/first_pyqtros) by extensions ['ignore', 'ignore_ament_install']
[0.262s] Level 1:colcon.colcon_core.package_identification:_identify(src/first_pyqtros) by extension 'ignore'
[0.262s] Level 1:colcon.colcon_core.package_identification:_identify(src/first_pyqtros) by extension 'ignore_ament_install'
[0.262s] Level 1:colcon.colcon_core.package_identification:_identify(src/first_pyqtros) by extensions ['colcon_pkg']
[0.262s] Level 1:colcon.colcon_core.package_identification:_identify(src/first_pyqtros) by extension 'colcon_pkg'
[0.262s] Level 1:colcon.colcon_core.package_identification:_identify(src/first_pyqtros) by extensions ['colcon_meta']
[0.262s] Level 1:colcon.colcon_core.package_identification:_identify(src/first_pyqtros) by extension 'colcon_meta'
[0.262s] Level 1:colcon.colcon_core.package_identification:_identify(src/first_pyqtros) by extensions ['ros']
[0.262s] Level 1:colcon.colcon_core.package_identification:_identify(src/first_pyqtros) by extension 'ros'
[0.263s] DEBUG:colcon.colcon_core.package_identification:Package 'src/first_pyqtros' with type 'ros.ament_python' and name 'first_pyqtros'
[0.263s] Level 1:colcon.colcon_core.package_identification:_identify(src/my_robot) by extensions ['ignore', 'ignore_ament_install']
[0.263s] Level 1:colcon.colcon_core.package_identification:_identify(src/my_robot) by extension 'ignore'
[0.263s] Level 1:colcon.colcon_core.package_identification:_identify(src/my_robot) by extension 'ignore_ament_install'
[0.263s] Level 1:colcon.colcon_core.package_identification:_identify(src/my_robot) by extensions ['colcon_pkg']
[0.263s] Level 1:colcon.colcon_core.package_identification:_identify(src/my_robot) by extension 'colcon_pkg'
[0.263s] Level 1:colcon.colcon_core.package_identification:_identify(src/my_robot) by extensions ['colcon_meta']
[0.263s] Level 1:colcon.colcon_core.package_identification:_identify(src/my_robot) by extension 'colcon_meta'
[0.263s] Level 1:colcon.colcon_core.package_identification:_identify(src/my_robot) by extensions ['ros']
[0.263s] Level 1:colcon.colcon_core.package_identification:_identify(src/my_robot) by extension 'ros'
[0.264s] DEBUG:colcon.colcon_core.package_identification:Package 'src/my_robot' with type 'ros.ament_cmake' and name 'my_robot'
[0.264s] Level 1:colcon.colcon_core.package_identification:_identify(src/pubsub_rospyqt) by extensions ['ignore', 'ignore_ament_install']
[0.264s] Level 1:colcon.colcon_core.package_identification:_identify(src/pubsub_rospyqt) by extension 'ignore'
[0.264s] Level 1:colcon.colcon_core.package_identification:_identify(src/pubsub_rospyqt) by extension 'ignore_ament_install'
[0.265s] Level 1:colcon.colcon_core.package_identification:_identify(src/pubsub_rospyqt) by extensions ['colcon_pkg']
[0.265s] Level 1:colcon.colcon_core.package_identification:_identify(src/pubsub_rospyqt) by extension 'colcon_pkg'
[0.265s] Level 1:colcon.colcon_core.package_identification:_identify(src/pubsub_rospyqt) by extensions ['colcon_meta']
[0.265s] Level 1:colcon.colcon_core.package_identification:_identify(src/pubsub_rospyqt) by extension 'colcon_meta'
[0.265s] Level 1:colcon.colcon_core.package_identification:_identify(src/pubsub_rospyqt) by extensions ['ros']
[0.265s] Level 1:colcon.colcon_core.package_identification:_identify(src/pubsub_rospyqt) by extension 'ros'
[0.265s] DEBUG:colcon.colcon_core.package_identification:Package 'src/pubsub_rospyqt' with type 'ros.ament_python' and name 'pubsub_rospyqt'
[0.265s] Level 1:colcon.colcon_core.package_identification:_identify(src/robot_project) by extensions ['ignore', 'ignore_ament_install']
[0.265s] Level 1:colcon.colcon_core.package_identification:_identify(src/robot_project) by extension 'ignore'
[0.266s] Level 1:colcon.colcon_core.package_identification:_identify(src/robot_project) by extension 'ignore_ament_install'
[0.266s] Level 1:colcon.colcon_core.package_identification:_identify(src/robot_project) by extensions ['colcon_pkg']
[0.266s] Level 1:colcon.colcon_core.package_identification:_identify(src/robot_project) by extension 'colcon_pkg'
[0.266s] Level 1:colcon.colcon_core.package_identification:_identify(src/robot_project) by extensions ['colcon_meta']
[0.266s] Level 1:colcon.colcon_core.package_identification:_identify(src/robot_project) by extension 'colcon_meta'
[0.266s] Level 1:colcon.colcon_core.package_identification:_identify(src/robot_project) by extensions ['ros']
[0.266s] Level 1:colcon.colcon_core.package_identification:_identify(src/robot_project) by extension 'ros'
[0.266s] DEBUG:colcon.colcon_core.package_identification:Package 'src/robot_project' with type 'ros.ament_cmake' and name 'robot_project'
[0.267s] Level 1:colcon.colcon_core.package_identification:_identify(src/turtlesim_interface) by extensions ['ignore', 'ignore_ament_install']
[0.267s] Level 1:colcon.colcon_core.package_identification:_identify(src/turtlesim_interface) by extension 'ignore'
[0.267s] Level 1:colcon.colcon_core.package_identification:_identify(src/turtlesim_interface) by extension 'ignore_ament_install'
[0.267s] Level 1:colcon.colcon_core.package_identification:_identify(src/turtlesim_interface) by extensions ['colcon_pkg']
[0.267s] Level 1:colcon.colcon_core.package_identification:_identify(src/turtlesim_interface) by extension 'colcon_pkg'
[0.267s] Level 1:colcon.colcon_core.package_identification:_identify(src/turtlesim_interface) by extensions ['colcon_meta']
[0.267s] Level 1:colcon.colcon_core.package_identification:_identify(src/turtlesim_interface) by extension 'colcon_meta'
[0.267s] Level 1:colcon.colcon_core.package_identification:_identify(src/turtlesim_interface) by extensions ['ros']
[0.267s] Level 1:colcon.colcon_core.package_identification:_identify(src/turtlesim_interface) by extension 'ros'
[0.268s] DEBUG:colcon.colcon_core.package_identification:Package 'src/turtlesim_interface' with type 'ros.ament_python' and name 'turtlesim_interface'
[0.268s] Level 1:colcon.colcon_core.package_identification:_identify(src/working_robot) by extensions ['ignore', 'ignore_ament_install']
[0.268s] Level 1:colcon.colcon_core.package_identification:_identify(src/working_robot) by extension 'ignore'
[0.268s] Level 1:colcon.colcon_core.package_identification:_identify(src/working_robot) by extension 'ignore_ament_install'
[0.268s] Level 1:colcon.colcon_core.package_identification:_identify(src/working_robot) by extensions ['colcon_pkg']
[0.268s] Level 1:colcon.colcon_core.package_identification:_identify(src/working_robot) by extension 'colcon_pkg'
[0.268s] Level 1:colcon.colcon_core.package_identification:_identify(src/working_robot) by extensions ['colcon_meta']
[0.268s] Level 1:colcon.colcon_core.package_identification:_identify(src/working_robot) by extension 'colcon_meta'
[0.268s] Level 1:colcon.colcon_core.package_identification:_identify(src/working_robot) by extensions ['ros']
[0.268s] Level 1:colcon.colcon_core.package_identification:_identify(src/working_robot) by extension 'ros'
[0.269s] DEBUG:colcon.colcon_core.package_identification:Package 'src/working_robot' with type 'ros.ament_cmake' and name 'working_robot'
[0.269s] Level 1:colcon.colcon_core.package_discovery:discover_packages(recursive) using defaults
[0.269s] Level 1:colcon.colcon_core.package_discovery:discover_packages(ignore) discover
[0.269s] Level 1:colcon.colcon_core.package_discovery:discover_packages(ignore) using defaults
[0.269s] Level 1:colcon.colcon_core.package_discovery:discover_packages(path) discover
[0.269s] Level 1:colcon.colcon_core.package_discovery:discover_packages(path) using defaults
[0.292s] INFO:colcon.colcon_core.package_selection:Skipping not selected package 'first_project' in 'src/first_project'
[0.292s] INFO:colcon.colcon_core.package_selection:Skipping not selected package 'first_pyqtros' in 'src/first_pyqtros'
[0.292s] INFO:colcon.colcon_core.package_selection:Skipping not selected package 'my_robot' in 'src/my_robot'
[0.292s] INFO:colcon.colcon_core.package_selection:Skipping not selected package 'obslidar_description' in 'src/differential_drive_robot_with_lidar'
[0.292s] INFO:colcon.colcon_core.package_selection:Skipping not selected package 'pubsub_rospyqt' in 'src/pubsub_rospyqt'
[0.292s] INFO:colcon.colcon_core.package_selection:Skipping not selected package 'robot_project' in 'src/robot_project'
[0.292s] INFO:colcon.colcon_core.package_selection:Skipping not selected package 'turtlesim_interface' in 'src/turtlesim_interface'
[0.293s] Level 1:colcon.colcon_core.package_discovery:discover_packages(prefix_path) check parameters
[0.293s] Level 1:colcon.colcon_core.package_discovery:discover_packages(prefix_path) discover
[0.297s] DEBUG:colcon.colcon_installed_package_information.package_discovery:Found 368 installed packages in /opt/ros/jazzy
[0.299s] Level 1:colcon.colcon_core.package_discovery:discover_packages(prefix_path) using defaults
[0.565s] Level 5:colcon.colcon_core.verb:set package 'working_robot' build argument 'cmake_args' from command line to 'None'
[0.565s] Level 5:colcon.colcon_core.verb:set package 'working_robot' build argument 'cmake_target' from command line to 'None'
[0.565s] Level 5:colcon.colcon_core.verb:set package 'working_robot' build argument 'cmake_target_skip_unavailable' from command line to 'False'
[0.565s] Level 5:colcon.colcon_core.verb:set package 'working_robot' build argument 'cmake_clean_cache' from command line to 'False'
[0.565s] Level 5:colcon.colcon_core.verb:set package 'working_robot' build argument 'cmake_clean_first' from command line to 'False'
[0.565s] Level 5:colcon.colcon_core.verb:set package 'working_robot' build argument 'cmake_force_configure' from command line to 'False'
[0.565s] Level 5:colcon.colcon_core.verb:set package 'working_robot' build argument 'ament_cmake_args' from command line to 'None'
[0.565s] Level 5:colcon.colcon_core.verb:set package 'working_robot' build argument 'catkin_cmake_args' from command line to 'None'
[0.565s] Level 5:colcon.colcon_core.verb:set package 'working_robot' build argument 'catkin_skip_building_tests' from command line to 'False'
[0.565s] DEBUG:colcon.colcon_core.verb:Building package 'working_robot' with the following arguments: {'ament_cmake_args': None, 'build_base': '/home/jonatan/ros2_ws/build/working_robot', 'catkin_cmake_args': None, 'catkin_skip_building_tests': False, 'cmake_args': None, 'cmake_clean_cache': False, 'cmake_clean_first': False, 'cmake_force_configure': False, 'cmake_target': None, 'cmake_target_skip_unavailable': False, 'install_base': '/home/jonatan/ros2_ws/install/working_robot', 'merge_install': False, 'path': '/home/jonatan/ros2_ws/src/working_robot', 'symlink_install': False, 'test_result_base': None}
[0.566s] INFO:colcon.colcon_core.executor:Executing jobs using 'parallel' executor
[0.567s] DEBUG:colcon.colcon_parallel_executor.executor.parallel:run_until_complete
[0.568s] INFO:colcon.colcon_ros.task.ament_cmake.build:Building ROS package in '/home/jonatan/ros2_ws/src/working_robot' with build type 'ament_cmake'
[0.568s] INFO:colcon.colcon_cmake.task.cmake.build:Building CMake package in '/home/jonatan/ros2_ws/src/working_robot'
[0.571s] INFO:colcon.colcon_core.plugin_system:Skipping extension 'colcon_core.shell.bat': Not used on non-Windows systems
[0.571s] INFO:colcon.colcon_core.shell:Skip shell extension 'powershell' for command environment: Not usable outside of PowerShell
[0.571s] DEBUG:colcon.colcon_core.shell:Skip shell extension 'dsv' for command environment
[0.587s] DEBUG:colcon.colcon_core.event_handler.log_command:Invoking command in '/home/jonatan/ros2_ws/build/working_robot': CMAKE_PREFIX_PATH=${CMAKE_PREFIX_PATH}:/opt/ros/jazzy PS1=\[\e]0;\u@\h: \w\a\]${debian_chroot:+($debian_chroot)}\[\033[01;32m\]\u@\h\[\033[00m\]:\[\033[01;34m\]\w\[\033[00m\]\$ /usr/bin/cmake --build /home/jonatan/ros2_ws/build/working_robot -- -j4 -l4
[0.645s] DEBUG:colcon.colcon_core.event_handler.log_command:Invoked command in '/home/jonatan/ros2_ws/build/working_robot' returned '0': CMAKE_PREFIX_PATH=${CMAKE_PREFIX_PATH}:/opt/ros/jazzy PS1=\[\e]0;\u@\h: \w\a\]${debian_chroot:+($debian_chroot)}\[\033[01;32m\]\u@\h\[\033[00m\]:\[\033[01;34m\]\w\[\033[00m\]\$ /usr/bin/cmake --build /home/jonatan/ros2_ws/build/working_robot -- -j4 -l4
[0.659s] DEBUG:colcon.colcon_core.event_handler.log_command:Invoking command in '/home/jonatan/ros2_ws/build/working_robot': CMAKE_PREFIX_PATH=${CMAKE_PREFIX_PATH}:/opt/ros/jazzy PS1=\[\e]0;\u@\h: \w\a\]${debian_chroot:+($debian_chroot)}\[\033[01;32m\]\u@\h\[\033[00m\]:\[\033[01;34m\]\w\[\033[00m\]\$ /usr/bin/cmake --install /home/jonatan/ros2_ws/build/working_robot
[0.680s] Level 1:colcon.colcon_core.environment:create_environment_scripts_only(working_robot)
[0.681s] DEBUG:colcon.colcon_core.event_handler.log_command:Invoked command in '/home/jonatan/ros2_ws/build/working_robot' returned '0': CMAKE_PREFIX_PATH=${CMAKE_PREFIX_PATH}:/opt/ros/jazzy PS1=\[\e]0;\u@\h: \w\a\]${debian_chroot:+($debian_chroot)}\[\033[01;32m\]\u@\h\[\033[00m\]:\[\033[01;34m\]\w\[\033[00m\]\$ /usr/bin/cmake --install /home/jonatan/ros2_ws/build/working_robot
[0.684s] Level 1:colcon.colcon_core.environment:checking '/home/jonatan/ros2_ws/install/working_robot' for CMake module files
[0.685s] Level 1:colcon.colcon_core.environment:checking '/home/jonatan/ros2_ws/install/working_robot' for CMake config files
[0.685s] Level 1:colcon.colcon_core.shell:create_environment_hook('working_robot', 'cmake_prefix_path')
[0.685s] INFO:colcon.colcon_core.shell:Creating environment hook '/home/jonatan/ros2_ws/install/working_robot/share/working_robot/hook/cmake_prefix_path.ps1'
[0.686s] INFO:colcon.colcon_core.shell:Creating environment descriptor '/home/jonatan/ros2_ws/install/working_robot/share/working_robot/hook/cmake_prefix_path.dsv'
[0.687s] INFO:colcon.colcon_core.shell:Creating environment hook '/home/jonatan/ros2_ws/install/working_robot/share/working_robot/hook/cmake_prefix_path.sh'
[0.688s] Level 1:colcon.colcon_core.environment:checking '/home/jonatan/ros2_ws/install/working_robot/bin'
[0.688s] Level 1:colcon.colcon_core.environment:checking '/home/jonatan/ros2_ws/install/working_robot/lib/pkgconfig/working_robot.pc'
[0.689s] Level 1:colcon.colcon_core.environment:checking '/home/jonatan/ros2_ws/install/working_robot/lib/python3.12/site-packages'
[0.689s] Level 1:colcon.colcon_core.environment:checking '/home/jonatan/ros2_ws/install/working_robot/bin'
[0.689s] INFO:colcon.colcon_core.shell:Creating package script '/home/jonatan/ros2_ws/install/working_robot/share/working_robot/package.ps1'
[0.690s] INFO:colcon.colcon_core.shell:Creating package descriptor '/home/jonatan/ros2_ws/install/working_robot/share/working_robot/package.dsv'
[0.691s] INFO:colcon.colcon_core.shell:Creating package script '/home/jonatan/ros2_ws/install/working_robot/share/working_robot/package.sh'
[0.692s] INFO:colcon.colcon_core.shell:Creating package script '/home/jonatan/ros2_ws/install/working_robot/share/working_robot/package.bash'
[0.693s] INFO:colcon.colcon_core.shell:Creating package script '/home/jonatan/ros2_ws/install/working_robot/share/working_robot/package.zsh'
[0.694s] Level 1:colcon.colcon_core.environment:create_file_with_runtime_dependencies(/home/jonatan/ros2_ws/install/working_robot/share/colcon-core/packages/working_robot)
[0.694s] Level 1:colcon.colcon_core.environment:create_environment_scripts_only(working_robot)
[0.695s] Level 1:colcon.colcon_core.environment:checking '/home/jonatan/ros2_ws/install/working_robot' for CMake module files
[0.695s] Level 1:colcon.colcon_core.environment:checking '/home/jonatan/ros2_ws/install/working_robot' for CMake config files
[0.696s] Level 1:colcon.colcon_core.shell:create_environment_hook('working_robot', 'cmake_prefix_path')
[0.696s] INFO:colcon.colcon_core.shell:Creating environment hook '/home/jonatan/ros2_ws/install/working_robot/share/working_robot/hook/cmake_prefix_path.ps1'
[0.696s] INFO:colcon.colcon_core.shell:Creating environment descriptor '/home/jonatan/ros2_ws/install/working_robot/share/working_robot/hook/cmake_prefix_path.dsv'
[0.697s] INFO:colcon.colcon_core.shell:Creating environment hook '/home/jonatan/ros2_ws/install/working_robot/share/working_robot/hook/cmake_prefix_path.sh'
[0.697s] Level 1:colcon.colcon_core.environment:checking '/home/jonatan/ros2_ws/install/working_robot/bin'
[0.698s] Level 1:colcon.colcon_core.environment:checking '/home/jonatan/ros2_ws/install/working_robot/lib/pkgconfig/working_robot.pc'
[0.698s] Level 1:colcon.colcon_core.environment:checking '/home/jonatan/ros2_ws/install/working_robot/lib/python3.12/site-packages'
[0.698s] Level 1:colcon.colcon_core.environment:checking '/home/jonatan/ros2_ws/install/working_robot/bin'
[0.699s] INFO:colcon.colcon_core.shell:Creating package script '/home/jonatan/ros2_ws/install/working_robot/share/working_robot/package.ps1'
[0.699s] INFO:colcon.colcon_core.shell:Creating package descriptor '/home/jonatan/ros2_ws/install/working_robot/share/working_robot/package.dsv'
[0.700s] INFO:colcon.colcon_core.shell:Creating package script '/home/jonatan/ros2_ws/install/working_robot/share/working_robot/package.sh'
[0.700s] INFO:colcon.colcon_core.shell:Creating package script '/home/jonatan/ros2_ws/install/working_robot/share/working_robot/package.bash'
[0.701s] INFO:colcon.colcon_core.shell:Creating package script '/home/jonatan/ros2_ws/install/working_robot/share/working_robot/package.zsh'
[0.702s] Level 1:colcon.colcon_core.environment:create_file_with_runtime_dependencies(/home/jonatan/ros2_ws/install/working_robot/share/colcon-core/packages/working_robot)
[0.702s] DEBUG:colcon.colcon_parallel_executor.executor.parallel:closing loop
[0.702s] DEBUG:colcon.colcon_parallel_executor.executor.parallel:loop closed
[0.702s] DEBUG:colcon.colcon_parallel_executor.executor.parallel:run_until_complete finished with '0'
[0.703s] DEBUG:colcon.colcon_core.event_reactor:joining thread
[0.714s] INFO:colcon.colcon_core.plugin_system:Skipping extension 'colcon_notification.desktop_notification.terminal_notifier': Not used on non-Darwin systems
[0.715s] INFO:colcon.colcon_core.plugin_system:Skipping extension 'colcon_notification.desktop_notification.win32': Not used on non-Windows systems
[0.715s] INFO:colcon.colcon_notification.desktop_notification:Sending desktop notification using 'notify2'
[0.733s] DEBUG:colcon.colcon_core.event_reactor:joined thread
[0.733s] INFO:colcon.colcon_core.shell:Creating prefix script '/home/jonatan/ros2_ws/install/local_setup.ps1'
[0.735s] INFO:colcon.colcon_core.shell:Creating prefix util module '/home/jonatan/ros2_ws/install/_local_setup_util_ps1.py'
[0.738s] INFO:colcon.colcon_core.shell:Creating prefix chain script '/home/jonatan/ros2_ws/install/setup.ps1'
[0.740s] INFO:colcon.colcon_core.shell:Creating prefix script '/home/jonatan/ros2_ws/install/local_setup.sh'
[0.742s] INFO:colcon.colcon_core.shell:Creating prefix util module '/home/jonatan/ros2_ws/install/_local_setup_util_sh.py'
[0.743s] INFO:colcon.colcon_core.shell:Creating prefix chain script '/home/jonatan/ros2_ws/install/setup.sh'
[0.745s] INFO:colcon.colcon_core.shell:Creating prefix script '/home/jonatan/ros2_ws/install/local_setup.bash'
[0.747s] INFO:colcon.colcon_core.shell:Creating prefix chain script '/home/jonatan/ros2_ws/install/setup.bash'
[0.748s] INFO:colcon.colcon_core.shell:Creating prefix script '/home/jonatan/ros2_ws/install/local_setup.zsh'
[0.749s] INFO:colcon.colcon_core.shell:Creating prefix chain script '/home/jonatan/ros2_ws/install/setup.zsh'
