running egg_info
writing ../../build/pubsub_rospyqt/pubsub_rospyqt.egg-info/PKG-INFO
writing dependency_links to ../../build/pubsub_rospyqt/pubsub_rospyqt.egg-info/dependency_links.txt
writing entry points to ../../build/pubsub_rospyqt/pubsub_rospyqt.egg-info/entry_points.txt
writing requirements to ../../build/pubsub_rospyqt/pubsub_rospyqt.egg-info/requires.txt
writing top-level names to ../../build/pubsub_rospyqt/pubsub_rospyqt.egg-info/top_level.txt
reading manifest file '../../build/pubsub_rospyqt/pubsub_rospyqt.egg-info/SOURCES.txt'
adding license file 'LICENSE'
writing manifest file '../../build/pubsub_rospyqt/pubsub_rospyqt.egg-info/SOURCES.txt'
running build
running build_py
running install
running install_lib
running install_data
running install_egg_info
removing '/home/jonatan/ros2_ws/install/pubsub_rospyqt/lib/python3.12/site-packages/pubsub_rospyqt-0.0.0-py3.12.egg-info' (and everything under it)
Copying ../../build/pubsub_rospyqt/pubsub_rospyqt.egg-info to /home/jonatan/ros2_ws/install/pubsub_rospyqt/lib/python3.12/site-packages/pubsub_rospyqt-0.0.0-py3.12.egg-info
running install_scripts
Installing show_gui script to /home/jonatan/ros2_ws/install/pubsub_rospyqt/lib/pubsub_rospyqt
writing list of installed files to '/home/jonatan/ros2_ws/build/pubsub_rospyqt/install.log'
