Built target ament_cmake_python_copy_articubot_one
running egg_info
writing articubot_one.egg-info/PKG-INFO
writing dependency_links to articubot_one.egg-info/dependency_links.txt
writing top-level names to articubot_one.egg-info/top_level.txt
reading manifest file 'articubot_one.egg-info/SOURCES.txt'
writing manifest file 'articubot_one.egg-info/SOURCES.txt'
Built target ament_cmake_python_build_articubot_one_egg
-- Install configuration: ""
-- Installing: /home/jonatan/ros2_ws/install/articubot_one/share/articubot_one/environment/pythonpath.sh
-- Installing: /home/jonatan/ros2_ws/install/articubot_one/share/articubot_one/environment/pythonpath.dsv
-- Installing: /home/jonatan/ros2_ws/install/articubot_one/lib/python3.12/site-packages/articubot_one-0.0.0-py3.12.egg-info
-- Installing: /home/jonatan/ros2_ws/install/articubot_one/lib/python3.12/site-packages/articubot_one-0.0.0-py3.12.egg-info/top_level.txt
-- Installing: /home/jonatan/ros2_ws/install/articubot_one/lib/python3.12/site-packages/articubot_one-0.0.0-py3.12.egg-info/dependency_links.txt
-- Installing: /home/jonatan/ros2_ws/install/articubot_one/lib/python3.12/site-packages/articubot_one-0.0.0-py3.12.egg-info/PKG-INFO
-- Installing: /home/jonatan/ros2_ws/install/articubot_one/lib/python3.12/site-packages/articubot_one-0.0.0-py3.12.egg-info/SOURCES.txt
-- Installing: /home/jonatan/ros2_ws/install/articubot_one/lib/python3.12/site-packages/articubot_one
-- Installing: /home/jonatan/ros2_ws/install/articubot_one/lib/python3.12/site-packages/articubot_one/obstacle_avoidance.py
-- Installing: /home/jonatan/ros2_ws/install/articubot_one/lib/python3.12/site-packages/articubot_one/__init__.py
Listing '/home/jonatan/ros2_ws/install/articubot_one/lib/python3.12/site-packages/articubot_one'...
Compiling '/home/jonatan/ros2_ws/install/articubot_one/lib/python3.12/site-packages/articubot_one/__init__.py'...
Compiling '/home/jonatan/ros2_ws/install/articubot_one/lib/python3.12/site-packages/articubot_one/obstacle_avoidance.py'...
-- Installing: /home/jonatan/ros2_ws/install/articubot_one/lib/articubot_one/obstacle_avoidance.py
-- Installing: /home/jonatan/ros2_ws/install/articubot_one/share/articubot_one/config
-- Installing: /home/jonatan/ros2_ws/install/articubot_one/share/articubot_one/config/nav2_params.yaml
-- Installing: /home/jonatan/ros2_ws/install/articubot_one/share/articubot_one/config/ball_tracker_params_robot.yaml
-- Installing: /home/jonatan/ros2_ws/install/articubot_one/share/articubot_one/config/joystick.yaml
-- Installing: /home/jonatan/ros2_ws/install/articubot_one/share/articubot_one/config/mapper_params_online_async.yaml
-- Installing: /home/jonatan/ros2_ws/install/articubot_one/share/articubot_one/config/twist_mux.yaml
-- Installing: /home/jonatan/ros2_ws/install/articubot_one/share/articubot_one/config/ball_tracker_params_sim.yaml
-- Installing: /home/jonatan/ros2_ws/install/articubot_one/share/articubot_one/config/map.rviz
-- Installing: /home/jonatan/ros2_ws/install/articubot_one/share/articubot_one/config/gz_bridge.yaml
-- Installing: /home/jonatan/ros2_ws/install/articubot_one/share/articubot_one/config/view_bot.rviz
-- Installing: /home/jonatan/ros2_ws/install/articubot_one/share/articubot_one/config/drive_bot.rviz
-- Installing: /home/jonatan/ros2_ws/install/articubot_one/share/articubot_one/config/my_controllers.yaml
-- Installing: /home/jonatan/ros2_ws/install/articubot_one/share/articubot_one/config/main.rviz
-- Installing: /home/jonatan/ros2_ws/install/articubot_one/share/articubot_one/config/gaz_ros2_ctl_use_sim.yaml
-- Installing: /home/jonatan/ros2_ws/install/articubot_one/share/articubot_one/config/empty.yaml
-- Installing: /home/jonatan/ros2_ws/install/articubot_one/share/articubot_one/description
-- Installing: /home/jonatan/ros2_ws/install/articubot_one/share/articubot_one/description/gazebo_control.xacro
-- Installing: /home/jonatan/ros2_ws/install/articubot_one/share/articubot_one/description/lidar.xacro
-- Installing: /home/jonatan/ros2_ws/install/articubot_one/share/articubot_one/description/inertial_macros.xacro
-- Installing: /home/jonatan/ros2_ws/install/articubot_one/share/articubot_one/description/face.xacro
-- Installing: /home/jonatan/ros2_ws/install/articubot_one/share/articubot_one/description/camera.xacro
-- Installing: /home/jonatan/ros2_ws/install/articubot_one/share/articubot_one/description/depth_camera.xacro
-- Installing: /home/jonatan/ros2_ws/install/articubot_one/share/articubot_one/description/robot_core.xacro
-- Installing: /home/jonatan/ros2_ws/install/articubot_one/share/articubot_one/description/robot.urdf.xacro
-- Installing: /home/jonatan/ros2_ws/install/articubot_one/share/articubot_one/description/ros2_control.xacro
-- Installing: /home/jonatan/ros2_ws/install/articubot_one/share/articubot_one/launch
-- Installing: /home/jonatan/ros2_ws/install/articubot_one/share/articubot_one/launch/joystick.launch.py
-- Installing: /home/jonatan/ros2_ws/install/articubot_one/share/articubot_one/launch/online_async_launch.py
-- Installing: /home/jonatan/ros2_ws/install/articubot_one/share/articubot_one/launch/ball_tracker.launch.py
-- Installing: /home/jonatan/ros2_ws/install/articubot_one/share/articubot_one/launch/localization_launch.py
-- Installing: /home/jonatan/ros2_ws/install/articubot_one/share/articubot_one/launch/rviz_gazebo.launch.py
-- Installing: /home/jonatan/ros2_ws/install/articubot_one/share/articubot_one/launch/navigation_launch.py
-- Installing: /home/jonatan/ros2_ws/install/articubot_one/share/articubot_one/launch/rsp.launch.py
-- Installing: /home/jonatan/ros2_ws/install/articubot_one/share/articubot_one/launch/launch_robot.launch.py
-- Installing: /home/jonatan/ros2_ws/install/articubot_one/share/articubot_one/launch/camera.launch.py
-- Installing: /home/jonatan/ros2_ws/install/articubot_one/share/articubot_one/launch/rplidar.launch.py
-- Installing: /home/jonatan/ros2_ws/install/articubot_one/share/articubot_one/launch/launch_sim.launch.py
-- Installing: /home/jonatan/ros2_ws/install/articubot_one/share/articubot_one/worlds
-- Installing: /home/jonatan/ros2_ws/install/articubot_one/share/articubot_one/worlds/obstacles.world
-- Installing: /home/jonatan/ros2_ws/install/articubot_one/share/articubot_one/worlds/empty.world
-- Installing: /home/jonatan/ros2_ws/install/articubot_one/share/articubot_one/articubot_one
-- Installing: /home/jonatan/ros2_ws/install/articubot_one/share/articubot_one/articubot_one/obstacle_avoidance.py
-- Installing: /home/jonatan/ros2_ws/install/articubot_one/share/articubot_one/articubot_one/__init__.py
-- Installing: /home/jonatan/ros2_ws/install/articubot_one/share/ament_index/resource_index/package_run_dependencies/articubot_one
-- Installing: /home/jonatan/ros2_ws/install/articubot_one/share/ament_index/resource_index/parent_prefix_path/articubot_one
-- Installing: /home/jonatan/ros2_ws/install/articubot_one/share/articubot_one/environment/ament_prefix_path.sh
-- Installing: /home/jonatan/ros2_ws/install/articubot_one/share/articubot_one/environment/ament_prefix_path.dsv
-- Installing: /home/jonatan/ros2_ws/install/articubot_one/share/articubot_one/environment/path.sh
-- Installing: /home/jonatan/ros2_ws/install/articubot_one/share/articubot_one/environment/path.dsv
-- Installing: /home/jonatan/ros2_ws/install/articubot_one/share/articubot_one/local_setup.bash
-- Installing: /home/jonatan/ros2_ws/install/articubot_one/share/articubot_one/local_setup.sh
-- Installing: /home/jonatan/ros2_ws/install/articubot_one/share/articubot_one/local_setup.zsh
-- Installing: /home/jonatan/ros2_ws/install/articubot_one/share/articubot_one/local_setup.dsv
-- Installing: /home/jonatan/ros2_ws/install/articubot_one/share/articubot_one/package.dsv
-- Installing: /home/jonatan/ros2_ws/install/articubot_one/share/ament_index/resource_index/packages/articubot_one
-- Installing: /home/jonatan/ros2_ws/install/articubot_one/share/articubot_one/cmake/articubot_oneConfig.cmake
-- Installing: /home/jonatan/ros2_ws/install/articubot_one/share/articubot_one/cmake/articubot_oneConfig-version.cmake
-- Installing: /home/jonatan/ros2_ws/install/articubot_one/share/articubot_one/package.xml
