running egg_info
writing ../../build/turtlesim_interface/turtlesim_interface.egg-info/PKG-INFO
writing dependency_links to ../../build/turtlesim_interface/turtlesim_interface.egg-info/dependency_links.txt
writing entry points to ../../build/turtlesim_interface/turtlesim_interface.egg-info/entry_points.txt
writing requirements to ../../build/turtlesim_interface/turtlesim_interface.egg-info/requires.txt
writing top-level names to ../../build/turtlesim_interface/turtlesim_interface.egg-info/top_level.txt
reading manifest file '../../build/turtlesim_interface/turtlesim_interface.egg-info/SOURCES.txt'
adding license file 'LICENSE'
writing manifest file '../../build/turtlesim_interface/turtlesim_interface.egg-info/SOURCES.txt'
running build
running build_py
running install
running install_lib
running install_data
running install_egg_info
removing '/home/jonatan/ros2_ws/install/turtlesim_interface/lib/python3.12/site-packages/turtlesim_interface-0.0.0-py3.12.egg-info' (and everything under it)
Copying ../../build/turtlesim_interface/turtlesim_interface.egg-info to /home/jonatan/ros2_ws/install/turtlesim_interface/lib/python3.12/site-packages/turtlesim_interface-0.0.0-py3.12.egg-info
running install_scripts
Installing show_gui script to /home/jonatan/ros2_ws/install/turtlesim_interface/lib/turtlesim_interface
writing list of installed files to '/home/jonatan/ros2_ws/build/turtlesim_interface/install.log'
