[0.436s] DEBUG:colcon:Command line arguments: ['/usr/bin/colcon', 'list', '-p', '--base-paths', '/home/jonatan/ros2_ws']
[0.436s] DEBUG:colcon:Parsed command line arguments: Namespace(log_base=None, log_level=None, verb_name='list', build_base='build', ignore_user_meta=False, metas=['./colcon.meta'], base_paths=['/home/jonatan/ros2_ws'], packages_ignore=None, packages_ignore_regex=None, paths=None, packages_up_to=None, packages_up_to_regex=None, packages_above=None, packages_above_and_dependencies=None, packages_above_depth=None, packages_select_by_dep=None, packages_skip_by_dep=None, packages_skip_up_to=None, packages_select_build_failed=False, packages_skip_build_finished=False, packages_select_test_failures=False, packages_skip_test_passed=False, packages_select=None, packages_skip=None, packages_select_regex=None, packages_skip_regex=None, packages_start=None, packages_end=None, allow_overriding=[], topological_order=False, names_only=False, paths_only=True, topological_graph=False, topological_graph_dot=False, topological_graph_density=False, topological_graph_legend=False, topological_graph_dot_cluster=False, topological_graph_dot_include_skipped=False, mixin_files=None, mixin=None, verb_parser=<colcon_mixin.mixin.mixin_argument.MixinArgumentDecorator object at 0x73a382c9e4e0>, verb_extension=<colcon_package_information.verb.list.ListVerb object at 0x73a382c9da30>, main=<bound method ListVerb.main of <colcon_package_information.verb.list.ListVerb object at 0x73a382c9da30>>, mixin_verb=('list',))
[0.532s] Level 1:colcon.colcon_core.package_discovery:discover_packages(colcon_meta) check parameters
[0.532s] Level 1:colcon.colcon_core.package_discovery:discover_packages(recursive) check parameters
[0.532s] Level 1:colcon.colcon_core.package_discovery:discover_packages(ignore) check parameters
[0.532s] Level 1:colcon.colcon_core.package_discovery:discover_packages(path) check parameters
[0.532s] Level 1:colcon.colcon_core.package_discovery:discover_packages(recursive) discover
[0.533s] INFO:colcon.colcon_core.package_discovery:Crawling recursively for packages in '/home/jonatan/ros2_ws'
[0.533s] Level 1:colcon.colcon_core.package_identification:_identify(/home/jonatan/ros2_ws) by extensions ['ignore', 'ignore_ament_install']
[0.533s] Level 1:colcon.colcon_core.package_identification:_identify(/home/jonatan/ros2_ws) by extension 'ignore'
[0.533s] Level 1:colcon.colcon_core.package_identification:_identify(/home/jonatan/ros2_ws) by extension 'ignore_ament_install'
[0.533s] Level 1:colcon.colcon_core.package_identification:_identify(/home/jonatan/ros2_ws) by extensions ['colcon_pkg']
[0.533s] Level 1:colcon.colcon_core.package_identification:_identify(/home/jonatan/ros2_ws) by extension 'colcon_pkg'
[0.533s] Level 1:colcon.colcon_core.package_identification:_identify(/home/jonatan/ros2_ws) by extensions ['colcon_meta']
[0.534s] Level 1:colcon.colcon_core.package_identification:_identify(/home/jonatan/ros2_ws) by extension 'colcon_meta'
[0.534s] Level 1:colcon.colcon_core.package_identification:_identify(/home/jonatan/ros2_ws) by extensions ['ros']
[0.534s] Level 1:colcon.colcon_core.package_identification:_identify(/home/jonatan/ros2_ws) by extension 'ros'
[0.595s] Level 1:colcon.colcon_core.package_identification:_identify(/home/jonatan/ros2_ws) by extensions ['cmake', 'python']
[0.595s] Level 1:colcon.colcon_core.package_identification:_identify(/home/jonatan/ros2_ws) by extension 'cmake'
[0.595s] Level 1:colcon.colcon_core.package_identification:_identify(/home/jonatan/ros2_ws) by extension 'python'
[0.595s] Level 1:colcon.colcon_core.package_identification:_identify(/home/jonatan/ros2_ws) by extensions ['python_setup_py']
[0.595s] Level 1:colcon.colcon_core.package_identification:_identify(/home/jonatan/ros2_ws) by extension 'python_setup_py'
[0.596s] Level 1:colcon.colcon_core.package_identification:_identify(/home/jonatan/ros2_ws/build) by extensions ['ignore', 'ignore_ament_install']
[0.596s] Level 1:colcon.colcon_core.package_identification:_identify(/home/jonatan/ros2_ws/build) by extension 'ignore'
[0.596s] Level 1:colcon.colcon_core.package_identification:_identify(/home/jonatan/ros2_ws/build) ignored
[0.596s] Level 1:colcon.colcon_core.package_identification:_identify(/home/jonatan/ros2_ws/install) by extensions ['ignore', 'ignore_ament_install']
[0.596s] Level 1:colcon.colcon_core.package_identification:_identify(/home/jonatan/ros2_ws/install) by extension 'ignore'
[0.596s] Level 1:colcon.colcon_core.package_identification:_identify(/home/jonatan/ros2_ws/install) ignored
[0.597s] Level 1:colcon.colcon_core.package_identification:_identify(/home/jonatan/ros2_ws/log) by extensions ['ignore', 'ignore_ament_install']
[0.597s] Level 1:colcon.colcon_core.package_identification:_identify(/home/jonatan/ros2_ws/log) by extension 'ignore'
[0.597s] Level 1:colcon.colcon_core.package_identification:_identify(/home/jonatan/ros2_ws/log) ignored
[0.598s] Level 1:colcon.colcon_core.package_identification:_identify(/home/jonatan/ros2_ws/src) by extensions ['ignore', 'ignore_ament_install']
[0.598s] Level 1:colcon.colcon_core.package_identification:_identify(/home/jonatan/ros2_ws/src) by extension 'ignore'
[0.598s] Level 1:colcon.colcon_core.package_identification:_identify(/home/jonatan/ros2_ws/src) by extension 'ignore_ament_install'
[0.598s] Level 1:colcon.colcon_core.package_identification:_identify(/home/jonatan/ros2_ws/src) by extensions ['colcon_pkg']
[0.598s] Level 1:colcon.colcon_core.package_identification:_identify(/home/jonatan/ros2_ws/src) by extension 'colcon_pkg'
[0.598s] Level 1:colcon.colcon_core.package_identification:_identify(/home/jonatan/ros2_ws/src) by extensions ['colcon_meta']
[0.598s] Level 1:colcon.colcon_core.package_identification:_identify(/home/jonatan/ros2_ws/src) by extension 'colcon_meta'
[0.598s] Level 1:colcon.colcon_core.package_identification:_identify(/home/jonatan/ros2_ws/src) by extensions ['ros']
[0.598s] Level 1:colcon.colcon_core.package_identification:_identify(/home/jonatan/ros2_ws/src) by extension 'ros'
[0.599s] Level 1:colcon.colcon_core.package_identification:_identify(/home/jonatan/ros2_ws/src) by extensions ['cmake', 'python']
[0.599s] Level 1:colcon.colcon_core.package_identification:_identify(/home/jonatan/ros2_ws/src) by extension 'cmake'
[0.599s] Level 1:colcon.colcon_core.package_identification:_identify(/home/jonatan/ros2_ws/src) by extension 'python'
[0.599s] Level 1:colcon.colcon_core.package_identification:_identify(/home/jonatan/ros2_ws/src) by extensions ['python_setup_py']
[0.599s] Level 1:colcon.colcon_core.package_identification:_identify(/home/jonatan/ros2_ws/src) by extension 'python_setup_py'
[0.599s] Level 1:colcon.colcon_core.package_identification:_identify(/home/jonatan/ros2_ws/src/articubot_one) by extensions ['ignore', 'ignore_ament_install']
[0.600s] Level 1:colcon.colcon_core.package_identification:_identify(/home/jonatan/ros2_ws/src/articubot_one) by extension 'ignore'
[0.600s] Level 1:colcon.colcon_core.package_identification:_identify(/home/jonatan/ros2_ws/src/articubot_one) by extension 'ignore_ament_install'
[0.600s] Level 1:colcon.colcon_core.package_identification:_identify(/home/jonatan/ros2_ws/src/articubot_one) by extensions ['colcon_pkg']
[0.600s] Level 1:colcon.colcon_core.package_identification:_identify(/home/jonatan/ros2_ws/src/articubot_one) by extension 'colcon_pkg'
[0.600s] Level 1:colcon.colcon_core.package_identification:_identify(/home/jonatan/ros2_ws/src/articubot_one) by extensions ['colcon_meta']
[0.600s] Level 1:colcon.colcon_core.package_identification:_identify(/home/jonatan/ros2_ws/src/articubot_one) by extension 'colcon_meta'
[0.600s] Level 1:colcon.colcon_core.package_identification:_identify(/home/jonatan/ros2_ws/src/articubot_one) by extensions ['ros']
[0.600s] Level 1:colcon.colcon_core.package_identification:_identify(/home/jonatan/ros2_ws/src/articubot_one) by extension 'ros'
[0.607s] DEBUG:colcon.colcon_core.package_identification:Package '/home/jonatan/ros2_ws/src/articubot_one' with type 'ros.ament_cmake' and name 'articubot_one'
[0.607s] Level 1:colcon.colcon_core.package_identification:_identify(/home/jonatan/ros2_ws/src/differential_drive_robot_with_lidar) by extensions ['ignore', 'ignore_ament_install']
[0.607s] Level 1:colcon.colcon_core.package_identification:_identify(/home/jonatan/ros2_ws/src/differential_drive_robot_with_lidar) by extension 'ignore'
[0.608s] Level 1:colcon.colcon_core.package_identification:_identify(/home/jonatan/ros2_ws/src/differential_drive_robot_with_lidar) by extension 'ignore_ament_install'
[0.608s] Level 1:colcon.colcon_core.package_identification:_identify(/home/jonatan/ros2_ws/src/differential_drive_robot_with_lidar) by extensions ['colcon_pkg']
[0.608s] Level 1:colcon.colcon_core.package_identification:_identify(/home/jonatan/ros2_ws/src/differential_drive_robot_with_lidar) by extension 'colcon_pkg'
[0.608s] Level 1:colcon.colcon_core.package_identification:_identify(/home/jonatan/ros2_ws/src/differential_drive_robot_with_lidar) by extensions ['colcon_meta']
[0.608s] Level 1:colcon.colcon_core.package_identification:_identify(/home/jonatan/ros2_ws/src/differential_drive_robot_with_lidar) by extension 'colcon_meta'
[0.608s] Level 1:colcon.colcon_core.package_identification:_identify(/home/jonatan/ros2_ws/src/differential_drive_robot_with_lidar) by extensions ['ros']
[0.608s] Level 1:colcon.colcon_core.package_identification:_identify(/home/jonatan/ros2_ws/src/differential_drive_robot_with_lidar) by extension 'ros'
[0.610s] DEBUG:colcon.colcon_core.package_identification:Package '/home/jonatan/ros2_ws/src/differential_drive_robot_with_lidar' with type 'ros.ament_python' and name 'obslidar_description'
[0.610s] Level 1:colcon.colcon_core.package_identification:_identify(/home/jonatan/ros2_ws/src/first_project) by extensions ['ignore', 'ignore_ament_install']
[0.610s] Level 1:colcon.colcon_core.package_identification:_identify(/home/jonatan/ros2_ws/src/first_project) by extension 'ignore'
[0.610s] Level 1:colcon.colcon_core.package_identification:_identify(/home/jonatan/ros2_ws/src/first_project) by extension 'ignore_ament_install'
[0.611s] Level 1:colcon.colcon_core.package_identification:_identify(/home/jonatan/ros2_ws/src/first_project) by extensions ['colcon_pkg']
[0.611s] Level 1:colcon.colcon_core.package_identification:_identify(/home/jonatan/ros2_ws/src/first_project) by extension 'colcon_pkg'
[0.611s] Level 1:colcon.colcon_core.package_identification:_identify(/home/jonatan/ros2_ws/src/first_project) by extensions ['colcon_meta']
[0.611s] Level 1:colcon.colcon_core.package_identification:_identify(/home/jonatan/ros2_ws/src/first_project) by extension 'colcon_meta'
[0.611s] Level 1:colcon.colcon_core.package_identification:_identify(/home/jonatan/ros2_ws/src/first_project) by extensions ['ros']
[0.611s] Level 1:colcon.colcon_core.package_identification:_identify(/home/jonatan/ros2_ws/src/first_project) by extension 'ros'
[0.612s] DEBUG:colcon.colcon_core.package_identification:Package '/home/jonatan/ros2_ws/src/first_project' with type 'ros.ament_python' and name 'first_project'
[0.612s] Level 1:colcon.colcon_core.package_identification:_identify(/home/jonatan/ros2_ws/src/first_pyqtros) by extensions ['ignore', 'ignore_ament_install']
[0.613s] Level 1:colcon.colcon_core.package_identification:_identify(/home/jonatan/ros2_ws/src/first_pyqtros) by extension 'ignore'
[0.613s] Level 1:colcon.colcon_core.package_identification:_identify(/home/jonatan/ros2_ws/src/first_pyqtros) by extension 'ignore_ament_install'
[0.613s] Level 1:colcon.colcon_core.package_identification:_identify(/home/jonatan/ros2_ws/src/first_pyqtros) by extensions ['colcon_pkg']
[0.613s] Level 1:colcon.colcon_core.package_identification:_identify(/home/jonatan/ros2_ws/src/first_pyqtros) by extension 'colcon_pkg'
[0.613s] Level 1:colcon.colcon_core.package_identification:_identify(/home/jonatan/ros2_ws/src/first_pyqtros) by extensions ['colcon_meta']
[0.613s] Level 1:colcon.colcon_core.package_identification:_identify(/home/jonatan/ros2_ws/src/first_pyqtros) by extension 'colcon_meta'
[0.613s] Level 1:colcon.colcon_core.package_identification:_identify(/home/jonatan/ros2_ws/src/first_pyqtros) by extensions ['ros']
[0.613s] Level 1:colcon.colcon_core.package_identification:_identify(/home/jonatan/ros2_ws/src/first_pyqtros) by extension 'ros'
[0.615s] DEBUG:colcon.colcon_core.package_identification:Package '/home/jonatan/ros2_ws/src/first_pyqtros' with type 'ros.ament_python' and name 'first_pyqtros'
[0.615s] Level 1:colcon.colcon_core.package_identification:_identify(/home/jonatan/ros2_ws/src/my_robot) by extensions ['ignore', 'ignore_ament_install']
[0.615s] Level 1:colcon.colcon_core.package_identification:_identify(/home/jonatan/ros2_ws/src/my_robot) by extension 'ignore'
[0.615s] Level 1:colcon.colcon_core.package_identification:_identify(/home/jonatan/ros2_ws/src/my_robot) by extension 'ignore_ament_install'
[0.615s] Level 1:colcon.colcon_core.package_identification:_identify(/home/jonatan/ros2_ws/src/my_robot) by extensions ['colcon_pkg']
[0.615s] Level 1:colcon.colcon_core.package_identification:_identify(/home/jonatan/ros2_ws/src/my_robot) by extension 'colcon_pkg'
[0.616s] Level 1:colcon.colcon_core.package_identification:_identify(/home/jonatan/ros2_ws/src/my_robot) by extensions ['colcon_meta']
[0.616s] Level 1:colcon.colcon_core.package_identification:_identify(/home/jonatan/ros2_ws/src/my_robot) by extension 'colcon_meta'
[0.616s] Level 1:colcon.colcon_core.package_identification:_identify(/home/jonatan/ros2_ws/src/my_robot) by extensions ['ros']
[0.616s] Level 1:colcon.colcon_core.package_identification:_identify(/home/jonatan/ros2_ws/src/my_robot) by extension 'ros'
[0.617s] DEBUG:colcon.colcon_core.package_identification:Package '/home/jonatan/ros2_ws/src/my_robot' with type 'ros.ament_cmake' and name 'my_robot'
[0.617s] Level 1:colcon.colcon_core.package_identification:_identify(/home/jonatan/ros2_ws/src/pubsub_rospyqt) by extensions ['ignore', 'ignore_ament_install']
[0.617s] Level 1:colcon.colcon_core.package_identification:_identify(/home/jonatan/ros2_ws/src/pubsub_rospyqt) by extension 'ignore'
[0.617s] Level 1:colcon.colcon_core.package_identification:_identify(/home/jonatan/ros2_ws/src/pubsub_rospyqt) by extension 'ignore_ament_install'
[0.618s] Level 1:colcon.colcon_core.package_identification:_identify(/home/jonatan/ros2_ws/src/pubsub_rospyqt) by extensions ['colcon_pkg']
[0.618s] Level 1:colcon.colcon_core.package_identification:_identify(/home/jonatan/ros2_ws/src/pubsub_rospyqt) by extension 'colcon_pkg'
[0.618s] Level 1:colcon.colcon_core.package_identification:_identify(/home/jonatan/ros2_ws/src/pubsub_rospyqt) by extensions ['colcon_meta']
[0.618s] Level 1:colcon.colcon_core.package_identification:_identify(/home/jonatan/ros2_ws/src/pubsub_rospyqt) by extension 'colcon_meta'
[0.618s] Level 1:colcon.colcon_core.package_identification:_identify(/home/jonatan/ros2_ws/src/pubsub_rospyqt) by extensions ['ros']
[0.618s] Level 1:colcon.colcon_core.package_identification:_identify(/home/jonatan/ros2_ws/src/pubsub_rospyqt) by extension 'ros'
[0.619s] DEBUG:colcon.colcon_core.package_identification:Package '/home/jonatan/ros2_ws/src/pubsub_rospyqt' with type 'ros.ament_python' and name 'pubsub_rospyqt'
[0.619s] Level 1:colcon.colcon_core.package_identification:_identify(/home/jonatan/ros2_ws/src/robot_project) by extensions ['ignore', 'ignore_ament_install']
[0.619s] Level 1:colcon.colcon_core.package_identification:_identify(/home/jonatan/ros2_ws/src/robot_project) by extension 'ignore'
[0.620s] Level 1:colcon.colcon_core.package_identification:_identify(/home/jonatan/ros2_ws/src/robot_project) by extension 'ignore_ament_install'
[0.620s] Level 1:colcon.colcon_core.package_identification:_identify(/home/jonatan/ros2_ws/src/robot_project) by extensions ['colcon_pkg']
[0.620s] Level 1:colcon.colcon_core.package_identification:_identify(/home/jonatan/ros2_ws/src/robot_project) by extension 'colcon_pkg'
[0.620s] Level 1:colcon.colcon_core.package_identification:_identify(/home/jonatan/ros2_ws/src/robot_project) by extensions ['colcon_meta']
[0.620s] Level 1:colcon.colcon_core.package_identification:_identify(/home/jonatan/ros2_ws/src/robot_project) by extension 'colcon_meta'
[0.620s] Level 1:colcon.colcon_core.package_identification:_identify(/home/jonatan/ros2_ws/src/robot_project) by extensions ['ros']
[0.620s] Level 1:colcon.colcon_core.package_identification:_identify(/home/jonatan/ros2_ws/src/robot_project) by extension 'ros'
[0.622s] DEBUG:colcon.colcon_core.package_identification:Package '/home/jonatan/ros2_ws/src/robot_project' with type 'ros.ament_cmake' and name 'robot_project'
[0.622s] Level 1:colcon.colcon_core.package_identification:_identify(/home/jonatan/ros2_ws/src/turtlesim_interface) by extensions ['ignore', 'ignore_ament_install']
[0.622s] Level 1:colcon.colcon_core.package_identification:_identify(/home/jonatan/ros2_ws/src/turtlesim_interface) by extension 'ignore'
[0.623s] Level 1:colcon.colcon_core.package_identification:_identify(/home/jonatan/ros2_ws/src/turtlesim_interface) by extension 'ignore_ament_install'
[0.623s] Level 1:colcon.colcon_core.package_identification:_identify(/home/jonatan/ros2_ws/src/turtlesim_interface) by extensions ['colcon_pkg']
[0.623s] Level 1:colcon.colcon_core.package_identification:_identify(/home/jonatan/ros2_ws/src/turtlesim_interface) by extension 'colcon_pkg'
[0.623s] Level 1:colcon.colcon_core.package_identification:_identify(/home/jonatan/ros2_ws/src/turtlesim_interface) by extensions ['colcon_meta']
[0.623s] Level 1:colcon.colcon_core.package_identification:_identify(/home/jonatan/ros2_ws/src/turtlesim_interface) by extension 'colcon_meta'
[0.623s] Level 1:colcon.colcon_core.package_identification:_identify(/home/jonatan/ros2_ws/src/turtlesim_interface) by extensions ['ros']
[0.623s] Level 1:colcon.colcon_core.package_identification:_identify(/home/jonatan/ros2_ws/src/turtlesim_interface) by extension 'ros'
[0.625s] DEBUG:colcon.colcon_core.package_identification:Package '/home/jonatan/ros2_ws/src/turtlesim_interface' with type 'ros.ament_python' and name 'turtlesim_interface'
[0.626s] Level 1:colcon.colcon_core.package_identification:_identify(/home/jonatan/ros2_ws/src/working_robot) by extensions ['ignore', 'ignore_ament_install']
[0.626s] Level 1:colcon.colcon_core.package_identification:_identify(/home/jonatan/ros2_ws/src/working_robot) by extension 'ignore'
[0.626s] Level 1:colcon.colcon_core.package_identification:_identify(/home/jonatan/ros2_ws/src/working_robot) by extension 'ignore_ament_install'
[0.627s] Level 1:colcon.colcon_core.package_identification:_identify(/home/jonatan/ros2_ws/src/working_robot) by extensions ['colcon_pkg']
[0.627s] Level 1:colcon.colcon_core.package_identification:_identify(/home/jonatan/ros2_ws/src/working_robot) by extension 'colcon_pkg'
[0.627s] Level 1:colcon.colcon_core.package_identification:_identify(/home/jonatan/ros2_ws/src/working_robot) by extensions ['colcon_meta']
[0.627s] Level 1:colcon.colcon_core.package_identification:_identify(/home/jonatan/ros2_ws/src/working_robot) by extension 'colcon_meta'
[0.627s] Level 1:colcon.colcon_core.package_identification:_identify(/home/jonatan/ros2_ws/src/working_robot) by extensions ['ros']
[0.627s] Level 1:colcon.colcon_core.package_identification:_identify(/home/jonatan/ros2_ws/src/working_robot) by extension 'ros'
[0.628s] DEBUG:colcon.colcon_core.package_identification:Package '/home/jonatan/ros2_ws/src/working_robot' with type 'ros.ament_cmake' and name 'working_robot'
[0.629s] Level 1:colcon.colcon_core.package_discovery:discover_packages(recursive) using defaults
