-- Found ament_cmake: 2.5.3 (/opt/ros/jazzy/share/ament_cmake/cmake)
-- Found rclpy: 7.1.4 (/opt/ros/jazzy/share/rclpy/cmake)
-- Found sensor_msgs: 5.3.6 (/opt/ros/jazzy/share/sensor_msgs/cmake)
-- Found rosidl_generator_c: 4.6.5 (/opt/ros/jazzy/share/rosidl_generator_c/cmake)
-- Found rosidl_generator_cpp: 4.6.5 (/opt/ros/jazzy/share/rosidl_generator_cpp/cmake)
-- Using all available rosidl_typesupport_c: rosidl_typesupport_fastrtps_c;rosidl_typesupport_introspection_c
-- Using all available rosidl_typesupport_cpp: rosidl_typesupport_fastrtps_cpp;rosidl_typesupport_introspection_cpp
-- Found ament_lint_auto: 0.17.2 (/opt/ros/jazzy/share/ament_lint_auto/cmake)
-- Added test 'copyright' to check source files copyright and LICENSE
-- Added test 'flake8' to check Python code syntax and style conventions
-- Configured 'flake8' exclude dirs and/or files: 
-- Added test 'lint_cmake' to check CMake code style
-- Added test 'pep257' to check Python code against some of the docstring style conventions in PEP 257
-- Added test 'xmllint' to check XML markup files
-- Configuring done (0.8s)
-- Generating done (0.0s)
-- Build files have been written to: /home/jonatan/ros2_ws/build/articubot_one
Built target ament_cmake_python_copy_articubot_one
running egg_info
creating articubot_one.egg-info
writing articubot_one.egg-info/PKG-INFO
writing dependency_links to articubot_one.egg-info/dependency_links.txt
writing top-level names to articubot_one.egg-info/top_level.txt
writing manifest file 'articubot_one.egg-info/SOURCES.txt'
reading manifest file 'articubot_one.egg-info/SOURCES.txt'
writing manifest file 'articubot_one.egg-info/SOURCES.txt'
Built target ament_cmake_python_build_articubot_one_egg
-- Install configuration: ""
-- Installing: /home/jonatan/ros2_ws/install/articubot_one/share/articubot_one/environment/pythonpath.sh
-- Installing: /home/jonatan/ros2_ws/install/articubot_one/share/articubot_one/environment/pythonpath.dsv
-- Installing: /home/jonatan/ros2_ws/install/articubot_one/lib/python3.12/site-packages/articubot_one-0.0.0-py3.12.egg-info
-- Installing: /home/jonatan/ros2_ws/install/articubot_one/lib/python3.12/site-packages/articubot_one-0.0.0-py3.12.egg-info/top_level.txt
-- Installing: /home/jonatan/ros2_ws/install/articubot_one/lib/python3.12/site-packages/articubot_one-0.0.0-py3.12.egg-info/dependency_links.txt
-- Installing: /home/jonatan/ros2_ws/install/articubot_one/lib/python3.12/site-packages/articubot_one-0.0.0-py3.12.egg-info/PKG-INFO
-- Installing: /home/jonatan/ros2_ws/install/articubot_one/lib/python3.12/site-packages/articubot_one-0.0.0-py3.12.egg-info/SOURCES.txt
-- Installing: /home/jonatan/ros2_ws/install/articubot_one/lib/python3.12/site-packages/articubot_one
-- Installing: /home/jonatan/ros2_ws/install/articubot_one/lib/python3.12/site-packages/articubot_one/obstacle_avoidance.py
-- Installing: /home/jonatan/ros2_ws/install/articubot_one/lib/python3.12/site-packages/articubot_one/__init__.py
Listing '/home/jonatan/ros2_ws/install/articubot_one/lib/python3.12/site-packages/articubot_one'...
Compiling '/home/jonatan/ros2_ws/install/articubot_one/lib/python3.12/site-packages/articubot_one/__init__.py'...
Compiling '/home/jonatan/ros2_ws/install/articubot_one/lib/python3.12/site-packages/articubot_one/obstacle_avoidance.py'...
-- Installing: /home/jonatan/ros2_ws/install/articubot_one/lib/articubot_one/obstacle_avoidance.py
-- Up-to-date: /home/jonatan/ros2_ws/install/articubot_one/share/articubot_one/config
-- Up-to-date: /home/jonatan/ros2_ws/install/articubot_one/share/articubot_one/config/nav2_params.yaml
-- Up-to-date: /home/jonatan/ros2_ws/install/articubot_one/share/articubot_one/config/ball_tracker_params_robot.yaml
-- Up-to-date: /home/jonatan/ros2_ws/install/articubot_one/share/articubot_one/config/joystick.yaml
-- Up-to-date: /home/jonatan/ros2_ws/install/articubot_one/share/articubot_one/config/mapper_params_online_async.yaml
-- Up-to-date: /home/jonatan/ros2_ws/install/articubot_one/share/articubot_one/config/twist_mux.yaml
-- Up-to-date: /home/jonatan/ros2_ws/install/articubot_one/share/articubot_one/config/ball_tracker_params_sim.yaml
-- Up-to-date: /home/jonatan/ros2_ws/install/articubot_one/share/articubot_one/config/map.rviz
-- Up-to-date: /home/jonatan/ros2_ws/install/articubot_one/share/articubot_one/config/gz_bridge.yaml
-- Up-to-date: /home/jonatan/ros2_ws/install/articubot_one/share/articubot_one/config/view_bot.rviz
-- Up-to-date: /home/jonatan/ros2_ws/install/articubot_one/share/articubot_one/config/drive_bot.rviz
-- Up-to-date: /home/jonatan/ros2_ws/install/articubot_one/share/articubot_one/config/my_controllers.yaml
[31mCMake Error at cmake_install.cmake:74 (file):
  file INSTALL cannot find
  "/home/jonatan/ros2_ws/src/articubot_one/python_scripts": No such file or
  directory.

[0m
-- Up-to-date: /home/jonatan/ros2_ws/install/articubot_one/share/articubot_one/config/main.rviz
-- Up-to-date: /home/jonatan/ros2_ws/install/articubot_one/share/articubot_one/config/gaz_ros2_ctl_use_sim.yaml
-- Up-to-date: /home/jonatan/ros2_ws/install/articubot_one/share/articubot_one/config/empty.yaml
-- Up-to-date: /home/jonatan/ros2_ws/install/articubot_one/share/articubot_one/description
-- Up-to-date: /home/jonatan/ros2_ws/install/articubot_one/share/articubot_one/description/gazebo_control.xacro
-- Up-to-date: /home/jonatan/ros2_ws/install/articubot_one/share/articubot_one/description/lidar.xacro
-- Up-to-date: /home/jonatan/ros2_ws/install/articubot_one/share/articubot_one/description/inertial_macros.xacro
-- Up-to-date: /home/jonatan/ros2_ws/install/articubot_one/share/articubot_one/description/face.xacro
-- Up-to-date: /home/jonatan/ros2_ws/install/articubot_one/share/articubot_one/description/camera.xacro
-- Up-to-date: /home/jonatan/ros2_ws/install/articubot_one/share/articubot_one/description/depth_camera.xacro
-- Up-to-date: /home/jonatan/ros2_ws/install/articubot_one/share/articubot_one/description/robot_core.xacro
-- Up-to-date: /home/jonatan/ros2_ws/install/articubot_one/share/articubot_one/description/robot.urdf.xacro
-- Up-to-date: /home/jonatan/ros2_ws/install/articubot_one/share/articubot_one/description/ros2_control.xacro
-- Up-to-date: /home/jonatan/ros2_ws/install/articubot_one/share/articubot_one/launch
-- Up-to-date: /home/jonatan/ros2_ws/install/articubot_one/share/articubot_one/launch/joystick.launch.py
-- Up-to-date: /home/jonatan/ros2_ws/install/articubot_one/share/articubot_one/launch/online_async_launch.py
-- Up-to-date: /home/jonatan/ros2_ws/install/articubot_one/share/articubot_one/launch/ball_tracker.launch.py
-- Up-to-date: /home/jonatan/ros2_ws/install/articubot_one/share/articubot_one/launch/localization_launch.py
-- Up-to-date: /home/jonatan/ros2_ws/install/articubot_one/share/articubot_one/launch/rviz_gazebo.launch.py
-- Up-to-date: /home/jonatan/ros2_ws/install/articubot_one/share/articubot_one/launch/navigation_launch.py
-- Up-to-date: /home/jonatan/ros2_ws/install/articubot_one/share/articubot_one/launch/rsp.launch.py
-- Up-to-date: /home/jonatan/ros2_ws/install/articubot_one/share/articubot_one/launch/launch_robot.launch.py
-- Up-to-date: /home/jonatan/ros2_ws/install/articubot_one/share/articubot_one/launch/camera.launch.py
-- Up-to-date: /home/jonatan/ros2_ws/install/articubot_one/share/articubot_one/launch/rplidar.launch.py
-- Up-to-date: /home/jonatan/ros2_ws/install/articubot_one/share/articubot_one/launch/launch_sim.launch.py
-- Up-to-date: /home/jonatan/ros2_ws/install/articubot_one/share/articubot_one/worlds
-- Up-to-date: /home/jonatan/ros2_ws/install/articubot_one/share/articubot_one/worlds/obstacles.world
-- Up-to-date: /home/jonatan/ros2_ws/install/articubot_one/share/articubot_one/worlds/empty.world
