[0.018s] Invoking command in '/home/jonatan/ros2_ws/build/robot_project': CMAKE_PREFIX_PATH=${CMAKE_PREFIX_PATH}:/home/jonatan/ros2_ws/install/turtlesim_interface:/home/jonatan/ros2_ws/install/pubsub_rospyqt:/home/jonatan/ros2_ws/install/first_pyqtros:/home/jonatan/ros2_ws/install/first_project:/opt/ros/jazzy PS1=\[\e]0;\u@\h: \w\a\]${debian_chroot:+($debian_chroot)}\[\033[01;32m\]\u@\h\[\033[00m\]:\[\033[01;34m\]\w\[\033[00m\]\$ /usr/bin/cmake /home/jonatan/ros2_ws/src/robot_project -DCMAKE_INSTALL_PREFIX=/home/jonatan/ros2_ws/install/robot_project
[0.101s] -- The C compiler identification is GNU 13.3.0
[0.198s] -- The CXX compiler identification is GNU 13.3.0
[0.227s] -- Detecting C compiler ABI info
[0.372s] -- Detecting C compiler ABI info - done
[0.388s] -- Check for working C compiler: /usr/bin/cc - skipped
[0.389s] -- Detecting C compile features
[0.390s] -- Detecting C compile features - done
[0.408s] -- Detecting CXX compiler ABI info
[0.575s] -- Detecting CXX compiler ABI info - done
[0.592s] -- Check for working CXX compiler: /usr/bin/c++ - skipped
[0.593s] -- Detecting CXX compile features
[0.593s] -- Detecting CXX compile features - done
[0.602s] -- Found ament_cmake: 2.5.3 (/opt/ros/jazzy/share/ament_cmake/cmake)
[0.861s] -- Found Python3: /usr/bin/python3 (found version "3.12.3") found components: Interpreter 
[1.047s] -- Found ament_lint_auto: 0.17.2 (/opt/ros/jazzy/share/ament_lint_auto/cmake)
[1.218s] -- Added test 'flake8' to check Python code syntax and style conventions
[1.219s] -- Configured 'flake8' exclude dirs and/or files: 
[1.220s] -- Added test 'lint_cmake' to check CMake code style
[1.222s] -- Added test 'pep257' to check Python code against some of the docstring style conventions in PEP 257
[1.224s] -- Added test 'xmllint' to check XML markup files
[1.227s] -- Configuring done (1.2s)
[1.232s] -- Generating done (0.0s)
[1.234s] -- Build files have been written to: /home/jonatan/ros2_ws/build/robot_project
[1.240s] Invoked command in '/home/jonatan/ros2_ws/build/robot_project' returned '0': CMAKE_PREFIX_PATH=${CMAKE_PREFIX_PATH}:/home/jonatan/ros2_ws/install/turtlesim_interface:/home/jonatan/ros2_ws/install/pubsub_rospyqt:/home/jonatan/ros2_ws/install/first_pyqtros:/home/jonatan/ros2_ws/install/first_project:/opt/ros/jazzy PS1=\[\e]0;\u@\h: \w\a\]${debian_chroot:+($debian_chroot)}\[\033[01;32m\]\u@\h\[\033[00m\]:\[\033[01;34m\]\w\[\033[00m\]\$ /usr/bin/cmake /home/jonatan/ros2_ws/src/robot_project -DCMAKE_INSTALL_PREFIX=/home/jonatan/ros2_ws/install/robot_project
[1.242s] Invoking command in '/home/jonatan/ros2_ws/build/robot_project': CMAKE_PREFIX_PATH=${CMAKE_PREFIX_PATH}:/home/jonatan/ros2_ws/install/turtlesim_interface:/home/jonatan/ros2_ws/install/pubsub_rospyqt:/home/jonatan/ros2_ws/install/first_pyqtros:/home/jonatan/ros2_ws/install/first_project:/opt/ros/jazzy PS1=\[\e]0;\u@\h: \w\a\]${debian_chroot:+($debian_chroot)}\[\033[01;32m\]\u@\h\[\033[00m\]:\[\033[01;34m\]\w\[\033[00m\]\$ /usr/bin/cmake --build /home/jonatan/ros2_ws/build/robot_project -- -j4 -l4
[1.298s] Invoked command in '/home/jonatan/ros2_ws/build/robot_project' returned '0': CMAKE_PREFIX_PATH=${CMAKE_PREFIX_PATH}:/home/jonatan/ros2_ws/install/turtlesim_interface:/home/jonatan/ros2_ws/install/pubsub_rospyqt:/home/jonatan/ros2_ws/install/first_pyqtros:/home/jonatan/ros2_ws/install/first_project:/opt/ros/jazzy PS1=\[\e]0;\u@\h: \w\a\]${debian_chroot:+($debian_chroot)}\[\033[01;32m\]\u@\h\[\033[00m\]:\[\033[01;34m\]\w\[\033[00m\]\$ /usr/bin/cmake --build /home/jonatan/ros2_ws/build/robot_project -- -j4 -l4
[1.314s] Invoking command in '/home/jonatan/ros2_ws/build/robot_project': CMAKE_PREFIX_PATH=${CMAKE_PREFIX_PATH}:/home/jonatan/ros2_ws/install/turtlesim_interface:/home/jonatan/ros2_ws/install/pubsub_rospyqt:/home/jonatan/ros2_ws/install/first_pyqtros:/home/jonatan/ros2_ws/install/first_project:/opt/ros/jazzy PS1=\[\e]0;\u@\h: \w\a\]${debian_chroot:+($debian_chroot)}\[\033[01;32m\]\u@\h\[\033[00m\]:\[\033[01;34m\]\w\[\033[00m\]\$ /usr/bin/cmake --install /home/jonatan/ros2_ws/build/robot_project
[1.325s] -- Install configuration: ""
[1.325s] -- Installing: /home/jonatan/ros2_ws/install/robot_project/share/robot_project/launch
[1.326s] -- Installing: /home/jonatan/ros2_ws/install/robot_project/share/robot_project/launch/gazebo.launch.py
[1.326s] -- Installing: /home/jonatan/ros2_ws/install/robot_project/share/robot_project/launch/complete.launch.py
[1.326s] -- Installing: /home/jonatan/ros2_ws/install/robot_project/share/robot_project/worlds
[1.327s] -- Installing: /home/jonatan/ros2_ws/install/robot_project/share/robot_project/worlds/fws_robot_world.sdf
[1.327s] -- Installing: /home/jonatan/ros2_ws/install/robot_project/share/robot_project/urdf
[1.327s] -- Installing: /home/jonatan/ros2_ws/install/robot_project/share/robot_project/urdf/robot.urdf
[1.327s] -- Installing: /home/jonatan/ros2_ws/install/robot_project/share/ament_index/resource_index/package_run_dependencies/robot_project
[1.327s] -- Installing: /home/jonatan/ros2_ws/install/robot_project/share/ament_index/resource_index/parent_prefix_path/robot_project
[1.327s] -- Installing: /home/jonatan/ros2_ws/install/robot_project/share/robot_project/environment/ament_prefix_path.sh
[1.328s] -- Installing: /home/jonatan/ros2_ws/install/robot_project/share/robot_project/environment/ament_prefix_path.dsv
[1.328s] -- Installing: /home/jonatan/ros2_ws/install/robot_project/share/robot_project/environment/path.sh
[1.328s] -- Installing: /home/jonatan/ros2_ws/install/robot_project/share/robot_project/environment/path.dsv
[1.328s] -- Installing: /home/jonatan/ros2_ws/install/robot_project/share/robot_project/local_setup.bash
[1.328s] -- Installing: /home/jonatan/ros2_ws/install/robot_project/share/robot_project/local_setup.sh
[1.329s] -- Installing: /home/jonatan/ros2_ws/install/robot_project/share/robot_project/local_setup.zsh
[1.329s] -- Installing: /home/jonatan/ros2_ws/install/robot_project/share/robot_project/local_setup.dsv
[1.329s] -- Installing: /home/jonatan/ros2_ws/install/robot_project/share/robot_project/package.dsv
[1.329s] -- Installing: /home/jonatan/ros2_ws/install/robot_project/share/ament_index/resource_index/packages/robot_project
[1.330s] -- Installing: /home/jonatan/ros2_ws/install/robot_project/share/robot_project/cmake/robot_projectConfig.cmake
[1.330s] -- Installing: /home/jonatan/ros2_ws/install/robot_project/share/robot_project/cmake/robot_projectConfig-version.cmake
[1.330s] -- Installing: /home/jonatan/ros2_ws/install/robot_project/share/robot_project/package.xml
[1.333s] Invoked command in '/home/jonatan/ros2_ws/build/robot_project' returned '0': CMAKE_PREFIX_PATH=${CMAKE_PREFIX_PATH}:/home/jonatan/ros2_ws/install/turtlesim_interface:/home/jonatan/ros2_ws/install/pubsub_rospyqt:/home/jonatan/ros2_ws/install/first_pyqtros:/home/jonatan/ros2_ws/install/first_project:/opt/ros/jazzy PS1=\[\e]0;\u@\h: \w\a\]${debian_chroot:+($debian_chroot)}\[\033[01;32m\]\u@\h\[\033[00m\]:\[\033[01;34m\]\w\[\033[00m\]\$ /usr/bin/cmake --install /home/jonatan/ros2_ws/build/robot_project
