[0.133s] DEBUG:colcon:Command line arguments: ['/usr/bin/colcon', 'build']
[0.133s] DEBUG:colcon:Parsed command line arguments: Namespace(log_base=None, log_level=None, verb_name='build', build_base='build', install_base='install', merge_install=False, symlink_install=False, test_result_base=None, continue_on_error=False, executor='parallel', parallel_workers=4, event_handlers=None, ignore_user_meta=False, metas=['./colcon.meta'], base_paths=['.'], packages_ignore=None, packages_ignore_regex=None, paths=None, packages_up_to=None, packages_up_to_regex=None, packages_above=None, packages_above_and_dependencies=None, packages_above_depth=None, packages_select_by_dep=None, packages_skip_by_dep=None, packages_skip_up_to=None, packages_select_build_failed=False, packages_skip_build_finished=False, packages_select_test_failures=False, packages_skip_test_passed=False, packages_select=None, packages_skip=None, packages_select_regex=None, packages_skip_regex=None, packages_start=None, packages_end=None, allow_overriding=[], cmake_args=None, cmake_target=None, cmake_target_skip_unavailable=False, cmake_clean_cache=False, cmake_clean_first=False, cmake_force_configure=False, ament_cmake_args=None, catkin_cmake_args=None, catkin_skip_building_tests=False, mixin_files=None, mixin=None, verb_parser=<colcon_mixin.mixin.mixin_argument.MixinArgumentDecorator object at 0x7857155847a0>, verb_extension=<colcon_core.verb.build.BuildVerb object at 0x785715510410>, main=<bound method BuildVerb.main of <colcon_core.verb.build.BuildVerb object at 0x785715510410>>, mixin_verb=('build',))
[0.180s] Level 1:colcon.colcon_core.package_discovery:discover_packages(colcon_meta) check parameters
[0.180s] Level 1:colcon.colcon_core.package_discovery:discover_packages(recursive) check parameters
[0.180s] Level 1:colcon.colcon_core.package_discovery:discover_packages(ignore) check parameters
[0.180s] Level 1:colcon.colcon_core.package_discovery:discover_packages(path) check parameters
[0.180s] Level 1:colcon.colcon_core.package_discovery:discover_packages(colcon_meta) discover
[0.180s] Level 1:colcon.colcon_core.package_discovery:discover_packages(recursive) discover
[0.180s] INFO:colcon.colcon_core.package_discovery:Crawling recursively for packages in '/home/jonatan/ros2_ws'
[0.180s] Level 1:colcon.colcon_core.package_identification:_identify(.) by extensions ['ignore', 'ignore_ament_install']
[0.181s] Level 1:colcon.colcon_core.package_identification:_identify(.) by extension 'ignore'
[0.181s] Level 1:colcon.colcon_core.package_identification:_identify(.) by extension 'ignore_ament_install'
[0.181s] Level 1:colcon.colcon_core.package_identification:_identify(.) by extensions ['colcon_pkg']
[0.181s] Level 1:colcon.colcon_core.package_identification:_identify(.) by extension 'colcon_pkg'
[0.181s] Level 1:colcon.colcon_core.package_identification:_identify(.) by extensions ['colcon_meta']
[0.181s] Level 1:colcon.colcon_core.package_identification:_identify(.) by extension 'colcon_meta'
[0.181s] Level 1:colcon.colcon_core.package_identification:_identify(.) by extensions ['ros']
[0.181s] Level 1:colcon.colcon_core.package_identification:_identify(.) by extension 'ros'
[0.212s] Level 1:colcon.colcon_core.package_identification:_identify(.) by extensions ['cmake', 'python']
[0.212s] Level 1:colcon.colcon_core.package_identification:_identify(.) by extension 'cmake'
[0.212s] Level 1:colcon.colcon_core.package_identification:_identify(.) by extension 'python'
[0.212s] Level 1:colcon.colcon_core.package_identification:_identify(.) by extensions ['python_setup_py']
[0.213s] Level 1:colcon.colcon_core.package_identification:_identify(.) by extension 'python_setup_py'
[0.213s] Level 1:colcon.colcon_core.package_identification:_identify(build) by extensions ['ignore', 'ignore_ament_install']
[0.213s] Level 1:colcon.colcon_core.package_identification:_identify(build) by extension 'ignore'
[0.213s] Level 1:colcon.colcon_core.package_identification:_identify(build) ignored
[0.213s] Level 1:colcon.colcon_core.package_identification:_identify(install) by extensions ['ignore', 'ignore_ament_install']
[0.213s] Level 1:colcon.colcon_core.package_identification:_identify(install) by extension 'ignore'
[0.213s] Level 1:colcon.colcon_core.package_identification:_identify(install) ignored
[0.213s] Level 1:colcon.colcon_core.package_identification:_identify(log) by extensions ['ignore', 'ignore_ament_install']
[0.213s] Level 1:colcon.colcon_core.package_identification:_identify(log) by extension 'ignore'
[0.213s] Level 1:colcon.colcon_core.package_identification:_identify(log) ignored
[0.214s] Level 1:colcon.colcon_core.package_identification:_identify(src) by extensions ['ignore', 'ignore_ament_install']
[0.214s] Level 1:colcon.colcon_core.package_identification:_identify(src) by extension 'ignore'
[0.214s] Level 1:colcon.colcon_core.package_identification:_identify(src) by extension 'ignore_ament_install'
[0.214s] Level 1:colcon.colcon_core.package_identification:_identify(src) by extensions ['colcon_pkg']
[0.214s] Level 1:colcon.colcon_core.package_identification:_identify(src) by extension 'colcon_pkg'
[0.214s] Level 1:colcon.colcon_core.package_identification:_identify(src) by extensions ['colcon_meta']
[0.214s] Level 1:colcon.colcon_core.package_identification:_identify(src) by extension 'colcon_meta'
[0.214s] Level 1:colcon.colcon_core.package_identification:_identify(src) by extensions ['ros']
[0.214s] Level 1:colcon.colcon_core.package_identification:_identify(src) by extension 'ros'
[0.214s] Level 1:colcon.colcon_core.package_identification:_identify(src) by extensions ['cmake', 'python']
[0.214s] Level 1:colcon.colcon_core.package_identification:_identify(src) by extension 'cmake'
[0.214s] Level 1:colcon.colcon_core.package_identification:_identify(src) by extension 'python'
[0.214s] Level 1:colcon.colcon_core.package_identification:_identify(src) by extensions ['python_setup_py']
[0.214s] Level 1:colcon.colcon_core.package_identification:_identify(src) by extension 'python_setup_py'
[0.214s] Level 1:colcon.colcon_core.package_identification:_identify(src/first_project) by extensions ['ignore', 'ignore_ament_install']
[0.215s] Level 1:colcon.colcon_core.package_identification:_identify(src/first_project) by extension 'ignore'
[0.215s] Level 1:colcon.colcon_core.package_identification:_identify(src/first_project) by extension 'ignore_ament_install'
[0.215s] Level 1:colcon.colcon_core.package_identification:_identify(src/first_project) by extensions ['colcon_pkg']
[0.215s] Level 1:colcon.colcon_core.package_identification:_identify(src/first_project) by extension 'colcon_pkg'
[0.215s] Level 1:colcon.colcon_core.package_identification:_identify(src/first_project) by extensions ['colcon_meta']
[0.215s] Level 1:colcon.colcon_core.package_identification:_identify(src/first_project) by extension 'colcon_meta'
[0.215s] Level 1:colcon.colcon_core.package_identification:_identify(src/first_project) by extensions ['ros']
[0.215s] Level 1:colcon.colcon_core.package_identification:_identify(src/first_project) by extension 'ros'
[0.218s] DEBUG:colcon.colcon_core.package_identification:Package 'src/first_project' with type 'ros.ament_python' and name 'first_project'
[0.218s] Level 1:colcon.colcon_core.package_identification:_identify(src/first_pyqtros) by extensions ['ignore', 'ignore_ament_install']
[0.218s] Level 1:colcon.colcon_core.package_identification:_identify(src/first_pyqtros) by extension 'ignore'
[0.218s] Level 1:colcon.colcon_core.package_identification:_identify(src/first_pyqtros) by extension 'ignore_ament_install'
[0.218s] Level 1:colcon.colcon_core.package_identification:_identify(src/first_pyqtros) by extensions ['colcon_pkg']
[0.218s] Level 1:colcon.colcon_core.package_identification:_identify(src/first_pyqtros) by extension 'colcon_pkg'
[0.218s] Level 1:colcon.colcon_core.package_identification:_identify(src/first_pyqtros) by extensions ['colcon_meta']
[0.218s] Level 1:colcon.colcon_core.package_identification:_identify(src/first_pyqtros) by extension 'colcon_meta'
[0.218s] Level 1:colcon.colcon_core.package_identification:_identify(src/first_pyqtros) by extensions ['ros']
[0.218s] Level 1:colcon.colcon_core.package_identification:_identify(src/first_pyqtros) by extension 'ros'
[0.219s] DEBUG:colcon.colcon_core.package_identification:Package 'src/first_pyqtros' with type 'ros.ament_python' and name 'first_pyqtros'
[0.219s] Level 1:colcon.colcon_core.package_identification:_identify(src/my_robot) by extensions ['ignore', 'ignore_ament_install']
[0.219s] Level 1:colcon.colcon_core.package_identification:_identify(src/my_robot) by extension 'ignore'
[0.219s] Level 1:colcon.colcon_core.package_identification:_identify(src/my_robot) by extension 'ignore_ament_install'
[0.219s] Level 1:colcon.colcon_core.package_identification:_identify(src/my_robot) by extensions ['colcon_pkg']
[0.219s] Level 1:colcon.colcon_core.package_identification:_identify(src/my_robot) by extension 'colcon_pkg'
[0.219s] Level 1:colcon.colcon_core.package_identification:_identify(src/my_robot) by extensions ['colcon_meta']
[0.219s] Level 1:colcon.colcon_core.package_identification:_identify(src/my_robot) by extension 'colcon_meta'
[0.219s] Level 1:colcon.colcon_core.package_identification:_identify(src/my_robot) by extensions ['ros']
[0.219s] Level 1:colcon.colcon_core.package_identification:_identify(src/my_robot) by extension 'ros'
[0.220s] DEBUG:colcon.colcon_core.package_identification:Package 'src/my_robot' with type 'ros.ament_cmake' and name 'my_robot'
[0.220s] Level 1:colcon.colcon_core.package_identification:_identify(src/pubsub_rospyqt) by extensions ['ignore', 'ignore_ament_install']
[0.220s] Level 1:colcon.colcon_core.package_identification:_identify(src/pubsub_rospyqt) by extension 'ignore'
[0.220s] Level 1:colcon.colcon_core.package_identification:_identify(src/pubsub_rospyqt) by extension 'ignore_ament_install'
[0.220s] Level 1:colcon.colcon_core.package_identification:_identify(src/pubsub_rospyqt) by extensions ['colcon_pkg']
[0.220s] Level 1:colcon.colcon_core.package_identification:_identify(src/pubsub_rospyqt) by extension 'colcon_pkg'
[0.220s] Level 1:colcon.colcon_core.package_identification:_identify(src/pubsub_rospyqt) by extensions ['colcon_meta']
[0.220s] Level 1:colcon.colcon_core.package_identification:_identify(src/pubsub_rospyqt) by extension 'colcon_meta'
[0.220s] Level 1:colcon.colcon_core.package_identification:_identify(src/pubsub_rospyqt) by extensions ['ros']
[0.220s] Level 1:colcon.colcon_core.package_identification:_identify(src/pubsub_rospyqt) by extension 'ros'
[0.221s] DEBUG:colcon.colcon_core.package_identification:Package 'src/pubsub_rospyqt' with type 'ros.ament_python' and name 'pubsub_rospyqt'
[0.221s] Level 1:colcon.colcon_core.package_identification:_identify(src/robot_project) by extensions ['ignore', 'ignore_ament_install']
[0.221s] Level 1:colcon.colcon_core.package_identification:_identify(src/robot_project) by extension 'ignore'
[0.221s] Level 1:colcon.colcon_core.package_identification:_identify(src/robot_project) by extension 'ignore_ament_install'
[0.221s] Level 1:colcon.colcon_core.package_identification:_identify(src/robot_project) by extensions ['colcon_pkg']
[0.221s] Level 1:colcon.colcon_core.package_identification:_identify(src/robot_project) by extension 'colcon_pkg'
[0.221s] Level 1:colcon.colcon_core.package_identification:_identify(src/robot_project) by extensions ['colcon_meta']
[0.221s] Level 1:colcon.colcon_core.package_identification:_identify(src/robot_project) by extension 'colcon_meta'
[0.221s] Level 1:colcon.colcon_core.package_identification:_identify(src/robot_project) by extensions ['ros']
[0.221s] Level 1:colcon.colcon_core.package_identification:_identify(src/robot_project) by extension 'ros'
[0.222s] DEBUG:colcon.colcon_core.package_identification:Package 'src/robot_project' with type 'ros.ament_cmake' and name 'robot_project'
[0.222s] Level 1:colcon.colcon_core.package_identification:_identify(src/turtlesim_interface) by extensions ['ignore', 'ignore_ament_install']
[0.222s] Level 1:colcon.colcon_core.package_identification:_identify(src/turtlesim_interface) by extension 'ignore'
[0.222s] Level 1:colcon.colcon_core.package_identification:_identify(src/turtlesim_interface) by extension 'ignore_ament_install'
[0.222s] Level 1:colcon.colcon_core.package_identification:_identify(src/turtlesim_interface) by extensions ['colcon_pkg']
[0.222s] Level 1:colcon.colcon_core.package_identification:_identify(src/turtlesim_interface) by extension 'colcon_pkg'
[0.223s] Level 1:colcon.colcon_core.package_identification:_identify(src/turtlesim_interface) by extensions ['colcon_meta']
[0.223s] Level 1:colcon.colcon_core.package_identification:_identify(src/turtlesim_interface) by extension 'colcon_meta'
[0.223s] Level 1:colcon.colcon_core.package_identification:_identify(src/turtlesim_interface) by extensions ['ros']
[0.223s] Level 1:colcon.colcon_core.package_identification:_identify(src/turtlesim_interface) by extension 'ros'
[0.223s] DEBUG:colcon.colcon_core.package_identification:Package 'src/turtlesim_interface' with type 'ros.ament_python' and name 'turtlesim_interface'
[0.223s] Level 1:colcon.colcon_core.package_discovery:discover_packages(recursive) using defaults
[0.223s] Level 1:colcon.colcon_core.package_discovery:discover_packages(ignore) discover
[0.223s] Level 1:colcon.colcon_core.package_discovery:discover_packages(ignore) using defaults
[0.224s] Level 1:colcon.colcon_core.package_discovery:discover_packages(path) discover
[0.224s] Level 1:colcon.colcon_core.package_discovery:discover_packages(path) using defaults
[0.245s] Level 1:colcon.colcon_core.package_discovery:discover_packages(prefix_path) check parameters
[0.245s] Level 1:colcon.colcon_core.package_discovery:discover_packages(prefix_path) discover
[0.249s] DEBUG:colcon.colcon_installed_package_information.package_discovery:Found 366 installed packages in /opt/ros/jazzy
[0.251s] Level 1:colcon.colcon_core.package_discovery:discover_packages(prefix_path) using defaults
[0.313s] Level 5:colcon.colcon_core.verb:set package 'first_project' build argument 'cmake_args' from command line to 'None'
[0.313s] Level 5:colcon.colcon_core.verb:set package 'first_project' build argument 'cmake_target' from command line to 'None'
[0.313s] Level 5:colcon.colcon_core.verb:set package 'first_project' build argument 'cmake_target_skip_unavailable' from command line to 'False'
[0.313s] Level 5:colcon.colcon_core.verb:set package 'first_project' build argument 'cmake_clean_cache' from command line to 'False'
[0.313s] Level 5:colcon.colcon_core.verb:set package 'first_project' build argument 'cmake_clean_first' from command line to 'False'
[0.313s] Level 5:colcon.colcon_core.verb:set package 'first_project' build argument 'cmake_force_configure' from command line to 'False'
[0.313s] Level 5:colcon.colcon_core.verb:set package 'first_project' build argument 'ament_cmake_args' from command line to 'None'
[0.313s] Level 5:colcon.colcon_core.verb:set package 'first_project' build argument 'catkin_cmake_args' from command line to 'None'
[0.313s] Level 5:colcon.colcon_core.verb:set package 'first_project' build argument 'catkin_skip_building_tests' from command line to 'False'
[0.313s] DEBUG:colcon.colcon_core.verb:Building package 'first_project' with the following arguments: {'ament_cmake_args': None, 'build_base': '/home/jonatan/ros2_ws/build/first_project', 'catkin_cmake_args': None, 'catkin_skip_building_tests': False, 'cmake_args': None, 'cmake_clean_cache': False, 'cmake_clean_first': False, 'cmake_force_configure': False, 'cmake_target': None, 'cmake_target_skip_unavailable': False, 'install_base': '/home/jonatan/ros2_ws/install/first_project', 'merge_install': False, 'path': '/home/jonatan/ros2_ws/src/first_project', 'symlink_install': False, 'test_result_base': None}
[0.313s] Level 5:colcon.colcon_core.verb:set package 'first_pyqtros' build argument 'cmake_args' from command line to 'None'
[0.313s] Level 5:colcon.colcon_core.verb:set package 'first_pyqtros' build argument 'cmake_target' from command line to 'None'
[0.313s] Level 5:colcon.colcon_core.verb:set package 'first_pyqtros' build argument 'cmake_target_skip_unavailable' from command line to 'False'
[0.313s] Level 5:colcon.colcon_core.verb:set package 'first_pyqtros' build argument 'cmake_clean_cache' from command line to 'False'
[0.313s] Level 5:colcon.colcon_core.verb:set package 'first_pyqtros' build argument 'cmake_clean_first' from command line to 'False'
[0.313s] Level 5:colcon.colcon_core.verb:set package 'first_pyqtros' build argument 'cmake_force_configure' from command line to 'False'
[0.313s] Level 5:colcon.colcon_core.verb:set package 'first_pyqtros' build argument 'ament_cmake_args' from command line to 'None'
[0.313s] Level 5:colcon.colcon_core.verb:set package 'first_pyqtros' build argument 'catkin_cmake_args' from command line to 'None'
[0.313s] Level 5:colcon.colcon_core.verb:set package 'first_pyqtros' build argument 'catkin_skip_building_tests' from command line to 'False'
[0.313s] DEBUG:colcon.colcon_core.verb:Building package 'first_pyqtros' with the following arguments: {'ament_cmake_args': None, 'build_base': '/home/jonatan/ros2_ws/build/first_pyqtros', 'catkin_cmake_args': None, 'catkin_skip_building_tests': False, 'cmake_args': None, 'cmake_clean_cache': False, 'cmake_clean_first': False, 'cmake_force_configure': False, 'cmake_target': None, 'cmake_target_skip_unavailable': False, 'install_base': '/home/jonatan/ros2_ws/install/first_pyqtros', 'merge_install': False, 'path': '/home/jonatan/ros2_ws/src/first_pyqtros', 'symlink_install': False, 'test_result_base': None}
[0.314s] Level 5:colcon.colcon_core.verb:set package 'my_robot' build argument 'cmake_args' from command line to 'None'
[0.314s] Level 5:colcon.colcon_core.verb:set package 'my_robot' build argument 'cmake_target' from command line to 'None'
[0.314s] Level 5:colcon.colcon_core.verb:set package 'my_robot' build argument 'cmake_target_skip_unavailable' from command line to 'False'
[0.314s] Level 5:colcon.colcon_core.verb:set package 'my_robot' build argument 'cmake_clean_cache' from command line to 'False'
[0.314s] Level 5:colcon.colcon_core.verb:set package 'my_robot' build argument 'cmake_clean_first' from command line to 'False'
[0.314s] Level 5:colcon.colcon_core.verb:set package 'my_robot' build argument 'cmake_force_configure' from command line to 'False'
[0.314s] Level 5:colcon.colcon_core.verb:set package 'my_robot' build argument 'ament_cmake_args' from command line to 'None'
[0.314s] Level 5:colcon.colcon_core.verb:set package 'my_robot' build argument 'catkin_cmake_args' from command line to 'None'
[0.314s] Level 5:colcon.colcon_core.verb:set package 'my_robot' build argument 'catkin_skip_building_tests' from command line to 'False'
[0.314s] DEBUG:colcon.colcon_core.verb:Building package 'my_robot' with the following arguments: {'ament_cmake_args': None, 'build_base': '/home/jonatan/ros2_ws/build/my_robot', 'catkin_cmake_args': None, 'catkin_skip_building_tests': False, 'cmake_args': None, 'cmake_clean_cache': False, 'cmake_clean_first': False, 'cmake_force_configure': False, 'cmake_target': None, 'cmake_target_skip_unavailable': False, 'install_base': '/home/jonatan/ros2_ws/install/my_robot', 'merge_install': False, 'path': '/home/jonatan/ros2_ws/src/my_robot', 'symlink_install': False, 'test_result_base': None}
[0.314s] Level 5:colcon.colcon_core.verb:set package 'pubsub_rospyqt' build argument 'cmake_args' from command line to 'None'
[0.314s] Level 5:colcon.colcon_core.verb:set package 'pubsub_rospyqt' build argument 'cmake_target' from command line to 'None'
[0.314s] Level 5:colcon.colcon_core.verb:set package 'pubsub_rospyqt' build argument 'cmake_target_skip_unavailable' from command line to 'False'
[0.314s] Level 5:colcon.colcon_core.verb:set package 'pubsub_rospyqt' build argument 'cmake_clean_cache' from command line to 'False'
[0.314s] Level 5:colcon.colcon_core.verb:set package 'pubsub_rospyqt' build argument 'cmake_clean_first' from command line to 'False'
[0.314s] Level 5:colcon.colcon_core.verb:set package 'pubsub_rospyqt' build argument 'cmake_force_configure' from command line to 'False'
[0.314s] Level 5:colcon.colcon_core.verb:set package 'pubsub_rospyqt' build argument 'ament_cmake_args' from command line to 'None'
[0.314s] Level 5:colcon.colcon_core.verb:set package 'pubsub_rospyqt' build argument 'catkin_cmake_args' from command line to 'None'
[0.315s] Level 5:colcon.colcon_core.verb:set package 'pubsub_rospyqt' build argument 'catkin_skip_building_tests' from command line to 'False'
[0.315s] DEBUG:colcon.colcon_core.verb:Building package 'pubsub_rospyqt' with the following arguments: {'ament_cmake_args': None, 'build_base': '/home/jonatan/ros2_ws/build/pubsub_rospyqt', 'catkin_cmake_args': None, 'catkin_skip_building_tests': False, 'cmake_args': None, 'cmake_clean_cache': False, 'cmake_clean_first': False, 'cmake_force_configure': False, 'cmake_target': None, 'cmake_target_skip_unavailable': False, 'install_base': '/home/jonatan/ros2_ws/install/pubsub_rospyqt', 'merge_install': False, 'path': '/home/jonatan/ros2_ws/src/pubsub_rospyqt', 'symlink_install': False, 'test_result_base': None}
[0.315s] Level 5:colcon.colcon_core.verb:set package 'robot_project' build argument 'cmake_args' from command line to 'None'
[0.315s] Level 5:colcon.colcon_core.verb:set package 'robot_project' build argument 'cmake_target' from command line to 'None'
[0.315s] Level 5:colcon.colcon_core.verb:set package 'robot_project' build argument 'cmake_target_skip_unavailable' from command line to 'False'
[0.315s] Level 5:colcon.colcon_core.verb:set package 'robot_project' build argument 'cmake_clean_cache' from command line to 'False'
[0.315s] Level 5:colcon.colcon_core.verb:set package 'robot_project' build argument 'cmake_clean_first' from command line to 'False'
[0.315s] Level 5:colcon.colcon_core.verb:set package 'robot_project' build argument 'cmake_force_configure' from command line to 'False'
[0.315s] Level 5:colcon.colcon_core.verb:set package 'robot_project' build argument 'ament_cmake_args' from command line to 'None'
[0.315s] Level 5:colcon.colcon_core.verb:set package 'robot_project' build argument 'catkin_cmake_args' from command line to 'None'
[0.315s] Level 5:colcon.colcon_core.verb:set package 'robot_project' build argument 'catkin_skip_building_tests' from command line to 'False'
[0.315s] DEBUG:colcon.colcon_core.verb:Building package 'robot_project' with the following arguments: {'ament_cmake_args': None, 'build_base': '/home/jonatan/ros2_ws/build/robot_project', 'catkin_cmake_args': None, 'catkin_skip_building_tests': False, 'cmake_args': None, 'cmake_clean_cache': False, 'cmake_clean_first': False, 'cmake_force_configure': False, 'cmake_target': None, 'cmake_target_skip_unavailable': False, 'install_base': '/home/jonatan/ros2_ws/install/robot_project', 'merge_install': False, 'path': '/home/jonatan/ros2_ws/src/robot_project', 'symlink_install': False, 'test_result_base': None}
[0.315s] Level 5:colcon.colcon_core.verb:set package 'turtlesim_interface' build argument 'cmake_args' from command line to 'None'
[0.315s] Level 5:colcon.colcon_core.verb:set package 'turtlesim_interface' build argument 'cmake_target' from command line to 'None'
[0.315s] Level 5:colcon.colcon_core.verb:set package 'turtlesim_interface' build argument 'cmake_target_skip_unavailable' from command line to 'False'
[0.315s] Level 5:colcon.colcon_core.verb:set package 'turtlesim_interface' build argument 'cmake_clean_cache' from command line to 'False'
[0.315s] Level 5:colcon.colcon_core.verb:set package 'turtlesim_interface' build argument 'cmake_clean_first' from command line to 'False'
[0.315s] Level 5:colcon.colcon_core.verb:set package 'turtlesim_interface' build argument 'cmake_force_configure' from command line to 'False'
[0.315s] Level 5:colcon.colcon_core.verb:set package 'turtlesim_interface' build argument 'ament_cmake_args' from command line to 'None'
[0.315s] Level 5:colcon.colcon_core.verb:set package 'turtlesim_interface' build argument 'catkin_cmake_args' from command line to 'None'
[0.315s] Level 5:colcon.colcon_core.verb:set package 'turtlesim_interface' build argument 'catkin_skip_building_tests' from command line to 'False'
[0.316s] DEBUG:colcon.colcon_core.verb:Building package 'turtlesim_interface' with the following arguments: {'ament_cmake_args': None, 'build_base': '/home/jonatan/ros2_ws/build/turtlesim_interface', 'catkin_cmake_args': None, 'catkin_skip_building_tests': False, 'cmake_args': None, 'cmake_clean_cache': False, 'cmake_clean_first': False, 'cmake_force_configure': False, 'cmake_target': None, 'cmake_target_skip_unavailable': False, 'install_base': '/home/jonatan/ros2_ws/install/turtlesim_interface', 'merge_install': False, 'path': '/home/jonatan/ros2_ws/src/turtlesim_interface', 'symlink_install': False, 'test_result_base': None}
[0.316s] INFO:colcon.colcon_core.executor:Executing jobs using 'parallel' executor
[0.317s] DEBUG:colcon.colcon_parallel_executor.executor.parallel:run_until_complete
[0.317s] INFO:colcon.colcon_ros.task.ament_python.build:Building ROS package in '/home/jonatan/ros2_ws/src/first_project' with build type 'ament_python'
[0.317s] Level 1:colcon.colcon_core.shell:create_environment_hook('first_project', 'ament_prefix_path')
[0.321s] INFO:colcon.colcon_core.plugin_system:Skipping extension 'colcon_core.shell.bat': Not used on non-Windows systems
[0.322s] INFO:colcon.colcon_core.shell:Creating environment hook '/home/jonatan/ros2_ws/install/first_project/share/first_project/hook/ament_prefix_path.ps1'
[0.323s] INFO:colcon.colcon_core.shell:Creating environment descriptor '/home/jonatan/ros2_ws/install/first_project/share/first_project/hook/ament_prefix_path.dsv'
[0.324s] INFO:colcon.colcon_core.shell:Creating environment hook '/home/jonatan/ros2_ws/install/first_project/share/first_project/hook/ament_prefix_path.sh'
[0.326s] INFO:colcon.colcon_core.shell:Skip shell extension 'powershell' for command environment: Not usable outside of PowerShell
[0.326s] DEBUG:colcon.colcon_core.shell:Skip shell extension 'dsv' for command environment
[0.331s] INFO:colcon.colcon_ros.task.ament_python.build:Building ROS package in '/home/jonatan/ros2_ws/src/first_pyqtros' with build type 'ament_python'
[0.331s] Level 1:colcon.colcon_core.shell:create_environment_hook('first_pyqtros', 'ament_prefix_path')
[0.331s] INFO:colcon.colcon_core.shell:Creating environment hook '/home/jonatan/ros2_ws/install/first_pyqtros/share/first_pyqtros/hook/ament_prefix_path.ps1'
[0.332s] INFO:colcon.colcon_core.shell:Creating environment descriptor '/home/jonatan/ros2_ws/install/first_pyqtros/share/first_pyqtros/hook/ament_prefix_path.dsv'
[0.333s] INFO:colcon.colcon_core.shell:Creating environment hook '/home/jonatan/ros2_ws/install/first_pyqtros/share/first_pyqtros/hook/ament_prefix_path.sh'
[0.334s] INFO:colcon.colcon_core.shell:Skip shell extension 'powershell' for command environment: Not usable outside of PowerShell
[0.334s] DEBUG:colcon.colcon_core.shell:Skip shell extension 'dsv' for command environment
[0.339s] INFO:colcon.colcon_ros.task.ament_cmake.build:Building ROS package in '/home/jonatan/ros2_ws/src/my_robot' with build type 'ament_cmake'
[0.339s] INFO:colcon.colcon_cmake.task.cmake.build:Building CMake package in '/home/jonatan/ros2_ws/src/my_robot'
[0.340s] INFO:colcon.colcon_core.shell:Skip shell extension 'powershell' for command environment: Not usable outside of PowerShell
[0.340s] DEBUG:colcon.colcon_core.shell:Skip shell extension 'dsv' for command environment
[0.344s] INFO:colcon.colcon_ros.task.ament_python.build:Building ROS package in '/home/jonatan/ros2_ws/src/pubsub_rospyqt' with build type 'ament_python'
[0.344s] Level 1:colcon.colcon_core.shell:create_environment_hook('pubsub_rospyqt', 'ament_prefix_path')
[0.344s] INFO:colcon.colcon_core.shell:Creating environment hook '/home/jonatan/ros2_ws/install/pubsub_rospyqt/share/pubsub_rospyqt/hook/ament_prefix_path.ps1'
[0.345s] INFO:colcon.colcon_core.shell:Creating environment descriptor '/home/jonatan/ros2_ws/install/pubsub_rospyqt/share/pubsub_rospyqt/hook/ament_prefix_path.dsv'
[0.345s] INFO:colcon.colcon_core.shell:Creating environment hook '/home/jonatan/ros2_ws/install/pubsub_rospyqt/share/pubsub_rospyqt/hook/ament_prefix_path.sh'
[0.346s] INFO:colcon.colcon_core.shell:Skip shell extension 'powershell' for command environment: Not usable outside of PowerShell
[0.346s] DEBUG:colcon.colcon_core.shell:Skip shell extension 'dsv' for command environment
[0.688s] INFO:colcon.colcon_core.task.python.build:Building Python package in '/home/jonatan/ros2_ws/src/first_project'
[0.688s] INFO:colcon.colcon_core.shell:Skip shell extension 'powershell' for command environment: Not usable outside of PowerShell
[0.688s] DEBUG:colcon.colcon_core.shell:Skip shell extension 'dsv' for command environment
[1.007s] INFO:colcon.colcon_core.task.python.build:Building Python package in '/home/jonatan/ros2_ws/src/first_pyqtros'
[1.007s] INFO:colcon.colcon_core.shell:Skip shell extension 'powershell' for command environment: Not usable outside of PowerShell
[1.007s] DEBUG:colcon.colcon_core.shell:Skip shell extension 'dsv' for command environment
[1.016s] DEBUG:colcon.colcon_core.event_handler.log_command:Invoking command in '/home/jonatan/ros2_ws/build/my_robot': CMAKE_PREFIX_PATH=${CMAKE_PREFIX_PATH}:/opt/ros/jazzy PS1=\[\e]0;\u@\h: \w\a\]${debian_chroot:+($debian_chroot)}\[\033[01;32m\]\u@\h\[\033[00m\]:\[\033[01;34m\]\w\[\033[00m\]\$ /usr/bin/cmake --build /home/jonatan/ros2_ws/build/my_robot -- -j4 -l4
[1.373s] INFO:colcon.colcon_core.task.python.build:Building Python package in '/home/jonatan/ros2_ws/src/pubsub_rospyqt'
[1.373s] INFO:colcon.colcon_core.shell:Skip shell extension 'powershell' for command environment: Not usable outside of PowerShell
[1.373s] DEBUG:colcon.colcon_core.shell:Skip shell extension 'dsv' for command environment
[2.546s] DEBUG:colcon.colcon_core.event_handler.log_command:Invoked command in '/home/jonatan/ros2_ws/build/my_robot' returned '0': CMAKE_PREFIX_PATH=${CMAKE_PREFIX_PATH}:/opt/ros/jazzy PS1=\[\e]0;\u@\h: \w\a\]${debian_chroot:+($debian_chroot)}\[\033[01;32m\]\u@\h\[\033[00m\]:\[\033[01;34m\]\w\[\033[00m\]\$ /usr/bin/cmake --build /home/jonatan/ros2_ws/build/my_robot -- -j4 -l4
[2.570s] DEBUG:colcon.colcon_core.event_handler.log_command:Invoking command in '/home/jonatan/ros2_ws/build/my_robot': CMAKE_PREFIX_PATH=${CMAKE_PREFIX_PATH}:/opt/ros/jazzy PS1=\[\e]0;\u@\h: \w\a\]${debian_chroot:+($debian_chroot)}\[\033[01;32m\]\u@\h\[\033[00m\]:\[\033[01;34m\]\w\[\033[00m\]\$ /usr/bin/cmake --install /home/jonatan/ros2_ws/build/my_robot
[2.595s] Level 1:colcon.colcon_core.environment:create_environment_scripts_only(my_robot)
[2.598s] DEBUG:colcon.colcon_core.event_handler.log_command:Invoked command in '/home/jonatan/ros2_ws/build/my_robot' returned '0': CMAKE_PREFIX_PATH=${CMAKE_PREFIX_PATH}:/opt/ros/jazzy PS1=\[\e]0;\u@\h: \w\a\]${debian_chroot:+($debian_chroot)}\[\033[01;32m\]\u@\h\[\033[00m\]:\[\033[01;34m\]\w\[\033[00m\]\$ /usr/bin/cmake --install /home/jonatan/ros2_ws/build/my_robot
[2.600s] Level 1:colcon.colcon_core.environment:checking '/home/jonatan/ros2_ws/install/my_robot' for CMake module files
[2.601s] Level 1:colcon.colcon_core.environment:checking '/home/jonatan/ros2_ws/install/my_robot' for CMake config files
[2.601s] Level 1:colcon.colcon_core.shell:create_environment_hook('my_robot', 'cmake_prefix_path')
[2.602s] INFO:colcon.colcon_core.shell:Creating environment hook '/home/jonatan/ros2_ws/install/my_robot/share/my_robot/hook/cmake_prefix_path.ps1'
[2.602s] INFO:colcon.colcon_core.shell:Creating environment descriptor '/home/jonatan/ros2_ws/install/my_robot/share/my_robot/hook/cmake_prefix_path.dsv'
[2.603s] INFO:colcon.colcon_core.shell:Creating environment hook '/home/jonatan/ros2_ws/install/my_robot/share/my_robot/hook/cmake_prefix_path.sh'
[2.604s] Level 1:colcon.colcon_core.environment:checking '/home/jonatan/ros2_ws/install/my_robot/bin'
[2.604s] Level 1:colcon.colcon_core.environment:checking '/home/jonatan/ros2_ws/install/my_robot/lib/pkgconfig/my_robot.pc'
[2.605s] Level 1:colcon.colcon_core.environment:checking '/home/jonatan/ros2_ws/install/my_robot/lib/python3.12/site-packages'
[2.605s] Level 1:colcon.colcon_core.environment:checking '/home/jonatan/ros2_ws/install/my_robot/bin'
[2.606s] INFO:colcon.colcon_core.shell:Creating package script '/home/jonatan/ros2_ws/install/my_robot/share/my_robot/package.ps1'
[2.607s] INFO:colcon.colcon_core.shell:Creating package descriptor '/home/jonatan/ros2_ws/install/my_robot/share/my_robot/package.dsv'
[2.608s] INFO:colcon.colcon_core.shell:Creating package script '/home/jonatan/ros2_ws/install/my_robot/share/my_robot/package.sh'
[2.609s] INFO:colcon.colcon_core.shell:Creating package script '/home/jonatan/ros2_ws/install/my_robot/share/my_robot/package.bash'
[2.610s] INFO:colcon.colcon_core.shell:Creating package script '/home/jonatan/ros2_ws/install/my_robot/share/my_robot/package.zsh'
[2.611s] Level 1:colcon.colcon_core.environment:create_file_with_runtime_dependencies(/home/jonatan/ros2_ws/install/my_robot/share/colcon-core/packages/my_robot)
[2.613s] Level 1:colcon.colcon_core.environment:create_environment_scripts_only(my_robot)
[2.613s] Level 1:colcon.colcon_core.environment:checking '/home/jonatan/ros2_ws/install/my_robot' for CMake module files
[2.614s] Level 1:colcon.colcon_core.environment:checking '/home/jonatan/ros2_ws/install/my_robot' for CMake config files
[2.615s] Level 1:colcon.colcon_core.shell:create_environment_hook('my_robot', 'cmake_prefix_path')
[2.615s] INFO:colcon.colcon_core.shell:Creating environment hook '/home/jonatan/ros2_ws/install/my_robot/share/my_robot/hook/cmake_prefix_path.ps1'
[2.616s] INFO:colcon.colcon_core.shell:Creating environment descriptor '/home/jonatan/ros2_ws/install/my_robot/share/my_robot/hook/cmake_prefix_path.dsv'
[2.616s] INFO:colcon.colcon_core.shell:Creating environment hook '/home/jonatan/ros2_ws/install/my_robot/share/my_robot/hook/cmake_prefix_path.sh'
[2.617s] Level 1:colcon.colcon_core.environment:checking '/home/jonatan/ros2_ws/install/my_robot/bin'
[2.617s] Level 1:colcon.colcon_core.environment:checking '/home/jonatan/ros2_ws/install/my_robot/lib/pkgconfig/my_robot.pc'
[2.618s] Level 1:colcon.colcon_core.environment:checking '/home/jonatan/ros2_ws/install/my_robot/lib/python3.12/site-packages'
[2.618s] Level 1:colcon.colcon_core.environment:checking '/home/jonatan/ros2_ws/install/my_robot/bin'
[2.619s] INFO:colcon.colcon_core.shell:Creating package script '/home/jonatan/ros2_ws/install/my_robot/share/my_robot/package.ps1'
[2.620s] INFO:colcon.colcon_core.shell:Creating package descriptor '/home/jonatan/ros2_ws/install/my_robot/share/my_robot/package.dsv'
[2.620s] INFO:colcon.colcon_core.shell:Creating package script '/home/jonatan/ros2_ws/install/my_robot/share/my_robot/package.sh'
[2.621s] INFO:colcon.colcon_core.shell:Creating package script '/home/jonatan/ros2_ws/install/my_robot/share/my_robot/package.bash'
[2.622s] INFO:colcon.colcon_core.shell:Creating package script '/home/jonatan/ros2_ws/install/my_robot/share/my_robot/package.zsh'
[2.623s] Level 1:colcon.colcon_core.environment:create_file_with_runtime_dependencies(/home/jonatan/ros2_ws/install/my_robot/share/colcon-core/packages/my_robot)
[2.626s] INFO:colcon.colcon_ros.task.ament_cmake.build:Building ROS package in '/home/jonatan/ros2_ws/src/robot_project' with build type 'ament_cmake'
[2.627s] INFO:colcon.colcon_cmake.task.cmake.build:Building CMake package in '/home/jonatan/ros2_ws/src/robot_project'
[2.627s] INFO:colcon.colcon_core.shell:Skip shell extension 'powershell' for command environment: Not usable outside of PowerShell
[2.627s] DEBUG:colcon.colcon_core.shell:Skip shell extension 'dsv' for command environment
[2.652s] DEBUG:colcon.colcon_core.event_handler.log_command:Invoking command in '/home/jonatan/ros2_ws/build/robot_project': CMAKE_PREFIX_PATH=${CMAKE_PREFIX_PATH}:/opt/ros/jazzy PS1=\[\e]0;\u@\h: \w\a\]${debian_chroot:+($debian_chroot)}\[\033[01;32m\]\u@\h\[\033[00m\]:\[\033[01;34m\]\w\[\033[00m\]\$ /usr/bin/cmake --build /home/jonatan/ros2_ws/build/robot_project -- -j4 -l4
[2.740s] DEBUG:colcon.colcon_core.event_handler.log_command:Invoked command in '/home/jonatan/ros2_ws/build/robot_project' returned '0': CMAKE_PREFIX_PATH=${CMAKE_PREFIX_PATH}:/opt/ros/jazzy PS1=\[\e]0;\u@\h: \w\a\]${debian_chroot:+($debian_chroot)}\[\033[01;32m\]\u@\h\[\033[00m\]:\[\033[01;34m\]\w\[\033[00m\]\$ /usr/bin/cmake --build /home/jonatan/ros2_ws/build/robot_project -- -j4 -l4
[2.742s] DEBUG:colcon.colcon_core.event_handler.log_command:Invoking command in '/home/jonatan/ros2_ws/build/robot_project': CMAKE_PREFIX_PATH=${CMAKE_PREFIX_PATH}:/opt/ros/jazzy PS1=\[\e]0;\u@\h: \w\a\]${debian_chroot:+($debian_chroot)}\[\033[01;32m\]\u@\h\[\033[00m\]:\[\033[01;34m\]\w\[\033[00m\]\$ /usr/bin/cmake --install /home/jonatan/ros2_ws/build/robot_project
[2.775s] Level 1:colcon.colcon_core.environment:create_environment_scripts_only(robot_project)
[2.775s] Level 1:colcon.colcon_core.environment:checking '/home/jonatan/ros2_ws/install/robot_project' for CMake module files
[2.776s] Level 1:colcon.colcon_core.environment:checking '/home/jonatan/ros2_ws/install/robot_project' for CMake config files
[2.777s] Level 1:colcon.colcon_core.shell:create_environment_hook('robot_project', 'cmake_prefix_path')
[2.777s] INFO:colcon.colcon_core.shell:Creating environment hook '/home/jonatan/ros2_ws/install/robot_project/share/robot_project/hook/cmake_prefix_path.ps1'
[2.778s] DEBUG:colcon.colcon_core.event_handler.log_command:Invoked command in '/home/jonatan/ros2_ws/build/robot_project' returned '0': CMAKE_PREFIX_PATH=${CMAKE_PREFIX_PATH}:/opt/ros/jazzy PS1=\[\e]0;\u@\h: \w\a\]${debian_chroot:+($debian_chroot)}\[\033[01;32m\]\u@\h\[\033[00m\]:\[\033[01;34m\]\w\[\033[00m\]\$ /usr/bin/cmake --install /home/jonatan/ros2_ws/build/robot_project
[2.779s] INFO:colcon.colcon_core.shell:Creating environment descriptor '/home/jonatan/ros2_ws/install/robot_project/share/robot_project/hook/cmake_prefix_path.dsv'
[2.780s] INFO:colcon.colcon_core.shell:Creating environment hook '/home/jonatan/ros2_ws/install/robot_project/share/robot_project/hook/cmake_prefix_path.sh'
[2.781s] Level 1:colcon.colcon_core.environment:checking '/home/jonatan/ros2_ws/install/robot_project/bin'
[2.781s] Level 1:colcon.colcon_core.environment:checking '/home/jonatan/ros2_ws/install/robot_project/lib/pkgconfig/robot_project.pc'
[2.781s] Level 1:colcon.colcon_core.environment:checking '/home/jonatan/ros2_ws/install/robot_project/lib/python3.12/site-packages'
[2.782s] Level 1:colcon.colcon_core.environment:checking '/home/jonatan/ros2_ws/install/robot_project/bin'
[2.782s] INFO:colcon.colcon_core.shell:Creating package script '/home/jonatan/ros2_ws/install/robot_project/share/robot_project/package.ps1'
[2.783s] INFO:colcon.colcon_core.shell:Creating package descriptor '/home/jonatan/ros2_ws/install/robot_project/share/robot_project/package.dsv'
[2.784s] INFO:colcon.colcon_core.shell:Creating package script '/home/jonatan/ros2_ws/install/robot_project/share/robot_project/package.sh'
[2.784s] INFO:colcon.colcon_core.shell:Creating package script '/home/jonatan/ros2_ws/install/robot_project/share/robot_project/package.bash'
[2.785s] INFO:colcon.colcon_core.shell:Creating package script '/home/jonatan/ros2_ws/install/robot_project/share/robot_project/package.zsh'
[2.786s] Level 1:colcon.colcon_core.environment:create_file_with_runtime_dependencies(/home/jonatan/ros2_ws/install/robot_project/share/colcon-core/packages/robot_project)
[2.787s] Level 1:colcon.colcon_core.environment:create_environment_scripts_only(robot_project)
[2.787s] Level 1:colcon.colcon_core.environment:checking '/home/jonatan/ros2_ws/install/robot_project' for CMake module files
[2.788s] Level 1:colcon.colcon_core.environment:checking '/home/jonatan/ros2_ws/install/robot_project' for CMake config files
[2.788s] Level 1:colcon.colcon_core.shell:create_environment_hook('robot_project', 'cmake_prefix_path')
[2.789s] INFO:colcon.colcon_core.shell:Creating environment hook '/home/jonatan/ros2_ws/install/robot_project/share/robot_project/hook/cmake_prefix_path.ps1'
[2.789s] INFO:colcon.colcon_core.shell:Creating environment descriptor '/home/jonatan/ros2_ws/install/robot_project/share/robot_project/hook/cmake_prefix_path.dsv'
[2.790s] INFO:colcon.colcon_core.shell:Creating environment hook '/home/jonatan/ros2_ws/install/robot_project/share/robot_project/hook/cmake_prefix_path.sh'
[2.791s] Level 1:colcon.colcon_core.environment:checking '/home/jonatan/ros2_ws/install/robot_project/bin'
[2.791s] Level 1:colcon.colcon_core.environment:checking '/home/jonatan/ros2_ws/install/robot_project/lib/pkgconfig/robot_project.pc'
[2.791s] Level 1:colcon.colcon_core.environment:checking '/home/jonatan/ros2_ws/install/robot_project/lib/python3.12/site-packages'
[2.792s] Level 1:colcon.colcon_core.environment:checking '/home/jonatan/ros2_ws/install/robot_project/bin'
[2.792s] INFO:colcon.colcon_core.shell:Creating package script '/home/jonatan/ros2_ws/install/robot_project/share/robot_project/package.ps1'
[2.793s] INFO:colcon.colcon_core.shell:Creating package descriptor '/home/jonatan/ros2_ws/install/robot_project/share/robot_project/package.dsv'
[2.794s] INFO:colcon.colcon_core.shell:Creating package script '/home/jonatan/ros2_ws/install/robot_project/share/robot_project/package.sh'
[2.795s] INFO:colcon.colcon_core.shell:Creating package script '/home/jonatan/ros2_ws/install/robot_project/share/robot_project/package.bash'
[2.796s] INFO:colcon.colcon_core.shell:Creating package script '/home/jonatan/ros2_ws/install/robot_project/share/robot_project/package.zsh'
[2.797s] Level 1:colcon.colcon_core.environment:create_file_with_runtime_dependencies(/home/jonatan/ros2_ws/install/robot_project/share/colcon-core/packages/robot_project)
[2.798s] INFO:colcon.colcon_ros.task.ament_python.build:Building ROS package in '/home/jonatan/ros2_ws/src/turtlesim_interface' with build type 'ament_python'
[2.798s] Level 1:colcon.colcon_core.shell:create_environment_hook('turtlesim_interface', 'ament_prefix_path')
[2.798s] INFO:colcon.colcon_core.shell:Creating environment hook '/home/jonatan/ros2_ws/install/turtlesim_interface/share/turtlesim_interface/hook/ament_prefix_path.ps1'
[2.799s] INFO:colcon.colcon_core.shell:Creating environment descriptor '/home/jonatan/ros2_ws/install/turtlesim_interface/share/turtlesim_interface/hook/ament_prefix_path.dsv'
[2.800s] INFO:colcon.colcon_core.shell:Creating environment hook '/home/jonatan/ros2_ws/install/turtlesim_interface/share/turtlesim_interface/hook/ament_prefix_path.sh'
[2.801s] INFO:colcon.colcon_core.shell:Skip shell extension 'powershell' for command environment: Not usable outside of PowerShell
[2.801s] DEBUG:colcon.colcon_core.shell:Skip shell extension 'dsv' for command environment
[3.248s] INFO:colcon.colcon_core.task.python.build:Building Python package in '/home/jonatan/ros2_ws/src/turtlesim_interface'
[3.248s] INFO:colcon.colcon_core.shell:Skip shell extension 'powershell' for command environment: Not usable outside of PowerShell
[3.248s] DEBUG:colcon.colcon_core.shell:Skip shell extension 'dsv' for command environment
[3.257s] DEBUG:colcon.colcon_core.event_handler.log_command:Invoking command in '/home/jonatan/ros2_ws/src/pubsub_rospyqt': PS1=\[\e]0;\u@\h: \w\a\]${debian_chroot:+($debian_chroot)}\[\033[01;32m\]\u@\h\[\033[00m\]:\[\033[01;34m\]\w\[\033[00m\]\$ PYTHONPATH=/home/jonatan/ros2_ws/build/pubsub_rospyqt/prefix_override:/usr/lib/python3/dist-packages/colcon_core/task/python/colcon_distutils_commands:/home/jonatan/ros2_ws/install/pubsub_rospyqt/lib/python3.12/site-packages:${PYTHONPATH} /usr/bin/python3 -W ignore:setup.py install is deprecated -W ignore:easy_install command is deprecated setup.py egg_info --egg-base ../../build/pubsub_rospyqt build --build-base /home/jonatan/ros2_ws/build/pubsub_rospyqt/build install --record /home/jonatan/ros2_ws/build/pubsub_rospyqt/install.log --single-version-externally-managed install_data
[3.260s] DEBUG:colcon.colcon_core.event_handler.log_command:Invoking command in '/home/jonatan/ros2_ws/src/first_project': PS1=\[\e]0;\u@\h: \w\a\]${debian_chroot:+($debian_chroot)}\[\033[01;32m\]\u@\h\[\033[00m\]:\[\033[01;34m\]\w\[\033[00m\]\$ PYTHONPATH=/home/jonatan/ros2_ws/build/first_project/prefix_override:/usr/lib/python3/dist-packages/colcon_core/task/python/colcon_distutils_commands:/home/jonatan/ros2_ws/install/first_project/lib/python3.12/site-packages:${PYTHONPATH} /usr/bin/python3 -W ignore:setup.py install is deprecated -W ignore:easy_install command is deprecated setup.py egg_info --egg-base ../../build/first_project build --build-base /home/jonatan/ros2_ws/build/first_project/build install --record /home/jonatan/ros2_ws/build/first_project/install.log --single-version-externally-managed install_data
[3.261s] DEBUG:colcon.colcon_core.event_handler.log_command:Invoking command in '/home/jonatan/ros2_ws/src/first_pyqtros': PS1=\[\e]0;\u@\h: \w\a\]${debian_chroot:+($debian_chroot)}\[\033[01;32m\]\u@\h\[\033[00m\]:\[\033[01;34m\]\w\[\033[00m\]\$ PYTHONPATH=/home/jonatan/ros2_ws/build/first_pyqtros/prefix_override:/usr/lib/python3/dist-packages/colcon_core/task/python/colcon_distutils_commands:/home/jonatan/ros2_ws/install/first_pyqtros/lib/python3.12/site-packages:${PYTHONPATH} /usr/bin/python3 -W ignore:setup.py install is deprecated -W ignore:easy_install command is deprecated setup.py egg_info --egg-base ../../build/first_pyqtros build --build-base /home/jonatan/ros2_ws/build/first_pyqtros/build install --record /home/jonatan/ros2_ws/build/first_pyqtros/install.log --single-version-externally-managed install_data
[4.568s] Level 1:colcon.colcon_core.environment:checking '/home/jonatan/ros2_ws/install/first_project' for CMake module files
[4.569s] Level 1:colcon.colcon_core.environment:checking '/home/jonatan/ros2_ws/install/first_project' for CMake config files
[4.570s] DEBUG:colcon.colcon_core.event_handler.log_command:Invoked command in '/home/jonatan/ros2_ws/src/first_project' returned '0': PS1=\[\e]0;\u@\h: \w\a\]${debian_chroot:+($debian_chroot)}\[\033[01;32m\]\u@\h\[\033[00m\]:\[\033[01;34m\]\w\[\033[00m\]\$ PYTHONPATH=/home/jonatan/ros2_ws/build/first_project/prefix_override:/usr/lib/python3/dist-packages/colcon_core/task/python/colcon_distutils_commands:/home/jonatan/ros2_ws/install/first_project/lib/python3.12/site-packages:${PYTHONPATH} /usr/bin/python3 -W ignore:setup.py install is deprecated -W ignore:easy_install command is deprecated setup.py egg_info --egg-base ../../build/first_project build --build-base /home/jonatan/ros2_ws/build/first_project/build install --record /home/jonatan/ros2_ws/build/first_project/install.log --single-version-externally-managed install_data
[4.571s] Level 1:colcon.colcon_core.environment:checking '/home/jonatan/ros2_ws/install/first_project/lib'
[4.571s] Level 1:colcon.colcon_core.environment:checking '/home/jonatan/ros2_ws/install/first_project/bin'
[4.571s] Level 1:colcon.colcon_core.environment:checking '/home/jonatan/ros2_ws/install/first_project/lib/pkgconfig/first_project.pc'
[4.572s] Level 1:colcon.colcon_core.environment:checking '/home/jonatan/ros2_ws/install/first_project/lib/python3.12/site-packages'
[4.572s] Level 1:colcon.colcon_core.shell:create_environment_hook('first_project', 'pythonpath')
[4.572s] INFO:colcon.colcon_core.shell:Creating environment hook '/home/jonatan/ros2_ws/install/first_project/share/first_project/hook/pythonpath.ps1'
[4.573s] INFO:colcon.colcon_core.shell:Creating environment descriptor '/home/jonatan/ros2_ws/install/first_project/share/first_project/hook/pythonpath.dsv'
[4.574s] INFO:colcon.colcon_core.shell:Creating environment hook '/home/jonatan/ros2_ws/install/first_project/share/first_project/hook/pythonpath.sh'
[4.575s] Level 1:colcon.colcon_core.environment:checking '/home/jonatan/ros2_ws/install/first_project/bin'
[4.575s] Level 1:colcon.colcon_core.environment:create_environment_scripts_only(first_project)
[4.575s] INFO:colcon.colcon_core.shell:Creating package script '/home/jonatan/ros2_ws/install/first_project/share/first_project/package.ps1'
[4.576s] INFO:colcon.colcon_core.shell:Creating package descriptor '/home/jonatan/ros2_ws/install/first_project/share/first_project/package.dsv'
[4.577s] INFO:colcon.colcon_core.shell:Creating package script '/home/jonatan/ros2_ws/install/first_project/share/first_project/package.sh'
[4.578s] INFO:colcon.colcon_core.shell:Creating package script '/home/jonatan/ros2_ws/install/first_project/share/first_project/package.bash'
[4.578s] INFO:colcon.colcon_core.shell:Creating package script '/home/jonatan/ros2_ws/install/first_project/share/first_project/package.zsh'
[4.579s] Level 1:colcon.colcon_core.environment:create_file_with_runtime_dependencies(/home/jonatan/ros2_ws/install/first_project/share/colcon-core/packages/first_project)
[4.620s] Level 1:colcon.colcon_core.environment:checking '/home/jonatan/ros2_ws/install/first_pyqtros' for CMake module files
[4.621s] DEBUG:colcon.colcon_core.event_handler.log_command:Invoked command in '/home/jonatan/ros2_ws/src/first_pyqtros' returned '0': PS1=\[\e]0;\u@\h: \w\a\]${debian_chroot:+($debian_chroot)}\[\033[01;32m\]\u@\h\[\033[00m\]:\[\033[01;34m\]\w\[\033[00m\]\$ PYTHONPATH=/home/jonatan/ros2_ws/build/first_pyqtros/prefix_override:/usr/lib/python3/dist-packages/colcon_core/task/python/colcon_distutils_commands:/home/jonatan/ros2_ws/install/first_pyqtros/lib/python3.12/site-packages:${PYTHONPATH} /usr/bin/python3 -W ignore:setup.py install is deprecated -W ignore:easy_install command is deprecated setup.py egg_info --egg-base ../../build/first_pyqtros build --build-base /home/jonatan/ros2_ws/build/first_pyqtros/build install --record /home/jonatan/ros2_ws/build/first_pyqtros/install.log --single-version-externally-managed install_data
[4.622s] Level 1:colcon.colcon_core.environment:checking '/home/jonatan/ros2_ws/install/first_pyqtros' for CMake config files
[4.623s] Level 1:colcon.colcon_core.environment:checking '/home/jonatan/ros2_ws/install/first_pyqtros/lib'
[4.623s] Level 1:colcon.colcon_core.environment:checking '/home/jonatan/ros2_ws/install/first_pyqtros/bin'
[4.623s] Level 1:colcon.colcon_core.environment:checking '/home/jonatan/ros2_ws/install/first_pyqtros/lib/pkgconfig/first_pyqtros.pc'
[4.624s] Level 1:colcon.colcon_core.environment:checking '/home/jonatan/ros2_ws/install/first_pyqtros/lib/python3.12/site-packages'
[4.624s] Level 1:colcon.colcon_core.shell:create_environment_hook('first_pyqtros', 'pythonpath')
[4.624s] INFO:colcon.colcon_core.shell:Creating environment hook '/home/jonatan/ros2_ws/install/first_pyqtros/share/first_pyqtros/hook/pythonpath.ps1'
[4.625s] INFO:colcon.colcon_core.shell:Creating environment descriptor '/home/jonatan/ros2_ws/install/first_pyqtros/share/first_pyqtros/hook/pythonpath.dsv'
[4.626s] INFO:colcon.colcon_core.shell:Creating environment hook '/home/jonatan/ros2_ws/install/first_pyqtros/share/first_pyqtros/hook/pythonpath.sh'
[4.627s] Level 1:colcon.colcon_core.environment:checking '/home/jonatan/ros2_ws/install/first_pyqtros/bin'
[4.627s] Level 1:colcon.colcon_core.environment:create_environment_scripts_only(first_pyqtros)
[4.627s] INFO:colcon.colcon_core.shell:Creating package script '/home/jonatan/ros2_ws/install/first_pyqtros/share/first_pyqtros/package.ps1'
[4.628s] INFO:colcon.colcon_core.shell:Creating package descriptor '/home/jonatan/ros2_ws/install/first_pyqtros/share/first_pyqtros/package.dsv'
[4.629s] INFO:colcon.colcon_core.shell:Creating package script '/home/jonatan/ros2_ws/install/first_pyqtros/share/first_pyqtros/package.sh'
[4.630s] INFO:colcon.colcon_core.shell:Creating package script '/home/jonatan/ros2_ws/install/first_pyqtros/share/first_pyqtros/package.bash'
[4.631s] INFO:colcon.colcon_core.shell:Creating package script '/home/jonatan/ros2_ws/install/first_pyqtros/share/first_pyqtros/package.zsh'
[4.631s] Level 1:colcon.colcon_core.environment:create_file_with_runtime_dependencies(/home/jonatan/ros2_ws/install/first_pyqtros/share/colcon-core/packages/first_pyqtros)
[4.697s] Level 1:colcon.colcon_core.environment:checking '/home/jonatan/ros2_ws/install/pubsub_rospyqt' for CMake module files
[4.698s] DEBUG:colcon.colcon_core.event_handler.log_command:Invoked command in '/home/jonatan/ros2_ws/src/pubsub_rospyqt' returned '0': PS1=\[\e]0;\u@\h: \w\a\]${debian_chroot:+($debian_chroot)}\[\033[01;32m\]\u@\h\[\033[00m\]:\[\033[01;34m\]\w\[\033[00m\]\$ PYTHONPATH=/home/jonatan/ros2_ws/build/pubsub_rospyqt/prefix_override:/usr/lib/python3/dist-packages/colcon_core/task/python/colcon_distutils_commands:/home/jonatan/ros2_ws/install/pubsub_rospyqt/lib/python3.12/site-packages:${PYTHONPATH} /usr/bin/python3 -W ignore:setup.py install is deprecated -W ignore:easy_install command is deprecated setup.py egg_info --egg-base ../../build/pubsub_rospyqt build --build-base /home/jonatan/ros2_ws/build/pubsub_rospyqt/build install --record /home/jonatan/ros2_ws/build/pubsub_rospyqt/install.log --single-version-externally-managed install_data
[4.699s] Level 1:colcon.colcon_core.environment:checking '/home/jonatan/ros2_ws/install/pubsub_rospyqt' for CMake config files
[4.700s] Level 1:colcon.colcon_core.environment:checking '/home/jonatan/ros2_ws/install/pubsub_rospyqt/lib'
[4.700s] Level 1:colcon.colcon_core.environment:checking '/home/jonatan/ros2_ws/install/pubsub_rospyqt/bin'
[4.701s] Level 1:colcon.colcon_core.environment:checking '/home/jonatan/ros2_ws/install/pubsub_rospyqt/lib/pkgconfig/pubsub_rospyqt.pc'
[4.701s] Level 1:colcon.colcon_core.environment:checking '/home/jonatan/ros2_ws/install/pubsub_rospyqt/lib/python3.12/site-packages'
[4.701s] Level 1:colcon.colcon_core.shell:create_environment_hook('pubsub_rospyqt', 'pythonpath')
[4.702s] INFO:colcon.colcon_core.shell:Creating environment hook '/home/jonatan/ros2_ws/install/pubsub_rospyqt/share/pubsub_rospyqt/hook/pythonpath.ps1'
[4.702s] INFO:colcon.colcon_core.shell:Creating environment descriptor '/home/jonatan/ros2_ws/install/pubsub_rospyqt/share/pubsub_rospyqt/hook/pythonpath.dsv'
[4.703s] INFO:colcon.colcon_core.shell:Creating environment hook '/home/jonatan/ros2_ws/install/pubsub_rospyqt/share/pubsub_rospyqt/hook/pythonpath.sh'
[4.704s] Level 1:colcon.colcon_core.environment:checking '/home/jonatan/ros2_ws/install/pubsub_rospyqt/bin'
[4.704s] Level 1:colcon.colcon_core.environment:create_environment_scripts_only(pubsub_rospyqt)
[4.705s] INFO:colcon.colcon_core.shell:Creating package script '/home/jonatan/ros2_ws/install/pubsub_rospyqt/share/pubsub_rospyqt/package.ps1'
[4.706s] INFO:colcon.colcon_core.shell:Creating package descriptor '/home/jonatan/ros2_ws/install/pubsub_rospyqt/share/pubsub_rospyqt/package.dsv'
[4.706s] INFO:colcon.colcon_core.shell:Creating package script '/home/jonatan/ros2_ws/install/pubsub_rospyqt/share/pubsub_rospyqt/package.sh'
[4.707s] INFO:colcon.colcon_core.shell:Creating package script '/home/jonatan/ros2_ws/install/pubsub_rospyqt/share/pubsub_rospyqt/package.bash'
[4.708s] INFO:colcon.colcon_core.shell:Creating package script '/home/jonatan/ros2_ws/install/pubsub_rospyqt/share/pubsub_rospyqt/package.zsh'
[4.708s] Level 1:colcon.colcon_core.environment:create_file_with_runtime_dependencies(/home/jonatan/ros2_ws/install/pubsub_rospyqt/share/colcon-core/packages/pubsub_rospyqt)
[4.733s] DEBUG:colcon.colcon_core.event_handler.log_command:Invoking command in '/home/jonatan/ros2_ws/src/turtlesim_interface': PS1=\[\e]0;\u@\h: \w\a\]${debian_chroot:+($debian_chroot)}\[\033[01;32m\]\u@\h\[\033[00m\]:\[\033[01;34m\]\w\[\033[00m\]\$ PYTHONPATH=/home/jonatan/ros2_ws/build/turtlesim_interface/prefix_override:/usr/lib/python3/dist-packages/colcon_core/task/python/colcon_distutils_commands:/home/jonatan/ros2_ws/install/turtlesim_interface/lib/python3.12/site-packages:${PYTHONPATH} /usr/bin/python3 -W ignore:setup.py install is deprecated -W ignore:easy_install command is deprecated setup.py egg_info --egg-base ../../build/turtlesim_interface build --build-base /home/jonatan/ros2_ws/build/turtlesim_interface/build install --record /home/jonatan/ros2_ws/build/turtlesim_interface/install.log --single-version-externally-managed install_data
[5.530s] Level 1:colcon.colcon_core.environment:checking '/home/jonatan/ros2_ws/install/turtlesim_interface' for CMake module files
[5.530s] DEBUG:colcon.colcon_core.event_handler.log_command:Invoked command in '/home/jonatan/ros2_ws/src/turtlesim_interface' returned '0': PS1=\[\e]0;\u@\h: \w\a\]${debian_chroot:+($debian_chroot)}\[\033[01;32m\]\u@\h\[\033[00m\]:\[\033[01;34m\]\w\[\033[00m\]\$ PYTHONPATH=/home/jonatan/ros2_ws/build/turtlesim_interface/prefix_override:/usr/lib/python3/dist-packages/colcon_core/task/python/colcon_distutils_commands:/home/jonatan/ros2_ws/install/turtlesim_interface/lib/python3.12/site-packages:${PYTHONPATH} /usr/bin/python3 -W ignore:setup.py install is deprecated -W ignore:easy_install command is deprecated setup.py egg_info --egg-base ../../build/turtlesim_interface build --build-base /home/jonatan/ros2_ws/build/turtlesim_interface/build install --record /home/jonatan/ros2_ws/build/turtlesim_interface/install.log --single-version-externally-managed install_data
[5.531s] Level 1:colcon.colcon_core.environment:checking '/home/jonatan/ros2_ws/install/turtlesim_interface' for CMake config files
[5.532s] Level 1:colcon.colcon_core.environment:checking '/home/jonatan/ros2_ws/install/turtlesim_interface/lib'
[5.532s] Level 1:colcon.colcon_core.environment:checking '/home/jonatan/ros2_ws/install/turtlesim_interface/bin'
[5.532s] Level 1:colcon.colcon_core.environment:checking '/home/jonatan/ros2_ws/install/turtlesim_interface/lib/pkgconfig/turtlesim_interface.pc'
[5.532s] Level 1:colcon.colcon_core.environment:checking '/home/jonatan/ros2_ws/install/turtlesim_interface/lib/python3.12/site-packages'
[5.532s] Level 1:colcon.colcon_core.shell:create_environment_hook('turtlesim_interface', 'pythonpath')
[5.533s] INFO:colcon.colcon_core.shell:Creating environment hook '/home/jonatan/ros2_ws/install/turtlesim_interface/share/turtlesim_interface/hook/pythonpath.ps1'
[5.533s] INFO:colcon.colcon_core.shell:Creating environment descriptor '/home/jonatan/ros2_ws/install/turtlesim_interface/share/turtlesim_interface/hook/pythonpath.dsv'
[5.534s] INFO:colcon.colcon_core.shell:Creating environment hook '/home/jonatan/ros2_ws/install/turtlesim_interface/share/turtlesim_interface/hook/pythonpath.sh'
[5.534s] Level 1:colcon.colcon_core.environment:checking '/home/jonatan/ros2_ws/install/turtlesim_interface/bin'
[5.534s] Level 1:colcon.colcon_core.environment:create_environment_scripts_only(turtlesim_interface)
[5.535s] INFO:colcon.colcon_core.shell:Creating package script '/home/jonatan/ros2_ws/install/turtlesim_interface/share/turtlesim_interface/package.ps1'
[5.535s] INFO:colcon.colcon_core.shell:Creating package descriptor '/home/jonatan/ros2_ws/install/turtlesim_interface/share/turtlesim_interface/package.dsv'
[5.536s] INFO:colcon.colcon_core.shell:Creating package script '/home/jonatan/ros2_ws/install/turtlesim_interface/share/turtlesim_interface/package.sh'
[5.536s] INFO:colcon.colcon_core.shell:Creating package script '/home/jonatan/ros2_ws/install/turtlesim_interface/share/turtlesim_interface/package.bash'
[5.537s] INFO:colcon.colcon_core.shell:Creating package script '/home/jonatan/ros2_ws/install/turtlesim_interface/share/turtlesim_interface/package.zsh'
[5.537s] Level 1:colcon.colcon_core.environment:create_file_with_runtime_dependencies(/home/jonatan/ros2_ws/install/turtlesim_interface/share/colcon-core/packages/turtlesim_interface)
[5.538s] DEBUG:colcon.colcon_parallel_executor.executor.parallel:closing loop
[5.538s] DEBUG:colcon.colcon_parallel_executor.executor.parallel:loop closed
[5.538s] DEBUG:colcon.colcon_parallel_executor.executor.parallel:run_until_complete finished with '0'
[5.538s] DEBUG:colcon.colcon_core.event_reactor:joining thread
[5.547s] INFO:colcon.colcon_core.plugin_system:Skipping extension 'colcon_notification.desktop_notification.terminal_notifier': Not used on non-Darwin systems
[5.547s] INFO:colcon.colcon_core.plugin_system:Skipping extension 'colcon_notification.desktop_notification.win32': Not used on non-Windows systems
[5.548s] INFO:colcon.colcon_notification.desktop_notification:Sending desktop notification using 'notify2'
[5.566s] DEBUG:colcon.colcon_core.event_reactor:joined thread
[5.566s] INFO:colcon.colcon_core.shell:Creating prefix script '/home/jonatan/ros2_ws/install/local_setup.ps1'
[5.568s] INFO:colcon.colcon_core.shell:Creating prefix util module '/home/jonatan/ros2_ws/install/_local_setup_util_ps1.py'
[5.569s] INFO:colcon.colcon_core.shell:Creating prefix chain script '/home/jonatan/ros2_ws/install/setup.ps1'
[5.571s] INFO:colcon.colcon_core.shell:Creating prefix script '/home/jonatan/ros2_ws/install/local_setup.sh'
[5.572s] INFO:colcon.colcon_core.shell:Creating prefix util module '/home/jonatan/ros2_ws/install/_local_setup_util_sh.py'
[5.573s] INFO:colcon.colcon_core.shell:Creating prefix chain script '/home/jonatan/ros2_ws/install/setup.sh'
[5.575s] INFO:colcon.colcon_core.shell:Creating prefix script '/home/jonatan/ros2_ws/install/local_setup.bash'
[5.575s] INFO:colcon.colcon_core.shell:Creating prefix chain script '/home/jonatan/ros2_ws/install/setup.bash'
[5.577s] INFO:colcon.colcon_core.shell:Creating prefix script '/home/jonatan/ros2_ws/install/local_setup.zsh'
[5.578s] INFO:colcon.colcon_core.shell:Creating prefix chain script '/home/jonatan/ros2_ws/install/setup.zsh'
