-- Install configuration: ""
-- Up-to-date: /home/jonatan/ros2_ws/install/working_robot/share/working_robot/launch
-- Up-to-date: /home/jonatan/ros2_ws/install/working_robot/share/working_robot/launch/gazebo.launch.py
-- Up-to-date: /home/jonatan/ros2_ws/install/working_robot/share/working_robot/launch/__pycache__
-- Up-to-date: /home/jonatan/ros2_ws/install/working_robot/share/working_robot/launch/__pycache__/display.launch.cpython-312.pyc
-- Up-to-date: /home/jonatan/ros2_ws/install/working_robot/share/working_robot/launch/display.launch.py
-- Up-to-date: /home/jonatan/ros2_ws/install/working_robot/share/working_robot/meshes
-- Up-to-date: /home/jonatan/ros2_ws/install/working_robot/share/working_robot/meshes/castro_wheel_1.stl
-- Up-to-date: /home/jonatan/ros2_ws/install/working_robot/share/working_robot/meshes/right_wheel_1.stl
-- Up-to-date: /home/jonatan/ros2_ws/install/working_robot/share/working_robot/meshes/lidar_1.stl
-- Up-to-date: /home/jonatan/ros2_ws/install/working_robot/share/working_robot/meshes/left_wheel_1.stl
-- Up-to-date: /home/jonatan/ros2_ws/install/working_robot/share/working_robot/meshes/base_link.stl
-- Up-to-date: /home/jonatan/ros2_ws/install/working_robot/share/working_robot/urdf
-- Installing: /home/jonatan/ros2_ws/install/working_robot/share/working_robot/urdf/obslidar.xacro
-- Up-to-date: /home/jonatan/ros2_ws/install/working_robot/share/working_robot/urdf/obslidar.ros2control
-- Up-to-date: /home/jonatan/ros2_ws/install/working_robot/share/working_robot/urdf/obslidar.gazebo
-- Up-to-date: /home/jonatan/ros2_ws/install/working_robot/share/working_robot/urdf/materials.xacro
-- Up-to-date: /home/jonatan/ros2_ws/install/working_robot/share/working_robot/config
-- Up-to-date: /home/jonatan/ros2_ws/install/working_robot/share/working_robot/config/display.rviz
-- Up-to-date: /home/jonatan/ros2_ws/install/working_robot/share/working_robot/config/gazebo.rviz
-- Up-to-date: /home/jonatan/ros2_ws/install/working_robot/share/working_robot/config/ros_gz_bridge_gazebo.yaml
-- Up-to-date: /home/jonatan/ros2_ws/install/working_robot/share/working_robot/worlds
-- Up-to-date: /home/jonatan/ros2_ws/install/working_robot/share/working_robot/worlds/fws_robot_world.sdf
-- Up-to-date: /home/jonatan/ros2_ws/install/working_robot/share/ament_index/resource_index/package_run_dependencies/working_robot
-- Up-to-date: /home/jonatan/ros2_ws/install/working_robot/share/ament_index/resource_index/parent_prefix_path/working_robot
-- Up-to-date: /home/jonatan/ros2_ws/install/working_robot/share/working_robot/environment/ament_prefix_path.sh
-- Up-to-date: /home/jonatan/ros2_ws/install/working_robot/share/working_robot/environment/ament_prefix_path.dsv
-- Up-to-date: /home/jonatan/ros2_ws/install/working_robot/share/working_robot/environment/path.sh
-- Up-to-date: /home/jonatan/ros2_ws/install/working_robot/share/working_robot/environment/path.dsv
-- Up-to-date: /home/jonatan/ros2_ws/install/working_robot/share/working_robot/local_setup.bash
-- Up-to-date: /home/jonatan/ros2_ws/install/working_robot/share/working_robot/local_setup.sh
-- Up-to-date: /home/jonatan/ros2_ws/install/working_robot/share/working_robot/local_setup.zsh
-- Up-to-date: /home/jonatan/ros2_ws/install/working_robot/share/working_robot/local_setup.dsv
-- Installing: /home/jonatan/ros2_ws/install/working_robot/share/working_robot/package.dsv
-- Up-to-date: /home/jonatan/ros2_ws/install/working_robot/share/ament_index/resource_index/packages/working_robot
-- Up-to-date: /home/jonatan/ros2_ws/install/working_robot/share/working_robot/cmake/working_robotConfig.cmake
-- Up-to-date: /home/jonatan/ros2_ws/install/working_robot/share/working_robot/cmake/working_robotConfig-version.cmake
-- Up-to-date: /home/jonatan/ros2_ws/install/working_robot/share/working_robot/package.xml
