running egg_info
creating ../../build/first_project/first_project.egg-info
writing ../../build/first_project/first_project.egg-info/PKG-INFO
writing dependency_links to ../../build/first_project/first_project.egg-info/dependency_links.txt
writing entry points to ../../build/first_project/first_project.egg-info/entry_points.txt
writing requirements to ../../build/first_project/first_project.egg-info/requires.txt
writing top-level names to ../../build/first_project/first_project.egg-info/top_level.txt
writing manifest file '../../build/first_project/first_project.egg-info/SOURCES.txt'
reading manifest file '../../build/first_project/first_project.egg-info/SOURCES.txt'
adding license file 'LICENSE'
writing manifest file '../../build/first_project/first_project.egg-info/SOURCES.txt'
running build
running build_py
creating /home/jonatan/ros2_ws/build/first_project/build
creating /home/jonatan/ros2_ws/build/first_project/build/lib
creating /home/jonatan/ros2_ws/build/first_project/build/lib/first_project
copying first_project/subscriber_node.py -> /home/jonatan/ros2_ws/build/first_project/build/lib/first_project
copying first_project/publish_node.py -> /home/jonatan/ros2_ws/build/first_project/build/lib/first_project
copying first_project/__init__.py -> /home/jonatan/ros2_ws/build/first_project/build/lib/first_project
running install
running install_lib
creating /home/jonatan/ros2_ws/install/first_project/lib/python3.12/site-packages/first_project
copying /home/jonatan/ros2_ws/build/first_project/build/lib/first_project/subscriber_node.py -> /home/jonatan/ros2_ws/install/first_project/lib/python3.12/site-packages/first_project
copying /home/jonatan/ros2_ws/build/first_project/build/lib/first_project/publish_node.py -> /home/jonatan/ros2_ws/install/first_project/lib/python3.12/site-packages/first_project
copying /home/jonatan/ros2_ws/build/first_project/build/lib/first_project/__init__.py -> /home/jonatan/ros2_ws/install/first_project/lib/python3.12/site-packages/first_project
byte-compiling /home/jonatan/ros2_ws/install/first_project/lib/python3.12/site-packages/first_project/subscriber_node.py to subscriber_node.cpython-312.pyc
byte-compiling /home/jonatan/ros2_ws/install/first_project/lib/python3.12/site-packages/first_project/publish_node.py to publish_node.cpython-312.pyc
byte-compiling /home/jonatan/ros2_ws/install/first_project/lib/python3.12/site-packages/first_project/__init__.py to __init__.cpython-312.pyc
running install_data
creating /home/jonatan/ros2_ws/install/first_project/share/ament_index
creating /home/jonatan/ros2_ws/install/first_project/share/ament_index/resource_index
creating /home/jonatan/ros2_ws/install/first_project/share/ament_index/resource_index/packages
copying resource/first_project -> /home/jonatan/ros2_ws/install/first_project/share/ament_index/resource_index/packages
copying package.xml -> /home/jonatan/ros2_ws/install/first_project/share/first_project
creating /home/jonatan/ros2_ws/install/first_project/share/first_project/launch
copying launch/my_launch.py -> /home/jonatan/ros2_ws/install/first_project/share/first_project/launch
running install_egg_info
Copying ../../build/first_project/first_project.egg-info to /home/jonatan/ros2_ws/install/first_project/lib/python3.12/site-packages/first_project-0.0.0-py3.12.egg-info
running install_scripts
Installing reciever script to /home/jonatan/ros2_ws/install/first_project/lib/first_project
Installing sender script to /home/jonatan/ros2_ws/install/first_project/lib/first_project
writing list of installed files to '/home/jonatan/ros2_ws/build/first_project/install.log'
