[0.019s] Invoking command in '/home/jonatan/ros2_ws/build/my_robot': CMAKE_PREFIX_PATH=${CMAKE_PREFIX_PATH}:/home/jonatan/ros2_ws/install/turtlesim_interface:/home/jonatan/ros2_ws/install/pubsub_rospyqt:/home/jonatan/ros2_ws/install/first_pyqtros:/home/jonatan/ros2_ws/install/first_project:/opt/ros/jazzy PS1=\[\e]0;\u@\h: \w\a\]${debian_chroot:+($debian_chroot)}\[\033[01;32m\]\u@\h\[\033[00m\]:\[\033[01;34m\]\w\[\033[00m\]\$ /usr/bin/cmake --build /home/jonatan/ros2_ws/build/my_robot -- -j4 -l4
[0.052s] -- Found ament_cmake: 2.5.3 (/opt/ros/jazzy/share/ament_cmake/cmake)
[0.348s] -- Found ros_gz_sim: 1.0.11 (/opt/ros/jazzy/share/ros_gz_sim/cmake)
[0.480s] -- Found rosidl_generator_c: 4.6.5 (/opt/ros/jazzy/share/rosidl_generator_c/cmake)
[0.522s] -- Found rosidl_generator_cpp: 4.6.5 (/opt/ros/jazzy/share/rosidl_generator_cpp/cmake)
[0.580s] -- Using all available rosidl_typesupport_c: rosidl_typesupport_fastrtps_c;rosidl_typesupport_introspection_c
[0.645s] -- Using all available rosidl_typesupport_cpp: rosidl_typesupport_fastrtps_cpp;rosidl_typesupport_introspection_cpp
[0.851s] -- Found rmw_implementation_cmake: 7.3.2 (/opt/ros/jazzy/share/rmw_implementation_cmake/cmake)
[0.861s] -- Found rmw_fastrtps_cpp: 8.4.2 (/opt/ros/jazzy/share/rmw_fastrtps_cpp/cmake)
[1.066s] -- Found OpenSSL: /usr/lib/x86_64-linux-gnu/libcrypto.so (found version "3.0.13")  
[1.149s] -- Found FastRTPS: /opt/ros/jazzy/include (Required is at least version "2.13") 
[1.195s] -- Using RMW implementation 'rmw_fastrtps_cpp' as default
[1.393s] -- Found ament_lint_auto: 0.17.2 (/opt/ros/jazzy/share/ament_lint_auto/cmake)
[1.527s] -- Added test 'flake8' to check Python code syntax and style conventions
[1.527s] -- Configured 'flake8' exclude dirs and/or files: 
[1.529s] -- Added test 'lint_cmake' to check CMake code style
[1.530s] -- Added test 'pep257' to check Python code against some of the docstring style conventions in PEP 257
[1.533s] -- Added test 'xmllint' to check XML markup files
[1.535s] -- Configuring done (1.5s)
[1.543s] -- Generating done (0.0s)
[1.547s] -- Build files have been written to: /home/jonatan/ros2_ws/build/my_robot
[1.590s] Invoked command in '/home/jonatan/ros2_ws/build/my_robot' returned '0': CMAKE_PREFIX_PATH=${CMAKE_PREFIX_PATH}:/home/jonatan/ros2_ws/install/turtlesim_interface:/home/jonatan/ros2_ws/install/pubsub_rospyqt:/home/jonatan/ros2_ws/install/first_pyqtros:/home/jonatan/ros2_ws/install/first_project:/opt/ros/jazzy PS1=\[\e]0;\u@\h: \w\a\]${debian_chroot:+($debian_chroot)}\[\033[01;32m\]\u@\h\[\033[00m\]:\[\033[01;34m\]\w\[\033[00m\]\$ /usr/bin/cmake --build /home/jonatan/ros2_ws/build/my_robot -- -j4 -l4
[1.609s] Invoking command in '/home/jonatan/ros2_ws/build/my_robot': CMAKE_PREFIX_PATH=${CMAKE_PREFIX_PATH}:/home/jonatan/ros2_ws/install/turtlesim_interface:/home/jonatan/ros2_ws/install/pubsub_rospyqt:/home/jonatan/ros2_ws/install/first_pyqtros:/home/jonatan/ros2_ws/install/first_project:/opt/ros/jazzy PS1=\[\e]0;\u@\h: \w\a\]${debian_chroot:+($debian_chroot)}\[\033[01;32m\]\u@\h\[\033[00m\]:\[\033[01;34m\]\w\[\033[00m\]\$ /usr/bin/cmake --install /home/jonatan/ros2_ws/build/my_robot
[1.621s] -- Install configuration: ""
[1.621s] -- Up-to-date: /home/jonatan/ros2_ws/install/my_robot/share/my_robot/launch
[1.621s] -- Up-to-date: /home/jonatan/ros2_ws/install/my_robot/share/my_robot/launch/display.launch.xml
[1.621s] -- Up-to-date: /home/jonatan/ros2_ws/install/my_robot/share/my_robot/launch/two_wheeled.launch.py
[1.622s] -- Up-to-date: /home/jonatan/ros2_ws/install/my_robot/share/my_robot/meshes
[1.622s] -- Up-to-date: /home/jonatan/ros2_ws/install/my_robot/share/my_robot/meshes/robot_base.stl
[1.622s] -- Up-to-date: /home/jonatan/ros2_ws/install/my_robot/share/my_robot/urdf
[1.622s] -- Up-to-date: /home/jonatan/ros2_ws/install/my_robot/share/my_robot/urdf/model.urdf
[1.623s] -- Up-to-date: /home/jonatan/ros2_ws/install/my_robot/share/my_robot/config
[1.623s] -- Installing: /home/jonatan/ros2_ws/install/my_robot/share/ament_index/resource_index/package_run_dependencies/my_robot
[1.623s] -- Installing: /home/jonatan/ros2_ws/install/my_robot/share/ament_index/resource_index/parent_prefix_path/my_robot
[1.623s] -- Up-to-date: /home/jonatan/ros2_ws/install/my_robot/share/my_robot/environment/ament_prefix_path.sh
[1.624s] -- Up-to-date: /home/jonatan/ros2_ws/install/my_robot/share/my_robot/environment/ament_prefix_path.dsv
[1.624s] -- Up-to-date: /home/jonatan/ros2_ws/install/my_robot/share/my_robot/environment/path.sh
[1.624s] -- Up-to-date: /home/jonatan/ros2_ws/install/my_robot/share/my_robot/environment/path.dsv
[1.624s] -- Up-to-date: /home/jonatan/ros2_ws/install/my_robot/share/my_robot/local_setup.bash
[1.624s] -- Up-to-date: /home/jonatan/ros2_ws/install/my_robot/share/my_robot/local_setup.sh
[1.625s] -- Up-to-date: /home/jonatan/ros2_ws/install/my_robot/share/my_robot/local_setup.zsh
[1.625s] -- Up-to-date: /home/jonatan/ros2_ws/install/my_robot/share/my_robot/local_setup.dsv
[1.625s] -- Installing: /home/jonatan/ros2_ws/install/my_robot/share/my_robot/package.dsv
[1.625s] -- Up-to-date: /home/jonatan/ros2_ws/install/my_robot/share/ament_index/resource_index/packages/my_robot
[1.625s] -- Up-to-date: /home/jonatan/ros2_ws/install/my_robot/share/my_robot/cmake/my_robotConfig.cmake
[1.626s] -- Up-to-date: /home/jonatan/ros2_ws/install/my_robot/share/my_robot/cmake/my_robotConfig-version.cmake
[1.626s] -- Installing: /home/jonatan/ros2_ws/install/my_robot/share/my_robot/package.xml
[1.627s] Invoked command in '/home/jonatan/ros2_ws/build/my_robot' returned '0': CMAKE_PREFIX_PATH=${CMAKE_PREFIX_PATH}:/home/jonatan/ros2_ws/install/turtlesim_interface:/home/jonatan/ros2_ws/install/pubsub_rospyqt:/home/jonatan/ros2_ws/install/first_pyqtros:/home/jonatan/ros2_ws/install/first_project:/opt/ros/jazzy PS1=\[\e]0;\u@\h: \w\a\]${debian_chroot:+($debian_chroot)}\[\033[01;32m\]\u@\h\[\033[00m\]:\[\033[01;34m\]\w\[\033[00m\]\$ /usr/bin/cmake --install /home/jonatan/ros2_ws/build/my_robot
