[1.659s] Invoking command in '/home/jonatan/ros2_ws/src/turtlesim_interface': PS1=\[\e]0;\u@\h: \w\a\]${debian_chroot:+($debian_chroot)}\[\033[01;32m\]\u@\h\[\033[00m\]:\[\033[01;34m\]\w\[\033[00m\]\$ PYTHONPATH=/home/jonatan/ros2_ws/build/turtlesim_interface/prefix_override:/usr/lib/python3/dist-packages/colcon_core/task/python/colcon_distutils_commands:/home/jonatan/ros2_ws/install/turtlesim_interface/lib/python3.12/site-packages:${PYTHONPATH} /usr/bin/python3 -W ignore:setup.py install is deprecated -W ignore:easy_install command is deprecated setup.py egg_info --egg-base ../../build/turtlesim_interface build --build-base /home/jonatan/ros2_ws/build/turtlesim_interface/build install --record /home/jonatan/ros2_ws/build/turtlesim_interface/install.log --single-version-externally-managed install_data
[2.171s] running egg_info
[2.197s] writing ../../build/turtlesim_interface/turtlesim_interface.egg-info/PKG-INFO
[2.197s] writing dependency_links to ../../build/turtlesim_interface/turtlesim_interface.egg-info/dependency_links.txt
[2.197s] writing entry points to ../../build/turtlesim_interface/turtlesim_interface.egg-info/entry_points.txt
[2.197s] writing requirements to ../../build/turtlesim_interface/turtlesim_interface.egg-info/requires.txt
[2.197s] writing top-level names to ../../build/turtlesim_interface/turtlesim_interface.egg-info/top_level.txt
[2.250s] reading manifest file '../../build/turtlesim_interface/turtlesim_interface.egg-info/SOURCES.txt'
[2.250s] adding license file 'LICENSE'
[2.251s] writing manifest file '../../build/turtlesim_interface/turtlesim_interface.egg-info/SOURCES.txt'
[2.251s] running build
[2.251s] running build_py
[2.251s] running install
[2.259s] running install_lib
[2.282s] running install_data
[2.282s] running install_egg_info
[2.306s] removing '/home/jonatan/ros2_ws/install/turtlesim_interface/lib/python3.12/site-packages/turtlesim_interface-0.0.0-py3.12.egg-info' (and everything under it)
[2.307s] Copying ../../build/turtlesim_interface/turtlesim_interface.egg-info to /home/jonatan/ros2_ws/install/turtlesim_interface/lib/python3.12/site-packages/turtlesim_interface-0.0.0-py3.12.egg-info
[2.308s] running install_scripts
[2.488s] Installing show_gui script to /home/jonatan/ros2_ws/install/turtlesim_interface/lib/turtlesim_interface
[2.488s] writing list of installed files to '/home/jonatan/ros2_ws/build/turtlesim_interface/install.log'
[2.524s] Invoked command in '/home/jonatan/ros2_ws/src/turtlesim_interface' returned '0': PS1=\[\e]0;\u@\h: \w\a\]${debian_chroot:+($debian_chroot)}\[\033[01;32m\]\u@\h\[\033[00m\]:\[\033[01;34m\]\w\[\033[00m\]\$ PYTHONPATH=/home/jonatan/ros2_ws/build/turtlesim_interface/prefix_override:/usr/lib/python3/dist-packages/colcon_core/task/python/colcon_distutils_commands:/home/jonatan/ros2_ws/install/turtlesim_interface/lib/python3.12/site-packages:${PYTHONPATH} /usr/bin/python3 -W ignore:setup.py install is deprecated -W ignore:easy_install command is deprecated setup.py egg_info --egg-base ../../build/turtlesim_interface build --build-base /home/jonatan/ros2_ws/build/turtlesim_interface/build install --record /home/jonatan/ros2_ws/build/turtlesim_interface/install.log --single-version-externally-managed install_data
