[0.133s] DEBUG:colcon:Command line arguments: ['/usr/bin/colcon', 'build']
[0.133s] DEBUG:colcon:Parsed command line arguments: Namespace(log_base=None, log_level=None, verb_name='build', build_base='build', install_base='install', merge_install=False, symlink_install=False, test_result_base=None, continue_on_error=False, executor='parallel', parallel_workers=4, event_handlers=None, ignore_user_meta=False, metas=['./colcon.meta'], base_paths=['.'], packages_ignore=None, packages_ignore_regex=None, paths=None, packages_up_to=None, packages_up_to_regex=None, packages_above=None, packages_above_and_dependencies=None, packages_above_depth=None, packages_select_by_dep=None, packages_skip_by_dep=None, packages_skip_up_to=None, packages_select_build_failed=False, packages_skip_build_finished=False, packages_select_test_failures=False, packages_skip_test_passed=False, packages_select=None, packages_skip=None, packages_select_regex=None, packages_skip_regex=None, packages_start=None, packages_end=None, allow_overriding=[], cmake_args=None, cmake_target=None, cmake_target_skip_unavailable=False, cmake_clean_cache=False, cmake_clean_first=False, cmake_force_configure=False, ament_cmake_args=None, catkin_cmake_args=None, catkin_skip_building_tests=False, mixin_files=None, mixin=None, verb_parser=<colcon_mixin.mixin.mixin_argument.MixinArgumentDecorator object at 0x72aa3d7848c0>, verb_extension=<colcon_core.verb.build.BuildVerb object at 0x72aa3d784590>, main=<bound method BuildVerb.main of <colcon_core.verb.build.BuildVerb object at 0x72aa3d784590>>, mixin_verb=('build',))
[0.179s] Level 1:colcon.colcon_core.package_discovery:discover_packages(colcon_meta) check parameters
[0.179s] Level 1:colcon.colcon_core.package_discovery:discover_packages(recursive) check parameters
[0.179s] Level 1:colcon.colcon_core.package_discovery:discover_packages(ignore) check parameters
[0.179s] Level 1:colcon.colcon_core.package_discovery:discover_packages(path) check parameters
[0.179s] Level 1:colcon.colcon_core.package_discovery:discover_packages(colcon_meta) discover
[0.179s] Level 1:colcon.colcon_core.package_discovery:discover_packages(recursive) discover
[0.179s] INFO:colcon.colcon_core.package_discovery:Crawling recursively for packages in '/home/jonatan/ros2_ws'
[0.179s] Level 1:colcon.colcon_core.package_identification:_identify(.) by extensions ['ignore', 'ignore_ament_install']
[0.179s] Level 1:colcon.colcon_core.package_identification:_identify(.) by extension 'ignore'
[0.179s] Level 1:colcon.colcon_core.package_identification:_identify(.) by extension 'ignore_ament_install'
[0.179s] Level 1:colcon.colcon_core.package_identification:_identify(.) by extensions ['colcon_pkg']
[0.179s] Level 1:colcon.colcon_core.package_identification:_identify(.) by extension 'colcon_pkg'
[0.179s] Level 1:colcon.colcon_core.package_identification:_identify(.) by extensions ['colcon_meta']
[0.179s] Level 1:colcon.colcon_core.package_identification:_identify(.) by extension 'colcon_meta'
[0.179s] Level 1:colcon.colcon_core.package_identification:_identify(.) by extensions ['ros']
[0.179s] Level 1:colcon.colcon_core.package_identification:_identify(.) by extension 'ros'
[0.214s] Level 1:colcon.colcon_core.package_identification:_identify(.) by extensions ['cmake', 'python']
[0.214s] Level 1:colcon.colcon_core.package_identification:_identify(.) by extension 'cmake'
[0.214s] Level 1:colcon.colcon_core.package_identification:_identify(.) by extension 'python'
[0.215s] Level 1:colcon.colcon_core.package_identification:_identify(.) by extensions ['python_setup_py']
[0.215s] Level 1:colcon.colcon_core.package_identification:_identify(.) by extension 'python_setup_py'
[0.215s] Level 1:colcon.colcon_core.package_identification:_identify(build) by extensions ['ignore', 'ignore_ament_install']
[0.215s] Level 1:colcon.colcon_core.package_identification:_identify(build) by extension 'ignore'
[0.215s] Level 1:colcon.colcon_core.package_identification:_identify(build) ignored
[0.215s] Level 1:colcon.colcon_core.package_identification:_identify(install) by extensions ['ignore', 'ignore_ament_install']
[0.216s] Level 1:colcon.colcon_core.package_identification:_identify(install) by extension 'ignore'
[0.216s] Level 1:colcon.colcon_core.package_identification:_identify(install) ignored
[0.216s] Level 1:colcon.colcon_core.package_identification:_identify(log) by extensions ['ignore', 'ignore_ament_install']
[0.216s] Level 1:colcon.colcon_core.package_identification:_identify(log) by extension 'ignore'
[0.216s] Level 1:colcon.colcon_core.package_identification:_identify(log) ignored
[0.216s] Level 1:colcon.colcon_core.package_identification:_identify(src) by extensions ['ignore', 'ignore_ament_install']
[0.216s] Level 1:colcon.colcon_core.package_identification:_identify(src) by extension 'ignore'
[0.217s] Level 1:colcon.colcon_core.package_identification:_identify(src) by extension 'ignore_ament_install'
[0.217s] Level 1:colcon.colcon_core.package_identification:_identify(src) by extensions ['colcon_pkg']
[0.217s] Level 1:colcon.colcon_core.package_identification:_identify(src) by extension 'colcon_pkg'
[0.217s] Level 1:colcon.colcon_core.package_identification:_identify(src) by extensions ['colcon_meta']
[0.217s] Level 1:colcon.colcon_core.package_identification:_identify(src) by extension 'colcon_meta'
[0.217s] Level 1:colcon.colcon_core.package_identification:_identify(src) by extensions ['ros']
[0.217s] Level 1:colcon.colcon_core.package_identification:_identify(src) by extension 'ros'
[0.217s] Level 1:colcon.colcon_core.package_identification:_identify(src) by extensions ['cmake', 'python']
[0.217s] Level 1:colcon.colcon_core.package_identification:_identify(src) by extension 'cmake'
[0.217s] Level 1:colcon.colcon_core.package_identification:_identify(src) by extension 'python'
[0.217s] Level 1:colcon.colcon_core.package_identification:_identify(src) by extensions ['python_setup_py']
[0.217s] Level 1:colcon.colcon_core.package_identification:_identify(src) by extension 'python_setup_py'
[0.217s] Level 1:colcon.colcon_core.package_identification:_identify(src/differential_drive_robot_with_lidar) by extensions ['ignore', 'ignore_ament_install']
[0.218s] Level 1:colcon.colcon_core.package_identification:_identify(src/differential_drive_robot_with_lidar) by extension 'ignore'
[0.218s] Level 1:colcon.colcon_core.package_identification:_identify(src/differential_drive_robot_with_lidar) by extension 'ignore_ament_install'
[0.218s] Level 1:colcon.colcon_core.package_identification:_identify(src/differential_drive_robot_with_lidar) by extensions ['colcon_pkg']
[0.218s] Level 1:colcon.colcon_core.package_identification:_identify(src/differential_drive_robot_with_lidar) by extension 'colcon_pkg'
[0.218s] Level 1:colcon.colcon_core.package_identification:_identify(src/differential_drive_robot_with_lidar) by extensions ['colcon_meta']
[0.218s] Level 1:colcon.colcon_core.package_identification:_identify(src/differential_drive_robot_with_lidar) by extension 'colcon_meta'
[0.218s] Level 1:colcon.colcon_core.package_identification:_identify(src/differential_drive_robot_with_lidar) by extensions ['ros']
[0.218s] Level 1:colcon.colcon_core.package_identification:_identify(src/differential_drive_robot_with_lidar) by extension 'ros'
[0.221s] DEBUG:colcon.colcon_core.package_identification:Package 'src/differential_drive_robot_with_lidar' with type 'ros.ament_python' and name 'obslidar_description'
[0.221s] Level 1:colcon.colcon_core.package_identification:_identify(src/first_project) by extensions ['ignore', 'ignore_ament_install']
[0.222s] Level 1:colcon.colcon_core.package_identification:_identify(src/first_project) by extension 'ignore'
[0.222s] Level 1:colcon.colcon_core.package_identification:_identify(src/first_project) by extension 'ignore_ament_install'
[0.222s] Level 1:colcon.colcon_core.package_identification:_identify(src/first_project) by extensions ['colcon_pkg']
[0.222s] Level 1:colcon.colcon_core.package_identification:_identify(src/first_project) by extension 'colcon_pkg'
[0.222s] Level 1:colcon.colcon_core.package_identification:_identify(src/first_project) by extensions ['colcon_meta']
[0.222s] Level 1:colcon.colcon_core.package_identification:_identify(src/first_project) by extension 'colcon_meta'
[0.222s] Level 1:colcon.colcon_core.package_identification:_identify(src/first_project) by extensions ['ros']
[0.222s] Level 1:colcon.colcon_core.package_identification:_identify(src/first_project) by extension 'ros'
[0.223s] DEBUG:colcon.colcon_core.package_identification:Package 'src/first_project' with type 'ros.ament_python' and name 'first_project'
[0.223s] Level 1:colcon.colcon_core.package_identification:_identify(src/first_pyqtros) by extensions ['ignore', 'ignore_ament_install']
[0.223s] Level 1:colcon.colcon_core.package_identification:_identify(src/first_pyqtros) by extension 'ignore'
[0.223s] Level 1:colcon.colcon_core.package_identification:_identify(src/first_pyqtros) by extension 'ignore_ament_install'
[0.223s] Level 1:colcon.colcon_core.package_identification:_identify(src/first_pyqtros) by extensions ['colcon_pkg']
[0.223s] Level 1:colcon.colcon_core.package_identification:_identify(src/first_pyqtros) by extension 'colcon_pkg'
[0.223s] Level 1:colcon.colcon_core.package_identification:_identify(src/first_pyqtros) by extensions ['colcon_meta']
[0.223s] Level 1:colcon.colcon_core.package_identification:_identify(src/first_pyqtros) by extension 'colcon_meta'
[0.223s] Level 1:colcon.colcon_core.package_identification:_identify(src/first_pyqtros) by extensions ['ros']
[0.223s] Level 1:colcon.colcon_core.package_identification:_identify(src/first_pyqtros) by extension 'ros'
[0.224s] DEBUG:colcon.colcon_core.package_identification:Package 'src/first_pyqtros' with type 'ros.ament_python' and name 'first_pyqtros'
[0.224s] Level 1:colcon.colcon_core.package_identification:_identify(src/my_robot) by extensions ['ignore', 'ignore_ament_install']
[0.224s] Level 1:colcon.colcon_core.package_identification:_identify(src/my_robot) by extension 'ignore'
[0.224s] Level 1:colcon.colcon_core.package_identification:_identify(src/my_robot) by extension 'ignore_ament_install'
[0.224s] Level 1:colcon.colcon_core.package_identification:_identify(src/my_robot) by extensions ['colcon_pkg']
[0.224s] Level 1:colcon.colcon_core.package_identification:_identify(src/my_robot) by extension 'colcon_pkg'
[0.224s] Level 1:colcon.colcon_core.package_identification:_identify(src/my_robot) by extensions ['colcon_meta']
[0.224s] Level 1:colcon.colcon_core.package_identification:_identify(src/my_robot) by extension 'colcon_meta'
[0.224s] Level 1:colcon.colcon_core.package_identification:_identify(src/my_robot) by extensions ['ros']
[0.224s] Level 1:colcon.colcon_core.package_identification:_identify(src/my_robot) by extension 'ros'
[0.225s] DEBUG:colcon.colcon_core.package_identification:Package 'src/my_robot' with type 'ros.ament_cmake' and name 'my_robot'
[0.225s] Level 1:colcon.colcon_core.package_identification:_identify(src/pubsub_rospyqt) by extensions ['ignore', 'ignore_ament_install']
[0.225s] Level 1:colcon.colcon_core.package_identification:_identify(src/pubsub_rospyqt) by extension 'ignore'
[0.225s] Level 1:colcon.colcon_core.package_identification:_identify(src/pubsub_rospyqt) by extension 'ignore_ament_install'
[0.225s] Level 1:colcon.colcon_core.package_identification:_identify(src/pubsub_rospyqt) by extensions ['colcon_pkg']
[0.225s] Level 1:colcon.colcon_core.package_identification:_identify(src/pubsub_rospyqt) by extension 'colcon_pkg'
[0.226s] Level 1:colcon.colcon_core.package_identification:_identify(src/pubsub_rospyqt) by extensions ['colcon_meta']
[0.226s] Level 1:colcon.colcon_core.package_identification:_identify(src/pubsub_rospyqt) by extension 'colcon_meta'
[0.226s] Level 1:colcon.colcon_core.package_identification:_identify(src/pubsub_rospyqt) by extensions ['ros']
[0.226s] Level 1:colcon.colcon_core.package_identification:_identify(src/pubsub_rospyqt) by extension 'ros'
[0.226s] DEBUG:colcon.colcon_core.package_identification:Package 'src/pubsub_rospyqt' with type 'ros.ament_python' and name 'pubsub_rospyqt'
[0.226s] Level 1:colcon.colcon_core.package_identification:_identify(src/robot_project) by extensions ['ignore', 'ignore_ament_install']
[0.226s] Level 1:colcon.colcon_core.package_identification:_identify(src/robot_project) by extension 'ignore'
[0.226s] Level 1:colcon.colcon_core.package_identification:_identify(src/robot_project) by extension 'ignore_ament_install'
[0.227s] Level 1:colcon.colcon_core.package_identification:_identify(src/robot_project) by extensions ['colcon_pkg']
[0.227s] Level 1:colcon.colcon_core.package_identification:_identify(src/robot_project) by extension 'colcon_pkg'
[0.227s] Level 1:colcon.colcon_core.package_identification:_identify(src/robot_project) by extensions ['colcon_meta']
[0.227s] Level 1:colcon.colcon_core.package_identification:_identify(src/robot_project) by extension 'colcon_meta'
[0.227s] Level 1:colcon.colcon_core.package_identification:_identify(src/robot_project) by extensions ['ros']
[0.227s] Level 1:colcon.colcon_core.package_identification:_identify(src/robot_project) by extension 'ros'
[0.227s] DEBUG:colcon.colcon_core.package_identification:Package 'src/robot_project' with type 'ros.ament_cmake' and name 'robot_project'
[0.227s] Level 1:colcon.colcon_core.package_identification:_identify(src/turtlesim_interface) by extensions ['ignore', 'ignore_ament_install']
[0.228s] Level 1:colcon.colcon_core.package_identification:_identify(src/turtlesim_interface) by extension 'ignore'
[0.228s] Level 1:colcon.colcon_core.package_identification:_identify(src/turtlesim_interface) by extension 'ignore_ament_install'
[0.228s] Level 1:colcon.colcon_core.package_identification:_identify(src/turtlesim_interface) by extensions ['colcon_pkg']
[0.228s] Level 1:colcon.colcon_core.package_identification:_identify(src/turtlesim_interface) by extension 'colcon_pkg'
[0.228s] Level 1:colcon.colcon_core.package_identification:_identify(src/turtlesim_interface) by extensions ['colcon_meta']
[0.228s] Level 1:colcon.colcon_core.package_identification:_identify(src/turtlesim_interface) by extension 'colcon_meta'
[0.228s] Level 1:colcon.colcon_core.package_identification:_identify(src/turtlesim_interface) by extensions ['ros']
[0.228s] Level 1:colcon.colcon_core.package_identification:_identify(src/turtlesim_interface) by extension 'ros'
[0.229s] DEBUG:colcon.colcon_core.package_identification:Package 'src/turtlesim_interface' with type 'ros.ament_python' and name 'turtlesim_interface'
[0.229s] Level 1:colcon.colcon_core.package_discovery:discover_packages(recursive) using defaults
[0.229s] Level 1:colcon.colcon_core.package_discovery:discover_packages(ignore) discover
[0.229s] Level 1:colcon.colcon_core.package_discovery:discover_packages(ignore) using defaults
[0.229s] Level 1:colcon.colcon_core.package_discovery:discover_packages(path) discover
[0.229s] Level 1:colcon.colcon_core.package_discovery:discover_packages(path) using defaults
[0.251s] Level 1:colcon.colcon_core.package_discovery:discover_packages(prefix_path) check parameters
[0.251s] Level 1:colcon.colcon_core.package_discovery:discover_packages(prefix_path) discover
[0.255s] DEBUG:colcon.colcon_installed_package_information.package_discovery:Found 368 installed packages in /opt/ros/jazzy
[0.256s] Level 1:colcon.colcon_core.package_discovery:discover_packages(prefix_path) using defaults
[0.318s] Level 5:colcon.colcon_core.verb:set package 'first_project' build argument 'cmake_args' from command line to 'None'
[0.318s] Level 5:colcon.colcon_core.verb:set package 'first_project' build argument 'cmake_target' from command line to 'None'
[0.318s] Level 5:colcon.colcon_core.verb:set package 'first_project' build argument 'cmake_target_skip_unavailable' from command line to 'False'
[0.319s] Level 5:colcon.colcon_core.verb:set package 'first_project' build argument 'cmake_clean_cache' from command line to 'False'
[0.319s] Level 5:colcon.colcon_core.verb:set package 'first_project' build argument 'cmake_clean_first' from command line to 'False'
[0.319s] Level 5:colcon.colcon_core.verb:set package 'first_project' build argument 'cmake_force_configure' from command line to 'False'
[0.319s] Level 5:colcon.colcon_core.verb:set package 'first_project' build argument 'ament_cmake_args' from command line to 'None'
[0.319s] Level 5:colcon.colcon_core.verb:set package 'first_project' build argument 'catkin_cmake_args' from command line to 'None'
[0.319s] Level 5:colcon.colcon_core.verb:set package 'first_project' build argument 'catkin_skip_building_tests' from command line to 'False'
[0.319s] DEBUG:colcon.colcon_core.verb:Building package 'first_project' with the following arguments: {'ament_cmake_args': None, 'build_base': '/home/jonatan/ros2_ws/build/first_project', 'catkin_cmake_args': None, 'catkin_skip_building_tests': False, 'cmake_args': None, 'cmake_clean_cache': False, 'cmake_clean_first': False, 'cmake_force_configure': False, 'cmake_target': None, 'cmake_target_skip_unavailable': False, 'install_base': '/home/jonatan/ros2_ws/install/first_project', 'merge_install': False, 'path': '/home/jonatan/ros2_ws/src/first_project', 'symlink_install': False, 'test_result_base': None}
[0.319s] Level 5:colcon.colcon_core.verb:set package 'first_pyqtros' build argument 'cmake_args' from command line to 'None'
[0.319s] Level 5:colcon.colcon_core.verb:set package 'first_pyqtros' build argument 'cmake_target' from command line to 'None'
[0.319s] Level 5:colcon.colcon_core.verb:set package 'first_pyqtros' build argument 'cmake_target_skip_unavailable' from command line to 'False'
[0.319s] Level 5:colcon.colcon_core.verb:set package 'first_pyqtros' build argument 'cmake_clean_cache' from command line to 'False'
[0.319s] Level 5:colcon.colcon_core.verb:set package 'first_pyqtros' build argument 'cmake_clean_first' from command line to 'False'
[0.319s] Level 5:colcon.colcon_core.verb:set package 'first_pyqtros' build argument 'cmake_force_configure' from command line to 'False'
[0.319s] Level 5:colcon.colcon_core.verb:set package 'first_pyqtros' build argument 'ament_cmake_args' from command line to 'None'
[0.319s] Level 5:colcon.colcon_core.verb:set package 'first_pyqtros' build argument 'catkin_cmake_args' from command line to 'None'
[0.319s] Level 5:colcon.colcon_core.verb:set package 'first_pyqtros' build argument 'catkin_skip_building_tests' from command line to 'False'
[0.319s] DEBUG:colcon.colcon_core.verb:Building package 'first_pyqtros' with the following arguments: {'ament_cmake_args': None, 'build_base': '/home/jonatan/ros2_ws/build/first_pyqtros', 'catkin_cmake_args': None, 'catkin_skip_building_tests': False, 'cmake_args': None, 'cmake_clean_cache': False, 'cmake_clean_first': False, 'cmake_force_configure': False, 'cmake_target': None, 'cmake_target_skip_unavailable': False, 'install_base': '/home/jonatan/ros2_ws/install/first_pyqtros', 'merge_install': False, 'path': '/home/jonatan/ros2_ws/src/first_pyqtros', 'symlink_install': False, 'test_result_base': None}
[0.319s] Level 5:colcon.colcon_core.verb:set package 'my_robot' build argument 'cmake_args' from command line to 'None'
[0.320s] Level 5:colcon.colcon_core.verb:set package 'my_robot' build argument 'cmake_target' from command line to 'None'
[0.320s] Level 5:colcon.colcon_core.verb:set package 'my_robot' build argument 'cmake_target_skip_unavailable' from command line to 'False'
[0.320s] Level 5:colcon.colcon_core.verb:set package 'my_robot' build argument 'cmake_clean_cache' from command line to 'False'
[0.320s] Level 5:colcon.colcon_core.verb:set package 'my_robot' build argument 'cmake_clean_first' from command line to 'False'
[0.320s] Level 5:colcon.colcon_core.verb:set package 'my_robot' build argument 'cmake_force_configure' from command line to 'False'
[0.320s] Level 5:colcon.colcon_core.verb:set package 'my_robot' build argument 'ament_cmake_args' from command line to 'None'
[0.320s] Level 5:colcon.colcon_core.verb:set package 'my_robot' build argument 'catkin_cmake_args' from command line to 'None'
[0.320s] Level 5:colcon.colcon_core.verb:set package 'my_robot' build argument 'catkin_skip_building_tests' from command line to 'False'
[0.320s] DEBUG:colcon.colcon_core.verb:Building package 'my_robot' with the following arguments: {'ament_cmake_args': None, 'build_base': '/home/jonatan/ros2_ws/build/my_robot', 'catkin_cmake_args': None, 'catkin_skip_building_tests': False, 'cmake_args': None, 'cmake_clean_cache': False, 'cmake_clean_first': False, 'cmake_force_configure': False, 'cmake_target': None, 'cmake_target_skip_unavailable': False, 'install_base': '/home/jonatan/ros2_ws/install/my_robot', 'merge_install': False, 'path': '/home/jonatan/ros2_ws/src/my_robot', 'symlink_install': False, 'test_result_base': None}
[0.320s] Level 5:colcon.colcon_core.verb:set package 'obslidar_description' build argument 'cmake_args' from command line to 'None'
[0.320s] Level 5:colcon.colcon_core.verb:set package 'obslidar_description' build argument 'cmake_target' from command line to 'None'
[0.320s] Level 5:colcon.colcon_core.verb:set package 'obslidar_description' build argument 'cmake_target_skip_unavailable' from command line to 'False'
[0.320s] Level 5:colcon.colcon_core.verb:set package 'obslidar_description' build argument 'cmake_clean_cache' from command line to 'False'
[0.320s] Level 5:colcon.colcon_core.verb:set package 'obslidar_description' build argument 'cmake_clean_first' from command line to 'False'
[0.320s] Level 5:colcon.colcon_core.verb:set package 'obslidar_description' build argument 'cmake_force_configure' from command line to 'False'
[0.320s] Level 5:colcon.colcon_core.verb:set package 'obslidar_description' build argument 'ament_cmake_args' from command line to 'None'
[0.320s] Level 5:colcon.colcon_core.verb:set package 'obslidar_description' build argument 'catkin_cmake_args' from command line to 'None'
[0.320s] Level 5:colcon.colcon_core.verb:set package 'obslidar_description' build argument 'catkin_skip_building_tests' from command line to 'False'
[0.320s] DEBUG:colcon.colcon_core.verb:Building package 'obslidar_description' with the following arguments: {'ament_cmake_args': None, 'build_base': '/home/jonatan/ros2_ws/build/obslidar_description', 'catkin_cmake_args': None, 'catkin_skip_building_tests': False, 'cmake_args': None, 'cmake_clean_cache': False, 'cmake_clean_first': False, 'cmake_force_configure': False, 'cmake_target': None, 'cmake_target_skip_unavailable': False, 'install_base': '/home/jonatan/ros2_ws/install/obslidar_description', 'merge_install': False, 'path': '/home/jonatan/ros2_ws/src/differential_drive_robot_with_lidar', 'symlink_install': False, 'test_result_base': None}
[0.320s] Level 5:colcon.colcon_core.verb:set package 'pubsub_rospyqt' build argument 'cmake_args' from command line to 'None'
[0.320s] Level 5:colcon.colcon_core.verb:set package 'pubsub_rospyqt' build argument 'cmake_target' from command line to 'None'
[0.321s] Level 5:colcon.colcon_core.verb:set package 'pubsub_rospyqt' build argument 'cmake_target_skip_unavailable' from command line to 'False'
[0.321s] Level 5:colcon.colcon_core.verb:set package 'pubsub_rospyqt' build argument 'cmake_clean_cache' from command line to 'False'
[0.321s] Level 5:colcon.colcon_core.verb:set package 'pubsub_rospyqt' build argument 'cmake_clean_first' from command line to 'False'
[0.321s] Level 5:colcon.colcon_core.verb:set package 'pubsub_rospyqt' build argument 'cmake_force_configure' from command line to 'False'
[0.321s] Level 5:colcon.colcon_core.verb:set package 'pubsub_rospyqt' build argument 'ament_cmake_args' from command line to 'None'
[0.321s] Level 5:colcon.colcon_core.verb:set package 'pubsub_rospyqt' build argument 'catkin_cmake_args' from command line to 'None'
[0.321s] Level 5:colcon.colcon_core.verb:set package 'pubsub_rospyqt' build argument 'catkin_skip_building_tests' from command line to 'False'
[0.321s] DEBUG:colcon.colcon_core.verb:Building package 'pubsub_rospyqt' with the following arguments: {'ament_cmake_args': None, 'build_base': '/home/jonatan/ros2_ws/build/pubsub_rospyqt', 'catkin_cmake_args': None, 'catkin_skip_building_tests': False, 'cmake_args': None, 'cmake_clean_cache': False, 'cmake_clean_first': False, 'cmake_force_configure': False, 'cmake_target': None, 'cmake_target_skip_unavailable': False, 'install_base': '/home/jonatan/ros2_ws/install/pubsub_rospyqt', 'merge_install': False, 'path': '/home/jonatan/ros2_ws/src/pubsub_rospyqt', 'symlink_install': False, 'test_result_base': None}
[0.321s] Level 5:colcon.colcon_core.verb:set package 'robot_project' build argument 'cmake_args' from command line to 'None'
[0.321s] Level 5:colcon.colcon_core.verb:set package 'robot_project' build argument 'cmake_target' from command line to 'None'
[0.321s] Level 5:colcon.colcon_core.verb:set package 'robot_project' build argument 'cmake_target_skip_unavailable' from command line to 'False'
[0.321s] Level 5:colcon.colcon_core.verb:set package 'robot_project' build argument 'cmake_clean_cache' from command line to 'False'
[0.321s] Level 5:colcon.colcon_core.verb:set package 'robot_project' build argument 'cmake_clean_first' from command line to 'False'
[0.321s] Level 5:colcon.colcon_core.verb:set package 'robot_project' build argument 'cmake_force_configure' from command line to 'False'
[0.321s] Level 5:colcon.colcon_core.verb:set package 'robot_project' build argument 'ament_cmake_args' from command line to 'None'
[0.321s] Level 5:colcon.colcon_core.verb:set package 'robot_project' build argument 'catkin_cmake_args' from command line to 'None'
[0.321s] Level 5:colcon.colcon_core.verb:set package 'robot_project' build argument 'catkin_skip_building_tests' from command line to 'False'
[0.321s] DEBUG:colcon.colcon_core.verb:Building package 'robot_project' with the following arguments: {'ament_cmake_args': None, 'build_base': '/home/jonatan/ros2_ws/build/robot_project', 'catkin_cmake_args': None, 'catkin_skip_building_tests': False, 'cmake_args': None, 'cmake_clean_cache': False, 'cmake_clean_first': False, 'cmake_force_configure': False, 'cmake_target': None, 'cmake_target_skip_unavailable': False, 'install_base': '/home/jonatan/ros2_ws/install/robot_project', 'merge_install': False, 'path': '/home/jonatan/ros2_ws/src/robot_project', 'symlink_install': False, 'test_result_base': None}
[0.322s] Level 5:colcon.colcon_core.verb:set package 'turtlesim_interface' build argument 'cmake_args' from command line to 'None'
[0.322s] Level 5:colcon.colcon_core.verb:set package 'turtlesim_interface' build argument 'cmake_target' from command line to 'None'
[0.322s] Level 5:colcon.colcon_core.verb:set package 'turtlesim_interface' build argument 'cmake_target_skip_unavailable' from command line to 'False'
[0.322s] Level 5:colcon.colcon_core.verb:set package 'turtlesim_interface' build argument 'cmake_clean_cache' from command line to 'False'
[0.322s] Level 5:colcon.colcon_core.verb:set package 'turtlesim_interface' build argument 'cmake_clean_first' from command line to 'False'
[0.322s] Level 5:colcon.colcon_core.verb:set package 'turtlesim_interface' build argument 'cmake_force_configure' from command line to 'False'
[0.322s] Level 5:colcon.colcon_core.verb:set package 'turtlesim_interface' build argument 'ament_cmake_args' from command line to 'None'
[0.322s] Level 5:colcon.colcon_core.verb:set package 'turtlesim_interface' build argument 'catkin_cmake_args' from command line to 'None'
[0.322s] Level 5:colcon.colcon_core.verb:set package 'turtlesim_interface' build argument 'catkin_skip_building_tests' from command line to 'False'
[0.322s] DEBUG:colcon.colcon_core.verb:Building package 'turtlesim_interface' with the following arguments: {'ament_cmake_args': None, 'build_base': '/home/jonatan/ros2_ws/build/turtlesim_interface', 'catkin_cmake_args': None, 'catkin_skip_building_tests': False, 'cmake_args': None, 'cmake_clean_cache': False, 'cmake_clean_first': False, 'cmake_force_configure': False, 'cmake_target': None, 'cmake_target_skip_unavailable': False, 'install_base': '/home/jonatan/ros2_ws/install/turtlesim_interface', 'merge_install': False, 'path': '/home/jonatan/ros2_ws/src/turtlesim_interface', 'symlink_install': False, 'test_result_base': None}
[0.322s] INFO:colcon.colcon_core.executor:Executing jobs using 'parallel' executor
[0.323s] DEBUG:colcon.colcon_parallel_executor.executor.parallel:run_until_complete
[0.324s] INFO:colcon.colcon_ros.task.ament_python.build:Building ROS package in '/home/jonatan/ros2_ws/src/first_project' with build type 'ament_python'
[0.324s] Level 1:colcon.colcon_core.shell:create_environment_hook('first_project', 'ament_prefix_path')
[0.327s] INFO:colcon.colcon_core.plugin_system:Skipping extension 'colcon_core.shell.bat': Not used on non-Windows systems
[0.327s] INFO:colcon.colcon_core.shell:Creating environment hook '/home/jonatan/ros2_ws/install/first_project/share/first_project/hook/ament_prefix_path.ps1'
[0.329s] INFO:colcon.colcon_core.shell:Creating environment descriptor '/home/jonatan/ros2_ws/install/first_project/share/first_project/hook/ament_prefix_path.dsv'
[0.329s] INFO:colcon.colcon_core.shell:Creating environment hook '/home/jonatan/ros2_ws/install/first_project/share/first_project/hook/ament_prefix_path.sh'
[0.330s] INFO:colcon.colcon_core.shell:Skip shell extension 'powershell' for command environment: Not usable outside of PowerShell
[0.330s] DEBUG:colcon.colcon_core.shell:Skip shell extension 'dsv' for command environment
[0.336s] INFO:colcon.colcon_ros.task.ament_python.build:Building ROS package in '/home/jonatan/ros2_ws/src/first_pyqtros' with build type 'ament_python'
[0.336s] Level 1:colcon.colcon_core.shell:create_environment_hook('first_pyqtros', 'ament_prefix_path')
[0.337s] INFO:colcon.colcon_core.shell:Creating environment hook '/home/jonatan/ros2_ws/install/first_pyqtros/share/first_pyqtros/hook/ament_prefix_path.ps1'
[0.338s] INFO:colcon.colcon_core.shell:Creating environment descriptor '/home/jonatan/ros2_ws/install/first_pyqtros/share/first_pyqtros/hook/ament_prefix_path.dsv'
[0.338s] INFO:colcon.colcon_core.shell:Creating environment hook '/home/jonatan/ros2_ws/install/first_pyqtros/share/first_pyqtros/hook/ament_prefix_path.sh'
[0.339s] INFO:colcon.colcon_core.shell:Skip shell extension 'powershell' for command environment: Not usable outside of PowerShell
[0.339s] DEBUG:colcon.colcon_core.shell:Skip shell extension 'dsv' for command environment
[0.344s] INFO:colcon.colcon_ros.task.ament_cmake.build:Building ROS package in '/home/jonatan/ros2_ws/src/my_robot' with build type 'ament_cmake'
[0.344s] INFO:colcon.colcon_cmake.task.cmake.build:Building CMake package in '/home/jonatan/ros2_ws/src/my_robot'
[0.345s] INFO:colcon.colcon_core.shell:Skip shell extension 'powershell' for command environment: Not usable outside of PowerShell
[0.345s] DEBUG:colcon.colcon_core.shell:Skip shell extension 'dsv' for command environment
[0.351s] INFO:colcon.colcon_ros.task.ament_python.build:Building ROS package in '/home/jonatan/ros2_ws/src/differential_drive_robot_with_lidar' with build type 'ament_python'
[0.351s] Level 1:colcon.colcon_core.shell:create_environment_hook('obslidar_description', 'ament_prefix_path')
[0.351s] INFO:colcon.colcon_core.shell:Creating environment hook '/home/jonatan/ros2_ws/install/obslidar_description/share/obslidar_description/hook/ament_prefix_path.ps1'
[0.352s] INFO:colcon.colcon_core.shell:Creating environment descriptor '/home/jonatan/ros2_ws/install/obslidar_description/share/obslidar_description/hook/ament_prefix_path.dsv'
[0.352s] INFO:colcon.colcon_core.shell:Creating environment hook '/home/jonatan/ros2_ws/install/obslidar_description/share/obslidar_description/hook/ament_prefix_path.sh'
[0.353s] INFO:colcon.colcon_core.shell:Skip shell extension 'powershell' for command environment: Not usable outside of PowerShell
[0.353s] DEBUG:colcon.colcon_core.shell:Skip shell extension 'dsv' for command environment
[0.662s] INFO:colcon.colcon_core.task.python.build:Building Python package in '/home/jonatan/ros2_ws/src/first_project'
[0.662s] INFO:colcon.colcon_core.shell:Skip shell extension 'powershell' for command environment: Not usable outside of PowerShell
[0.662s] DEBUG:colcon.colcon_core.shell:Skip shell extension 'dsv' for command environment
[0.945s] INFO:colcon.colcon_core.task.python.build:Building Python package in '/home/jonatan/ros2_ws/src/first_pyqtros'
[0.945s] INFO:colcon.colcon_core.shell:Skip shell extension 'powershell' for command environment: Not usable outside of PowerShell
[0.945s] DEBUG:colcon.colcon_core.shell:Skip shell extension 'dsv' for command environment
[0.953s] DEBUG:colcon.colcon_core.event_handler.log_command:Invoking command in '/home/jonatan/ros2_ws/build/my_robot': CMAKE_PREFIX_PATH=${CMAKE_PREFIX_PATH}:/opt/ros/jazzy PS1=\[\e]0;\u@\h: \w\a\]${debian_chroot:+($debian_chroot)}\[\033[01;32m\]\u@\h\[\033[00m\]:\[\033[01;34m\]\w\[\033[00m\]\$ /usr/bin/cmake --build /home/jonatan/ros2_ws/build/my_robot -- -j4 -l4
[1.253s] INFO:colcon.colcon_core.task.python.build:Building Python package in '/home/jonatan/ros2_ws/src/differential_drive_robot_with_lidar'
[1.253s] INFO:colcon.colcon_core.shell:Skip shell extension 'powershell' for command environment: Not usable outside of PowerShell
[1.253s] DEBUG:colcon.colcon_core.shell:Skip shell extension 'dsv' for command environment
[1.264s] DEBUG:colcon.colcon_core.event_handler.log_command:Invoked command in '/home/jonatan/ros2_ws/build/my_robot' returned '0': CMAKE_PREFIX_PATH=${CMAKE_PREFIX_PATH}:/opt/ros/jazzy PS1=\[\e]0;\u@\h: \w\a\]${debian_chroot:+($debian_chroot)}\[\033[01;32m\]\u@\h\[\033[00m\]:\[\033[01;34m\]\w\[\033[00m\]\$ /usr/bin/cmake --build /home/jonatan/ros2_ws/build/my_robot -- -j4 -l4
[1.284s] DEBUG:colcon.colcon_core.event_handler.log_command:Invoking command in '/home/jonatan/ros2_ws/build/my_robot': CMAKE_PREFIX_PATH=${CMAKE_PREFIX_PATH}:/opt/ros/jazzy PS1=\[\e]0;\u@\h: \w\a\]${debian_chroot:+($debian_chroot)}\[\033[01;32m\]\u@\h\[\033[00m\]:\[\033[01;34m\]\w\[\033[00m\]\$ /usr/bin/cmake --install /home/jonatan/ros2_ws/build/my_robot
[1.310s] Level 1:colcon.colcon_core.environment:create_environment_scripts_only(my_robot)
[1.318s] Level 1:colcon.colcon_core.environment:checking '/home/jonatan/ros2_ws/install/my_robot' for CMake module files
[1.321s] DEBUG:colcon.colcon_core.event_handler.log_command:Invoked command in '/home/jonatan/ros2_ws/build/my_robot' returned '0': CMAKE_PREFIX_PATH=${CMAKE_PREFIX_PATH}:/opt/ros/jazzy PS1=\[\e]0;\u@\h: \w\a\]${debian_chroot:+($debian_chroot)}\[\033[01;32m\]\u@\h\[\033[00m\]:\[\033[01;34m\]\w\[\033[00m\]\$ /usr/bin/cmake --install /home/jonatan/ros2_ws/build/my_robot
[1.322s] Level 1:colcon.colcon_core.environment:checking '/home/jonatan/ros2_ws/install/my_robot' for CMake config files
[1.322s] Level 1:colcon.colcon_core.shell:create_environment_hook('my_robot', 'cmake_prefix_path')
[1.323s] INFO:colcon.colcon_core.shell:Creating environment hook '/home/jonatan/ros2_ws/install/my_robot/share/my_robot/hook/cmake_prefix_path.ps1'
[1.324s] INFO:colcon.colcon_core.shell:Creating environment descriptor '/home/jonatan/ros2_ws/install/my_robot/share/my_robot/hook/cmake_prefix_path.dsv'
[1.324s] INFO:colcon.colcon_core.shell:Creating environment hook '/home/jonatan/ros2_ws/install/my_robot/share/my_robot/hook/cmake_prefix_path.sh'
[1.325s] Level 1:colcon.colcon_core.environment:checking '/home/jonatan/ros2_ws/install/my_robot/bin'
[1.326s] Level 1:colcon.colcon_core.environment:checking '/home/jonatan/ros2_ws/install/my_robot/lib/pkgconfig/my_robot.pc'
[1.326s] Level 1:colcon.colcon_core.environment:checking '/home/jonatan/ros2_ws/install/my_robot/lib/python3.12/site-packages'
[1.327s] Level 1:colcon.colcon_core.environment:checking '/home/jonatan/ros2_ws/install/my_robot/bin'
[1.327s] INFO:colcon.colcon_core.shell:Creating package script '/home/jonatan/ros2_ws/install/my_robot/share/my_robot/package.ps1'
[1.328s] INFO:colcon.colcon_core.shell:Creating package descriptor '/home/jonatan/ros2_ws/install/my_robot/share/my_robot/package.dsv'
[1.332s] INFO:colcon.colcon_core.shell:Creating package script '/home/jonatan/ros2_ws/install/my_robot/share/my_robot/package.sh'
[1.333s] INFO:colcon.colcon_core.shell:Creating package script '/home/jonatan/ros2_ws/install/my_robot/share/my_robot/package.bash'
[1.335s] INFO:colcon.colcon_core.shell:Creating package script '/home/jonatan/ros2_ws/install/my_robot/share/my_robot/package.zsh'
[1.336s] Level 1:colcon.colcon_core.environment:create_file_with_runtime_dependencies(/home/jonatan/ros2_ws/install/my_robot/share/colcon-core/packages/my_robot)
[1.340s] Level 1:colcon.colcon_core.environment:create_environment_scripts_only(my_robot)
[1.341s] Level 1:colcon.colcon_core.environment:checking '/home/jonatan/ros2_ws/install/my_robot' for CMake module files
[1.342s] Level 1:colcon.colcon_core.environment:checking '/home/jonatan/ros2_ws/install/my_robot' for CMake config files
[1.343s] Level 1:colcon.colcon_core.shell:create_environment_hook('my_robot', 'cmake_prefix_path')
[1.343s] INFO:colcon.colcon_core.shell:Creating environment hook '/home/jonatan/ros2_ws/install/my_robot/share/my_robot/hook/cmake_prefix_path.ps1'
[1.344s] INFO:colcon.colcon_core.shell:Creating environment descriptor '/home/jonatan/ros2_ws/install/my_robot/share/my_robot/hook/cmake_prefix_path.dsv'
[1.345s] INFO:colcon.colcon_core.shell:Creating environment hook '/home/jonatan/ros2_ws/install/my_robot/share/my_robot/hook/cmake_prefix_path.sh'
[1.346s] Level 1:colcon.colcon_core.environment:checking '/home/jonatan/ros2_ws/install/my_robot/bin'
[1.346s] Level 1:colcon.colcon_core.environment:checking '/home/jonatan/ros2_ws/install/my_robot/lib/pkgconfig/my_robot.pc'
[1.347s] Level 1:colcon.colcon_core.environment:checking '/home/jonatan/ros2_ws/install/my_robot/lib/python3.12/site-packages'
[1.347s] Level 1:colcon.colcon_core.environment:checking '/home/jonatan/ros2_ws/install/my_robot/bin'
[1.348s] INFO:colcon.colcon_core.shell:Creating package script '/home/jonatan/ros2_ws/install/my_robot/share/my_robot/package.ps1'
[1.349s] INFO:colcon.colcon_core.shell:Creating package descriptor '/home/jonatan/ros2_ws/install/my_robot/share/my_robot/package.dsv'
[1.350s] INFO:colcon.colcon_core.shell:Creating package script '/home/jonatan/ros2_ws/install/my_robot/share/my_robot/package.sh'
[1.350s] INFO:colcon.colcon_core.shell:Creating package script '/home/jonatan/ros2_ws/install/my_robot/share/my_robot/package.bash'
[1.351s] INFO:colcon.colcon_core.shell:Creating package script '/home/jonatan/ros2_ws/install/my_robot/share/my_robot/package.zsh'
[1.352s] Level 1:colcon.colcon_core.environment:create_file_with_runtime_dependencies(/home/jonatan/ros2_ws/install/my_robot/share/colcon-core/packages/my_robot)
[1.356s] INFO:colcon.colcon_ros.task.ament_python.build:Building ROS package in '/home/jonatan/ros2_ws/src/pubsub_rospyqt' with build type 'ament_python'
[1.356s] Level 1:colcon.colcon_core.shell:create_environment_hook('pubsub_rospyqt', 'ament_prefix_path')
[1.357s] INFO:colcon.colcon_core.shell:Creating environment hook '/home/jonatan/ros2_ws/install/pubsub_rospyqt/share/pubsub_rospyqt/hook/ament_prefix_path.ps1'
[1.357s] INFO:colcon.colcon_core.shell:Creating environment descriptor '/home/jonatan/ros2_ws/install/pubsub_rospyqt/share/pubsub_rospyqt/hook/ament_prefix_path.dsv'
[1.358s] INFO:colcon.colcon_core.shell:Creating environment hook '/home/jonatan/ros2_ws/install/pubsub_rospyqt/share/pubsub_rospyqt/hook/ament_prefix_path.sh'
[1.360s] INFO:colcon.colcon_core.shell:Skip shell extension 'powershell' for command environment: Not usable outside of PowerShell
[1.360s] DEBUG:colcon.colcon_core.shell:Skip shell extension 'dsv' for command environment
[1.889s] INFO:colcon.colcon_core.task.python.build:Building Python package in '/home/jonatan/ros2_ws/src/pubsub_rospyqt'
[1.889s] INFO:colcon.colcon_core.shell:Skip shell extension 'powershell' for command environment: Not usable outside of PowerShell
[1.889s] DEBUG:colcon.colcon_core.shell:Skip shell extension 'dsv' for command environment
[2.692s] DEBUG:colcon.colcon_core.event_handler.log_command:Invoking command in '/home/jonatan/ros2_ws/src/first_project': PS1=\[\e]0;\u@\h: \w\a\]${debian_chroot:+($debian_chroot)}\[\033[01;32m\]\u@\h\[\033[00m\]:\[\033[01;34m\]\w\[\033[00m\]\$ PYTHONPATH=/home/jonatan/ros2_ws/build/first_project/prefix_override:/usr/lib/python3/dist-packages/colcon_core/task/python/colcon_distutils_commands:/home/jonatan/ros2_ws/install/first_project/lib/python3.12/site-packages:${PYTHONPATH} /usr/bin/python3 -W ignore:setup.py install is deprecated -W ignore:easy_install command is deprecated setup.py egg_info --egg-base ../../build/first_project build --build-base /home/jonatan/ros2_ws/build/first_project/build install --record /home/jonatan/ros2_ws/build/first_project/install.log --single-version-externally-managed install_data
[2.768s] DEBUG:colcon.colcon_core.event_handler.log_command:Invoking command in '/home/jonatan/ros2_ws/src/differential_drive_robot_with_lidar': PS1=\[\e]0;\u@\h: \w\a\]${debian_chroot:+($debian_chroot)}\[\033[01;32m\]\u@\h\[\033[00m\]:\[\033[01;34m\]\w\[\033[00m\]\$ PYTHONPATH=/home/jonatan/ros2_ws/build/obslidar_description/prefix_override:/usr/lib/python3/dist-packages/colcon_core/task/python/colcon_distutils_commands:/home/jonatan/ros2_ws/install/obslidar_description/lib/python3.12/site-packages:${PYTHONPATH} /usr/bin/python3 -W ignore:setup.py install is deprecated -W ignore:easy_install command is deprecated setup.py egg_info --egg-base ../../build/obslidar_description build --build-base /home/jonatan/ros2_ws/build/obslidar_description/build install --record /home/jonatan/ros2_ws/build/obslidar_description/install.log --single-version-externally-managed install_data
[2.776s] DEBUG:colcon.colcon_core.event_handler.log_command:Invoking command in '/home/jonatan/ros2_ws/src/first_pyqtros': PS1=\[\e]0;\u@\h: \w\a\]${debian_chroot:+($debian_chroot)}\[\033[01;32m\]\u@\h\[\033[00m\]:\[\033[01;34m\]\w\[\033[00m\]\$ PYTHONPATH=/home/jonatan/ros2_ws/build/first_pyqtros/prefix_override:/usr/lib/python3/dist-packages/colcon_core/task/python/colcon_distutils_commands:/home/jonatan/ros2_ws/install/first_pyqtros/lib/python3.12/site-packages:${PYTHONPATH} /usr/bin/python3 -W ignore:setup.py install is deprecated -W ignore:easy_install command is deprecated setup.py egg_info --egg-base ../../build/first_pyqtros build --build-base /home/jonatan/ros2_ws/build/first_pyqtros/build install --record /home/jonatan/ros2_ws/build/first_pyqtros/install.log --single-version-externally-managed install_data
[3.372s] DEBUG:colcon.colcon_core.event_handler.log_command:Invoking command in '/home/jonatan/ros2_ws/src/pubsub_rospyqt': PS1=\[\e]0;\u@\h: \w\a\]${debian_chroot:+($debian_chroot)}\[\033[01;32m\]\u@\h\[\033[00m\]:\[\033[01;34m\]\w\[\033[00m\]\$ PYTHONPATH=/home/jonatan/ros2_ws/build/pubsub_rospyqt/prefix_override:/usr/lib/python3/dist-packages/colcon_core/task/python/colcon_distutils_commands:/home/jonatan/ros2_ws/install/pubsub_rospyqt/lib/python3.12/site-packages:${PYTHONPATH} /usr/bin/python3 -W ignore:setup.py install is deprecated -W ignore:easy_install command is deprecated setup.py egg_info --egg-base ../../build/pubsub_rospyqt build --build-base /home/jonatan/ros2_ws/build/pubsub_rospyqt/build install --record /home/jonatan/ros2_ws/build/pubsub_rospyqt/install.log --single-version-externally-managed install_data
[4.026s] Level 1:colcon.colcon_core.environment:checking '/home/jonatan/ros2_ws/install/first_project' for CMake module files
[4.026s] DEBUG:colcon.colcon_core.event_handler.log_command:Invoked command in '/home/jonatan/ros2_ws/src/first_project' returned '0': PS1=\[\e]0;\u@\h: \w\a\]${debian_chroot:+($debian_chroot)}\[\033[01;32m\]\u@\h\[\033[00m\]:\[\033[01;34m\]\w\[\033[00m\]\$ PYTHONPATH=/home/jonatan/ros2_ws/build/first_project/prefix_override:/usr/lib/python3/dist-packages/colcon_core/task/python/colcon_distutils_commands:/home/jonatan/ros2_ws/install/first_project/lib/python3.12/site-packages:${PYTHONPATH} /usr/bin/python3 -W ignore:setup.py install is deprecated -W ignore:easy_install command is deprecated setup.py egg_info --egg-base ../../build/first_project build --build-base /home/jonatan/ros2_ws/build/first_project/build install --record /home/jonatan/ros2_ws/build/first_project/install.log --single-version-externally-managed install_data
[4.027s] Level 1:colcon.colcon_core.environment:checking '/home/jonatan/ros2_ws/install/first_project' for CMake config files
[4.028s] Level 1:colcon.colcon_core.environment:checking '/home/jonatan/ros2_ws/install/first_project/lib'
[4.029s] Level 1:colcon.colcon_core.environment:checking '/home/jonatan/ros2_ws/install/first_project/bin'
[4.029s] Level 1:colcon.colcon_core.environment:checking '/home/jonatan/ros2_ws/install/first_project/lib/pkgconfig/first_project.pc'
[4.029s] Level 1:colcon.colcon_core.environment:checking '/home/jonatan/ros2_ws/install/first_project/lib/python3.12/site-packages'
[4.029s] Level 1:colcon.colcon_core.shell:create_environment_hook('first_project', 'pythonpath')
[4.030s] INFO:colcon.colcon_core.shell:Creating environment hook '/home/jonatan/ros2_ws/install/first_project/share/first_project/hook/pythonpath.ps1'
[4.031s] INFO:colcon.colcon_core.shell:Creating environment descriptor '/home/jonatan/ros2_ws/install/first_project/share/first_project/hook/pythonpath.dsv'
[4.031s] INFO:colcon.colcon_core.shell:Creating environment hook '/home/jonatan/ros2_ws/install/first_project/share/first_project/hook/pythonpath.sh'
[4.032s] Level 1:colcon.colcon_core.environment:checking '/home/jonatan/ros2_ws/install/first_project/bin'
[4.032s] Level 1:colcon.colcon_core.environment:create_environment_scripts_only(first_project)
[4.033s] INFO:colcon.colcon_core.shell:Creating package script '/home/jonatan/ros2_ws/install/first_project/share/first_project/package.ps1'
[4.034s] INFO:colcon.colcon_core.shell:Creating package descriptor '/home/jonatan/ros2_ws/install/first_project/share/first_project/package.dsv'
[4.035s] INFO:colcon.colcon_core.shell:Creating package script '/home/jonatan/ros2_ws/install/first_project/share/first_project/package.sh'
[4.036s] INFO:colcon.colcon_core.shell:Creating package script '/home/jonatan/ros2_ws/install/first_project/share/first_project/package.bash'
[4.037s] INFO:colcon.colcon_core.shell:Creating package script '/home/jonatan/ros2_ws/install/first_project/share/first_project/package.zsh'
[4.037s] Level 1:colcon.colcon_core.environment:create_file_with_runtime_dependencies(/home/jonatan/ros2_ws/install/first_project/share/colcon-core/packages/first_project)
[4.040s] INFO:colcon.colcon_ros.task.ament_cmake.build:Building ROS package in '/home/jonatan/ros2_ws/src/robot_project' with build type 'ament_cmake'
[4.040s] INFO:colcon.colcon_cmake.task.cmake.build:Building CMake package in '/home/jonatan/ros2_ws/src/robot_project'
[4.041s] INFO:colcon.colcon_core.shell:Skip shell extension 'powershell' for command environment: Not usable outside of PowerShell
[4.041s] DEBUG:colcon.colcon_core.shell:Skip shell extension 'dsv' for command environment
[4.068s] DEBUG:colcon.colcon_core.event_handler.log_command:Invoking command in '/home/jonatan/ros2_ws/build/robot_project': CMAKE_PREFIX_PATH=${CMAKE_PREFIX_PATH}:/opt/ros/jazzy PS1=\[\e]0;\u@\h: \w\a\]${debian_chroot:+($debian_chroot)}\[\033[01;32m\]\u@\h\[\033[00m\]:\[\033[01;34m\]\w\[\033[00m\]\$ /usr/bin/cmake --build /home/jonatan/ros2_ws/build/robot_project -- -j4 -l4
[4.158s] DEBUG:colcon.colcon_core.event_handler.log_command:Invoked command in '/home/jonatan/ros2_ws/build/robot_project' returned '0': CMAKE_PREFIX_PATH=${CMAKE_PREFIX_PATH}:/opt/ros/jazzy PS1=\[\e]0;\u@\h: \w\a\]${debian_chroot:+($debian_chroot)}\[\033[01;32m\]\u@\h\[\033[00m\]:\[\033[01;34m\]\w\[\033[00m\]\$ /usr/bin/cmake --build /home/jonatan/ros2_ws/build/robot_project -- -j4 -l4
[4.161s] DEBUG:colcon.colcon_core.event_handler.log_command:Invoking command in '/home/jonatan/ros2_ws/build/robot_project': CMAKE_PREFIX_PATH=${CMAKE_PREFIX_PATH}:/opt/ros/jazzy PS1=\[\e]0;\u@\h: \w\a\]${debian_chroot:+($debian_chroot)}\[\033[01;32m\]\u@\h\[\033[00m\]:\[\033[01;34m\]\w\[\033[00m\]\$ /usr/bin/cmake --install /home/jonatan/ros2_ws/build/robot_project
[4.181s] Level 1:colcon.colcon_core.environment:checking '/home/jonatan/ros2_ws/install/obslidar_description' for CMake module files
[4.182s] DEBUG:colcon.colcon_core.event_handler.log_command:Invoked command in '/home/jonatan/ros2_ws/src/differential_drive_robot_with_lidar' returned '0': PS1=\[\e]0;\u@\h: \w\a\]${debian_chroot:+($debian_chroot)}\[\033[01;32m\]\u@\h\[\033[00m\]:\[\033[01;34m\]\w\[\033[00m\]\$ PYTHONPATH=/home/jonatan/ros2_ws/build/obslidar_description/prefix_override:/usr/lib/python3/dist-packages/colcon_core/task/python/colcon_distutils_commands:/home/jonatan/ros2_ws/install/obslidar_description/lib/python3.12/site-packages:${PYTHONPATH} /usr/bin/python3 -W ignore:setup.py install is deprecated -W ignore:easy_install command is deprecated setup.py egg_info --egg-base ../../build/obslidar_description build --build-base /home/jonatan/ros2_ws/build/obslidar_description/build install --record /home/jonatan/ros2_ws/build/obslidar_description/install.log --single-version-externally-managed install_data
[4.184s] Level 1:colcon.colcon_core.environment:checking '/home/jonatan/ros2_ws/install/obslidar_description' for CMake config files
[4.190s] Level 1:colcon.colcon_core.environment:checking '/home/jonatan/ros2_ws/install/obslidar_description/lib'
[4.190s] Level 1:colcon.colcon_core.environment:checking '/home/jonatan/ros2_ws/install/obslidar_description/bin'
[4.190s] Level 1:colcon.colcon_core.environment:checking '/home/jonatan/ros2_ws/install/obslidar_description/lib/pkgconfig/obslidar_description.pc'
[4.190s] Level 1:colcon.colcon_core.environment:checking '/home/jonatan/ros2_ws/install/obslidar_description/lib/python3.12/site-packages'
[4.190s] Level 1:colcon.colcon_core.shell:create_environment_hook('obslidar_description', 'pythonpath')
[4.191s] INFO:colcon.colcon_core.shell:Creating environment hook '/home/jonatan/ros2_ws/install/obslidar_description/share/obslidar_description/hook/pythonpath.ps1'
[4.191s] INFO:colcon.colcon_core.shell:Creating environment descriptor '/home/jonatan/ros2_ws/install/obslidar_description/share/obslidar_description/hook/pythonpath.dsv'
[4.191s] INFO:colcon.colcon_core.shell:Creating environment hook '/home/jonatan/ros2_ws/install/obslidar_description/share/obslidar_description/hook/pythonpath.sh'
[4.192s] Level 1:colcon.colcon_core.environment:checking '/home/jonatan/ros2_ws/install/obslidar_description/bin'
[4.192s] Level 1:colcon.colcon_core.environment:create_environment_scripts_only(obslidar_description)
[4.192s] INFO:colcon.colcon_core.shell:Creating package script '/home/jonatan/ros2_ws/install/obslidar_description/share/obslidar_description/package.ps1'
[4.193s] INFO:colcon.colcon_core.shell:Creating package descriptor '/home/jonatan/ros2_ws/install/obslidar_description/share/obslidar_description/package.dsv'
[4.193s] INFO:colcon.colcon_core.shell:Creating package script '/home/jonatan/ros2_ws/install/obslidar_description/share/obslidar_description/package.sh'
[4.194s] INFO:colcon.colcon_core.shell:Creating package script '/home/jonatan/ros2_ws/install/obslidar_description/share/obslidar_description/package.bash'
[4.194s] INFO:colcon.colcon_core.shell:Creating package script '/home/jonatan/ros2_ws/install/obslidar_description/share/obslidar_description/package.zsh'
[4.195s] Level 1:colcon.colcon_core.environment:create_file_with_runtime_dependencies(/home/jonatan/ros2_ws/install/obslidar_description/share/colcon-core/packages/obslidar_description)
[4.195s] INFO:colcon.colcon_ros.task.ament_python.build:Building ROS package in '/home/jonatan/ros2_ws/src/turtlesim_interface' with build type 'ament_python'
[4.196s] Level 1:colcon.colcon_core.shell:create_environment_hook('turtlesim_interface', 'ament_prefix_path')
[4.196s] INFO:colcon.colcon_core.shell:Creating environment hook '/home/jonatan/ros2_ws/install/turtlesim_interface/share/turtlesim_interface/hook/ament_prefix_path.ps1'
[4.197s] INFO:colcon.colcon_core.shell:Creating environment descriptor '/home/jonatan/ros2_ws/install/turtlesim_interface/share/turtlesim_interface/hook/ament_prefix_path.dsv'
[4.198s] INFO:colcon.colcon_core.shell:Creating environment hook '/home/jonatan/ros2_ws/install/turtlesim_interface/share/turtlesim_interface/hook/ament_prefix_path.sh'
[4.199s] INFO:colcon.colcon_core.shell:Skip shell extension 'powershell' for command environment: Not usable outside of PowerShell
[4.199s] DEBUG:colcon.colcon_core.shell:Skip shell extension 'dsv' for command environment
[4.206s] Level 1:colcon.colcon_core.environment:checking '/home/jonatan/ros2_ws/install/first_pyqtros' for CMake module files
[4.208s] DEBUG:colcon.colcon_core.event_handler.log_command:Invoked command in '/home/jonatan/ros2_ws/src/first_pyqtros' returned '0': PS1=\[\e]0;\u@\h: \w\a\]${debian_chroot:+($debian_chroot)}\[\033[01;32m\]\u@\h\[\033[00m\]:\[\033[01;34m\]\w\[\033[00m\]\$ PYTHONPATH=/home/jonatan/ros2_ws/build/first_pyqtros/prefix_override:/usr/lib/python3/dist-packages/colcon_core/task/python/colcon_distutils_commands:/home/jonatan/ros2_ws/install/first_pyqtros/lib/python3.12/site-packages:${PYTHONPATH} /usr/bin/python3 -W ignore:setup.py install is deprecated -W ignore:easy_install command is deprecated setup.py egg_info --egg-base ../../build/first_pyqtros build --build-base /home/jonatan/ros2_ws/build/first_pyqtros/build install --record /home/jonatan/ros2_ws/build/first_pyqtros/install.log --single-version-externally-managed install_data
[4.209s] Level 1:colcon.colcon_core.environment:checking '/home/jonatan/ros2_ws/install/first_pyqtros' for CMake config files
[4.211s] Level 1:colcon.colcon_core.environment:checking '/home/jonatan/ros2_ws/install/first_pyqtros/lib'
[4.211s] Level 1:colcon.colcon_core.environment:checking '/home/jonatan/ros2_ws/install/first_pyqtros/bin'
[4.211s] Level 1:colcon.colcon_core.environment:checking '/home/jonatan/ros2_ws/install/first_pyqtros/lib/pkgconfig/first_pyqtros.pc'
[4.212s] Level 1:colcon.colcon_core.environment:checking '/home/jonatan/ros2_ws/install/first_pyqtros/lib/python3.12/site-packages'
[4.212s] Level 1:colcon.colcon_core.shell:create_environment_hook('first_pyqtros', 'pythonpath')
[4.212s] INFO:colcon.colcon_core.shell:Creating environment hook '/home/jonatan/ros2_ws/install/first_pyqtros/share/first_pyqtros/hook/pythonpath.ps1'
[4.213s] INFO:colcon.colcon_core.shell:Creating environment descriptor '/home/jonatan/ros2_ws/install/first_pyqtros/share/first_pyqtros/hook/pythonpath.dsv'
[4.213s] INFO:colcon.colcon_core.shell:Creating environment hook '/home/jonatan/ros2_ws/install/first_pyqtros/share/first_pyqtros/hook/pythonpath.sh'
[4.214s] Level 1:colcon.colcon_core.environment:checking '/home/jonatan/ros2_ws/install/first_pyqtros/bin'
[4.214s] Level 1:colcon.colcon_core.environment:create_environment_scripts_only(first_pyqtros)
[4.215s] INFO:colcon.colcon_core.shell:Creating package script '/home/jonatan/ros2_ws/install/first_pyqtros/share/first_pyqtros/package.ps1'
[4.215s] INFO:colcon.colcon_core.shell:Creating package descriptor '/home/jonatan/ros2_ws/install/first_pyqtros/share/first_pyqtros/package.dsv'
[4.216s] INFO:colcon.colcon_core.shell:Creating package script '/home/jonatan/ros2_ws/install/first_pyqtros/share/first_pyqtros/package.sh'
[4.216s] INFO:colcon.colcon_core.shell:Creating package script '/home/jonatan/ros2_ws/install/first_pyqtros/share/first_pyqtros/package.bash'
[4.217s] INFO:colcon.colcon_core.shell:Creating package script '/home/jonatan/ros2_ws/install/first_pyqtros/share/first_pyqtros/package.zsh'
[4.218s] Level 1:colcon.colcon_core.environment:create_file_with_runtime_dependencies(/home/jonatan/ros2_ws/install/first_pyqtros/share/colcon-core/packages/first_pyqtros)
[4.220s] Level 1:colcon.colcon_core.environment:create_environment_scripts_only(robot_project)
[4.220s] Level 1:colcon.colcon_core.environment:checking '/home/jonatan/ros2_ws/install/robot_project' for CMake module files
[4.221s] DEBUG:colcon.colcon_core.event_handler.log_command:Invoked command in '/home/jonatan/ros2_ws/build/robot_project' returned '0': CMAKE_PREFIX_PATH=${CMAKE_PREFIX_PATH}:/opt/ros/jazzy PS1=\[\e]0;\u@\h: \w\a\]${debian_chroot:+($debian_chroot)}\[\033[01;32m\]\u@\h\[\033[00m\]:\[\033[01;34m\]\w\[\033[00m\]\$ /usr/bin/cmake --install /home/jonatan/ros2_ws/build/robot_project
[4.223s] Level 1:colcon.colcon_core.environment:checking '/home/jonatan/ros2_ws/install/robot_project' for CMake config files
[4.223s] Level 1:colcon.colcon_core.shell:create_environment_hook('robot_project', 'cmake_prefix_path')
[4.224s] INFO:colcon.colcon_core.shell:Creating environment hook '/home/jonatan/ros2_ws/install/robot_project/share/robot_project/hook/cmake_prefix_path.ps1'
[4.225s] INFO:colcon.colcon_core.shell:Creating environment descriptor '/home/jonatan/ros2_ws/install/robot_project/share/robot_project/hook/cmake_prefix_path.dsv'
[4.227s] INFO:colcon.colcon_core.shell:Creating environment hook '/home/jonatan/ros2_ws/install/robot_project/share/robot_project/hook/cmake_prefix_path.sh'
[4.229s] Level 1:colcon.colcon_core.environment:checking '/home/jonatan/ros2_ws/install/robot_project/bin'
[4.229s] Level 1:colcon.colcon_core.environment:checking '/home/jonatan/ros2_ws/install/robot_project/lib/pkgconfig/robot_project.pc'
[4.230s] Level 1:colcon.colcon_core.environment:checking '/home/jonatan/ros2_ws/install/robot_project/lib/python3.12/site-packages'
[4.231s] Level 1:colcon.colcon_core.environment:checking '/home/jonatan/ros2_ws/install/robot_project/bin'
[4.231s] INFO:colcon.colcon_core.shell:Creating package script '/home/jonatan/ros2_ws/install/robot_project/share/robot_project/package.ps1'
[4.232s] INFO:colcon.colcon_core.shell:Creating package descriptor '/home/jonatan/ros2_ws/install/robot_project/share/robot_project/package.dsv'
[4.233s] INFO:colcon.colcon_core.shell:Creating package script '/home/jonatan/ros2_ws/install/robot_project/share/robot_project/package.sh'
[4.233s] INFO:colcon.colcon_core.shell:Creating package script '/home/jonatan/ros2_ws/install/robot_project/share/robot_project/package.bash'
[4.234s] INFO:colcon.colcon_core.shell:Creating package script '/home/jonatan/ros2_ws/install/robot_project/share/robot_project/package.zsh'
[4.234s] Level 1:colcon.colcon_core.environment:create_file_with_runtime_dependencies(/home/jonatan/ros2_ws/install/robot_project/share/colcon-core/packages/robot_project)
[4.235s] Level 1:colcon.colcon_core.environment:create_environment_scripts_only(robot_project)
[4.235s] Level 1:colcon.colcon_core.environment:checking '/home/jonatan/ros2_ws/install/robot_project' for CMake module files
[4.236s] Level 1:colcon.colcon_core.environment:checking '/home/jonatan/ros2_ws/install/robot_project' for CMake config files
[4.236s] Level 1:colcon.colcon_core.shell:create_environment_hook('robot_project', 'cmake_prefix_path')
[4.236s] INFO:colcon.colcon_core.shell:Creating environment hook '/home/jonatan/ros2_ws/install/robot_project/share/robot_project/hook/cmake_prefix_path.ps1'
[4.237s] INFO:colcon.colcon_core.shell:Creating environment descriptor '/home/jonatan/ros2_ws/install/robot_project/share/robot_project/hook/cmake_prefix_path.dsv'
[4.237s] INFO:colcon.colcon_core.shell:Creating environment hook '/home/jonatan/ros2_ws/install/robot_project/share/robot_project/hook/cmake_prefix_path.sh'
[4.238s] Level 1:colcon.colcon_core.environment:checking '/home/jonatan/ros2_ws/install/robot_project/bin'
[4.238s] Level 1:colcon.colcon_core.environment:checking '/home/jonatan/ros2_ws/install/robot_project/lib/pkgconfig/robot_project.pc'
[4.239s] Level 1:colcon.colcon_core.environment:checking '/home/jonatan/ros2_ws/install/robot_project/lib/python3.12/site-packages'
[4.239s] Level 1:colcon.colcon_core.environment:checking '/home/jonatan/ros2_ws/install/robot_project/bin'
[4.239s] INFO:colcon.colcon_core.shell:Creating package script '/home/jonatan/ros2_ws/install/robot_project/share/robot_project/package.ps1'
[4.240s] INFO:colcon.colcon_core.shell:Creating package descriptor '/home/jonatan/ros2_ws/install/robot_project/share/robot_project/package.dsv'
[4.240s] INFO:colcon.colcon_core.shell:Creating package script '/home/jonatan/ros2_ws/install/robot_project/share/robot_project/package.sh'
[4.241s] INFO:colcon.colcon_core.shell:Creating package script '/home/jonatan/ros2_ws/install/robot_project/share/robot_project/package.bash'
[4.241s] INFO:colcon.colcon_core.shell:Creating package script '/home/jonatan/ros2_ws/install/robot_project/share/robot_project/package.zsh'
[4.242s] Level 1:colcon.colcon_core.environment:create_file_with_runtime_dependencies(/home/jonatan/ros2_ws/install/robot_project/share/colcon-core/packages/robot_project)
[4.565s] INFO:colcon.colcon_core.task.python.build:Building Python package in '/home/jonatan/ros2_ws/src/turtlesim_interface'
[4.566s] INFO:colcon.colcon_core.shell:Skip shell extension 'powershell' for command environment: Not usable outside of PowerShell
[4.566s] DEBUG:colcon.colcon_core.shell:Skip shell extension 'dsv' for command environment
[4.572s] Level 1:colcon.colcon_core.environment:checking '/home/jonatan/ros2_ws/install/pubsub_rospyqt' for CMake module files
[4.573s] DEBUG:colcon.colcon_core.event_handler.log_command:Invoked command in '/home/jonatan/ros2_ws/src/pubsub_rospyqt' returned '0': PS1=\[\e]0;\u@\h: \w\a\]${debian_chroot:+($debian_chroot)}\[\033[01;32m\]\u@\h\[\033[00m\]:\[\033[01;34m\]\w\[\033[00m\]\$ PYTHONPATH=/home/jonatan/ros2_ws/build/pubsub_rospyqt/prefix_override:/usr/lib/python3/dist-packages/colcon_core/task/python/colcon_distutils_commands:/home/jonatan/ros2_ws/install/pubsub_rospyqt/lib/python3.12/site-packages:${PYTHONPATH} /usr/bin/python3 -W ignore:setup.py install is deprecated -W ignore:easy_install command is deprecated setup.py egg_info --egg-base ../../build/pubsub_rospyqt build --build-base /home/jonatan/ros2_ws/build/pubsub_rospyqt/build install --record /home/jonatan/ros2_ws/build/pubsub_rospyqt/install.log --single-version-externally-managed install_data
[4.574s] Level 1:colcon.colcon_core.environment:checking '/home/jonatan/ros2_ws/install/pubsub_rospyqt' for CMake config files
[4.575s] Level 1:colcon.colcon_core.environment:checking '/home/jonatan/ros2_ws/install/pubsub_rospyqt/lib'
[4.575s] Level 1:colcon.colcon_core.environment:checking '/home/jonatan/ros2_ws/install/pubsub_rospyqt/bin'
[4.575s] Level 1:colcon.colcon_core.environment:checking '/home/jonatan/ros2_ws/install/pubsub_rospyqt/lib/pkgconfig/pubsub_rospyqt.pc'
[4.575s] Level 1:colcon.colcon_core.environment:checking '/home/jonatan/ros2_ws/install/pubsub_rospyqt/lib/python3.12/site-packages'
[4.575s] Level 1:colcon.colcon_core.shell:create_environment_hook('pubsub_rospyqt', 'pythonpath')
[4.576s] INFO:colcon.colcon_core.shell:Creating environment hook '/home/jonatan/ros2_ws/install/pubsub_rospyqt/share/pubsub_rospyqt/hook/pythonpath.ps1'
[4.576s] INFO:colcon.colcon_core.shell:Creating environment descriptor '/home/jonatan/ros2_ws/install/pubsub_rospyqt/share/pubsub_rospyqt/hook/pythonpath.dsv'
[4.577s] INFO:colcon.colcon_core.shell:Creating environment hook '/home/jonatan/ros2_ws/install/pubsub_rospyqt/share/pubsub_rospyqt/hook/pythonpath.sh'
[4.577s] Level 1:colcon.colcon_core.environment:checking '/home/jonatan/ros2_ws/install/pubsub_rospyqt/bin'
[4.577s] Level 1:colcon.colcon_core.environment:create_environment_scripts_only(pubsub_rospyqt)
[4.578s] INFO:colcon.colcon_core.shell:Creating package script '/home/jonatan/ros2_ws/install/pubsub_rospyqt/share/pubsub_rospyqt/package.ps1'
[4.578s] INFO:colcon.colcon_core.shell:Creating package descriptor '/home/jonatan/ros2_ws/install/pubsub_rospyqt/share/pubsub_rospyqt/package.dsv'
[4.579s] INFO:colcon.colcon_core.shell:Creating package script '/home/jonatan/ros2_ws/install/pubsub_rospyqt/share/pubsub_rospyqt/package.sh'
[4.580s] INFO:colcon.colcon_core.shell:Creating package script '/home/jonatan/ros2_ws/install/pubsub_rospyqt/share/pubsub_rospyqt/package.bash'
[4.580s] INFO:colcon.colcon_core.shell:Creating package script '/home/jonatan/ros2_ws/install/pubsub_rospyqt/share/pubsub_rospyqt/package.zsh'
[4.580s] Level 1:colcon.colcon_core.environment:create_file_with_runtime_dependencies(/home/jonatan/ros2_ws/install/pubsub_rospyqt/share/colcon-core/packages/pubsub_rospyqt)
[5.417s] DEBUG:colcon.colcon_core.event_handler.log_command:Invoking command in '/home/jonatan/ros2_ws/src/turtlesim_interface': PS1=\[\e]0;\u@\h: \w\a\]${debian_chroot:+($debian_chroot)}\[\033[01;32m\]\u@\h\[\033[00m\]:\[\033[01;34m\]\w\[\033[00m\]\$ PYTHONPATH=/home/jonatan/ros2_ws/build/turtlesim_interface/prefix_override:/usr/lib/python3/dist-packages/colcon_core/task/python/colcon_distutils_commands:/home/jonatan/ros2_ws/install/turtlesim_interface/lib/python3.12/site-packages:${PYTHONPATH} /usr/bin/python3 -W ignore:setup.py install is deprecated -W ignore:easy_install command is deprecated setup.py egg_info --egg-base ../../build/turtlesim_interface build --build-base /home/jonatan/ros2_ws/build/turtlesim_interface/build install --record /home/jonatan/ros2_ws/build/turtlesim_interface/install.log --single-version-externally-managed install_data
[6.190s] Level 1:colcon.colcon_core.environment:checking '/home/jonatan/ros2_ws/install/turtlesim_interface' for CMake module files
[6.191s] DEBUG:colcon.colcon_core.event_handler.log_command:Invoked command in '/home/jonatan/ros2_ws/src/turtlesim_interface' returned '0': PS1=\[\e]0;\u@\h: \w\a\]${debian_chroot:+($debian_chroot)}\[\033[01;32m\]\u@\h\[\033[00m\]:\[\033[01;34m\]\w\[\033[00m\]\$ PYTHONPATH=/home/jonatan/ros2_ws/build/turtlesim_interface/prefix_override:/usr/lib/python3/dist-packages/colcon_core/task/python/colcon_distutils_commands:/home/jonatan/ros2_ws/install/turtlesim_interface/lib/python3.12/site-packages:${PYTHONPATH} /usr/bin/python3 -W ignore:setup.py install is deprecated -W ignore:easy_install command is deprecated setup.py egg_info --egg-base ../../build/turtlesim_interface build --build-base /home/jonatan/ros2_ws/build/turtlesim_interface/build install --record /home/jonatan/ros2_ws/build/turtlesim_interface/install.log --single-version-externally-managed install_data
[6.191s] Level 1:colcon.colcon_core.environment:checking '/home/jonatan/ros2_ws/install/turtlesim_interface' for CMake config files
[6.192s] Level 1:colcon.colcon_core.environment:checking '/home/jonatan/ros2_ws/install/turtlesim_interface/lib'
[6.192s] Level 1:colcon.colcon_core.environment:checking '/home/jonatan/ros2_ws/install/turtlesim_interface/bin'
[6.192s] Level 1:colcon.colcon_core.environment:checking '/home/jonatan/ros2_ws/install/turtlesim_interface/lib/pkgconfig/turtlesim_interface.pc'
[6.192s] Level 1:colcon.colcon_core.environment:checking '/home/jonatan/ros2_ws/install/turtlesim_interface/lib/python3.12/site-packages'
[6.192s] Level 1:colcon.colcon_core.shell:create_environment_hook('turtlesim_interface', 'pythonpath')
[6.193s] INFO:colcon.colcon_core.shell:Creating environment hook '/home/jonatan/ros2_ws/install/turtlesim_interface/share/turtlesim_interface/hook/pythonpath.ps1'
[6.193s] INFO:colcon.colcon_core.shell:Creating environment descriptor '/home/jonatan/ros2_ws/install/turtlesim_interface/share/turtlesim_interface/hook/pythonpath.dsv'
[6.194s] INFO:colcon.colcon_core.shell:Creating environment hook '/home/jonatan/ros2_ws/install/turtlesim_interface/share/turtlesim_interface/hook/pythonpath.sh'
[6.194s] Level 1:colcon.colcon_core.environment:checking '/home/jonatan/ros2_ws/install/turtlesim_interface/bin'
[6.195s] Level 1:colcon.colcon_core.environment:create_environment_scripts_only(turtlesim_interface)
[6.195s] INFO:colcon.colcon_core.shell:Creating package script '/home/jonatan/ros2_ws/install/turtlesim_interface/share/turtlesim_interface/package.ps1'
[6.195s] INFO:colcon.colcon_core.shell:Creating package descriptor '/home/jonatan/ros2_ws/install/turtlesim_interface/share/turtlesim_interface/package.dsv'
[6.196s] INFO:colcon.colcon_core.shell:Creating package script '/home/jonatan/ros2_ws/install/turtlesim_interface/share/turtlesim_interface/package.sh'
[6.196s] INFO:colcon.colcon_core.shell:Creating package script '/home/jonatan/ros2_ws/install/turtlesim_interface/share/turtlesim_interface/package.bash'
[6.197s] INFO:colcon.colcon_core.shell:Creating package script '/home/jonatan/ros2_ws/install/turtlesim_interface/share/turtlesim_interface/package.zsh'
[6.197s] Level 1:colcon.colcon_core.environment:create_file_with_runtime_dependencies(/home/jonatan/ros2_ws/install/turtlesim_interface/share/colcon-core/packages/turtlesim_interface)
[6.198s] DEBUG:colcon.colcon_parallel_executor.executor.parallel:closing loop
[6.198s] DEBUG:colcon.colcon_parallel_executor.executor.parallel:loop closed
[6.198s] DEBUG:colcon.colcon_parallel_executor.executor.parallel:run_until_complete finished with '0'
[6.198s] DEBUG:colcon.colcon_core.event_reactor:joining thread
[6.209s] INFO:colcon.colcon_core.plugin_system:Skipping extension 'colcon_notification.desktop_notification.terminal_notifier': Not used on non-Darwin systems
[6.209s] INFO:colcon.colcon_core.plugin_system:Skipping extension 'colcon_notification.desktop_notification.win32': Not used on non-Windows systems
[6.209s] INFO:colcon.colcon_notification.desktop_notification:Sending desktop notification using 'notify2'
[6.226s] DEBUG:colcon.colcon_core.event_reactor:joined thread
[6.227s] INFO:colcon.colcon_core.shell:Creating prefix script '/home/jonatan/ros2_ws/install/local_setup.ps1'
[6.228s] INFO:colcon.colcon_core.shell:Creating prefix util module '/home/jonatan/ros2_ws/install/_local_setup_util_ps1.py'
[6.229s] INFO:colcon.colcon_core.shell:Creating prefix chain script '/home/jonatan/ros2_ws/install/setup.ps1'
[6.231s] INFO:colcon.colcon_core.shell:Creating prefix script '/home/jonatan/ros2_ws/install/local_setup.sh'
[6.232s] INFO:colcon.colcon_core.shell:Creating prefix util module '/home/jonatan/ros2_ws/install/_local_setup_util_sh.py'
[6.233s] INFO:colcon.colcon_core.shell:Creating prefix chain script '/home/jonatan/ros2_ws/install/setup.sh'
[6.235s] INFO:colcon.colcon_core.shell:Creating prefix script '/home/jonatan/ros2_ws/install/local_setup.bash'
[6.236s] INFO:colcon.colcon_core.shell:Creating prefix chain script '/home/jonatan/ros2_ws/install/setup.bash'
[6.237s] INFO:colcon.colcon_core.shell:Creating prefix script '/home/jonatan/ros2_ws/install/local_setup.zsh'
[6.238s] INFO:colcon.colcon_core.shell:Creating prefix chain script '/home/jonatan/ros2_ws/install/setup.zsh'
