[0.012s] Invoking command in '/home/jonatan/ros2_ws/build/my_robot': CMAKE_PREFIX_PATH=${CMAKE_PREFIX_PATH}:/opt/ros/jazzy PS1=\[\e]0;\u@\h: \w\a\]${debian_chroot:+($debian_chroot)}\[\033[01;32m\]\u@\h\[\033[00m\]:\[\033[01;34m\]\w\[\033[00m\]\$ /usr/bin/cmake --build /home/jonatan/ros2_ws/build/my_robot -- -j4 -l4
[0.038s] -- Found ament_cmake: 2.5.3 (/opt/ros/jazzy/share/ament_cmake/cmake)
[0.246s] -- Found ros_gz_sim: 1.0.11 (/opt/ros/jazzy/share/ros_gz_sim/cmake)
[0.276s] -- Found rosidl_generator_c: 4.6.5 (/opt/ros/jazzy/share/rosidl_generator_c/cmake)
[0.287s] -- Found rosidl_generator_cpp: 4.6.5 (/opt/ros/jazzy/share/rosidl_generator_cpp/cmake)
[0.299s] -- Using all available rosidl_typesupport_c: rosidl_typesupport_fastrtps_c;rosidl_typesupport_introspection_c
[0.315s] -- Using all available rosidl_typesupport_cpp: rosidl_typesupport_fastrtps_cpp;rosidl_typesupport_introspection_cpp
[0.379s] -- Found rmw_implementation_cmake: 7.3.2 (/opt/ros/jazzy/share/rmw_implementation_cmake/cmake)
[0.380s] -- Found rmw_fastrtps_cpp: 8.4.2 (/opt/ros/jazzy/share/rmw_fastrtps_cpp/cmake)
[0.447s] -- Using RMW implementation 'rmw_fastrtps_cpp' as default
[0.517s] -- Found ament_lint_auto: 0.17.2 (/opt/ros/jazzy/share/ament_lint_auto/cmake)
[0.611s] -- Added test 'flake8' to check Python code syntax and style conventions
[0.611s] -- Configured 'flake8' exclude dirs and/or files: 
[0.612s] -- Added test 'lint_cmake' to check CMake code style
[0.613s] -- Added test 'pep257' to check Python code against some of the docstring style conventions in PEP 257
[0.616s] -- Added test 'xmllint' to check XML markup files
[0.617s] -- Configuring done (0.6s)
[0.621s] -- Generating done (0.0s)
[0.624s] -- Build files have been written to: /home/jonatan/ros2_ws/build/my_robot
[0.650s] Invoked command in '/home/jonatan/ros2_ws/build/my_robot' returned '0': CMAKE_PREFIX_PATH=${CMAKE_PREFIX_PATH}:/opt/ros/jazzy PS1=\[\e]0;\u@\h: \w\a\]${debian_chroot:+($debian_chroot)}\[\033[01;32m\]\u@\h\[\033[00m\]:\[\033[01;34m\]\w\[\033[00m\]\$ /usr/bin/cmake --build /home/jonatan/ros2_ws/build/my_robot -- -j4 -l4
[0.660s] Invoking command in '/home/jonatan/ros2_ws/build/my_robot': CMAKE_PREFIX_PATH=${CMAKE_PREFIX_PATH}:/opt/ros/jazzy PS1=\[\e]0;\u@\h: \w\a\]${debian_chroot:+($debian_chroot)}\[\033[01;32m\]\u@\h\[\033[00m\]:\[\033[01;34m\]\w\[\033[00m\]\$ /usr/bin/cmake --install /home/jonatan/ros2_ws/build/my_robot
[0.669s] -- Install configuration: ""
[0.669s] -- Up-to-date: /home/jonatan/ros2_ws/install/my_robot/share/my_robot/launch
[0.669s] -- Up-to-date: /home/jonatan/ros2_ws/install/my_robot/share/my_robot/launch/gz_urdf_launch.launch.py
[0.669s] -- Up-to-date: /home/jonatan/ros2_ws/install/my_robot/share/my_robot/launch/display.launch.xml
[0.670s] -- Up-to-date: /home/jonatan/ros2_ws/install/my_robot/share/my_robot/launch/two_wheeled.launch.py
[0.670s] -- Up-to-date: /home/jonatan/ros2_ws/install/my_robot/share/my_robot/meshes
[0.670s] -- Up-to-date: /home/jonatan/ros2_ws/install/my_robot/share/my_robot/meshes/robot_base.stl
[0.670s] -- Up-to-date: /home/jonatan/ros2_ws/install/my_robot/share/my_robot/urdf
[0.670s] -- Up-to-date: /home/jonatan/ros2_ws/install/my_robot/share/my_robot/urdf/model _robot.urdf.xacro
[0.671s] -- Up-to-date: /home/jonatan/ros2_ws/install/my_robot/share/my_robot/urdf/model.urdf
[0.671s] -- Up-to-date: /home/jonatan/ros2_ws/install/my_robot/share/my_robot/config
[0.671s] -- Up-to-date: /home/jonatan/ros2_ws/install/my_robot/share/my_robot/config/my_robot_config.rviz
[0.671s] -- Up-to-date: /home/jonatan/ros2_ws/install/my_robot/share/my_robot/config/my_robot.rviz
[0.671s] -- Up-to-date: /home/jonatan/ros2_ws/install/my_robot/share/my_robot/worlds
[0.672s] -- Up-to-date: /home/jonatan/ros2_ws/install/my_robot/share/my_robot/worlds/fws_robot_world.sdf
[0.672s] -- Up-to-date: /home/jonatan/ros2_ws/install/my_robot/share/my_robot/rviz
[0.672s] -- Up-to-date: /home/jonatan/ros2_ws/install/my_robot/share/my_robot/rviz/urdf_gazebo_config.rviz
[0.672s] -- Installing: /home/jonatan/ros2_ws/install/my_robot/share/my_robot/parts
[0.672s] -- Installing: /home/jonatan/ros2_ws/install/my_robot/share/my_robot/parts/lidar
[0.672s] -- Installing: /home/jonatan/ros2_ws/install/my_robot/share/my_robot/parts/lidar/lidar.xacro
[0.673s] -- Installing: /home/jonatan/ros2_ws/install/my_robot/share/my_robot/parts/lidar/lidar.gazebo.xacro
[0.673s] -- Installing: /home/jonatan/ros2_ws/install/my_robot/share/my_robot/parts/footprint
[0.673s] -- Installing: /home/jonatan/ros2_ws/install/my_robot/share/my_robot/parts/footprint/footprint.xacro
[0.673s] -- Installing: /home/jonatan/ros2_ws/install/my_robot/share/my_robot/parts/prop
[0.673s] -- Installing: /home/jonatan/ros2_ws/install/my_robot/share/my_robot/parts/prop/property.xacro
[0.673s] -- Installing: /home/jonatan/ros2_ws/install/my_robot/share/my_robot/parts/wheel
[0.673s] -- Installing: /home/jonatan/ros2_ws/install/my_robot/share/my_robot/parts/wheel/wheel.xacro
[0.674s] -- Installing: /home/jonatan/ros2_ws/install/my_robot/share/my_robot/parts/wheel/wheel.gazebo.xacro
[0.674s] -- Installing: /home/jonatan/ros2_ws/install/my_robot/share/my_robot/parts/caster
[0.674s] -- Installing: /home/jonatan/ros2_ws/install/my_robot/share/my_robot/parts/caster/caster.xacro
[0.674s] -- Installing: /home/jonatan/ros2_ws/install/my_robot/share/my_robot/parts/imu
[0.674s] -- Installing: /home/jonatan/ros2_ws/install/my_robot/share/my_robot/parts/imu/imu.gazebo.xacro
[0.674s] -- Installing: /home/jonatan/ros2_ws/install/my_robot/share/my_robot/parts/imu/imu.xacro
[0.674s] -- Installing: /home/jonatan/ros2_ws/install/my_robot/share/my_robot/parts/base
[0.674s] -- Installing: /home/jonatan/ros2_ws/install/my_robot/share/my_robot/parts/base/base.urdf.xacro
[0.674s] -- Installing: /home/jonatan/ros2_ws/install/my_robot/share/my_robot/parts/base/base.gazebo.xacro
[0.674s] -- Up-to-date: /home/jonatan/ros2_ws/install/my_robot/share/ament_index/resource_index/package_run_dependencies/my_robot
[0.675s] -- Up-to-date: /home/jonatan/ros2_ws/install/my_robot/share/ament_index/resource_index/parent_prefix_path/my_robot
[0.675s] -- Up-to-date: /home/jonatan/ros2_ws/install/my_robot/share/my_robot/environment/ament_prefix_path.sh
[0.675s] -- Up-to-date: /home/jonatan/ros2_ws/install/my_robot/share/my_robot/environment/ament_prefix_path.dsv
[0.675s] -- Up-to-date: /home/jonatan/ros2_ws/install/my_robot/share/my_robot/environment/path.sh
[0.675s] -- Up-to-date: /home/jonatan/ros2_ws/install/my_robot/share/my_robot/environment/path.dsv
[0.675s] -- Up-to-date: /home/jonatan/ros2_ws/install/my_robot/share/my_robot/local_setup.bash
[0.675s] -- Up-to-date: /home/jonatan/ros2_ws/install/my_robot/share/my_robot/local_setup.sh
[0.675s] -- Up-to-date: /home/jonatan/ros2_ws/install/my_robot/share/my_robot/local_setup.zsh
[0.675s] -- Up-to-date: /home/jonatan/ros2_ws/install/my_robot/share/my_robot/local_setup.dsv
[0.675s] -- Installing: /home/jonatan/ros2_ws/install/my_robot/share/my_robot/package.dsv
[0.675s] -- Up-to-date: /home/jonatan/ros2_ws/install/my_robot/share/ament_index/resource_index/packages/my_robot
[0.675s] -- Up-to-date: /home/jonatan/ros2_ws/install/my_robot/share/my_robot/cmake/my_robotConfig.cmake
[0.675s] -- Up-to-date: /home/jonatan/ros2_ws/install/my_robot/share/my_robot/cmake/my_robotConfig-version.cmake
[0.675s] -- Up-to-date: /home/jonatan/ros2_ws/install/my_robot/share/my_robot/package.xml
[0.676s] Invoked command in '/home/jonatan/ros2_ws/build/my_robot' returned '0': CMAKE_PREFIX_PATH=${CMAKE_PREFIX_PATH}:/opt/ros/jazzy PS1=\[\e]0;\u@\h: \w\a\]${debian_chroot:+($debian_chroot)}\[\033[01;32m\]\u@\h\[\033[00m\]:\[\033[01;34m\]\w\[\033[00m\]\$ /usr/bin/cmake --install /home/jonatan/ros2_ws/build/my_robot
