[1.887s] Invoking command in '/home/jonatan/ros2_ws/src/first_pyqtros': PS1=\[\e]0;\u@\h: \w\a\]${debian_chroot:+($debian_chroot)}\[\033[01;32m\]\u@\h\[\033[00m\]:\[\033[01;34m\]\w\[\033[00m\]\$ PYTHONPATH=/home/jonatan/ros2_ws/build/first_pyqtros/prefix_override:/usr/lib/python3/dist-packages/colcon_core/task/python/colcon_distutils_commands:/home/jonatan/ros2_ws/install/first_pyqtros/lib/python3.12/site-packages:${PYTHONPATH} /usr/bin/python3 -W ignore:setup.py install is deprecated -W ignore:easy_install command is deprecated setup.py egg_info --egg-base ../../build/first_pyqtros build --build-base /home/jonatan/ros2_ws/build/first_pyqtros/build install --record /home/jonatan/ros2_ws/build/first_pyqtros/install.log --single-version-externally-managed install_data
[2.392s] running egg_info
[2.438s] writing ../../build/first_pyqtros/first_pyqtros.egg-info/PKG-INFO
[2.438s] writing dependency_links to ../../build/first_pyqtros/first_pyqtros.egg-info/dependency_links.txt
[2.438s] writing entry points to ../../build/first_pyqtros/first_pyqtros.egg-info/entry_points.txt
[2.438s] writing requirements to ../../build/first_pyqtros/first_pyqtros.egg-info/requires.txt
[2.439s] writing top-level names to ../../build/first_pyqtros/first_pyqtros.egg-info/top_level.txt
[2.525s] reading manifest file '../../build/first_pyqtros/first_pyqtros.egg-info/SOURCES.txt'
[2.525s] adding license file 'LICENSE'
[2.527s] writing manifest file '../../build/first_pyqtros/first_pyqtros.egg-info/SOURCES.txt'
[2.527s] running build
[2.527s] running build_py
[2.527s] running install
[2.539s] running install_lib
[2.579s] running install_data
[2.580s] running install_egg_info
[2.626s] removing '/home/jonatan/ros2_ws/install/first_pyqtros/lib/python3.12/site-packages/first_pyqtros-0.0.0-py3.12.egg-info' (and everything under it)
[2.630s] Copying ../../build/first_pyqtros/first_pyqtros.egg-info to /home/jonatan/ros2_ws/install/first_pyqtros/lib/python3.12/site-packages/first_pyqtros-0.0.0-py3.12.egg-info
[2.630s] running install_scripts
[2.844s] Installing show_gui script to /home/jonatan/ros2_ws/install/first_pyqtros/lib/first_pyqtros
[2.845s] writing list of installed files to '/home/jonatan/ros2_ws/build/first_pyqtros/install.log'
[2.881s] Invoked command in '/home/jonatan/ros2_ws/src/first_pyqtros' returned '0': PS1=\[\e]0;\u@\h: \w\a\]${debian_chroot:+($debian_chroot)}\[\033[01;32m\]\u@\h\[\033[00m\]:\[\033[01;34m\]\w\[\033[00m\]\$ PYTHONPATH=/home/jonatan/ros2_ws/build/first_pyqtros/prefix_override:/usr/lib/python3/dist-packages/colcon_core/task/python/colcon_distutils_commands:/home/jonatan/ros2_ws/install/first_pyqtros/lib/python3.12/site-packages:${PYTHONPATH} /usr/bin/python3 -W ignore:setup.py install is deprecated -W ignore:easy_install command is deprecated setup.py egg_info --egg-base ../../build/first_pyqtros build --build-base /home/jonatan/ros2_ws/build/first_pyqtros/build install --record /home/jonatan/ros2_ws/build/first_pyqtros/install.log --single-version-externally-managed install_data
