[0.022s] Invoking command in '/home/jonatan/ros2_ws/build/robot_project': CMAKE_PREFIX_PATH=${CMAKE_PREFIX_PATH}:/home/jonatan/ros2_ws/install/turtlesim_interface:/home/jonatan/ros2_ws/install/pubsub_rospyqt:/home/jonatan/ros2_ws/install/first_pyqtros:/home/jonatan/ros2_ws/install/first_project:/opt/ros/jazzy PS1=\[\e]0;\u@\h: \w\a\]${debian_chroot:+($debian_chroot)}\[\033[01;32m\]\u@\h\[\033[00m\]:\[\033[01;34m\]\w\[\033[00m\]\$ /usr/bin/cmake --build /home/jonatan/ros2_ws/build/robot_project -- -j4 -l4
[0.085s] Invoked command in '/home/jonatan/ros2_ws/build/robot_project' returned '0': CMAKE_PREFIX_PATH=${CMAKE_PREFIX_PATH}:/home/jonatan/ros2_ws/install/turtlesim_interface:/home/jonatan/ros2_ws/install/pubsub_rospyqt:/home/jonatan/ros2_ws/install/first_pyqtros:/home/jonatan/ros2_ws/install/first_project:/opt/ros/jazzy PS1=\[\e]0;\u@\h: \w\a\]${debian_chroot:+($debian_chroot)}\[\033[01;32m\]\u@\h\[\033[00m\]:\[\033[01;34m\]\w\[\033[00m\]\$ /usr/bin/cmake --build /home/jonatan/ros2_ws/build/robot_project -- -j4 -l4
[0.100s] Invoking command in '/home/jonatan/ros2_ws/build/robot_project': CMAKE_PREFIX_PATH=${CMAKE_PREFIX_PATH}:/home/jonatan/ros2_ws/install/turtlesim_interface:/home/jonatan/ros2_ws/install/pubsub_rospyqt:/home/jonatan/ros2_ws/install/first_pyqtros:/home/jonatan/ros2_ws/install/first_project:/opt/ros/jazzy PS1=\[\e]0;\u@\h: \w\a\]${debian_chroot:+($debian_chroot)}\[\033[01;32m\]\u@\h\[\033[00m\]:\[\033[01;34m\]\w\[\033[00m\]\$ /usr/bin/cmake --install /home/jonatan/ros2_ws/build/robot_project
[0.116s] -- Install configuration: ""
[0.116s] -- Up-to-date: /home/jonatan/ros2_ws/install/robot_project/share/robot_project/launch
[0.117s] -- Up-to-date: /home/jonatan/ros2_ws/install/robot_project/share/robot_project/launch/gazebo.launch.py
[0.117s] -- Installing: /home/jonatan/ros2_ws/install/robot_project/share/robot_project/launch/complete.launch.py
[0.117s] -- Up-to-date: /home/jonatan/ros2_ws/install/robot_project/share/robot_project/worlds
[0.117s] -- Up-to-date: /home/jonatan/ros2_ws/install/robot_project/share/robot_project/worlds/fws_robot_world.sdf
[0.117s] -- Up-to-date: /home/jonatan/ros2_ws/install/robot_project/share/robot_project/urdf
[0.118s] -- Up-to-date: /home/jonatan/ros2_ws/install/robot_project/share/robot_project/urdf/robot.urdf
[0.118s] -- Up-to-date: /home/jonatan/ros2_ws/install/robot_project/share/ament_index/resource_index/package_run_dependencies/robot_project
[0.118s] -- Up-to-date: /home/jonatan/ros2_ws/install/robot_project/share/ament_index/resource_index/parent_prefix_path/robot_project
[0.118s] -- Up-to-date: /home/jonatan/ros2_ws/install/robot_project/share/robot_project/environment/ament_prefix_path.sh
[0.118s] -- Up-to-date: /home/jonatan/ros2_ws/install/robot_project/share/robot_project/environment/ament_prefix_path.dsv
[0.119s] -- Up-to-date: /home/jonatan/ros2_ws/install/robot_project/share/robot_project/environment/path.sh
[0.119s] -- Up-to-date: /home/jonatan/ros2_ws/install/robot_project/share/robot_project/environment/path.dsv
[0.119s] -- Up-to-date: /home/jonatan/ros2_ws/install/robot_project/share/robot_project/local_setup.bash
[0.119s] -- Up-to-date: /home/jonatan/ros2_ws/install/robot_project/share/robot_project/local_setup.sh
[0.120s] -- Up-to-date: /home/jonatan/ros2_ws/install/robot_project/share/robot_project/local_setup.zsh
[0.120s] -- Up-to-date: /home/jonatan/ros2_ws/install/robot_project/share/robot_project/local_setup.dsv
[0.120s] -- Installing: /home/jonatan/ros2_ws/install/robot_project/share/robot_project/package.dsv
[0.121s] -- Up-to-date: /home/jonatan/ros2_ws/install/robot_project/share/ament_index/resource_index/packages/robot_project
[0.121s] -- Up-to-date: /home/jonatan/ros2_ws/install/robot_project/share/robot_project/cmake/robot_projectConfig.cmake
[0.121s] -- Up-to-date: /home/jonatan/ros2_ws/install/robot_project/share/robot_project/cmake/robot_projectConfig-version.cmake
[0.121s] -- Up-to-date: /home/jonatan/ros2_ws/install/robot_project/share/robot_project/package.xml
[0.123s] Invoked command in '/home/jonatan/ros2_ws/build/robot_project' returned '0': CMAKE_PREFIX_PATH=${CMAKE_PREFIX_PATH}:/home/jonatan/ros2_ws/install/turtlesim_interface:/home/jonatan/ros2_ws/install/pubsub_rospyqt:/home/jonatan/ros2_ws/install/first_pyqtros:/home/jonatan/ros2_ws/install/first_project:/opt/ros/jazzy PS1=\[\e]0;\u@\h: \w\a\]${debian_chroot:+($debian_chroot)}\[\033[01;32m\]\u@\h\[\033[00m\]:\[\033[01;34m\]\w\[\033[00m\]\$ /usr/bin/cmake --install /home/jonatan/ros2_ws/build/robot_project
