[0.442s] Invoking command in '/home/jonatan/ros2_ws/build/my_robot': CMAKE_PREFIX_PATH=${CMAKE_PREFIX_PATH}:/opt/ros/jazzy PS1=\[\e]0;\u@\h: \w\a\]${debian_chroot:+($debian_chroot)}\[\033[01;32m\]\u@\h\[\033[00m\]:\[\033[01;34m\]\w\[\033[00m\]\$ /usr/bin/cmake /home/jonatan/ros2_ws/src/my_robot -DCMAKE_INSTALL_PREFIX=/home/jonatan/ros2_ws/install/my_robot
[0.501s] -- The C compiler identification is GNU 13.3.0
[0.559s] -- The CXX compiler identification is GNU 13.3.0
[0.575s] -- Detecting C compiler ABI info
[0.667s] -- Detecting C compiler ABI info - done
[0.681s] -- Check for working C compiler: /usr/bin/cc - skipped
[0.681s] -- Detecting C compile features
[0.682s] -- Detecting C compile features - done
[0.699s] -- Detecting CXX compiler ABI info
[0.861s] -- Detecting CXX compiler ABI info - done
[0.881s] -- Check for working CXX compiler: /usr/bin/c++ - skipped
[0.883s] -- Detecting CXX compile features
[0.883s] -- Detecting CXX compile features - done
[0.895s] -- Found ament_cmake: 2.5.3 (/opt/ros/jazzy/share/ament_cmake/cmake)
[1.151s] -- Found Python3: /usr/bin/python3 (found version "3.12.3") found components: Interpreter 
[1.358s] -- Found ament_lint_auto: 0.17.2 (/opt/ros/jazzy/share/ament_lint_auto/cmake)
[1.564s] -- Added test 'lint_cmake' to check CMake code style
[1.569s] -- Added test 'xmllint' to check XML markup files
[1.572s] -- Configuring done (1.1s)
[1.577s] -- Generating done (0.0s)
[1.580s] -- Build files have been written to: /home/jonatan/ros2_ws/build/my_robot
[1.590s] Invoked command in '/home/jonatan/ros2_ws/build/my_robot' returned '0': CMAKE_PREFIX_PATH=${CMAKE_PREFIX_PATH}:/opt/ros/jazzy PS1=\[\e]0;\u@\h: \w\a\]${debian_chroot:+($debian_chroot)}\[\033[01;32m\]\u@\h\[\033[00m\]:\[\033[01;34m\]\w\[\033[00m\]\$ /usr/bin/cmake /home/jonatan/ros2_ws/src/my_robot -DCMAKE_INSTALL_PREFIX=/home/jonatan/ros2_ws/install/my_robot
[1.593s] Invoking command in '/home/jonatan/ros2_ws/build/my_robot': CMAKE_PREFIX_PATH=${CMAKE_PREFIX_PATH}:/opt/ros/jazzy PS1=\[\e]0;\u@\h: \w\a\]${debian_chroot:+($debian_chroot)}\[\033[01;32m\]\u@\h\[\033[00m\]:\[\033[01;34m\]\w\[\033[00m\]\$ /usr/bin/cmake --build /home/jonatan/ros2_ws/build/my_robot -- -j4 -l4
[1.662s] Invoked command in '/home/jonatan/ros2_ws/build/my_robot' returned '0': CMAKE_PREFIX_PATH=${CMAKE_PREFIX_PATH}:/opt/ros/jazzy PS1=\[\e]0;\u@\h: \w\a\]${debian_chroot:+($debian_chroot)}\[\033[01;32m\]\u@\h\[\033[00m\]:\[\033[01;34m\]\w\[\033[00m\]\$ /usr/bin/cmake --build /home/jonatan/ros2_ws/build/my_robot -- -j4 -l4
[1.681s] Invoking command in '/home/jonatan/ros2_ws/build/my_robot': CMAKE_PREFIX_PATH=${CMAKE_PREFIX_PATH}:/opt/ros/jazzy PS1=\[\e]0;\u@\h: \w\a\]${debian_chroot:+($debian_chroot)}\[\033[01;32m\]\u@\h\[\033[00m\]:\[\033[01;34m\]\w\[\033[00m\]\$ /usr/bin/cmake --install /home/jonatan/ros2_ws/build/my_robot
[1.696s] -- Install configuration: ""
[1.700s] -- Installing: /home/jonatan/ros2_ws/install/my_robot/share/my_robot/launch
[1.701s] -- Installing: /home/jonatan/ros2_ws/install/my_robot/share/my_robot/launch/display.launch.xml
[1.702s] -- Installing: /home/jonatan/ros2_ws/install/my_robot/share/my_robot/meshes
[1.702s] -- Installing: /home/jonatan/ros2_ws/install/my_robot/share/my_robot/meshes/robot_base.stl
[1.702s] -- Installing: /home/jonatan/ros2_ws/install/my_robot/share/my_robot/urdf
[1.702s] -- Installing: /home/jonatan/ros2_ws/install/my_robot/share/my_robot/urdf/model.urdf
[1.702s] -- Installing: /home/jonatan/ros2_ws/install/my_robot/share/my_robot/config
[1.702s] -- Installing: /home/jonatan/ros2_ws/install/my_robot/share/ament_index/resource_index/package_run_dependencies/my_robot
[1.703s] -- Installing: /home/jonatan/ros2_ws/install/my_robot/share/ament_index/resource_index/parent_prefix_path/my_robot
[1.703s] -- Installing: /home/jonatan/ros2_ws/install/my_robot/share/my_robot/environment/ament_prefix_path.sh
[1.703s] -- Installing: /home/jonatan/ros2_ws/install/my_robot/share/my_robot/environment/ament_prefix_path.dsv
[1.703s] -- Installing: /home/jonatan/ros2_ws/install/my_robot/share/my_robot/environment/path.sh
[1.706s] -- Installing: /home/jonatan/ros2_ws/install/my_robot/share/my_robot/environment/path.dsv
[1.706s] -- Installing: /home/jonatan/ros2_ws/install/my_robot/share/my_robot/local_setup.bash
[1.706s] -- Installing: /home/jonatan/ros2_ws/install/my_robot/share/my_robot/local_setup.sh
[1.707s] -- Installing: /home/jonatan/ros2_ws/install/my_robot/share/my_robot/local_setup.zsh
[1.707s] -- Installing: /home/jonatan/ros2_ws/install/my_robot/share/my_robot/local_setup.dsv
[1.707s] -- Installing: /home/jonatan/ros2_ws/install/my_robot/share/my_robot/package.dsv
[1.707s] -- Installing: /home/jonatan/ros2_ws/install/my_robot/share/ament_index/resource_index/packages/my_robot
[1.707s] -- Installing: /home/jonatan/ros2_ws/install/my_robot/share/my_robot/cmake/my_robotConfig.cmake
[1.707s] -- Installing: /home/jonatan/ros2_ws/install/my_robot/share/my_robot/cmake/my_robotConfig-version.cmake
[1.707s] -- Installing: /home/jonatan/ros2_ws/install/my_robot/share/my_robot/package.xml
[1.710s] Invoked command in '/home/jonatan/ros2_ws/build/my_robot' returned '0': CMAKE_PREFIX_PATH=${CMAKE_PREFIX_PATH}:/opt/ros/jazzy PS1=\[\e]0;\u@\h: \w\a\]${debian_chroot:+($debian_chroot)}\[\033[01;32m\]\u@\h\[\033[00m\]:\[\033[01;34m\]\w\[\033[00m\]\$ /usr/bin/cmake --install /home/jonatan/ros2_ws/build/my_robot
