[2.040s] Invoking command in '/home/jonatan/ros2_ws/src/first_pyqtros': PS1=\[\e]0;\u@\h: \w\a\]${debian_chroot:+($debian_chroot)}\[\033[01;32m\]\u@\h\[\033[00m\]:\[\033[01;34m\]\w\[\033[00m\]\$ PYTHONPATH=/home/jonatan/ros2_ws/build/first_pyqtros/prefix_override:/usr/lib/python3/dist-packages/colcon_core/task/python/colcon_distutils_commands:/home/jonatan/ros2_ws/install/first_pyqtros/lib/python3.12/site-packages:${PYTHONPATH} /usr/bin/python3 -W ignore:setup.py install is deprecated -W ignore:easy_install command is deprecated setup.py egg_info --egg-base ../../build/first_pyqtros build --build-base /home/jonatan/ros2_ws/build/first_pyqtros/build install --record /home/jonatan/ros2_ws/build/first_pyqtros/install.log --single-version-externally-managed install_data
[2.523s] running egg_info
[2.526s] creating ../../build/first_pyqtros/first_pyqtros.egg-info
[2.564s] writing ../../build/first_pyqtros/first_pyqtros.egg-info/PKG-INFO
[2.564s] writing dependency_links to ../../build/first_pyqtros/first_pyqtros.egg-info/dependency_links.txt
[2.565s] writing entry points to ../../build/first_pyqtros/first_pyqtros.egg-info/entry_points.txt
[2.565s] writing requirements to ../../build/first_pyqtros/first_pyqtros.egg-info/requires.txt
[2.566s] writing top-level names to ../../build/first_pyqtros/first_pyqtros.egg-info/top_level.txt
[2.569s] writing manifest file '../../build/first_pyqtros/first_pyqtros.egg-info/SOURCES.txt'
[2.647s] reading manifest file '../../build/first_pyqtros/first_pyqtros.egg-info/SOURCES.txt'
[2.648s] adding license file 'LICENSE'
[2.648s] writing manifest file '../../build/first_pyqtros/first_pyqtros.egg-info/SOURCES.txt'
[2.648s] running build
[2.648s] running build_py
[2.648s] creating /home/jonatan/ros2_ws/build/first_pyqtros/build
[2.648s] creating /home/jonatan/ros2_ws/build/first_pyqtros/build/lib
[2.648s] creating /home/jonatan/ros2_ws/build/first_pyqtros/build/lib/first_pyqtros
[2.649s] copying first_pyqtros/main_code.py -> /home/jonatan/ros2_ws/build/first_pyqtros/build/lib/first_pyqtros
[2.649s] copying first_pyqtros/utils.py -> /home/jonatan/ros2_ws/build/first_pyqtros/build/lib/first_pyqtros
[2.652s] copying first_pyqtros/__init__.py -> /home/jonatan/ros2_ws/build/first_pyqtros/build/lib/first_pyqtros
[2.652s] running install
[2.664s] running install_lib
[2.694s] creating /home/jonatan/ros2_ws/install/first_pyqtros/lib/python3.12/site-packages/first_pyqtros
[2.694s] copying /home/jonatan/ros2_ws/build/first_pyqtros/build/lib/first_pyqtros/main_code.py -> /home/jonatan/ros2_ws/install/first_pyqtros/lib/python3.12/site-packages/first_pyqtros
[2.694s] copying /home/jonatan/ros2_ws/build/first_pyqtros/build/lib/first_pyqtros/utils.py -> /home/jonatan/ros2_ws/install/first_pyqtros/lib/python3.12/site-packages/first_pyqtros
[2.694s] copying /home/jonatan/ros2_ws/build/first_pyqtros/build/lib/first_pyqtros/__init__.py -> /home/jonatan/ros2_ws/install/first_pyqtros/lib/python3.12/site-packages/first_pyqtros
[2.695s] byte-compiling /home/jonatan/ros2_ws/install/first_pyqtros/lib/python3.12/site-packages/first_pyqtros/main_code.py to main_code.cpython-312.pyc
[2.695s] byte-compiling /home/jonatan/ros2_ws/install/first_pyqtros/lib/python3.12/site-packages/first_pyqtros/utils.py to utils.cpython-312.pyc
[2.697s] byte-compiling /home/jonatan/ros2_ws/install/first_pyqtros/lib/python3.12/site-packages/first_pyqtros/__init__.py to __init__.cpython-312.pyc
[2.697s] running install_data
[2.697s] creating /home/jonatan/ros2_ws/install/first_pyqtros/share/ament_index
[2.697s] creating /home/jonatan/ros2_ws/install/first_pyqtros/share/ament_index/resource_index
[2.697s] creating /home/jonatan/ros2_ws/install/first_pyqtros/share/ament_index/resource_index/packages
[2.697s] copying resource/first_pyqtros -> /home/jonatan/ros2_ws/install/first_pyqtros/share/ament_index/resource_index/packages
[2.698s] copying package.xml -> /home/jonatan/ros2_ws/install/first_pyqtros/share/first_pyqtros
[2.698s] running install_egg_info
[2.725s] Copying ../../build/first_pyqtros/first_pyqtros.egg-info to /home/jonatan/ros2_ws/install/first_pyqtros/lib/python3.12/site-packages/first_pyqtros-0.0.0-py3.12.egg-info
[2.726s] running install_scripts
[2.867s] Installing show_gui script to /home/jonatan/ros2_ws/install/first_pyqtros/lib/first_pyqtros
[2.867s] writing list of installed files to '/home/jonatan/ros2_ws/build/first_pyqtros/install.log'
[2.900s] Invoked command in '/home/jonatan/ros2_ws/src/first_pyqtros' returned '0': PS1=\[\e]0;\u@\h: \w\a\]${debian_chroot:+($debian_chroot)}\[\033[01;32m\]\u@\h\[\033[00m\]:\[\033[01;34m\]\w\[\033[00m\]\$ PYTHONPATH=/home/jonatan/ros2_ws/build/first_pyqtros/prefix_override:/usr/lib/python3/dist-packages/colcon_core/task/python/colcon_distutils_commands:/home/jonatan/ros2_ws/install/first_pyqtros/lib/python3.12/site-packages:${PYTHONPATH} /usr/bin/python3 -W ignore:setup.py install is deprecated -W ignore:easy_install command is deprecated setup.py egg_info --egg-base ../../build/first_pyqtros build --build-base /home/jonatan/ros2_ws/build/first_pyqtros/build install --record /home/jonatan/ros2_ws/build/first_pyqtros/install.log --single-version-externally-managed install_data
