[1.220s] Invoking command in '/home/jonatan/ros2_ws/src/turtlesim_interface': PS1=\[\e]0;\u@\h: \w\a\]${debian_chroot:+($debian_chroot)}\[\033[01;32m\]\u@\h\[\033[00m\]:\[\033[01;34m\]\w\[\033[00m\]\$ PYTHONPATH=/home/jonatan/ros2_ws/build/turtlesim_interface/prefix_override:/usr/lib/python3/dist-packages/colcon_core/task/python/colcon_distutils_commands:/home/jonatan/ros2_ws/install/turtlesim_interface/lib/python3.12/site-packages:${PYTHONPATH} /usr/bin/python3 -W ignore:setup.py install is deprecated -W ignore:easy_install command is deprecated setup.py egg_info --egg-base ../../build/turtlesim_interface build --build-base /home/jonatan/ros2_ws/build/turtlesim_interface/build install --record /home/jonatan/ros2_ws/build/turtlesim_interface/install.log --single-version-externally-managed install_data
[1.598s] running egg_info
[1.625s] writing ../../build/turtlesim_interface/turtlesim_interface.egg-info/PKG-INFO
[1.626s] writing dependency_links to ../../build/turtlesim_interface/turtlesim_interface.egg-info/dependency_links.txt
[1.626s] writing entry points to ../../build/turtlesim_interface/turtlesim_interface.egg-info/entry_points.txt
[1.626s] writing requirements to ../../build/turtlesim_interface/turtlesim_interface.egg-info/requires.txt
[1.627s] writing top-level names to ../../build/turtlesim_interface/turtlesim_interface.egg-info/top_level.txt
[1.688s] reading manifest file '../../build/turtlesim_interface/turtlesim_interface.egg-info/SOURCES.txt'
[1.688s] adding license file 'LICENSE'
[1.689s] writing manifest file '../../build/turtlesim_interface/turtlesim_interface.egg-info/SOURCES.txt'
[1.690s] running build
[1.690s] running build_py
[1.690s] running install
[1.698s] running install_lib
[1.727s] running install_data
[1.727s] running install_egg_info
[1.758s] removing '/home/jonatan/ros2_ws/install/turtlesim_interface/lib/python3.12/site-packages/turtlesim_interface-0.0.0-py3.12.egg-info' (and everything under it)
[1.758s] Copying ../../build/turtlesim_interface/turtlesim_interface.egg-info to /home/jonatan/ros2_ws/install/turtlesim_interface/lib/python3.12/site-packages/turtlesim_interface-0.0.0-py3.12.egg-info
[1.760s] running install_scripts
[1.953s] Installing show_gui script to /home/jonatan/ros2_ws/install/turtlesim_interface/lib/turtlesim_interface
[1.954s] writing list of installed files to '/home/jonatan/ros2_ws/build/turtlesim_interface/install.log'
[1.993s] Invoked command in '/home/jonatan/ros2_ws/src/turtlesim_interface' returned '0': PS1=\[\e]0;\u@\h: \w\a\]${debian_chroot:+($debian_chroot)}\[\033[01;32m\]\u@\h\[\033[00m\]:\[\033[01;34m\]\w\[\033[00m\]\$ PYTHONPATH=/home/jonatan/ros2_ws/build/turtlesim_interface/prefix_override:/usr/lib/python3/dist-packages/colcon_core/task/python/colcon_distutils_commands:/home/jonatan/ros2_ws/install/turtlesim_interface/lib/python3.12/site-packages:${PYTHONPATH} /usr/bin/python3 -W ignore:setup.py install is deprecated -W ignore:easy_install command is deprecated setup.py egg_info --egg-base ../../build/turtlesim_interface build --build-base /home/jonatan/ros2_ws/build/turtlesim_interface/build install --record /home/jonatan/ros2_ws/build/turtlesim_interface/install.log --single-version-externally-managed install_data
