[0.019s] Invoking command in '/home/jonatan/ros2_ws/build/my_robot': CMAKE_PREFIX_PATH=${CMAKE_PREFIX_PATH}:/opt/ros/jazzy PS1=\[\e]0;\u@\h: \w\a\]${debian_chroot:+($debian_chroot)}\[\033[01;32m\]\u@\h\[\033[00m\]:\[\033[01;34m\]\w\[\033[00m\]\$ /usr/bin/cmake --build /home/jonatan/ros2_ws/build/my_robot -- -j4 -l4
[0.075s] Invoked command in '/home/jonatan/ros2_ws/build/my_robot' returned '0': CMAKE_PREFIX_PATH=${CMAKE_PREFIX_PATH}:/opt/ros/jazzy PS1=\[\e]0;\u@\h: \w\a\]${debian_chroot:+($debian_chroot)}\[\033[01;32m\]\u@\h\[\033[00m\]:\[\033[01;34m\]\w\[\033[00m\]\$ /usr/bin/cmake --build /home/jonatan/ros2_ws/build/my_robot -- -j4 -l4
[0.088s] Invoking command in '/home/jonatan/ros2_ws/build/my_robot': CMAKE_PREFIX_PATH=${CMAKE_PREFIX_PATH}:/opt/ros/jazzy PS1=\[\e]0;\u@\h: \w\a\]${debian_chroot:+($debian_chroot)}\[\033[01;32m\]\u@\h\[\033[00m\]:\[\033[01;34m\]\w\[\033[00m\]\$ /usr/bin/cmake --install /home/jonatan/ros2_ws/build/my_robot
[0.101s] -- Install configuration: ""
[0.101s] -- Up-to-date: /home/jonatan/ros2_ws/install/my_robot/share/my_robot/launch
[0.102s] -- Up-to-date: /home/jonatan/ros2_ws/install/my_robot/share/my_robot/launch/gz_urdf_launch.launch.py
[0.102s] -- Installing: /home/jonatan/ros2_ws/install/my_robot/share/my_robot/launch/display.launch.xml
[0.102s] -- Up-to-date: /home/jonatan/ros2_ws/install/my_robot/share/my_robot/launch/two_wheeled.launch.py
[0.102s] -- Up-to-date: /home/jonatan/ros2_ws/install/my_robot/share/my_robot/meshes
[0.102s] -- Up-to-date: /home/jonatan/ros2_ws/install/my_robot/share/my_robot/meshes/robot_base.stl
[0.103s] -- Up-to-date: /home/jonatan/ros2_ws/install/my_robot/share/my_robot/urdf
[0.103s] -- Up-to-date: /home/jonatan/ros2_ws/install/my_robot/share/my_robot/urdf/model.urdf
[0.103s] -- Up-to-date: /home/jonatan/ros2_ws/install/my_robot/share/my_robot/urdf/model _robot.xacro
[0.103s] -- Up-to-date: /home/jonatan/ros2_ws/install/my_robot/share/my_robot/config
[0.104s] -- Up-to-date: /home/jonatan/ros2_ws/install/my_robot/share/my_robot/config/my_robot_config.rviz
[0.104s] -- Up-to-date: /home/jonatan/ros2_ws/install/my_robot/share/my_robot/config/my_robot.rviz
[0.104s] -- Up-to-date: /home/jonatan/ros2_ws/install/my_robot/share/my_robot/worlds
[0.104s] -- Up-to-date: /home/jonatan/ros2_ws/install/my_robot/share/my_robot/worlds/fws_robot_world.sdf
[0.104s] -- Up-to-date: /home/jonatan/ros2_ws/install/my_robot/share/my_robot/rviz
[0.104s] -- Up-to-date: /home/jonatan/ros2_ws/install/my_robot/share/my_robot/rviz/urdf_gazebo_config.rviz
[0.105s] -- Up-to-date: /home/jonatan/ros2_ws/install/my_robot/share/ament_index/resource_index/package_run_dependencies/my_robot
[0.105s] -- Up-to-date: /home/jonatan/ros2_ws/install/my_robot/share/ament_index/resource_index/parent_prefix_path/my_robot
[0.105s] -- Up-to-date: /home/jonatan/ros2_ws/install/my_robot/share/my_robot/environment/ament_prefix_path.sh
[0.105s] -- Up-to-date: /home/jonatan/ros2_ws/install/my_robot/share/my_robot/environment/ament_prefix_path.dsv
[0.105s] -- Up-to-date: /home/jonatan/ros2_ws/install/my_robot/share/my_robot/environment/path.sh
[0.105s] -- Up-to-date: /home/jonatan/ros2_ws/install/my_robot/share/my_robot/environment/path.dsv
[0.106s] -- Up-to-date: /home/jonatan/ros2_ws/install/my_robot/share/my_robot/local_setup.bash
[0.106s] -- Up-to-date: /home/jonatan/ros2_ws/install/my_robot/share/my_robot/local_setup.sh
[0.106s] -- Up-to-date: /home/jonatan/ros2_ws/install/my_robot/share/my_robot/local_setup.zsh
[0.106s] -- Up-to-date: /home/jonatan/ros2_ws/install/my_robot/share/my_robot/local_setup.dsv
[0.106s] -- Installing: /home/jonatan/ros2_ws/install/my_robot/share/my_robot/package.dsv
[0.106s] -- Up-to-date: /home/jonatan/ros2_ws/install/my_robot/share/ament_index/resource_index/packages/my_robot
[0.107s] -- Up-to-date: /home/jonatan/ros2_ws/install/my_robot/share/my_robot/cmake/my_robotConfig.cmake
[0.107s] -- Up-to-date: /home/jonatan/ros2_ws/install/my_robot/share/my_robot/cmake/my_robotConfig-version.cmake
[0.107s] -- Up-to-date: /home/jonatan/ros2_ws/install/my_robot/share/my_robot/package.xml
[0.108s] Invoked command in '/home/jonatan/ros2_ws/build/my_robot' returned '0': CMAKE_PREFIX_PATH=${CMAKE_PREFIX_PATH}:/opt/ros/jazzy PS1=\[\e]0;\u@\h: \w\a\]${debian_chroot:+($debian_chroot)}\[\033[01;32m\]\u@\h\[\033[00m\]:\[\033[01;34m\]\w\[\033[00m\]\$ /usr/bin/cmake --install /home/jonatan/ros2_ws/build/my_robot
