-- Install configuration: ""
-- Up-to-date: /home/jonatan/ros2_ws/install/my_robot/share/my_robot/launch
-- Up-to-date: /home/jonatan/ros2_ws/install/my_robot/share/my_robot/launch/gz_urdf_launch.launch.py
-- Installing: /home/jonatan/ros2_ws/install/my_robot/share/my_robot/launch/display.launch.xml
-- Up-to-date: /home/jonatan/ros2_ws/install/my_robot/share/my_robot/launch/two_wheeled.launch.py
-- Up-to-date: /home/jonatan/ros2_ws/install/my_robot/share/my_robot/meshes
-- Up-to-date: /home/jonatan/ros2_ws/install/my_robot/share/my_robot/meshes/robot_base.stl
-- Up-to-date: /home/jonatan/ros2_ws/install/my_robot/share/my_robot/urdf
-- Up-to-date: /home/jonatan/ros2_ws/install/my_robot/share/my_robot/urdf/modelcopy.urdf
-- Up-to-date: /home/jonatan/ros2_ws/install/my_robot/share/my_robot/urdf/robot.xacro
-- Up-to-date: /home/jonatan/ros2_ws/install/my_robot/share/my_robot/urdf/model.urdf
-- Up-to-date: /home/jonatan/ros2_ws/install/my_robot/share/my_robot/config
-- Up-to-date: /home/jonatan/ros2_ws/install/my_robot/share/my_robot/config/my_robot_config.rviz
-- Up-to-date: /home/jonatan/ros2_ws/install/my_robot/share/my_robot/config/my_robot.rviz
-- Up-to-date: /home/jonatan/ros2_ws/install/my_robot/share/my_robot/worlds
-- Up-to-date: /home/jonatan/ros2_ws/install/my_robot/share/my_robot/worlds/fws_robot_world.sdf
-- Up-to-date: /home/jonatan/ros2_ws/install/my_robot/share/my_robot/rviz
-- Up-to-date: /home/jonatan/ros2_ws/install/my_robot/share/my_robot/rviz/urdf_gazebo_config.rviz
-- Up-to-date: /home/jonatan/ros2_ws/install/my_robot/share/my_robot/parts
-- Up-to-date: /home/jonatan/ros2_ws/install/my_robot/share/my_robot/parts/lidar
-- Up-to-date: /home/jonatan/ros2_ws/install/my_robot/share/my_robot/parts/lidar/lidar.xacro
-- Up-to-date: /home/jonatan/ros2_ws/install/my_robot/share/my_robot/parts/lidar/lidar.gazebo.xacro
-- Up-to-date: /home/jonatan/ros2_ws/install/my_robot/share/my_robot/parts/footprint
-- Up-to-date: /home/jonatan/ros2_ws/install/my_robot/share/my_robot/parts/footprint/footprint.xacro
-- Up-to-date: /home/jonatan/ros2_ws/install/my_robot/share/my_robot/parts/prop
-- Up-to-date: /home/jonatan/ros2_ws/install/my_robot/share/my_robot/parts/prop/property.xacro
-- Up-to-date: /home/jonatan/ros2_ws/install/my_robot/share/my_robot/parts/wheel
-- Up-to-date: /home/jonatan/ros2_ws/install/my_robot/share/my_robot/parts/wheel/wheel.xacro
-- Up-to-date: /home/jonatan/ros2_ws/install/my_robot/share/my_robot/parts/wheel/wheel.gazebo.xacro
-- Up-to-date: /home/jonatan/ros2_ws/install/my_robot/share/my_robot/parts/caster
-- Up-to-date: /home/jonatan/ros2_ws/install/my_robot/share/my_robot/parts/caster/caster.xacro
-- Up-to-date: /home/jonatan/ros2_ws/install/my_robot/share/my_robot/parts/imu
-- Up-to-date: /home/jonatan/ros2_ws/install/my_robot/share/my_robot/parts/imu/imu.gazebo.xacro
-- Up-to-date: /home/jonatan/ros2_ws/install/my_robot/share/my_robot/parts/imu/imu.xacro
-- Up-to-date: /home/jonatan/ros2_ws/install/my_robot/share/my_robot/parts/base
-- Up-to-date: /home/jonatan/ros2_ws/install/my_robot/share/my_robot/parts/base/base.urdf.xacro
-- Up-to-date: /home/jonatan/ros2_ws/install/my_robot/share/my_robot/parts/base/base.gazebo.xacro
-- Up-to-date: /home/jonatan/ros2_ws/install/my_robot/share/ament_index/resource_index/package_run_dependencies/my_robot
-- Up-to-date: /home/jonatan/ros2_ws/install/my_robot/share/ament_index/resource_index/parent_prefix_path/my_robot
-- Up-to-date: /home/jonatan/ros2_ws/install/my_robot/share/my_robot/environment/ament_prefix_path.sh
-- Up-to-date: /home/jonatan/ros2_ws/install/my_robot/share/my_robot/environment/ament_prefix_path.dsv
-- Up-to-date: /home/jonatan/ros2_ws/install/my_robot/share/my_robot/environment/path.sh
-- Up-to-date: /home/jonatan/ros2_ws/install/my_robot/share/my_robot/environment/path.dsv
-- Up-to-date: /home/jonatan/ros2_ws/install/my_robot/share/my_robot/local_setup.bash
-- Up-to-date: /home/jonatan/ros2_ws/install/my_robot/share/my_robot/local_setup.sh
-- Up-to-date: /home/jonatan/ros2_ws/install/my_robot/share/my_robot/local_setup.zsh
-- Up-to-date: /home/jonatan/ros2_ws/install/my_robot/share/my_robot/local_setup.dsv
-- Installing: /home/jonatan/ros2_ws/install/my_robot/share/my_robot/package.dsv
-- Up-to-date: /home/jonatan/ros2_ws/install/my_robot/share/ament_index/resource_index/packages/my_robot
-- Up-to-date: /home/jonatan/ros2_ws/install/my_robot/share/my_robot/cmake/my_robotConfig.cmake
-- Up-to-date: /home/jonatan/ros2_ws/install/my_robot/share/my_robot/cmake/my_robotConfig-version.cmake
-- Up-to-date: /home/jonatan/ros2_ws/install/my_robot/share/my_robot/package.xml
