[0.018s] Invoking command in '/home/jonatan/ros2_ws/build/articubot_one': CMAKE_PREFIX_PATH=${CMAKE_PREFIX_PATH}:/opt/ros/jazzy PS1=\[\e]0;\u@\h: \w\a\]${debian_chroot:+($debian_chroot)}\[\033[01;32m\]\u@\h\[\033[00m\]:\[\033[01;34m\]\w\[\033[00m\]\$ /usr/bin/cmake --build /home/jonatan/ros2_ws/build/articubot_one -- -j4 -l4
[0.099s] Built target ament_cmake_python_copy_articubot_one
[0.456s] running egg_info
[0.488s] writing articubot_one.egg-info/PKG-INFO
[0.488s] writing dependency_links to articubot_one.egg-info/dependency_links.txt
[0.488s] writing top-level names to articubot_one.egg-info/top_level.txt
[0.581s] reading manifest file 'articubot_one.egg-info/SOURCES.txt'
[0.582s] writing manifest file 'articubot_one.egg-info/SOURCES.txt'
[0.625s] Built target ament_cmake_python_build_articubot_one_egg
[0.640s] Invoked command in '/home/jonatan/ros2_ws/build/articubot_one' returned '0': CMAKE_PREFIX_PATH=${CMAKE_PREFIX_PATH}:/opt/ros/jazzy PS1=\[\e]0;\u@\h: \w\a\]${debian_chroot:+($debian_chroot)}\[\033[01;32m\]\u@\h\[\033[00m\]:\[\033[01;34m\]\w\[\033[00m\]\$ /usr/bin/cmake --build /home/jonatan/ros2_ws/build/articubot_one -- -j4 -l4
[0.654s] Invoking command in '/home/jonatan/ros2_ws/build/articubot_one': CMAKE_PREFIX_PATH=${CMAKE_PREFIX_PATH}:/opt/ros/jazzy PS1=\[\e]0;\u@\h: \w\a\]${debian_chroot:+($debian_chroot)}\[\033[01;32m\]\u@\h\[\033[00m\]:\[\033[01;34m\]\w\[\033[00m\]\$ /usr/bin/cmake --install /home/jonatan/ros2_ws/build/articubot_one
[0.667s] -- Install configuration: ""
[0.667s] -- Up-to-date: /home/jonatan/ros2_ws/install/articubot_one/share/articubot_one/environment/pythonpath.sh
[0.667s] -- Up-to-date: /home/jonatan/ros2_ws/install/articubot_one/share/articubot_one/environment/pythonpath.dsv
[0.667s] -- Up-to-date: /home/jonatan/ros2_ws/install/articubot_one/lib/python3.12/site-packages/articubot_one-0.0.0-py3.12.egg-info
[0.668s] -- Installing: /home/jonatan/ros2_ws/install/articubot_one/lib/python3.12/site-packages/articubot_one-0.0.0-py3.12.egg-info/top_level.txt
[0.668s] -- Installing: /home/jonatan/ros2_ws/install/articubot_one/lib/python3.12/site-packages/articubot_one-0.0.0-py3.12.egg-info/dependency_links.txt
[0.668s] -- Installing: /home/jonatan/ros2_ws/install/articubot_one/lib/python3.12/site-packages/articubot_one-0.0.0-py3.12.egg-info/PKG-INFO
[0.668s] -- Installing: /home/jonatan/ros2_ws/install/articubot_one/lib/python3.12/site-packages/articubot_one-0.0.0-py3.12.egg-info/SOURCES.txt
[0.668s] -- Up-to-date: /home/jonatan/ros2_ws/install/articubot_one/lib/python3.12/site-packages/articubot_one
[0.668s] -- Up-to-date: /home/jonatan/ros2_ws/install/articubot_one/lib/python3.12/site-packages/articubot_one/obstacle_avoidance.py
[0.668s] -- Up-to-date: /home/jonatan/ros2_ws/install/articubot_one/lib/python3.12/site-packages/articubot_one/__init__.py
[0.720s] Listing '/home/jonatan/ros2_ws/install/articubot_one/lib/python3.12/site-packages/articubot_one'...
[0.728s] -- Up-to-date: /home/jonatan/ros2_ws/install/articubot_one/lib/articubot_one/obstacle_avoidance.py
[0.729s] -- Up-to-date: /home/jonatan/ros2_ws/install/articubot_one/share/articubot_one/config
[0.729s] -- Up-to-date: /home/jonatan/ros2_ws/install/articubot_one/share/articubot_one/config/nav2_params.yaml
[0.729s] -- Up-to-date: /home/jonatan/ros2_ws/install/articubot_one/share/articubot_one/config/ball_tracker_params_robot.yaml
[0.730s] -- Up-to-date: /home/jonatan/ros2_ws/install/articubot_one/share/articubot_one/config/joystick.yaml
[0.730s] -- Up-to-date: /home/jonatan/ros2_ws/install/articubot_one/share/articubot_one/config/mapper_params_online_async.yaml
[0.730s] -- Up-to-date: /home/jonatan/ros2_ws/install/articubot_one/share/articubot_one/config/twist_mux.yaml
[0.731s] -- Up-to-date: /home/jonatan/ros2_ws/install/articubot_one/share/articubot_one/config/ball_tracker_params_sim.yaml
[0.731s] -- Up-to-date: /home/jonatan/ros2_ws/install/articubot_one/share/articubot_one/config/map.rviz
[0.732s] -- Up-to-date: /home/jonatan/ros2_ws/install/articubot_one/share/articubot_one/config/gz_bridge.yaml
[0.732s] -- Up-to-date: /home/jonatan/ros2_ws/install/articubot_one/share/articubot_one/config/view_bot.rviz
[0.733s] -- Up-to-date: /home/jonatan/ros2_ws/install/articubot_one/share/articubot_one/config/drive_bot.rviz
[0.733s] -- Up-to-date: /home/jonatan/ros2_ws/install/articubot_one/share/articubot_one/config/my_controllers.yaml
[0.733s] -- Up-to-date: /home/jonatan/ros2_ws/install/articubot_one/share/articubot_one/config/main.rviz
[0.733s] -- Up-to-date: /home/jonatan/ros2_ws/install/articubot_one/share/articubot_one/config/gaz_ros2_ctl_use_sim.yaml
[0.733s] -- Up-to-date: /home/jonatan/ros2_ws/install/articubot_one/share/articubot_one/config/empty.yaml
[0.734s] -- Up-to-date: /home/jonatan/ros2_ws/install/articubot_one/share/articubot_one/description
[0.734s] -- Up-to-date: /home/jonatan/ros2_ws/install/articubot_one/share/articubot_one/description/gazebo_control.xacro
[0.734s] -- Up-to-date: /home/jonatan/ros2_ws/install/articubot_one/share/articubot_one/description/lidar.xacro
[0.734s] -- Up-to-date: /home/jonatan/ros2_ws/install/articubot_one/share/articubot_one/description/inertial_macros.xacro
[0.734s] -- Up-to-date: /home/jonatan/ros2_ws/install/articubot_one/share/articubot_one/description/face.xacro
[0.735s] -- Up-to-date: /home/jonatan/ros2_ws/install/articubot_one/share/articubot_one/description/camera.xacro
[0.735s] -- Up-to-date: /home/jonatan/ros2_ws/install/articubot_one/share/articubot_one/description/depth_camera.xacro
[0.735s] -- Up-to-date: /home/jonatan/ros2_ws/install/articubot_one/share/articubot_one/description/robot_core.xacro
[0.735s] -- Up-to-date: /home/jonatan/ros2_ws/install/articubot_one/share/articubot_one/description/robot.urdf.xacro
[0.735s] -- Up-to-date: /home/jonatan/ros2_ws/install/articubot_one/share/articubot_one/description/ros2_control.xacro
[0.735s] -- Up-to-date: /home/jonatan/ros2_ws/install/articubot_one/share/articubot_one/launch
[0.736s] -- Up-to-date: /home/jonatan/ros2_ws/install/articubot_one/share/articubot_one/launch/joystick.launch.py
[0.736s] -- Up-to-date: /home/jonatan/ros2_ws/install/articubot_one/share/articubot_one/launch/online_async_launch.py
[0.736s] -- Up-to-date: /home/jonatan/ros2_ws/install/articubot_one/share/articubot_one/launch/ball_tracker.launch.py
[0.736s] -- Up-to-date: /home/jonatan/ros2_ws/install/articubot_one/share/articubot_one/launch/localization_launch.py
[0.736s] -- Up-to-date: /home/jonatan/ros2_ws/install/articubot_one/share/articubot_one/launch/rviz_gazebo.launch.py
[0.736s] -- Up-to-date: /home/jonatan/ros2_ws/install/articubot_one/share/articubot_one/launch/navigation_launch.py
[0.736s] -- Up-to-date: /home/jonatan/ros2_ws/install/articubot_one/share/articubot_one/launch/rsp.launch.py
[0.736s] -- Up-to-date: /home/jonatan/ros2_ws/install/articubot_one/share/articubot_one/launch/launch_robot.launch.py
[0.736s] -- Up-to-date: /home/jonatan/ros2_ws/install/articubot_one/share/articubot_one/launch/camera.launch.py
[0.737s] -- Up-to-date: /home/jonatan/ros2_ws/install/articubot_one/share/articubot_one/launch/rplidar.launch.py
[0.737s] -- Up-to-date: /home/jonatan/ros2_ws/install/articubot_one/share/articubot_one/launch/launch_sim.launch.py
[0.737s] -- Up-to-date: /home/jonatan/ros2_ws/install/articubot_one/share/articubot_one/worlds
[0.737s] -- Up-to-date: /home/jonatan/ros2_ws/install/articubot_one/share/articubot_one/worlds/obstacles.world
[0.737s] -- Up-to-date: /home/jonatan/ros2_ws/install/articubot_one/share/articubot_one/worlds/empty.world
[0.738s] -- Up-to-date: /home/jonatan/ros2_ws/install/articubot_one/share/articubot_one/articubot_one
[0.738s] -- Up-to-date: /home/jonatan/ros2_ws/install/articubot_one/share/articubot_one/articubot_one/obstacle_avoidance.py
[0.738s] -- Up-to-date: /home/jonatan/ros2_ws/install/articubot_one/share/articubot_one/articubot_one/__init__.py
[0.738s] -- Up-to-date: /home/jonatan/ros2_ws/install/articubot_one/share/articubot_one/test
[0.739s] -- Up-to-date: /home/jonatan/ros2_ws/install/articubot_one/share/articubot_one/test/pytest
[0.739s] -- Installing: /home/jonatan/ros2_ws/install/articubot_one/share/articubot_one/test/pytest/__pycache__
[0.739s] -- Installing: /home/jonatan/ros2_ws/install/articubot_one/share/articubot_one/test/pytest/__pycache__/test_laserObstacle.cpython-312-pytest-7.4.4.pyc
[0.740s] -- Installing: /home/jonatan/ros2_ws/install/articubot_one/share/articubot_one/test/pytest/test_laserObstacle.py
[0.740s] -- Up-to-date: /home/jonatan/ros2_ws/install/articubot_one/share/ament_index/resource_index/package_run_dependencies/articubot_one
[0.740s] -- Up-to-date: /home/jonatan/ros2_ws/install/articubot_one/share/ament_index/resource_index/parent_prefix_path/articubot_one
[0.740s] -- Up-to-date: /home/jonatan/ros2_ws/install/articubot_one/share/articubot_one/environment/ament_prefix_path.sh
[0.741s] -- Up-to-date: /home/jonatan/ros2_ws/install/articubot_one/share/articubot_one/environment/ament_prefix_path.dsv
[0.741s] -- Up-to-date: /home/jonatan/ros2_ws/install/articubot_one/share/articubot_one/environment/path.sh
[0.741s] -- Up-to-date: /home/jonatan/ros2_ws/install/articubot_one/share/articubot_one/environment/path.dsv
[0.741s] -- Up-to-date: /home/jonatan/ros2_ws/install/articubot_one/share/articubot_one/local_setup.bash
[0.741s] -- Up-to-date: /home/jonatan/ros2_ws/install/articubot_one/share/articubot_one/local_setup.sh
[0.742s] -- Up-to-date: /home/jonatan/ros2_ws/install/articubot_one/share/articubot_one/local_setup.zsh
[0.742s] -- Up-to-date: /home/jonatan/ros2_ws/install/articubot_one/share/articubot_one/local_setup.dsv
[0.742s] -- Installing: /home/jonatan/ros2_ws/install/articubot_one/share/articubot_one/package.dsv
[0.742s] -- Up-to-date: /home/jonatan/ros2_ws/install/articubot_one/share/ament_index/resource_index/packages/articubot_one
[0.742s] -- Up-to-date: /home/jonatan/ros2_ws/install/articubot_one/share/articubot_one/cmake/articubot_oneConfig.cmake
[0.743s] -- Up-to-date: /home/jonatan/ros2_ws/install/articubot_one/share/articubot_one/cmake/articubot_oneConfig-version.cmake
[0.743s] -- Up-to-date: /home/jonatan/ros2_ws/install/articubot_one/share/articubot_one/package.xml
[0.743s] Invoked command in '/home/jonatan/ros2_ws/build/articubot_one' returned '0': CMAKE_PREFIX_PATH=${CMAKE_PREFIX_PATH}:/opt/ros/jazzy PS1=\[\e]0;\u@\h: \w\a\]${debian_chroot:+($debian_chroot)}\[\033[01;32m\]\u@\h\[\033[00m\]:\[\033[01;34m\]\w\[\033[00m\]\$ /usr/bin/cmake --install /home/jonatan/ros2_ws/build/articubot_one
