[0.104s] DEBUG:colcon:Command line arguments: ['/usr/bin/colcon', 'build']
[0.104s] DEBUG:colcon:Parsed command line arguments: Namespace(log_base=None, log_level=None, verb_name='build', build_base='build', install_base='install', merge_install=False, symlink_install=False, test_result_base=None, continue_on_error=False, executor='parallel', parallel_workers=4, event_handlers=None, ignore_user_meta=False, metas=['./colcon.meta'], base_paths=['.'], packages_ignore=None, packages_ignore_regex=None, paths=None, packages_up_to=None, packages_up_to_regex=None, packages_above=None, packages_above_and_dependencies=None, packages_above_depth=None, packages_select_by_dep=None, packages_skip_by_dep=None, packages_skip_up_to=None, packages_select_build_failed=False, packages_skip_build_finished=False, packages_select_test_failures=False, packages_skip_test_passed=False, packages_select=None, packages_skip=None, packages_select_regex=None, packages_skip_regex=None, packages_start=None, packages_end=None, allow_overriding=[], cmake_args=None, cmake_target=None, cmake_target_skip_unavailable=False, cmake_clean_cache=False, cmake_clean_first=False, cmake_force_configure=False, ament_cmake_args=None, catkin_cmake_args=None, catkin_skip_building_tests=False, mixin_files=None, mixin=None, verb_parser=<colcon_mixin.mixin.mixin_argument.MixinArgumentDecorator object at 0x771bd8e98350>, verb_extension=<colcon_core.verb.build.BuildVerb object at 0x771bd8e7bf80>, main=<bound method BuildVerb.main of <colcon_core.verb.build.BuildVerb object at 0x771bd8e7bf80>>, mixin_verb=('build',))
[0.141s] Level 1:colcon.colcon_core.package_discovery:discover_packages(colcon_meta) check parameters
[0.142s] Level 1:colcon.colcon_core.package_discovery:discover_packages(recursive) check parameters
[0.142s] Level 1:colcon.colcon_core.package_discovery:discover_packages(ignore) check parameters
[0.142s] Level 1:colcon.colcon_core.package_discovery:discover_packages(path) check parameters
[0.142s] Level 1:colcon.colcon_core.package_discovery:discover_packages(colcon_meta) discover
[0.142s] Level 1:colcon.colcon_core.package_discovery:discover_packages(recursive) discover
[0.142s] INFO:colcon.colcon_core.package_discovery:Crawling recursively for packages in '/home/jonatan/ros2_ws'
[0.142s] Level 1:colcon.colcon_core.package_identification:_identify(.) by extensions ['ignore', 'ignore_ament_install']
[0.142s] Level 1:colcon.colcon_core.package_identification:_identify(.) by extension 'ignore'
[0.142s] Level 1:colcon.colcon_core.package_identification:_identify(.) by extension 'ignore_ament_install'
[0.142s] Level 1:colcon.colcon_core.package_identification:_identify(.) by extensions ['colcon_pkg']
[0.142s] Level 1:colcon.colcon_core.package_identification:_identify(.) by extension 'colcon_pkg'
[0.142s] Level 1:colcon.colcon_core.package_identification:_identify(.) by extensions ['colcon_meta']
[0.142s] Level 1:colcon.colcon_core.package_identification:_identify(.) by extension 'colcon_meta'
[0.142s] Level 1:colcon.colcon_core.package_identification:_identify(.) by extensions ['ros']
[0.142s] Level 1:colcon.colcon_core.package_identification:_identify(.) by extension 'ros'
[0.167s] Level 1:colcon.colcon_core.package_identification:_identify(.) by extensions ['cmake', 'python']
[0.167s] Level 1:colcon.colcon_core.package_identification:_identify(.) by extension 'cmake'
[0.167s] Level 1:colcon.colcon_core.package_identification:_identify(.) by extension 'python'
[0.167s] Level 1:colcon.colcon_core.package_identification:_identify(.) by extensions ['python_setup_py']
[0.167s] Level 1:colcon.colcon_core.package_identification:_identify(.) by extension 'python_setup_py'
[0.167s] Level 1:colcon.colcon_core.package_identification:_identify(build) by extensions ['ignore', 'ignore_ament_install']
[0.167s] Level 1:colcon.colcon_core.package_identification:_identify(build) by extension 'ignore'
[0.167s] Level 1:colcon.colcon_core.package_identification:_identify(build) ignored
[0.167s] Level 1:colcon.colcon_core.package_identification:_identify(install) by extensions ['ignore', 'ignore_ament_install']
[0.167s] Level 1:colcon.colcon_core.package_identification:_identify(install) by extension 'ignore'
[0.167s] Level 1:colcon.colcon_core.package_identification:_identify(install) ignored
[0.167s] Level 1:colcon.colcon_core.package_identification:_identify(log) by extensions ['ignore', 'ignore_ament_install']
[0.168s] Level 1:colcon.colcon_core.package_identification:_identify(log) by extension 'ignore'
[0.168s] Level 1:colcon.colcon_core.package_identification:_identify(log) ignored
[0.168s] Level 1:colcon.colcon_core.package_identification:_identify(src) by extensions ['ignore', 'ignore_ament_install']
[0.168s] Level 1:colcon.colcon_core.package_identification:_identify(src) by extension 'ignore'
[0.168s] Level 1:colcon.colcon_core.package_identification:_identify(src) by extension 'ignore_ament_install'
[0.168s] Level 1:colcon.colcon_core.package_identification:_identify(src) by extensions ['colcon_pkg']
[0.168s] Level 1:colcon.colcon_core.package_identification:_identify(src) by extension 'colcon_pkg'
[0.168s] Level 1:colcon.colcon_core.package_identification:_identify(src) by extensions ['colcon_meta']
[0.168s] Level 1:colcon.colcon_core.package_identification:_identify(src) by extension 'colcon_meta'
[0.168s] Level 1:colcon.colcon_core.package_identification:_identify(src) by extensions ['ros']
[0.168s] Level 1:colcon.colcon_core.package_identification:_identify(src) by extension 'ros'
[0.168s] Level 1:colcon.colcon_core.package_identification:_identify(src) by extensions ['cmake', 'python']
[0.168s] Level 1:colcon.colcon_core.package_identification:_identify(src) by extension 'cmake'
[0.168s] Level 1:colcon.colcon_core.package_identification:_identify(src) by extension 'python'
[0.168s] Level 1:colcon.colcon_core.package_identification:_identify(src) by extensions ['python_setup_py']
[0.168s] Level 1:colcon.colcon_core.package_identification:_identify(src) by extension 'python_setup_py'
[0.168s] Level 1:colcon.colcon_core.package_identification:_identify(src/first_project) by extensions ['ignore', 'ignore_ament_install']
[0.168s] Level 1:colcon.colcon_core.package_identification:_identify(src/first_project) by extension 'ignore'
[0.168s] Level 1:colcon.colcon_core.package_identification:_identify(src/first_project) by extension 'ignore_ament_install'
[0.168s] Level 1:colcon.colcon_core.package_identification:_identify(src/first_project) by extensions ['colcon_pkg']
[0.168s] Level 1:colcon.colcon_core.package_identification:_identify(src/first_project) by extension 'colcon_pkg'
[0.169s] Level 1:colcon.colcon_core.package_identification:_identify(src/first_project) by extensions ['colcon_meta']
[0.169s] Level 1:colcon.colcon_core.package_identification:_identify(src/first_project) by extension 'colcon_meta'
[0.169s] Level 1:colcon.colcon_core.package_identification:_identify(src/first_project) by extensions ['ros']
[0.169s] Level 1:colcon.colcon_core.package_identification:_identify(src/first_project) by extension 'ros'
[0.171s] DEBUG:colcon.colcon_core.package_identification:Package 'src/first_project' with type 'ros.ament_python' and name 'first_project'
[0.171s] Level 1:colcon.colcon_core.package_identification:_identify(src/first_pyqtros) by extensions ['ignore', 'ignore_ament_install']
[0.171s] Level 1:colcon.colcon_core.package_identification:_identify(src/first_pyqtros) by extension 'ignore'
[0.171s] Level 1:colcon.colcon_core.package_identification:_identify(src/first_pyqtros) by extension 'ignore_ament_install'
[0.171s] Level 1:colcon.colcon_core.package_identification:_identify(src/first_pyqtros) by extensions ['colcon_pkg']
[0.171s] Level 1:colcon.colcon_core.package_identification:_identify(src/first_pyqtros) by extension 'colcon_pkg'
[0.171s] Level 1:colcon.colcon_core.package_identification:_identify(src/first_pyqtros) by extensions ['colcon_meta']
[0.171s] Level 1:colcon.colcon_core.package_identification:_identify(src/first_pyqtros) by extension 'colcon_meta'
[0.171s] Level 1:colcon.colcon_core.package_identification:_identify(src/first_pyqtros) by extensions ['ros']
[0.171s] Level 1:colcon.colcon_core.package_identification:_identify(src/first_pyqtros) by extension 'ros'
[0.172s] DEBUG:colcon.colcon_core.package_identification:Package 'src/first_pyqtros' with type 'ros.ament_python' and name 'first_pyqtros'
[0.172s] Level 1:colcon.colcon_core.package_identification:_identify(src/my_robot) by extensions ['ignore', 'ignore_ament_install']
[0.172s] Level 1:colcon.colcon_core.package_identification:_identify(src/my_robot) by extension 'ignore'
[0.172s] Level 1:colcon.colcon_core.package_identification:_identify(src/my_robot) by extension 'ignore_ament_install'
[0.172s] Level 1:colcon.colcon_core.package_identification:_identify(src/my_robot) by extensions ['colcon_pkg']
[0.172s] Level 1:colcon.colcon_core.package_identification:_identify(src/my_robot) by extension 'colcon_pkg'
[0.172s] Level 1:colcon.colcon_core.package_identification:_identify(src/my_robot) by extensions ['colcon_meta']
[0.172s] Level 1:colcon.colcon_core.package_identification:_identify(src/my_robot) by extension 'colcon_meta'
[0.172s] Level 1:colcon.colcon_core.package_identification:_identify(src/my_robot) by extensions ['ros']
[0.172s] Level 1:colcon.colcon_core.package_identification:_identify(src/my_robot) by extension 'ros'
[0.172s] DEBUG:colcon.colcon_core.package_identification:Package 'src/my_robot' with type 'ros.ament_cmake' and name 'my_robot'
[0.172s] Level 1:colcon.colcon_core.package_identification:_identify(src/pubsub_rospyqt) by extensions ['ignore', 'ignore_ament_install']
[0.173s] Level 1:colcon.colcon_core.package_identification:_identify(src/pubsub_rospyqt) by extension 'ignore'
[0.173s] Level 1:colcon.colcon_core.package_identification:_identify(src/pubsub_rospyqt) by extension 'ignore_ament_install'
[0.173s] Level 1:colcon.colcon_core.package_identification:_identify(src/pubsub_rospyqt) by extensions ['colcon_pkg']
[0.173s] Level 1:colcon.colcon_core.package_identification:_identify(src/pubsub_rospyqt) by extension 'colcon_pkg'
[0.173s] Level 1:colcon.colcon_core.package_identification:_identify(src/pubsub_rospyqt) by extensions ['colcon_meta']
[0.173s] Level 1:colcon.colcon_core.package_identification:_identify(src/pubsub_rospyqt) by extension 'colcon_meta'
[0.173s] Level 1:colcon.colcon_core.package_identification:_identify(src/pubsub_rospyqt) by extensions ['ros']
[0.173s] Level 1:colcon.colcon_core.package_identification:_identify(src/pubsub_rospyqt) by extension 'ros'
[0.173s] DEBUG:colcon.colcon_core.package_identification:Package 'src/pubsub_rospyqt' with type 'ros.ament_python' and name 'pubsub_rospyqt'
[0.173s] Level 1:colcon.colcon_core.package_identification:_identify(src/turtlesim_interface) by extensions ['ignore', 'ignore_ament_install']
[0.173s] Level 1:colcon.colcon_core.package_identification:_identify(src/turtlesim_interface) by extension 'ignore'
[0.173s] Level 1:colcon.colcon_core.package_identification:_identify(src/turtlesim_interface) by extension 'ignore_ament_install'
[0.173s] Level 1:colcon.colcon_core.package_identification:_identify(src/turtlesim_interface) by extensions ['colcon_pkg']
[0.173s] Level 1:colcon.colcon_core.package_identification:_identify(src/turtlesim_interface) by extension 'colcon_pkg'
[0.174s] Level 1:colcon.colcon_core.package_identification:_identify(src/turtlesim_interface) by extensions ['colcon_meta']
[0.174s] Level 1:colcon.colcon_core.package_identification:_identify(src/turtlesim_interface) by extension 'colcon_meta'
[0.174s] Level 1:colcon.colcon_core.package_identification:_identify(src/turtlesim_interface) by extensions ['ros']
[0.174s] Level 1:colcon.colcon_core.package_identification:_identify(src/turtlesim_interface) by extension 'ros'
[0.174s] DEBUG:colcon.colcon_core.package_identification:Package 'src/turtlesim_interface' with type 'ros.ament_python' and name 'turtlesim_interface'
[0.174s] Level 1:colcon.colcon_core.package_discovery:discover_packages(recursive) using defaults
[0.174s] Level 1:colcon.colcon_core.package_discovery:discover_packages(ignore) discover
[0.174s] Level 1:colcon.colcon_core.package_discovery:discover_packages(ignore) using defaults
[0.174s] Level 1:colcon.colcon_core.package_discovery:discover_packages(path) discover
[0.174s] Level 1:colcon.colcon_core.package_discovery:discover_packages(path) using defaults
[0.191s] Level 1:colcon.colcon_core.package_discovery:discover_packages(prefix_path) check parameters
[0.191s] Level 1:colcon.colcon_core.package_discovery:discover_packages(prefix_path) discover
[0.194s] DEBUG:colcon.colcon_installed_package_information.package_discovery:Found 319 installed packages in /opt/ros/jazzy
[0.194s] Level 1:colcon.colcon_core.package_discovery:discover_packages(prefix_path) using defaults
[0.240s] Level 5:colcon.colcon_core.verb:set package 'first_project' build argument 'cmake_args' from command line to 'None'
[0.240s] Level 5:colcon.colcon_core.verb:set package 'first_project' build argument 'cmake_target' from command line to 'None'
[0.240s] Level 5:colcon.colcon_core.verb:set package 'first_project' build argument 'cmake_target_skip_unavailable' from command line to 'False'
[0.240s] Level 5:colcon.colcon_core.verb:set package 'first_project' build argument 'cmake_clean_cache' from command line to 'False'
[0.241s] Level 5:colcon.colcon_core.verb:set package 'first_project' build argument 'cmake_clean_first' from command line to 'False'
[0.241s] Level 5:colcon.colcon_core.verb:set package 'first_project' build argument 'cmake_force_configure' from command line to 'False'
[0.241s] Level 5:colcon.colcon_core.verb:set package 'first_project' build argument 'ament_cmake_args' from command line to 'None'
[0.241s] Level 5:colcon.colcon_core.verb:set package 'first_project' build argument 'catkin_cmake_args' from command line to 'None'
[0.241s] Level 5:colcon.colcon_core.verb:set package 'first_project' build argument 'catkin_skip_building_tests' from command line to 'False'
[0.241s] DEBUG:colcon.colcon_core.verb:Building package 'first_project' with the following arguments: {'ament_cmake_args': None, 'build_base': '/home/jonatan/ros2_ws/build/first_project', 'catkin_cmake_args': None, 'catkin_skip_building_tests': False, 'cmake_args': None, 'cmake_clean_cache': False, 'cmake_clean_first': False, 'cmake_force_configure': False, 'cmake_target': None, 'cmake_target_skip_unavailable': False, 'install_base': '/home/jonatan/ros2_ws/install/first_project', 'merge_install': False, 'path': '/home/jonatan/ros2_ws/src/first_project', 'symlink_install': False, 'test_result_base': None}
[0.241s] Level 5:colcon.colcon_core.verb:set package 'first_pyqtros' build argument 'cmake_args' from command line to 'None'
[0.241s] Level 5:colcon.colcon_core.verb:set package 'first_pyqtros' build argument 'cmake_target' from command line to 'None'
[0.241s] Level 5:colcon.colcon_core.verb:set package 'first_pyqtros' build argument 'cmake_target_skip_unavailable' from command line to 'False'
[0.241s] Level 5:colcon.colcon_core.verb:set package 'first_pyqtros' build argument 'cmake_clean_cache' from command line to 'False'
[0.241s] Level 5:colcon.colcon_core.verb:set package 'first_pyqtros' build argument 'cmake_clean_first' from command line to 'False'
[0.241s] Level 5:colcon.colcon_core.verb:set package 'first_pyqtros' build argument 'cmake_force_configure' from command line to 'False'
[0.241s] Level 5:colcon.colcon_core.verb:set package 'first_pyqtros' build argument 'ament_cmake_args' from command line to 'None'
[0.241s] Level 5:colcon.colcon_core.verb:set package 'first_pyqtros' build argument 'catkin_cmake_args' from command line to 'None'
[0.241s] Level 5:colcon.colcon_core.verb:set package 'first_pyqtros' build argument 'catkin_skip_building_tests' from command line to 'False'
[0.241s] DEBUG:colcon.colcon_core.verb:Building package 'first_pyqtros' with the following arguments: {'ament_cmake_args': None, 'build_base': '/home/jonatan/ros2_ws/build/first_pyqtros', 'catkin_cmake_args': None, 'catkin_skip_building_tests': False, 'cmake_args': None, 'cmake_clean_cache': False, 'cmake_clean_first': False, 'cmake_force_configure': False, 'cmake_target': None, 'cmake_target_skip_unavailable': False, 'install_base': '/home/jonatan/ros2_ws/install/first_pyqtros', 'merge_install': False, 'path': '/home/jonatan/ros2_ws/src/first_pyqtros', 'symlink_install': False, 'test_result_base': None}
[0.241s] Level 5:colcon.colcon_core.verb:set package 'my_robot' build argument 'cmake_args' from command line to 'None'
[0.241s] Level 5:colcon.colcon_core.verb:set package 'my_robot' build argument 'cmake_target' from command line to 'None'
[0.241s] Level 5:colcon.colcon_core.verb:set package 'my_robot' build argument 'cmake_target_skip_unavailable' from command line to 'False'
[0.241s] Level 5:colcon.colcon_core.verb:set package 'my_robot' build argument 'cmake_clean_cache' from command line to 'False'
[0.241s] Level 5:colcon.colcon_core.verb:set package 'my_robot' build argument 'cmake_clean_first' from command line to 'False'
[0.241s] Level 5:colcon.colcon_core.verb:set package 'my_robot' build argument 'cmake_force_configure' from command line to 'False'
[0.241s] Level 5:colcon.colcon_core.verb:set package 'my_robot' build argument 'ament_cmake_args' from command line to 'None'
[0.241s] Level 5:colcon.colcon_core.verb:set package 'my_robot' build argument 'catkin_cmake_args' from command line to 'None'
[0.241s] Level 5:colcon.colcon_core.verb:set package 'my_robot' build argument 'catkin_skip_building_tests' from command line to 'False'
[0.242s] DEBUG:colcon.colcon_core.verb:Building package 'my_robot' with the following arguments: {'ament_cmake_args': None, 'build_base': '/home/jonatan/ros2_ws/build/my_robot', 'catkin_cmake_args': None, 'catkin_skip_building_tests': False, 'cmake_args': None, 'cmake_clean_cache': False, 'cmake_clean_first': False, 'cmake_force_configure': False, 'cmake_target': None, 'cmake_target_skip_unavailable': False, 'install_base': '/home/jonatan/ros2_ws/install/my_robot', 'merge_install': False, 'path': '/home/jonatan/ros2_ws/src/my_robot', 'symlink_install': False, 'test_result_base': None}
[0.242s] Level 5:colcon.colcon_core.verb:set package 'pubsub_rospyqt' build argument 'cmake_args' from command line to 'None'
[0.242s] Level 5:colcon.colcon_core.verb:set package 'pubsub_rospyqt' build argument 'cmake_target' from command line to 'None'
[0.242s] Level 5:colcon.colcon_core.verb:set package 'pubsub_rospyqt' build argument 'cmake_target_skip_unavailable' from command line to 'False'
[0.242s] Level 5:colcon.colcon_core.verb:set package 'pubsub_rospyqt' build argument 'cmake_clean_cache' from command line to 'False'
[0.242s] Level 5:colcon.colcon_core.verb:set package 'pubsub_rospyqt' build argument 'cmake_clean_first' from command line to 'False'
[0.242s] Level 5:colcon.colcon_core.verb:set package 'pubsub_rospyqt' build argument 'cmake_force_configure' from command line to 'False'
[0.242s] Level 5:colcon.colcon_core.verb:set package 'pubsub_rospyqt' build argument 'ament_cmake_args' from command line to 'None'
[0.242s] Level 5:colcon.colcon_core.verb:set package 'pubsub_rospyqt' build argument 'catkin_cmake_args' from command line to 'None'
[0.242s] Level 5:colcon.colcon_core.verb:set package 'pubsub_rospyqt' build argument 'catkin_skip_building_tests' from command line to 'False'
[0.242s] DEBUG:colcon.colcon_core.verb:Building package 'pubsub_rospyqt' with the following arguments: {'ament_cmake_args': None, 'build_base': '/home/jonatan/ros2_ws/build/pubsub_rospyqt', 'catkin_cmake_args': None, 'catkin_skip_building_tests': False, 'cmake_args': None, 'cmake_clean_cache': False, 'cmake_clean_first': False, 'cmake_force_configure': False, 'cmake_target': None, 'cmake_target_skip_unavailable': False, 'install_base': '/home/jonatan/ros2_ws/install/pubsub_rospyqt', 'merge_install': False, 'path': '/home/jonatan/ros2_ws/src/pubsub_rospyqt', 'symlink_install': False, 'test_result_base': None}
[0.242s] Level 5:colcon.colcon_core.verb:set package 'turtlesim_interface' build argument 'cmake_args' from command line to 'None'
[0.242s] Level 5:colcon.colcon_core.verb:set package 'turtlesim_interface' build argument 'cmake_target' from command line to 'None'
[0.242s] Level 5:colcon.colcon_core.verb:set package 'turtlesim_interface' build argument 'cmake_target_skip_unavailable' from command line to 'False'
[0.242s] Level 5:colcon.colcon_core.verb:set package 'turtlesim_interface' build argument 'cmake_clean_cache' from command line to 'False'
[0.242s] Level 5:colcon.colcon_core.verb:set package 'turtlesim_interface' build argument 'cmake_clean_first' from command line to 'False'
[0.242s] Level 5:colcon.colcon_core.verb:set package 'turtlesim_interface' build argument 'cmake_force_configure' from command line to 'False'
[0.242s] Level 5:colcon.colcon_core.verb:set package 'turtlesim_interface' build argument 'ament_cmake_args' from command line to 'None'
[0.242s] Level 5:colcon.colcon_core.verb:set package 'turtlesim_interface' build argument 'catkin_cmake_args' from command line to 'None'
[0.242s] Level 5:colcon.colcon_core.verb:set package 'turtlesim_interface' build argument 'catkin_skip_building_tests' from command line to 'False'
[0.242s] DEBUG:colcon.colcon_core.verb:Building package 'turtlesim_interface' with the following arguments: {'ament_cmake_args': None, 'build_base': '/home/jonatan/ros2_ws/build/turtlesim_interface', 'catkin_cmake_args': None, 'catkin_skip_building_tests': False, 'cmake_args': None, 'cmake_clean_cache': False, 'cmake_clean_first': False, 'cmake_force_configure': False, 'cmake_target': None, 'cmake_target_skip_unavailable': False, 'install_base': '/home/jonatan/ros2_ws/install/turtlesim_interface', 'merge_install': False, 'path': '/home/jonatan/ros2_ws/src/turtlesim_interface', 'symlink_install': False, 'test_result_base': None}
[0.242s] INFO:colcon.colcon_core.executor:Executing jobs using 'parallel' executor
[0.243s] DEBUG:colcon.colcon_parallel_executor.executor.parallel:run_until_complete
[0.243s] INFO:colcon.colcon_ros.task.ament_python.build:Building ROS package in '/home/jonatan/ros2_ws/src/first_project' with build type 'ament_python'
[0.243s] Level 1:colcon.colcon_core.shell:create_environment_hook('first_project', 'ament_prefix_path')
[0.246s] INFO:colcon.colcon_core.plugin_system:Skipping extension 'colcon_core.shell.bat': Not used on non-Windows systems
[0.246s] INFO:colcon.colcon_core.shell:Creating environment hook '/home/jonatan/ros2_ws/install/first_project/share/first_project/hook/ament_prefix_path.ps1'
[0.247s] INFO:colcon.colcon_core.shell:Creating environment descriptor '/home/jonatan/ros2_ws/install/first_project/share/first_project/hook/ament_prefix_path.dsv'
[0.248s] INFO:colcon.colcon_core.shell:Creating environment hook '/home/jonatan/ros2_ws/install/first_project/share/first_project/hook/ament_prefix_path.sh'
[0.249s] INFO:colcon.colcon_core.shell:Skip shell extension 'powershell' for command environment: Not usable outside of PowerShell
[0.249s] DEBUG:colcon.colcon_core.shell:Skip shell extension 'dsv' for command environment
[0.254s] INFO:colcon.colcon_ros.task.ament_python.build:Building ROS package in '/home/jonatan/ros2_ws/src/first_pyqtros' with build type 'ament_python'
[0.254s] Level 1:colcon.colcon_core.shell:create_environment_hook('first_pyqtros', 'ament_prefix_path')
[0.254s] INFO:colcon.colcon_core.shell:Creating environment hook '/home/jonatan/ros2_ws/install/first_pyqtros/share/first_pyqtros/hook/ament_prefix_path.ps1'
[0.255s] INFO:colcon.colcon_core.shell:Creating environment descriptor '/home/jonatan/ros2_ws/install/first_pyqtros/share/first_pyqtros/hook/ament_prefix_path.dsv'
[0.255s] INFO:colcon.colcon_core.shell:Creating environment hook '/home/jonatan/ros2_ws/install/first_pyqtros/share/first_pyqtros/hook/ament_prefix_path.sh'
[0.255s] INFO:colcon.colcon_core.shell:Skip shell extension 'powershell' for command environment: Not usable outside of PowerShell
[0.255s] DEBUG:colcon.colcon_core.shell:Skip shell extension 'dsv' for command environment
[0.258s] INFO:colcon.colcon_ros.task.ament_cmake.build:Building ROS package in '/home/jonatan/ros2_ws/src/my_robot' with build type 'ament_cmake'
[0.258s] INFO:colcon.colcon_cmake.task.cmake.build:Building CMake package in '/home/jonatan/ros2_ws/src/my_robot'
[0.258s] INFO:colcon.colcon_core.shell:Skip shell extension 'powershell' for command environment: Not usable outside of PowerShell
[0.258s] DEBUG:colcon.colcon_core.shell:Skip shell extension 'dsv' for command environment
[0.261s] INFO:colcon.colcon_ros.task.ament_python.build:Building ROS package in '/home/jonatan/ros2_ws/src/pubsub_rospyqt' with build type 'ament_python'
[0.262s] Level 1:colcon.colcon_core.shell:create_environment_hook('pubsub_rospyqt', 'ament_prefix_path')
[0.262s] INFO:colcon.colcon_core.shell:Creating environment hook '/home/jonatan/ros2_ws/install/pubsub_rospyqt/share/pubsub_rospyqt/hook/ament_prefix_path.ps1'
[0.263s] INFO:colcon.colcon_core.shell:Creating environment descriptor '/home/jonatan/ros2_ws/install/pubsub_rospyqt/share/pubsub_rospyqt/hook/ament_prefix_path.dsv'
[0.263s] INFO:colcon.colcon_core.shell:Creating environment hook '/home/jonatan/ros2_ws/install/pubsub_rospyqt/share/pubsub_rospyqt/hook/ament_prefix_path.sh'
[0.264s] INFO:colcon.colcon_core.shell:Skip shell extension 'powershell' for command environment: Not usable outside of PowerShell
[0.264s] DEBUG:colcon.colcon_core.shell:Skip shell extension 'dsv' for command environment
[0.483s] INFO:colcon.colcon_core.task.python.build:Building Python package in '/home/jonatan/ros2_ws/src/first_project'
[0.483s] INFO:colcon.colcon_core.shell:Skip shell extension 'powershell' for command environment: Not usable outside of PowerShell
[0.483s] DEBUG:colcon.colcon_core.shell:Skip shell extension 'dsv' for command environment
[0.696s] INFO:colcon.colcon_core.task.python.build:Building Python package in '/home/jonatan/ros2_ws/src/first_pyqtros'
[0.696s] INFO:colcon.colcon_core.shell:Skip shell extension 'powershell' for command environment: Not usable outside of PowerShell
[0.696s] DEBUG:colcon.colcon_core.shell:Skip shell extension 'dsv' for command environment
[0.701s] DEBUG:colcon.colcon_core.event_handler.log_command:Invoking command in '/home/jonatan/ros2_ws/build/my_robot': CMAKE_PREFIX_PATH=${CMAKE_PREFIX_PATH}:/opt/ros/jazzy PS1=\[\e]0;\u@\h: \w\a\]${debian_chroot:+($debian_chroot)}\[\033[01;32m\]\u@\h\[\033[00m\]:\[\033[01;34m\]\w\[\033[00m\]\$ /usr/bin/cmake /home/jonatan/ros2_ws/src/my_robot -DCMAKE_INSTALL_PREFIX=/home/jonatan/ros2_ws/install/my_robot
[0.927s] INFO:colcon.colcon_core.task.python.build:Building Python package in '/home/jonatan/ros2_ws/src/pubsub_rospyqt'
[0.927s] INFO:colcon.colcon_core.shell:Skip shell extension 'powershell' for command environment: Not usable outside of PowerShell
[0.927s] DEBUG:colcon.colcon_core.shell:Skip shell extension 'dsv' for command environment
[1.849s] DEBUG:colcon.colcon_core.event_handler.log_command:Invoked command in '/home/jonatan/ros2_ws/build/my_robot' returned '0': CMAKE_PREFIX_PATH=${CMAKE_PREFIX_PATH}:/opt/ros/jazzy PS1=\[\e]0;\u@\h: \w\a\]${debian_chroot:+($debian_chroot)}\[\033[01;32m\]\u@\h\[\033[00m\]:\[\033[01;34m\]\w\[\033[00m\]\$ /usr/bin/cmake /home/jonatan/ros2_ws/src/my_robot -DCMAKE_INSTALL_PREFIX=/home/jonatan/ros2_ws/install/my_robot
[1.852s] DEBUG:colcon.colcon_core.event_handler.log_command:Invoking command in '/home/jonatan/ros2_ws/build/my_robot': CMAKE_PREFIX_PATH=${CMAKE_PREFIX_PATH}:/opt/ros/jazzy PS1=\[\e]0;\u@\h: \w\a\]${debian_chroot:+($debian_chroot)}\[\033[01;32m\]\u@\h\[\033[00m\]:\[\033[01;34m\]\w\[\033[00m\]\$ /usr/bin/cmake --build /home/jonatan/ros2_ws/build/my_robot -- -j4 -l4
[1.920s] DEBUG:colcon.colcon_core.event_handler.log_command:Invoked command in '/home/jonatan/ros2_ws/build/my_robot' returned '0': CMAKE_PREFIX_PATH=${CMAKE_PREFIX_PATH}:/opt/ros/jazzy PS1=\[\e]0;\u@\h: \w\a\]${debian_chroot:+($debian_chroot)}\[\033[01;32m\]\u@\h\[\033[00m\]:\[\033[01;34m\]\w\[\033[00m\]\$ /usr/bin/cmake --build /home/jonatan/ros2_ws/build/my_robot -- -j4 -l4
[1.940s] DEBUG:colcon.colcon_core.event_handler.log_command:Invoking command in '/home/jonatan/ros2_ws/build/my_robot': CMAKE_PREFIX_PATH=${CMAKE_PREFIX_PATH}:/opt/ros/jazzy PS1=\[\e]0;\u@\h: \w\a\]${debian_chroot:+($debian_chroot)}\[\033[01;32m\]\u@\h\[\033[00m\]:\[\033[01;34m\]\w\[\033[00m\]\$ /usr/bin/cmake --install /home/jonatan/ros2_ws/build/my_robot
[1.949s] DEBUG:colcon.colcon_core.event_handler.log_command:Invoking command in '/home/jonatan/ros2_ws/src/first_project': PS1=\[\e]0;\u@\h: \w\a\]${debian_chroot:+($debian_chroot)}\[\033[01;32m\]\u@\h\[\033[00m\]:\[\033[01;34m\]\w\[\033[00m\]\$ PYTHONPATH=/home/jonatan/ros2_ws/build/first_project/prefix_override:/usr/lib/python3/dist-packages/colcon_core/task/python/colcon_distutils_commands:/home/jonatan/ros2_ws/install/first_project/lib/python3.12/site-packages:${PYTHONPATH} /usr/bin/python3 -W ignore:setup.py install is deprecated -W ignore:easy_install command is deprecated setup.py egg_info --egg-base ../../build/first_project build --build-base /home/jonatan/ros2_ws/build/first_project/build install --record /home/jonatan/ros2_ws/build/first_project/install.log --single-version-externally-managed install_data
[1.957s] DEBUG:colcon.colcon_core.event_handler.log_command:Invoking command in '/home/jonatan/ros2_ws/src/pubsub_rospyqt': PS1=\[\e]0;\u@\h: \w\a\]${debian_chroot:+($debian_chroot)}\[\033[01;32m\]\u@\h\[\033[00m\]:\[\033[01;34m\]\w\[\033[00m\]\$ PYTHONPATH=/home/jonatan/ros2_ws/build/pubsub_rospyqt/prefix_override:/usr/lib/python3/dist-packages/colcon_core/task/python/colcon_distutils_commands:/home/jonatan/ros2_ws/install/pubsub_rospyqt/lib/python3.12/site-packages:${PYTHONPATH} /usr/bin/python3 -W ignore:setup.py install is deprecated -W ignore:easy_install command is deprecated setup.py egg_info --egg-base ../../build/pubsub_rospyqt build --build-base /home/jonatan/ros2_ws/build/pubsub_rospyqt/build install --record /home/jonatan/ros2_ws/build/pubsub_rospyqt/install.log --single-version-externally-managed install_data
[1.966s] Level 1:colcon.colcon_core.environment:create_environment_scripts_only(my_robot)
[1.969s] DEBUG:colcon.colcon_core.event_handler.log_command:Invoked command in '/home/jonatan/ros2_ws/build/my_robot' returned '0': CMAKE_PREFIX_PATH=${CMAKE_PREFIX_PATH}:/opt/ros/jazzy PS1=\[\e]0;\u@\h: \w\a\]${debian_chroot:+($debian_chroot)}\[\033[01;32m\]\u@\h\[\033[00m\]:\[\033[01;34m\]\w\[\033[00m\]\$ /usr/bin/cmake --install /home/jonatan/ros2_ws/build/my_robot
[1.970s] Level 1:colcon.colcon_core.environment:checking '/home/jonatan/ros2_ws/install/my_robot' for CMake module files
[1.970s] Level 1:colcon.colcon_core.environment:checking '/home/jonatan/ros2_ws/install/my_robot' for CMake config files
[1.971s] Level 1:colcon.colcon_core.shell:create_environment_hook('my_robot', 'cmake_prefix_path')
[1.971s] INFO:colcon.colcon_core.shell:Creating environment hook '/home/jonatan/ros2_ws/install/my_robot/share/my_robot/hook/cmake_prefix_path.ps1'
[1.972s] INFO:colcon.colcon_core.shell:Creating environment descriptor '/home/jonatan/ros2_ws/install/my_robot/share/my_robot/hook/cmake_prefix_path.dsv'
[1.972s] INFO:colcon.colcon_core.shell:Creating environment hook '/home/jonatan/ros2_ws/install/my_robot/share/my_robot/hook/cmake_prefix_path.sh'
[1.973s] Level 1:colcon.colcon_core.environment:checking '/home/jonatan/ros2_ws/install/my_robot/bin'
[1.973s] Level 1:colcon.colcon_core.environment:checking '/home/jonatan/ros2_ws/install/my_robot/lib/pkgconfig/my_robot.pc'
[1.973s] Level 1:colcon.colcon_core.environment:checking '/home/jonatan/ros2_ws/install/my_robot/lib/python3.12/site-packages'
[1.974s] Level 1:colcon.colcon_core.environment:checking '/home/jonatan/ros2_ws/install/my_robot/bin'
[1.974s] INFO:colcon.colcon_core.shell:Creating package script '/home/jonatan/ros2_ws/install/my_robot/share/my_robot/package.ps1'
[1.975s] INFO:colcon.colcon_core.shell:Creating package descriptor '/home/jonatan/ros2_ws/install/my_robot/share/my_robot/package.dsv'
[1.976s] INFO:colcon.colcon_core.shell:Creating package script '/home/jonatan/ros2_ws/install/my_robot/share/my_robot/package.sh'
[1.977s] INFO:colcon.colcon_core.shell:Creating package script '/home/jonatan/ros2_ws/install/my_robot/share/my_robot/package.bash'
[1.978s] INFO:colcon.colcon_core.shell:Creating package script '/home/jonatan/ros2_ws/install/my_robot/share/my_robot/package.zsh'
[1.978s] Level 1:colcon.colcon_core.environment:create_file_with_runtime_dependencies(/home/jonatan/ros2_ws/install/my_robot/share/colcon-core/packages/my_robot)
[1.979s] Level 1:colcon.colcon_core.environment:create_environment_scripts_only(my_robot)
[1.980s] Level 1:colcon.colcon_core.environment:checking '/home/jonatan/ros2_ws/install/my_robot' for CMake module files
[1.980s] Level 1:colcon.colcon_core.environment:checking '/home/jonatan/ros2_ws/install/my_robot' for CMake config files
[1.981s] Level 1:colcon.colcon_core.shell:create_environment_hook('my_robot', 'cmake_prefix_path')
[1.981s] INFO:colcon.colcon_core.shell:Creating environment hook '/home/jonatan/ros2_ws/install/my_robot/share/my_robot/hook/cmake_prefix_path.ps1'
[1.982s] INFO:colcon.colcon_core.shell:Creating environment descriptor '/home/jonatan/ros2_ws/install/my_robot/share/my_robot/hook/cmake_prefix_path.dsv'
[1.982s] INFO:colcon.colcon_core.shell:Creating environment hook '/home/jonatan/ros2_ws/install/my_robot/share/my_robot/hook/cmake_prefix_path.sh'
[1.983s] Level 1:colcon.colcon_core.environment:checking '/home/jonatan/ros2_ws/install/my_robot/bin'
[1.983s] Level 1:colcon.colcon_core.environment:checking '/home/jonatan/ros2_ws/install/my_robot/lib/pkgconfig/my_robot.pc'
[1.983s] Level 1:colcon.colcon_core.environment:checking '/home/jonatan/ros2_ws/install/my_robot/lib/python3.12/site-packages'
[1.984s] Level 1:colcon.colcon_core.environment:checking '/home/jonatan/ros2_ws/install/my_robot/bin'
[1.984s] INFO:colcon.colcon_core.shell:Creating package script '/home/jonatan/ros2_ws/install/my_robot/share/my_robot/package.ps1'
[1.985s] INFO:colcon.colcon_core.shell:Creating package descriptor '/home/jonatan/ros2_ws/install/my_robot/share/my_robot/package.dsv'
[1.985s] INFO:colcon.colcon_core.shell:Creating package script '/home/jonatan/ros2_ws/install/my_robot/share/my_robot/package.sh'
[1.986s] INFO:colcon.colcon_core.shell:Creating package script '/home/jonatan/ros2_ws/install/my_robot/share/my_robot/package.bash'
[1.987s] INFO:colcon.colcon_core.shell:Creating package script '/home/jonatan/ros2_ws/install/my_robot/share/my_robot/package.zsh'
[1.987s] Level 1:colcon.colcon_core.environment:create_file_with_runtime_dependencies(/home/jonatan/ros2_ws/install/my_robot/share/colcon-core/packages/my_robot)
[1.990s] INFO:colcon.colcon_ros.task.ament_python.build:Building ROS package in '/home/jonatan/ros2_ws/src/turtlesim_interface' with build type 'ament_python'
[1.990s] Level 1:colcon.colcon_core.shell:create_environment_hook('turtlesim_interface', 'ament_prefix_path')
[1.991s] INFO:colcon.colcon_core.shell:Creating environment hook '/home/jonatan/ros2_ws/install/turtlesim_interface/share/turtlesim_interface/hook/ament_prefix_path.ps1'
[1.991s] INFO:colcon.colcon_core.shell:Creating environment descriptor '/home/jonatan/ros2_ws/install/turtlesim_interface/share/turtlesim_interface/hook/ament_prefix_path.dsv'
[1.992s] INFO:colcon.colcon_core.shell:Creating environment hook '/home/jonatan/ros2_ws/install/turtlesim_interface/share/turtlesim_interface/hook/ament_prefix_path.sh'
[1.993s] INFO:colcon.colcon_core.shell:Skip shell extension 'powershell' for command environment: Not usable outside of PowerShell
[1.993s] DEBUG:colcon.colcon_core.shell:Skip shell extension 'dsv' for command environment
[2.289s] INFO:colcon.colcon_core.task.python.build:Building Python package in '/home/jonatan/ros2_ws/src/turtlesim_interface'
[2.289s] INFO:colcon.colcon_core.shell:Skip shell extension 'powershell' for command environment: Not usable outside of PowerShell
[2.289s] DEBUG:colcon.colcon_core.shell:Skip shell extension 'dsv' for command environment
[2.295s] DEBUG:colcon.colcon_core.event_handler.log_command:Invoking command in '/home/jonatan/ros2_ws/src/first_pyqtros': PS1=\[\e]0;\u@\h: \w\a\]${debian_chroot:+($debian_chroot)}\[\033[01;32m\]\u@\h\[\033[00m\]:\[\033[01;34m\]\w\[\033[00m\]\$ PYTHONPATH=/home/jonatan/ros2_ws/build/first_pyqtros/prefix_override:/usr/lib/python3/dist-packages/colcon_core/task/python/colcon_distutils_commands:/home/jonatan/ros2_ws/install/first_pyqtros/lib/python3.12/site-packages:${PYTHONPATH} /usr/bin/python3 -W ignore:setup.py install is deprecated -W ignore:easy_install command is deprecated setup.py egg_info --egg-base ../../build/first_pyqtros build --build-base /home/jonatan/ros2_ws/build/first_pyqtros/build install --record /home/jonatan/ros2_ws/build/first_pyqtros/install.log --single-version-externally-managed install_data
[2.891s] Level 1:colcon.colcon_core.environment:checking '/home/jonatan/ros2_ws/install/first_project' for CMake module files
[2.892s] Level 1:colcon.colcon_core.environment:checking '/home/jonatan/ros2_ws/install/first_project' for CMake config files
[2.892s] Level 1:colcon.colcon_core.environment:checking '/home/jonatan/ros2_ws/install/first_project/lib'
[2.893s] Level 1:colcon.colcon_core.environment:checking '/home/jonatan/ros2_ws/install/first_project/bin'
[2.893s] Level 1:colcon.colcon_core.environment:checking '/home/jonatan/ros2_ws/install/first_project/lib/pkgconfig/first_project.pc'
[2.893s] Level 1:colcon.colcon_core.environment:checking '/home/jonatan/ros2_ws/install/first_project/lib/python3.12/site-packages'
[2.893s] Level 1:colcon.colcon_core.shell:create_environment_hook('first_project', 'pythonpath')
[2.894s] INFO:colcon.colcon_core.shell:Creating environment hook '/home/jonatan/ros2_ws/install/first_project/share/first_project/hook/pythonpath.ps1'
[2.894s] DEBUG:colcon.colcon_core.event_handler.log_command:Invoked command in '/home/jonatan/ros2_ws/src/first_project' returned '0': PS1=\[\e]0;\u@\h: \w\a\]${debian_chroot:+($debian_chroot)}\[\033[01;32m\]\u@\h\[\033[00m\]:\[\033[01;34m\]\w\[\033[00m\]\$ PYTHONPATH=/home/jonatan/ros2_ws/build/first_project/prefix_override:/usr/lib/python3/dist-packages/colcon_core/task/python/colcon_distutils_commands:/home/jonatan/ros2_ws/install/first_project/lib/python3.12/site-packages:${PYTHONPATH} /usr/bin/python3 -W ignore:setup.py install is deprecated -W ignore:easy_install command is deprecated setup.py egg_info --egg-base ../../build/first_project build --build-base /home/jonatan/ros2_ws/build/first_project/build install --record /home/jonatan/ros2_ws/build/first_project/install.log --single-version-externally-managed install_data
[2.895s] INFO:colcon.colcon_core.shell:Creating environment descriptor '/home/jonatan/ros2_ws/install/first_project/share/first_project/hook/pythonpath.dsv'
[2.895s] INFO:colcon.colcon_core.shell:Creating environment hook '/home/jonatan/ros2_ws/install/first_project/share/first_project/hook/pythonpath.sh'
[2.896s] Level 1:colcon.colcon_core.environment:checking '/home/jonatan/ros2_ws/install/first_project/bin'
[2.896s] Level 1:colcon.colcon_core.environment:create_environment_scripts_only(first_project)
[2.896s] INFO:colcon.colcon_core.shell:Creating package script '/home/jonatan/ros2_ws/install/first_project/share/first_project/package.ps1'
[2.897s] INFO:colcon.colcon_core.shell:Creating package descriptor '/home/jonatan/ros2_ws/install/first_project/share/first_project/package.dsv'
[2.897s] INFO:colcon.colcon_core.shell:Creating package script '/home/jonatan/ros2_ws/install/first_project/share/first_project/package.sh'
[2.898s] INFO:colcon.colcon_core.shell:Creating package script '/home/jonatan/ros2_ws/install/first_project/share/first_project/package.bash'
[2.898s] INFO:colcon.colcon_core.shell:Creating package script '/home/jonatan/ros2_ws/install/first_project/share/first_project/package.zsh'
[2.899s] Level 1:colcon.colcon_core.environment:create_file_with_runtime_dependencies(/home/jonatan/ros2_ws/install/first_project/share/colcon-core/packages/first_project)
[2.921s] Level 1:colcon.colcon_core.environment:checking '/home/jonatan/ros2_ws/install/pubsub_rospyqt' for CMake module files
[2.922s] DEBUG:colcon.colcon_core.event_handler.log_command:Invoked command in '/home/jonatan/ros2_ws/src/pubsub_rospyqt' returned '0': PS1=\[\e]0;\u@\h: \w\a\]${debian_chroot:+($debian_chroot)}\[\033[01;32m\]\u@\h\[\033[00m\]:\[\033[01;34m\]\w\[\033[00m\]\$ PYTHONPATH=/home/jonatan/ros2_ws/build/pubsub_rospyqt/prefix_override:/usr/lib/python3/dist-packages/colcon_core/task/python/colcon_distutils_commands:/home/jonatan/ros2_ws/install/pubsub_rospyqt/lib/python3.12/site-packages:${PYTHONPATH} /usr/bin/python3 -W ignore:setup.py install is deprecated -W ignore:easy_install command is deprecated setup.py egg_info --egg-base ../../build/pubsub_rospyqt build --build-base /home/jonatan/ros2_ws/build/pubsub_rospyqt/build install --record /home/jonatan/ros2_ws/build/pubsub_rospyqt/install.log --single-version-externally-managed install_data
[2.922s] Level 1:colcon.colcon_core.environment:checking '/home/jonatan/ros2_ws/install/pubsub_rospyqt' for CMake config files
[2.923s] Level 1:colcon.colcon_core.environment:checking '/home/jonatan/ros2_ws/install/pubsub_rospyqt/lib'
[2.923s] Level 1:colcon.colcon_core.environment:checking '/home/jonatan/ros2_ws/install/pubsub_rospyqt/bin'
[2.923s] Level 1:colcon.colcon_core.environment:checking '/home/jonatan/ros2_ws/install/pubsub_rospyqt/lib/pkgconfig/pubsub_rospyqt.pc'
[2.923s] Level 1:colcon.colcon_core.environment:checking '/home/jonatan/ros2_ws/install/pubsub_rospyqt/lib/python3.12/site-packages'
[2.923s] Level 1:colcon.colcon_core.shell:create_environment_hook('pubsub_rospyqt', 'pythonpath')
[2.923s] INFO:colcon.colcon_core.shell:Creating environment hook '/home/jonatan/ros2_ws/install/pubsub_rospyqt/share/pubsub_rospyqt/hook/pythonpath.ps1'
[2.924s] INFO:colcon.colcon_core.shell:Creating environment descriptor '/home/jonatan/ros2_ws/install/pubsub_rospyqt/share/pubsub_rospyqt/hook/pythonpath.dsv'
[2.924s] INFO:colcon.colcon_core.shell:Creating environment hook '/home/jonatan/ros2_ws/install/pubsub_rospyqt/share/pubsub_rospyqt/hook/pythonpath.sh'
[2.925s] Level 1:colcon.colcon_core.environment:checking '/home/jonatan/ros2_ws/install/pubsub_rospyqt/bin'
[2.925s] Level 1:colcon.colcon_core.environment:create_environment_scripts_only(pubsub_rospyqt)
[2.925s] INFO:colcon.colcon_core.shell:Creating package script '/home/jonatan/ros2_ws/install/pubsub_rospyqt/share/pubsub_rospyqt/package.ps1'
[2.925s] INFO:colcon.colcon_core.shell:Creating package descriptor '/home/jonatan/ros2_ws/install/pubsub_rospyqt/share/pubsub_rospyqt/package.dsv'
[2.926s] INFO:colcon.colcon_core.shell:Creating package script '/home/jonatan/ros2_ws/install/pubsub_rospyqt/share/pubsub_rospyqt/package.sh'
[2.926s] INFO:colcon.colcon_core.shell:Creating package script '/home/jonatan/ros2_ws/install/pubsub_rospyqt/share/pubsub_rospyqt/package.bash'
[2.926s] INFO:colcon.colcon_core.shell:Creating package script '/home/jonatan/ros2_ws/install/pubsub_rospyqt/share/pubsub_rospyqt/package.zsh'
[2.927s] Level 1:colcon.colcon_core.environment:create_file_with_runtime_dependencies(/home/jonatan/ros2_ws/install/pubsub_rospyqt/share/colcon-core/packages/pubsub_rospyqt)
[3.154s] Level 1:colcon.colcon_core.environment:checking '/home/jonatan/ros2_ws/install/first_pyqtros' for CMake module files
[3.154s] DEBUG:colcon.colcon_core.event_handler.log_command:Invoked command in '/home/jonatan/ros2_ws/src/first_pyqtros' returned '0': PS1=\[\e]0;\u@\h: \w\a\]${debian_chroot:+($debian_chroot)}\[\033[01;32m\]\u@\h\[\033[00m\]:\[\033[01;34m\]\w\[\033[00m\]\$ PYTHONPATH=/home/jonatan/ros2_ws/build/first_pyqtros/prefix_override:/usr/lib/python3/dist-packages/colcon_core/task/python/colcon_distutils_commands:/home/jonatan/ros2_ws/install/first_pyqtros/lib/python3.12/site-packages:${PYTHONPATH} /usr/bin/python3 -W ignore:setup.py install is deprecated -W ignore:easy_install command is deprecated setup.py egg_info --egg-base ../../build/first_pyqtros build --build-base /home/jonatan/ros2_ws/build/first_pyqtros/build install --record /home/jonatan/ros2_ws/build/first_pyqtros/install.log --single-version-externally-managed install_data
[3.155s] Level 1:colcon.colcon_core.environment:checking '/home/jonatan/ros2_ws/install/first_pyqtros' for CMake config files
[3.155s] Level 1:colcon.colcon_core.environment:checking '/home/jonatan/ros2_ws/install/first_pyqtros/lib'
[3.155s] Level 1:colcon.colcon_core.environment:checking '/home/jonatan/ros2_ws/install/first_pyqtros/bin'
[3.156s] Level 1:colcon.colcon_core.environment:checking '/home/jonatan/ros2_ws/install/first_pyqtros/lib/pkgconfig/first_pyqtros.pc'
[3.156s] Level 1:colcon.colcon_core.environment:checking '/home/jonatan/ros2_ws/install/first_pyqtros/lib/python3.12/site-packages'
[3.156s] Level 1:colcon.colcon_core.shell:create_environment_hook('first_pyqtros', 'pythonpath')
[3.156s] INFO:colcon.colcon_core.shell:Creating environment hook '/home/jonatan/ros2_ws/install/first_pyqtros/share/first_pyqtros/hook/pythonpath.ps1'
[3.156s] INFO:colcon.colcon_core.shell:Creating environment descriptor '/home/jonatan/ros2_ws/install/first_pyqtros/share/first_pyqtros/hook/pythonpath.dsv'
[3.157s] INFO:colcon.colcon_core.shell:Creating environment hook '/home/jonatan/ros2_ws/install/first_pyqtros/share/first_pyqtros/hook/pythonpath.sh'
[3.157s] Level 1:colcon.colcon_core.environment:checking '/home/jonatan/ros2_ws/install/first_pyqtros/bin'
[3.157s] Level 1:colcon.colcon_core.environment:create_environment_scripts_only(first_pyqtros)
[3.157s] INFO:colcon.colcon_core.shell:Creating package script '/home/jonatan/ros2_ws/install/first_pyqtros/share/first_pyqtros/package.ps1'
[3.158s] INFO:colcon.colcon_core.shell:Creating package descriptor '/home/jonatan/ros2_ws/install/first_pyqtros/share/first_pyqtros/package.dsv'
[3.158s] INFO:colcon.colcon_core.shell:Creating package script '/home/jonatan/ros2_ws/install/first_pyqtros/share/first_pyqtros/package.sh'
[3.159s] INFO:colcon.colcon_core.shell:Creating package script '/home/jonatan/ros2_ws/install/first_pyqtros/share/first_pyqtros/package.bash'
[3.159s] INFO:colcon.colcon_core.shell:Creating package script '/home/jonatan/ros2_ws/install/first_pyqtros/share/first_pyqtros/package.zsh'
[3.159s] Level 1:colcon.colcon_core.environment:create_file_with_runtime_dependencies(/home/jonatan/ros2_ws/install/first_pyqtros/share/colcon-core/packages/first_pyqtros)
[3.198s] DEBUG:colcon.colcon_core.event_handler.log_command:Invoking command in '/home/jonatan/ros2_ws/src/turtlesim_interface': PS1=\[\e]0;\u@\h: \w\a\]${debian_chroot:+($debian_chroot)}\[\033[01;32m\]\u@\h\[\033[00m\]:\[\033[01;34m\]\w\[\033[00m\]\$ PYTHONPATH=/home/jonatan/ros2_ws/build/turtlesim_interface/prefix_override:/usr/lib/python3/dist-packages/colcon_core/task/python/colcon_distutils_commands:/home/jonatan/ros2_ws/install/turtlesim_interface/lib/python3.12/site-packages:${PYTHONPATH} /usr/bin/python3 -W ignore:setup.py install is deprecated -W ignore:easy_install command is deprecated setup.py egg_info --egg-base ../../build/turtlesim_interface build --build-base /home/jonatan/ros2_ws/build/turtlesim_interface/build install --record /home/jonatan/ros2_ws/build/turtlesim_interface/install.log --single-version-externally-managed install_data
[3.757s] Level 1:colcon.colcon_core.environment:checking '/home/jonatan/ros2_ws/install/turtlesim_interface' for CMake module files
[3.757s] DEBUG:colcon.colcon_core.event_handler.log_command:Invoked command in '/home/jonatan/ros2_ws/src/turtlesim_interface' returned '0': PS1=\[\e]0;\u@\h: \w\a\]${debian_chroot:+($debian_chroot)}\[\033[01;32m\]\u@\h\[\033[00m\]:\[\033[01;34m\]\w\[\033[00m\]\$ PYTHONPATH=/home/jonatan/ros2_ws/build/turtlesim_interface/prefix_override:/usr/lib/python3/dist-packages/colcon_core/task/python/colcon_distutils_commands:/home/jonatan/ros2_ws/install/turtlesim_interface/lib/python3.12/site-packages:${PYTHONPATH} /usr/bin/python3 -W ignore:setup.py install is deprecated -W ignore:easy_install command is deprecated setup.py egg_info --egg-base ../../build/turtlesim_interface build --build-base /home/jonatan/ros2_ws/build/turtlesim_interface/build install --record /home/jonatan/ros2_ws/build/turtlesim_interface/install.log --single-version-externally-managed install_data
[3.757s] Level 1:colcon.colcon_core.environment:checking '/home/jonatan/ros2_ws/install/turtlesim_interface' for CMake config files
[3.758s] Level 1:colcon.colcon_core.environment:checking '/home/jonatan/ros2_ws/install/turtlesim_interface/lib'
[3.758s] Level 1:colcon.colcon_core.environment:checking '/home/jonatan/ros2_ws/install/turtlesim_interface/bin'
[3.758s] Level 1:colcon.colcon_core.environment:checking '/home/jonatan/ros2_ws/install/turtlesim_interface/lib/pkgconfig/turtlesim_interface.pc'
[3.758s] Level 1:colcon.colcon_core.environment:checking '/home/jonatan/ros2_ws/install/turtlesim_interface/lib/python3.12/site-packages'
[3.758s] Level 1:colcon.colcon_core.shell:create_environment_hook('turtlesim_interface', 'pythonpath')
[3.758s] INFO:colcon.colcon_core.shell:Creating environment hook '/home/jonatan/ros2_ws/install/turtlesim_interface/share/turtlesim_interface/hook/pythonpath.ps1'
[3.759s] INFO:colcon.colcon_core.shell:Creating environment descriptor '/home/jonatan/ros2_ws/install/turtlesim_interface/share/turtlesim_interface/hook/pythonpath.dsv'
[3.759s] INFO:colcon.colcon_core.shell:Creating environment hook '/home/jonatan/ros2_ws/install/turtlesim_interface/share/turtlesim_interface/hook/pythonpath.sh'
[3.759s] Level 1:colcon.colcon_core.environment:checking '/home/jonatan/ros2_ws/install/turtlesim_interface/bin'
[3.760s] Level 1:colcon.colcon_core.environment:create_environment_scripts_only(turtlesim_interface)
[3.760s] INFO:colcon.colcon_core.shell:Creating package script '/home/jonatan/ros2_ws/install/turtlesim_interface/share/turtlesim_interface/package.ps1'
[3.760s] INFO:colcon.colcon_core.shell:Creating package descriptor '/home/jonatan/ros2_ws/install/turtlesim_interface/share/turtlesim_interface/package.dsv'
[3.761s] INFO:colcon.colcon_core.shell:Creating package script '/home/jonatan/ros2_ws/install/turtlesim_interface/share/turtlesim_interface/package.sh'
[3.761s] INFO:colcon.colcon_core.shell:Creating package script '/home/jonatan/ros2_ws/install/turtlesim_interface/share/turtlesim_interface/package.bash'
[3.761s] INFO:colcon.colcon_core.shell:Creating package script '/home/jonatan/ros2_ws/install/turtlesim_interface/share/turtlesim_interface/package.zsh'
[3.762s] Level 1:colcon.colcon_core.environment:create_file_with_runtime_dependencies(/home/jonatan/ros2_ws/install/turtlesim_interface/share/colcon-core/packages/turtlesim_interface)
[3.762s] DEBUG:colcon.colcon_parallel_executor.executor.parallel:closing loop
[3.763s] DEBUG:colcon.colcon_parallel_executor.executor.parallel:loop closed
[3.763s] DEBUG:colcon.colcon_parallel_executor.executor.parallel:run_until_complete finished with '0'
[3.763s] DEBUG:colcon.colcon_core.event_reactor:joining thread
[3.770s] INFO:colcon.colcon_core.plugin_system:Skipping extension 'colcon_notification.desktop_notification.terminal_notifier': Not used on non-Darwin systems
[3.771s] INFO:colcon.colcon_core.plugin_system:Skipping extension 'colcon_notification.desktop_notification.win32': Not used on non-Windows systems
[3.771s] INFO:colcon.colcon_notification.desktop_notification:Sending desktop notification using 'notify2'
[3.784s] DEBUG:colcon.colcon_core.event_reactor:joined thread
[3.785s] INFO:colcon.colcon_core.shell:Creating prefix script '/home/jonatan/ros2_ws/install/local_setup.ps1'
[3.785s] INFO:colcon.colcon_core.shell:Creating prefix util module '/home/jonatan/ros2_ws/install/_local_setup_util_ps1.py'
[3.786s] INFO:colcon.colcon_core.shell:Creating prefix chain script '/home/jonatan/ros2_ws/install/setup.ps1'
[3.787s] INFO:colcon.colcon_core.shell:Creating prefix script '/home/jonatan/ros2_ws/install/local_setup.sh'
[3.788s] INFO:colcon.colcon_core.shell:Creating prefix util module '/home/jonatan/ros2_ws/install/_local_setup_util_sh.py'
[3.789s] INFO:colcon.colcon_core.shell:Creating prefix chain script '/home/jonatan/ros2_ws/install/setup.sh'
[3.790s] INFO:colcon.colcon_core.shell:Creating prefix script '/home/jonatan/ros2_ws/install/local_setup.bash'
[3.790s] INFO:colcon.colcon_core.shell:Creating prefix chain script '/home/jonatan/ros2_ws/install/setup.bash'
[3.791s] INFO:colcon.colcon_core.shell:Creating prefix script '/home/jonatan/ros2_ws/install/local_setup.zsh'
[3.792s] INFO:colcon.colcon_core.shell:Creating prefix chain script '/home/jonatan/ros2_ws/install/setup.zsh'
