[1.153s] Invoking command in '/home/jonatan/ros2_ws/src/first_project': PS1=(Virtual) \[\e]0;\u@\h: \w\a\]${debian_chroot:+($debian_chroot)}\[\033[01;32m\]\u@\h\[\033[00m\]:\[\033[01;34m\]\w\[\033[00m\]\$ PYTHONPATH=/home/jonatan/ros2_ws/src/first_project/build/first_project/prefix_override:/usr/lib/python3/dist-packages/colcon_core/task/python/colcon_distutils_commands:/home/jonatan/ros2_ws/src/first_project/install/first_project/lib/python3.12/site-packages:${PYTHONPATH} VIRTUAL_ENV_PROMPT=(Virtual) /usr/bin/python3 -W ignore:setup.py install is deprecated -W ignore:easy_install command is deprecated setup.py egg_info --egg-base build/first_project build --build-base /home/jonatan/ros2_ws/src/first_project/build/first_project/build install --record /home/jonatan/ros2_ws/src/first_project/build/first_project/install.log --single-version-externally-managed install_data
[1.439s] running egg_info
[1.440s] creating build/first_project/first_project.egg-info
[1.469s] writing build/first_project/first_project.egg-info/PKG-INFO
[1.470s] writing dependency_links to build/first_project/first_project.egg-info/dependency_links.txt
[1.470s] writing entry points to build/first_project/first_project.egg-info/entry_points.txt
[1.470s] writing requirements to build/first_project/first_project.egg-info/requires.txt
[1.470s] writing top-level names to build/first_project/first_project.egg-info/top_level.txt
[1.470s] writing manifest file 'build/first_project/first_project.egg-info/SOURCES.txt'
[1.515s] reading manifest file 'build/first_project/first_project.egg-info/SOURCES.txt'
[1.516s] adding license file 'LICENSE'
[1.516s] writing manifest file 'build/first_project/first_project.egg-info/SOURCES.txt'
[1.517s] running build
[1.517s] running build_py
[1.517s] creating /home/jonatan/ros2_ws/src/first_project/build/first_project/build
[1.517s] creating /home/jonatan/ros2_ws/src/first_project/build/first_project/build/lib
[1.517s] creating /home/jonatan/ros2_ws/src/first_project/build/first_project/build/lib/first_project
[1.517s] copying first_project/subscriber_node.py -> /home/jonatan/ros2_ws/src/first_project/build/first_project/build/lib/first_project
[1.517s] copying first_project/publish_node.py -> /home/jonatan/ros2_ws/src/first_project/build/first_project/build/lib/first_project
[1.517s] copying first_project/__init__.py -> /home/jonatan/ros2_ws/src/first_project/build/first_project/build/lib/first_project
[1.518s] running install
[1.524s] running install_lib
[1.545s] creating /home/jonatan/ros2_ws/src/first_project/install/first_project/lib/python3.12/site-packages/first_project
[1.545s] copying /home/jonatan/ros2_ws/src/first_project/build/first_project/build/lib/first_project/subscriber_node.py -> /home/jonatan/ros2_ws/src/first_project/install/first_project/lib/python3.12/site-packages/first_project
[1.545s] copying /home/jonatan/ros2_ws/src/first_project/build/first_project/build/lib/first_project/publish_node.py -> /home/jonatan/ros2_ws/src/first_project/install/first_project/lib/python3.12/site-packages/first_project
[1.545s] copying /home/jonatan/ros2_ws/src/first_project/build/first_project/build/lib/first_project/__init__.py -> /home/jonatan/ros2_ws/src/first_project/install/first_project/lib/python3.12/site-packages/first_project
[1.546s] byte-compiling /home/jonatan/ros2_ws/src/first_project/install/first_project/lib/python3.12/site-packages/first_project/subscriber_node.py to subscriber_node.cpython-312.pyc
[1.546s] byte-compiling /home/jonatan/ros2_ws/src/first_project/install/first_project/lib/python3.12/site-packages/first_project/publish_node.py to publish_node.cpython-312.pyc
[1.547s] byte-compiling /home/jonatan/ros2_ws/src/first_project/install/first_project/lib/python3.12/site-packages/first_project/__init__.py to __init__.cpython-312.pyc
[1.547s] running install_data
[1.547s] creating /home/jonatan/ros2_ws/src/first_project/install/first_project/share/ament_index
[1.548s] creating /home/jonatan/ros2_ws/src/first_project/install/first_project/share/ament_index/resource_index
[1.548s] creating /home/jonatan/ros2_ws/src/first_project/install/first_project/share/ament_index/resource_index/packages
[1.548s] copying resource/first_project -> /home/jonatan/ros2_ws/src/first_project/install/first_project/share/ament_index/resource_index/packages
[1.548s] copying package.xml -> /home/jonatan/ros2_ws/src/first_project/install/first_project/share/first_project
[1.548s] creating /home/jonatan/ros2_ws/src/first_project/install/first_project/share/first_project/launch
[1.548s] copying launch/my_launch.py -> /home/jonatan/ros2_ws/src/first_project/install/first_project/share/first_project/launch
[1.548s] running install_egg_info
[1.572s] Copying build/first_project/first_project.egg-info to /home/jonatan/ros2_ws/src/first_project/install/first_project/lib/python3.12/site-packages/first_project-0.0.0-py3.12.egg-info
[1.573s] running install_scripts
[1.714s] Installing reciever script to /home/jonatan/ros2_ws/src/first_project/install/first_project/lib/first_project
[1.714s] Installing sender script to /home/jonatan/ros2_ws/src/first_project/install/first_project/lib/first_project
[1.714s] writing list of installed files to '/home/jonatan/ros2_ws/src/first_project/build/first_project/install.log'
[1.744s] Invoked command in '/home/jonatan/ros2_ws/src/first_project' returned '0': PS1=(Virtual) \[\e]0;\u@\h: \w\a\]${debian_chroot:+($debian_chroot)}\[\033[01;32m\]\u@\h\[\033[00m\]:\[\033[01;34m\]\w\[\033[00m\]\$ PYTHONPATH=/home/jonatan/ros2_ws/src/first_project/build/first_project/prefix_override:/usr/lib/python3/dist-packages/colcon_core/task/python/colcon_distutils_commands:/home/jonatan/ros2_ws/src/first_project/install/first_project/lib/python3.12/site-packages:${PYTHONPATH} VIRTUAL_ENV_PROMPT=(Virtual) /usr/bin/python3 -W ignore:setup.py install is deprecated -W ignore:easy_install command is deprecated setup.py egg_info --egg-base build/first_project build --build-base /home/jonatan/ros2_ws/src/first_project/build/first_project/build install --record /home/jonatan/ros2_ws/src/first_project/build/first_project/install.log --single-version-externally-managed install_data
