/home/jonatan/ros2_ws/install/obslidar_description/lib/python3.12/site-packages/obslidar_description/__init__.py
/home/jonatan/ros2_ws/install/obslidar_description/lib/python3.12/site-packages/obslidar_description/__pycache__/__init__.cpython-312.pyc
/home/jonatan/ros2_ws/install/obslidar_description/share/ament_index/resource_index/packages/obslidar_description
/home/jonatan/ros2_ws/install/obslidar_description/share/obslidar_description/package.xml
/home/jonatan/ros2_ws/install/obslidar_description/share/obslidar_description/launch/gazebo.launch.py
/home/jonatan/ros2_ws/install/obslidar_description/share/obslidar_description/launch/display.launch.py
/home/jonatan/ros2_ws/install/obslidar_description/share/obslidar_description/urdf/obslidar.xacro
/home/jonatan/ros2_ws/install/obslidar_description/share/obslidar_description/urdf/obslidar.ros2control
/home/jonatan/ros2_ws/install/obslidar_description/share/obslidar_description/urdf/obslidar.gazebo
/home/jonatan/ros2_ws/install/obslidar_description/share/obslidar_description/urdf/materials.xacro
/home/jonatan/ros2_ws/install/obslidar_description/share/obslidar_description/meshes/castro_wheel_1.stl
/home/jonatan/ros2_ws/install/obslidar_description/share/obslidar_description/meshes/right_wheel_1.stl
/home/jonatan/ros2_ws/install/obslidar_description/share/obslidar_description/meshes/lidar_1.stl
/home/jonatan/ros2_ws/install/obslidar_description/share/obslidar_description/meshes/left_wheel_1.stl
/home/jonatan/ros2_ws/install/obslidar_description/share/obslidar_description/meshes/base_link.stl
/home/jonatan/ros2_ws/install/obslidar_description/share/obslidar_description/config/display.rviz
/home/jonatan/ros2_ws/install/obslidar_description/share/obslidar_description/config/gazebo.rviz
/home/jonatan/ros2_ws/install/obslidar_description/share/obslidar_description/config/ros_gz_bridge_gazebo.yaml
/home/jonatan/ros2_ws/install/obslidar_description/lib/python3.12/site-packages/obslidar_description-0.0.0-py3.12.egg-info/top_level.txt
/home/jonatan/ros2_ws/install/obslidar_description/lib/python3.12/site-packages/obslidar_description-0.0.0-py3.12.egg-info/requires.txt
/home/jonatan/ros2_ws/install/obslidar_description/lib/python3.12/site-packages/obslidar_description-0.0.0-py3.12.egg-info/dependency_links.txt
/home/jonatan/ros2_ws/install/obslidar_description/lib/python3.12/site-packages/obslidar_description-0.0.0-py3.12.egg-info/PKG-INFO
/home/jonatan/ros2_ws/install/obslidar_description/lib/python3.12/site-packages/obslidar_description-0.0.0-py3.12.egg-info/zip-safe
/home/jonatan/ros2_ws/install/obslidar_description/lib/python3.12/site-packages/obslidar_description-0.0.0-py3.12.egg-info/SOURCES.txt
