running egg_info
writing ../../build/first_project/first_project.egg-info/PKG-INFO
writing dependency_links to ../../build/first_project/first_project.egg-info/dependency_links.txt
writing entry points to ../../build/first_project/first_project.egg-info/entry_points.txt
writing requirements to ../../build/first_project/first_project.egg-info/requires.txt
writing top-level names to ../../build/first_project/first_project.egg-info/top_level.txt
reading manifest file '../../build/first_project/first_project.egg-info/SOURCES.txt'
adding license file 'LICENSE'
writing manifest file '../../build/first_project/first_project.egg-info/SOURCES.txt'
running build
running build_py
running install
running install_lib
running install_data
running install_egg_info
removing '/home/jonatan/ros2_ws/install/first_project/lib/python3.12/site-packages/first_project-0.0.0-py3.12.egg-info' (and everything under it)
Copying ../../build/first_project/first_project.egg-info to /home/jonatan/ros2_ws/install/first_project/lib/python3.12/site-packages/first_project-0.0.0-py3.12.egg-info
running install_scripts
Installing reciever script to /home/jonatan/ros2_ws/install/first_project/lib/first_project
Installing sender script to /home/jonatan/ros2_ws/install/first_project/lib/first_project
writing list of installed files to '/home/jonatan/ros2_ws/build/first_project/install.log'
