running egg_info
creating ../../build/pubsub_rospyqt/pubsub_rospyqt.egg-info
writing ../../build/pubsub_rospyqt/pubsub_rospyqt.egg-info/PKG-INFO
writing dependency_links to ../../build/pubsub_rospyqt/pubsub_rospyqt.egg-info/dependency_links.txt
writing entry points to ../../build/pubsub_rospyqt/pubsub_rospyqt.egg-info/entry_points.txt
writing requirements to ../../build/pubsub_rospyqt/pubsub_rospyqt.egg-info/requires.txt
writing top-level names to ../../build/pubsub_rospyqt/pubsub_rospyqt.egg-info/top_level.txt
writing manifest file '../../build/pubsub_rospyqt/pubsub_rospyqt.egg-info/SOURCES.txt'
reading manifest file '../../build/pubsub_rospyqt/pubsub_rospyqt.egg-info/SOURCES.txt'
adding license file 'LICENSE'
writing manifest file '../../build/pubsub_rospyqt/pubsub_rospyqt.egg-info/SOURCES.txt'
running build
running build_py
creating /home/jonatan/ros2_ws/build/pubsub_rospyqt/build
creating /home/jonatan/ros2_ws/build/pubsub_rospyqt/build/lib
creating /home/jonatan/ros2_ws/build/pubsub_rospyqt/build/lib/pubsub_rospyqt
copying pubsub_rospyqt/utils.py -> /home/jonatan/ros2_ws/build/pubsub_rospyqt/build/lib/pubsub_rospyqt
copying pubsub_rospyqt/main_program.py -> /home/jonatan/ros2_ws/build/pubsub_rospyqt/build/lib/pubsub_rospyqt
copying pubsub_rospyqt/__init__.py -> /home/jonatan/ros2_ws/build/pubsub_rospyqt/build/lib/pubsub_rospyqt
running install
running install_lib
creating /home/jonatan/ros2_ws/install/pubsub_rospyqt/lib/python3.12/site-packages/pubsub_rospyqt
copying /home/jonatan/ros2_ws/build/pubsub_rospyqt/build/lib/pubsub_rospyqt/utils.py -> /home/jonatan/ros2_ws/install/pubsub_rospyqt/lib/python3.12/site-packages/pubsub_rospyqt
copying /home/jonatan/ros2_ws/build/pubsub_rospyqt/build/lib/pubsub_rospyqt/main_program.py -> /home/jonatan/ros2_ws/install/pubsub_rospyqt/lib/python3.12/site-packages/pubsub_rospyqt
copying /home/jonatan/ros2_ws/build/pubsub_rospyqt/build/lib/pubsub_rospyqt/__init__.py -> /home/jonatan/ros2_ws/install/pubsub_rospyqt/lib/python3.12/site-packages/pubsub_rospyqt
byte-compiling /home/jonatan/ros2_ws/install/pubsub_rospyqt/lib/python3.12/site-packages/pubsub_rospyqt/utils.py to utils.cpython-312.pyc
byte-compiling /home/jonatan/ros2_ws/install/pubsub_rospyqt/lib/python3.12/site-packages/pubsub_rospyqt/main_program.py to main_program.cpython-312.pyc
byte-compiling /home/jonatan/ros2_ws/install/pubsub_rospyqt/lib/python3.12/site-packages/pubsub_rospyqt/__init__.py to __init__.cpython-312.pyc
running install_data
creating /home/jonatan/ros2_ws/install/pubsub_rospyqt/share/ament_index
creating /home/jonatan/ros2_ws/install/pubsub_rospyqt/share/ament_index/resource_index
creating /home/jonatan/ros2_ws/install/pubsub_rospyqt/share/ament_index/resource_index/packages
copying resource/pubsub_rospyqt -> /home/jonatan/ros2_ws/install/pubsub_rospyqt/share/ament_index/resource_index/packages
copying package.xml -> /home/jonatan/ros2_ws/install/pubsub_rospyqt/share/pubsub_rospyqt
running install_egg_info
Copying ../../build/pubsub_rospyqt/pubsub_rospyqt.egg-info to /home/jonatan/ros2_ws/install/pubsub_rospyqt/lib/python3.12/site-packages/pubsub_rospyqt-0.0.0-py3.12.egg-info
running install_scripts
Installing show_gui script to /home/jonatan/ros2_ws/install/pubsub_rospyqt/lib/pubsub_rospyqt
writing list of installed files to '/home/jonatan/ros2_ws/build/pubsub_rospyqt/install.log'
