[1.695s] Invoking command in '/home/jonatan/ros2_ws/src/pubsub_rospyqt': PS1=\[\e]0;\u@\h: \w\a\]${debian_chroot:+($debian_chroot)}\[\033[01;32m\]\u@\h\[\033[00m\]:\[\033[01;34m\]\w\[\033[00m\]\$ PYTHONPATH=/home/jonatan/ros2_ws/build/pubsub_rospyqt/prefix_override:/usr/lib/python3/dist-packages/colcon_core/task/python/colcon_distutils_commands:/home/jonatan/ros2_ws/install/pubsub_rospyqt/lib/python3.12/site-packages:${PYTHONPATH} /usr/bin/python3 -W ignore:setup.py install is deprecated -W ignore:easy_install command is deprecated setup.py egg_info --egg-base ../../build/pubsub_rospyqt build --build-base /home/jonatan/ros2_ws/build/pubsub_rospyqt/build install --record /home/jonatan/ros2_ws/build/pubsub_rospyqt/install.log --single-version-externally-managed install_data
[2.169s] running egg_info
[2.172s] creating ../../build/pubsub_rospyqt/pubsub_rospyqt.egg-info
[2.205s] writing ../../build/pubsub_rospyqt/pubsub_rospyqt.egg-info/PKG-INFO
[2.206s] writing dependency_links to ../../build/pubsub_rospyqt/pubsub_rospyqt.egg-info/dependency_links.txt
[2.206s] writing entry points to ../../build/pubsub_rospyqt/pubsub_rospyqt.egg-info/entry_points.txt
[2.206s] writing requirements to ../../build/pubsub_rospyqt/pubsub_rospyqt.egg-info/requires.txt
[2.206s] writing top-level names to ../../build/pubsub_rospyqt/pubsub_rospyqt.egg-info/top_level.txt
[2.206s] writing manifest file '../../build/pubsub_rospyqt/pubsub_rospyqt.egg-info/SOURCES.txt'
[2.277s] reading manifest file '../../build/pubsub_rospyqt/pubsub_rospyqt.egg-info/SOURCES.txt'
[2.277s] adding license file 'LICENSE'
[2.278s] writing manifest file '../../build/pubsub_rospyqt/pubsub_rospyqt.egg-info/SOURCES.txt'
[2.279s] running build
[2.279s] running build_py
[2.279s] creating /home/jonatan/ros2_ws/build/pubsub_rospyqt/build
[2.279s] creating /home/jonatan/ros2_ws/build/pubsub_rospyqt/build/lib
[2.280s] creating /home/jonatan/ros2_ws/build/pubsub_rospyqt/build/lib/pubsub_rospyqt
[2.280s] copying pubsub_rospyqt/utils.py -> /home/jonatan/ros2_ws/build/pubsub_rospyqt/build/lib/pubsub_rospyqt
[2.284s] copying pubsub_rospyqt/main_program.py -> /home/jonatan/ros2_ws/build/pubsub_rospyqt/build/lib/pubsub_rospyqt
[2.284s] copying pubsub_rospyqt/__init__.py -> /home/jonatan/ros2_ws/build/pubsub_rospyqt/build/lib/pubsub_rospyqt
[2.284s] running install
[2.292s] running install_lib
[2.330s] creating /home/jonatan/ros2_ws/install/pubsub_rospyqt/lib/python3.12/site-packages/pubsub_rospyqt
[2.331s] copying /home/jonatan/ros2_ws/build/pubsub_rospyqt/build/lib/pubsub_rospyqt/utils.py -> /home/jonatan/ros2_ws/install/pubsub_rospyqt/lib/python3.12/site-packages/pubsub_rospyqt
[2.331s] copying /home/jonatan/ros2_ws/build/pubsub_rospyqt/build/lib/pubsub_rospyqt/main_program.py -> /home/jonatan/ros2_ws/install/pubsub_rospyqt/lib/python3.12/site-packages/pubsub_rospyqt
[2.331s] copying /home/jonatan/ros2_ws/build/pubsub_rospyqt/build/lib/pubsub_rospyqt/__init__.py -> /home/jonatan/ros2_ws/install/pubsub_rospyqt/lib/python3.12/site-packages/pubsub_rospyqt
[2.331s] byte-compiling /home/jonatan/ros2_ws/install/pubsub_rospyqt/lib/python3.12/site-packages/pubsub_rospyqt/utils.py to utils.cpython-312.pyc
[2.332s] byte-compiling /home/jonatan/ros2_ws/install/pubsub_rospyqt/lib/python3.12/site-packages/pubsub_rospyqt/main_program.py to main_program.cpython-312.pyc
[2.333s] byte-compiling /home/jonatan/ros2_ws/install/pubsub_rospyqt/lib/python3.12/site-packages/pubsub_rospyqt/__init__.py to __init__.cpython-312.pyc
[2.333s] running install_data
[2.334s] creating /home/jonatan/ros2_ws/install/pubsub_rospyqt/share/ament_index
[2.334s] creating /home/jonatan/ros2_ws/install/pubsub_rospyqt/share/ament_index/resource_index
[2.334s] creating /home/jonatan/ros2_ws/install/pubsub_rospyqt/share/ament_index/resource_index/packages
[2.334s] copying resource/pubsub_rospyqt -> /home/jonatan/ros2_ws/install/pubsub_rospyqt/share/ament_index/resource_index/packages
[2.334s] copying package.xml -> /home/jonatan/ros2_ws/install/pubsub_rospyqt/share/pubsub_rospyqt
[2.335s] running install_egg_info
[2.372s] Copying ../../build/pubsub_rospyqt/pubsub_rospyqt.egg-info to /home/jonatan/ros2_ws/install/pubsub_rospyqt/lib/python3.12/site-packages/pubsub_rospyqt-0.0.0-py3.12.egg-info
[2.373s] running install_scripts
[2.610s] Installing show_gui script to /home/jonatan/ros2_ws/install/pubsub_rospyqt/lib/pubsub_rospyqt
[2.610s] writing list of installed files to '/home/jonatan/ros2_ws/build/pubsub_rospyqt/install.log'
[2.660s] Invoked command in '/home/jonatan/ros2_ws/src/pubsub_rospyqt' returned '0': PS1=\[\e]0;\u@\h: \w\a\]${debian_chroot:+($debian_chroot)}\[\033[01;32m\]\u@\h\[\033[00m\]:\[\033[01;34m\]\w\[\033[00m\]\$ PYTHONPATH=/home/jonatan/ros2_ws/build/pubsub_rospyqt/prefix_override:/usr/lib/python3/dist-packages/colcon_core/task/python/colcon_distutils_commands:/home/jonatan/ros2_ws/install/pubsub_rospyqt/lib/python3.12/site-packages:${PYTHONPATH} /usr/bin/python3 -W ignore:setup.py install is deprecated -W ignore:easy_install command is deprecated setup.py egg_info --egg-base ../../build/pubsub_rospyqt build --build-base /home/jonatan/ros2_ws/build/pubsub_rospyqt/build install --record /home/jonatan/ros2_ws/build/pubsub_rospyqt/install.log --single-version-externally-managed install_data
