[0.016s] Invoking command in '/home/jonatan/ros2_ws/build/working_robot': CMAKE_PREFIX_PATH=${CMAKE_PREFIX_PATH}:/opt/ros/jazzy PS1=\[\e]0;\u@\h: \w\a\]${debian_chroot:+($debian_chroot)}\[\033[01;32m\]\u@\h\[\033[00m\]:\[\033[01;34m\]\w\[\033[00m\]\$ /usr/bin/cmake /home/jonatan/ros2_ws/src/working_robot -DCMAKE_INSTALL_PREFIX=/home/jonatan/ros2_ws/install/working_robot
[0.277s] -- The C compiler identification is GNU 13.3.0
[0.597s] -- The CXX compiler identification is GNU 13.3.0
[0.652s] -- Detecting C compiler ABI info
[0.876s] -- Detecting C compiler ABI info - done
[0.900s] -- Check for working C compiler: /usr/bin/cc - skipped
[0.905s] -- Detecting C compile features
[0.906s] -- Detecting C compile features - done
[0.931s] -- Detecting CXX compiler ABI info
[1.263s] -- Detecting CXX compiler ABI info - done
[1.289s] -- Check for working CXX compiler: /usr/bin/c++ - skipped
[1.290s] -- Detecting CXX compile features
[1.291s] -- Detecting CXX compile features - done
[1.353s] -- Found ament_cmake: 2.5.3 (/opt/ros/jazzy/share/ament_cmake/cmake)
[1.640s] -- Found Python3: /usr/bin/python3 (found version "3.12.3") found components: Interpreter 
[1.887s] -- Found ament_lint_auto: 0.17.2 (/opt/ros/jazzy/share/ament_lint_auto/cmake)
[2.097s] -- Added test 'flake8' to check Python code syntax and style conventions
[2.097s] -- Configured 'flake8' exclude dirs and/or files: 
[2.100s] -- Added test 'lint_cmake' to check CMake code style
[2.101s] -- Added test 'pep257' to check Python code against some of the docstring style conventions in PEP 257
[2.107s] -- Added test 'xmllint' to check XML markup files
[2.111s] -- Configuring done (2.1s)
[2.116s] -- Generating done (0.0s)
[2.119s] -- Build files have been written to: /home/jonatan/ros2_ws/build/working_robot
[2.127s] Invoked command in '/home/jonatan/ros2_ws/build/working_robot' returned '0': CMAKE_PREFIX_PATH=${CMAKE_PREFIX_PATH}:/opt/ros/jazzy PS1=\[\e]0;\u@\h: \w\a\]${debian_chroot:+($debian_chroot)}\[\033[01;32m\]\u@\h\[\033[00m\]:\[\033[01;34m\]\w\[\033[00m\]\$ /usr/bin/cmake /home/jonatan/ros2_ws/src/working_robot -DCMAKE_INSTALL_PREFIX=/home/jonatan/ros2_ws/install/working_robot
[2.130s] Invoking command in '/home/jonatan/ros2_ws/build/working_robot': CMAKE_PREFIX_PATH=${CMAKE_PREFIX_PATH}:/opt/ros/jazzy PS1=\[\e]0;\u@\h: \w\a\]${debian_chroot:+($debian_chroot)}\[\033[01;32m\]\u@\h\[\033[00m\]:\[\033[01;34m\]\w\[\033[00m\]\$ /usr/bin/cmake --build /home/jonatan/ros2_ws/build/working_robot -- -j4 -l4
[2.198s] Invoked command in '/home/jonatan/ros2_ws/build/working_robot' returned '0': CMAKE_PREFIX_PATH=${CMAKE_PREFIX_PATH}:/opt/ros/jazzy PS1=\[\e]0;\u@\h: \w\a\]${debian_chroot:+($debian_chroot)}\[\033[01;32m\]\u@\h\[\033[00m\]:\[\033[01;34m\]\w\[\033[00m\]\$ /usr/bin/cmake --build /home/jonatan/ros2_ws/build/working_robot -- -j4 -l4
[2.217s] Invoking command in '/home/jonatan/ros2_ws/build/working_robot': CMAKE_PREFIX_PATH=${CMAKE_PREFIX_PATH}:/opt/ros/jazzy PS1=\[\e]0;\u@\h: \w\a\]${debian_chroot:+($debian_chroot)}\[\033[01;32m\]\u@\h\[\033[00m\]:\[\033[01;34m\]\w\[\033[00m\]\$ /usr/bin/cmake --install /home/jonatan/ros2_ws/build/working_robot
[2.231s] -- Install configuration: ""
[2.231s] -- Installing: /home/jonatan/ros2_ws/install/working_robot/share/working_robot/launch
[2.232s] -- Installing: /home/jonatan/ros2_ws/install/working_robot/share/working_robot/launch/gazebo.launch.py
[2.235s] -- Installing: /home/jonatan/ros2_ws/install/working_robot/share/working_robot/launch/__pycache__
[2.236s] -- Installing: /home/jonatan/ros2_ws/install/working_robot/share/working_robot/launch/__pycache__/display.launch.cpython-312.pyc
[2.236s] -- Installing: /home/jonatan/ros2_ws/install/working_robot/share/working_robot/launch/display.launch.py
[2.236s] -- Installing: /home/jonatan/ros2_ws/install/working_robot/share/working_robot/meshes
[2.236s] -- Installing: /home/jonatan/ros2_ws/install/working_robot/share/working_robot/meshes/castro_wheel_1.stl
[2.238s] -- Installing: /home/jonatan/ros2_ws/install/working_robot/share/working_robot/meshes/right_wheel_1.stl
[2.238s] -- Installing: /home/jonatan/ros2_ws/install/working_robot/share/working_robot/meshes/lidar_1.stl
[2.239s] -- Installing: /home/jonatan/ros2_ws/install/working_robot/share/working_robot/meshes/left_wheel_1.stl
[2.239s] -- Installing: /home/jonatan/ros2_ws/install/working_robot/share/working_robot/meshes/base_link.stl
[2.240s] -- Installing: /home/jonatan/ros2_ws/install/working_robot/share/working_robot/urdf
[2.240s] -- Installing: /home/jonatan/ros2_ws/install/working_robot/share/working_robot/urdf/obslidar.xacro
[2.240s] -- Installing: /home/jonatan/ros2_ws/install/working_robot/share/working_robot/urdf/obslidar.ros2control
[2.241s] -- Installing: /home/jonatan/ros2_ws/install/working_robot/share/working_robot/urdf/obslidar.gazebo
[2.241s] -- Installing: /home/jonatan/ros2_ws/install/working_robot/share/working_robot/urdf/materials.xacro
[2.241s] -- Installing: /home/jonatan/ros2_ws/install/working_robot/share/working_robot/config
[2.241s] -- Installing: /home/jonatan/ros2_ws/install/working_robot/share/working_robot/config/display.rviz
[2.242s] -- Installing: /home/jonatan/ros2_ws/install/working_robot/share/working_robot/config/gazebo.rviz
[2.242s] -- Installing: /home/jonatan/ros2_ws/install/working_robot/share/working_robot/config/ros_gz_bridge_gazebo.yaml
[2.242s] -- Installing: /home/jonatan/ros2_ws/install/working_robot/share/working_robot/worlds
[2.242s] -- Installing: /home/jonatan/ros2_ws/install/working_robot/share/ament_index/resource_index/package_run_dependencies/working_robot
[2.242s] -- Installing: /home/jonatan/ros2_ws/install/working_robot/share/ament_index/resource_index/parent_prefix_path/working_robot
[2.243s] -- Installing: /home/jonatan/ros2_ws/install/working_robot/share/working_robot/environment/ament_prefix_path.sh
[2.243s] -- Installing: /home/jonatan/ros2_ws/install/working_robot/share/working_robot/environment/ament_prefix_path.dsv
[2.243s] -- Installing: /home/jonatan/ros2_ws/install/working_robot/share/working_robot/environment/path.sh
[2.244s] -- Installing: /home/jonatan/ros2_ws/install/working_robot/share/working_robot/environment/path.dsv
[2.244s] -- Installing: /home/jonatan/ros2_ws/install/working_robot/share/working_robot/local_setup.bash
[2.244s] -- Installing: /home/jonatan/ros2_ws/install/working_robot/share/working_robot/local_setup.sh
[2.245s] -- Installing: /home/jonatan/ros2_ws/install/working_robot/share/working_robot/local_setup.zsh
[2.245s] -- Installing: /home/jonatan/ros2_ws/install/working_robot/share/working_robot/local_setup.dsv
[2.245s] -- Installing: /home/jonatan/ros2_ws/install/working_robot/share/working_robot/package.dsv
[2.245s] -- Installing: /home/jonatan/ros2_ws/install/working_robot/share/ament_index/resource_index/packages/working_robot
[2.245s] -- Installing: /home/jonatan/ros2_ws/install/working_robot/share/working_robot/cmake/working_robotConfig.cmake
[2.246s] -- Installing: /home/jonatan/ros2_ws/install/working_robot/share/working_robot/cmake/working_robotConfig-version.cmake
[2.246s] -- Installing: /home/jonatan/ros2_ws/install/working_robot/share/working_robot/package.xml
[2.249s] Invoked command in '/home/jonatan/ros2_ws/build/working_robot' returned '0': CMAKE_PREFIX_PATH=${CMAKE_PREFIX_PATH}:/opt/ros/jazzy PS1=\[\e]0;\u@\h: \w\a\]${debian_chroot:+($debian_chroot)}\[\033[01;32m\]\u@\h\[\033[00m\]:\[\033[01;34m\]\w\[\033[00m\]\$ /usr/bin/cmake --install /home/jonatan/ros2_ws/build/working_robot
