[0.041s] Invoking command in '/home/jonatan/ros2_ws/build/articubot_one': CMAKE_PREFIX_PATH=${CMAKE_PREFIX_PATH}:/opt/ros/jazzy PS1=\[\e]0;\u@\h: \w\a\]${debian_chroot:+($debian_chroot)}\[\033[01;32m\]\u@\h\[\033[00m\]:\[\033[01;34m\]\w\[\033[00m\]\$ /usr/bin/cmake --build /home/jonatan/ros2_ws/build/articubot_one -- -j4 -l4
[0.292s] Built target ament_cmake_python_copy_articubot_one
[1.203s] running egg_info
[1.297s] writing articubot_one.egg-info/PKG-INFO
[1.298s] writing dependency_links to articubot_one.egg-info/dependency_links.txt
[1.299s] writing top-level names to articubot_one.egg-info/top_level.txt
[1.606s] reading manifest file 'articubot_one.egg-info/SOURCES.txt'
[1.609s] writing manifest file 'articubot_one.egg-info/SOURCES.txt'
[1.699s] Built target ament_cmake_python_build_articubot_one_egg
[1.734s] Invoked command in '/home/jonatan/ros2_ws/build/articubot_one' returned '0': CMAKE_PREFIX_PATH=${CMAKE_PREFIX_PATH}:/opt/ros/jazzy PS1=\[\e]0;\u@\h: \w\a\]${debian_chroot:+($debian_chroot)}\[\033[01;32m\]\u@\h\[\033[00m\]:\[\033[01;34m\]\w\[\033[00m\]\$ /usr/bin/cmake --build /home/jonatan/ros2_ws/build/articubot_one -- -j4 -l4
[1.771s] Invoking command in '/home/jonatan/ros2_ws/build/articubot_one': CMAKE_PREFIX_PATH=${CMAKE_PREFIX_PATH}:/opt/ros/jazzy PS1=\[\e]0;\u@\h: \w\a\]${debian_chroot:+($debian_chroot)}\[\033[01;32m\]\u@\h\[\033[00m\]:\[\033[01;34m\]\w\[\033[00m\]\$ /usr/bin/cmake --install /home/jonatan/ros2_ws/build/articubot_one
[1.809s] -- Install configuration: ""
[1.810s] -- Up-to-date: /home/jonatan/ros2_ws/install/articubot_one/share/articubot_one/environment/pythonpath.sh
[1.810s] -- Up-to-date: /home/jonatan/ros2_ws/install/articubot_one/share/articubot_one/environment/pythonpath.dsv
[1.810s] -- Up-to-date: /home/jonatan/ros2_ws/install/articubot_one/lib/python3.12/site-packages/articubot_one-0.0.0-py3.12.egg-info
[1.811s] -- Installing: /home/jonatan/ros2_ws/install/articubot_one/lib/python3.12/site-packages/articubot_one-0.0.0-py3.12.egg-info/top_level.txt
[1.811s] -- Installing: /home/jonatan/ros2_ws/install/articubot_one/lib/python3.12/site-packages/articubot_one-0.0.0-py3.12.egg-info/dependency_links.txt
[1.812s] -- Installing: /home/jonatan/ros2_ws/install/articubot_one/lib/python3.12/site-packages/articubot_one-0.0.0-py3.12.egg-info/PKG-INFO
[1.813s] -- Installing: /home/jonatan/ros2_ws/install/articubot_one/lib/python3.12/site-packages/articubot_one-0.0.0-py3.12.egg-info/SOURCES.txt
[1.813s] -- Up-to-date: /home/jonatan/ros2_ws/install/articubot_one/lib/python3.12/site-packages/articubot_one
[1.813s] -- Installing: /home/jonatan/ros2_ws/install/articubot_one/lib/python3.12/site-packages/articubot_one/obstacle_avoidance.py
[1.814s] -- Up-to-date: /home/jonatan/ros2_ws/install/articubot_one/lib/python3.12/site-packages/articubot_one/__init__.py
[1.923s] Listing '/home/jonatan/ros2_ws/install/articubot_one/lib/python3.12/site-packages/articubot_one'...
[1.923s] Compiling '/home/jonatan/ros2_ws/install/articubot_one/lib/python3.12/site-packages/articubot_one/obstacle_avoidance.py'...
[1.944s] -- Installing: /home/jonatan/ros2_ws/install/articubot_one/lib/articubot_one/obstacle_avoidance.py
[1.949s] -- Up-to-date: /home/jonatan/ros2_ws/install/articubot_one/share/articubot_one/config
[1.949s] -- Up-to-date: /home/jonatan/ros2_ws/install/articubot_one/share/articubot_one/config/nav2_params.yaml
[1.950s] -- Up-to-date: /home/jonatan/ros2_ws/install/articubot_one/share/articubot_one/config/ball_tracker_params_robot.yaml
[1.950s] -- Up-to-date: /home/jonatan/ros2_ws/install/articubot_one/share/articubot_one/config/joystick.yaml
[1.950s] -- Up-to-date: /home/jonatan/ros2_ws/install/articubot_one/share/articubot_one/config/mapper_params_online_async.yaml
[1.951s] -- Up-to-date: /home/jonatan/ros2_ws/install/articubot_one/share/articubot_one/config/twist_mux.yaml
[1.951s] -- Up-to-date: /home/jonatan/ros2_ws/install/articubot_one/share/articubot_one/config/ball_tracker_params_sim.yaml
[1.951s] -- Up-to-date: /home/jonatan/ros2_ws/install/articubot_one/share/articubot_one/config/map.rviz
[1.956s] -- Up-to-date: /home/jonatan/ros2_ws/install/articubot_one/share/articubot_one/config/gz_bridge.yaml
[1.956s] -- Up-to-date: /home/jonatan/ros2_ws/install/articubot_one/share/articubot_one/config/view_bot.rviz
[1.956s] -- Up-to-date: /home/jonatan/ros2_ws/install/articubot_one/share/articubot_one/config/drive_bot.rviz
[1.957s] -- Up-to-date: /home/jonatan/ros2_ws/install/articubot_one/share/articubot_one/config/my_controllers.yaml
[1.957s] -- Up-to-date: /home/jonatan/ros2_ws/install/articubot_one/share/articubot_one/config/main.rviz
[1.957s] -- Up-to-date: /home/jonatan/ros2_ws/install/articubot_one/share/articubot_one/config/gaz_ros2_ctl_use_sim.yaml
[1.957s] -- Up-to-date: /home/jonatan/ros2_ws/install/articubot_one/share/articubot_one/config/empty.yaml
[1.958s] -- Up-to-date: /home/jonatan/ros2_ws/install/articubot_one/share/articubot_one/description
[1.958s] -- Up-to-date: /home/jonatan/ros2_ws/install/articubot_one/share/articubot_one/description/gazebo_control.xacro
[1.961s] -- Up-to-date: /home/jonatan/ros2_ws/install/articubot_one/share/articubot_one/description/lidar.xacro
[1.961s] -- Up-to-date: /home/jonatan/ros2_ws/install/articubot_one/share/articubot_one/description/inertial_macros.xacro
[1.962s] -- Up-to-date: /home/jonatan/ros2_ws/install/articubot_one/share/articubot_one/description/face.xacro
[1.964s] -- Up-to-date: /home/jonatan/ros2_ws/install/articubot_one/share/articubot_one/description/camera.xacro
[1.964s] -- Up-to-date: /home/jonatan/ros2_ws/install/articubot_one/share/articubot_one/description/depth_camera.xacro
[1.965s] -- Up-to-date: /home/jonatan/ros2_ws/install/articubot_one/share/articubot_one/description/robot_core.xacro
[1.965s] -- Up-to-date: /home/jonatan/ros2_ws/install/articubot_one/share/articubot_one/description/robot.urdf.xacro
[1.965s] -- Up-to-date: /home/jonatan/ros2_ws/install/articubot_one/share/articubot_one/description/ros2_control.xacro
[1.966s] -- Up-to-date: /home/jonatan/ros2_ws/install/articubot_one/share/articubot_one/launch
[1.966s] -- Up-to-date: /home/jonatan/ros2_ws/install/articubot_one/share/articubot_one/launch/joystick.launch.py
[1.966s] -- Up-to-date: /home/jonatan/ros2_ws/install/articubot_one/share/articubot_one/launch/online_async_launch.py
[1.967s] -- Up-to-date: /home/jonatan/ros2_ws/install/articubot_one/share/articubot_one/launch/ball_tracker.launch.py
[1.967s] -- Up-to-date: /home/jonatan/ros2_ws/install/articubot_one/share/articubot_one/launch/localization_launch.py
[1.971s] -- Up-to-date: /home/jonatan/ros2_ws/install/articubot_one/share/articubot_one/launch/rviz_gazebo.launch.py
[1.972s] -- Up-to-date: /home/jonatan/ros2_ws/install/articubot_one/share/articubot_one/launch/navigation_launch.py
[1.972s] -- Up-to-date: /home/jonatan/ros2_ws/install/articubot_one/share/articubot_one/launch/rsp.launch.py
[1.972s] -- Up-to-date: /home/jonatan/ros2_ws/install/articubot_one/share/articubot_one/launch/launch_robot.launch.py
[1.972s] -- Up-to-date: /home/jonatan/ros2_ws/install/articubot_one/share/articubot_one/launch/camera.launch.py
[1.974s] -- Up-to-date: /home/jonatan/ros2_ws/install/articubot_one/share/articubot_one/launch/rplidar.launch.py
[1.977s] -- Up-to-date: /home/jonatan/ros2_ws/install/articubot_one/share/articubot_one/launch/launch_sim.launch.py
[1.981s] -- Up-to-date: /home/jonatan/ros2_ws/install/articubot_one/share/articubot_one/worlds
[1.982s] -- Up-to-date: /home/jonatan/ros2_ws/install/articubot_one/share/articubot_one/worlds/obstacles.world
[1.982s] -- Up-to-date: /home/jonatan/ros2_ws/install/articubot_one/share/articubot_one/worlds/empty.world
[1.982s] -- Up-to-date: /home/jonatan/ros2_ws/install/articubot_one/share/articubot_one/articubot_one
[1.983s] -- Installing: /home/jonatan/ros2_ws/install/articubot_one/share/articubot_one/articubot_one/obstacle_avoidance.py
[1.983s] -- Up-to-date: /home/jonatan/ros2_ws/install/articubot_one/share/articubot_one/articubot_one/__init__.py
[1.983s] -- Up-to-date: /home/jonatan/ros2_ws/install/articubot_one/share/ament_index/resource_index/package_run_dependencies/articubot_one
[1.987s] -- Up-to-date: /home/jonatan/ros2_ws/install/articubot_one/share/ament_index/resource_index/parent_prefix_path/articubot_one
[1.989s] -- Up-to-date: /home/jonatan/ros2_ws/install/articubot_one/share/articubot_one/environment/ament_prefix_path.sh
[1.989s] -- Up-to-date: /home/jonatan/ros2_ws/install/articubot_one/share/articubot_one/environment/ament_prefix_path.dsv
[1.989s] -- Up-to-date: /home/jonatan/ros2_ws/install/articubot_one/share/articubot_one/environment/path.sh
[1.990s] -- Up-to-date: /home/jonatan/ros2_ws/install/articubot_one/share/articubot_one/environment/path.dsv
[1.992s] -- Up-to-date: /home/jonatan/ros2_ws/install/articubot_one/share/articubot_one/local_setup.bash
[1.995s] -- Up-to-date: /home/jonatan/ros2_ws/install/articubot_one/share/articubot_one/local_setup.sh
[1.995s] -- Up-to-date: /home/jonatan/ros2_ws/install/articubot_one/share/articubot_one/local_setup.zsh
[1.995s] -- Up-to-date: /home/jonatan/ros2_ws/install/articubot_one/share/articubot_one/local_setup.dsv
[1.996s] -- Installing: /home/jonatan/ros2_ws/install/articubot_one/share/articubot_one/package.dsv
[1.996s] -- Up-to-date: /home/jonatan/ros2_ws/install/articubot_one/share/ament_index/resource_index/packages/articubot_one
[1.996s] -- Up-to-date: /home/jonatan/ros2_ws/install/articubot_one/share/articubot_one/cmake/articubot_oneConfig.cmake
[1.996s] -- Up-to-date: /home/jonatan/ros2_ws/install/articubot_one/share/articubot_one/cmake/articubot_oneConfig-version.cmake
[1.996s] -- Up-to-date: /home/jonatan/ros2_ws/install/articubot_one/share/articubot_one/package.xml
[1.997s] Invoked command in '/home/jonatan/ros2_ws/build/articubot_one' returned '0': CMAKE_PREFIX_PATH=${CMAKE_PREFIX_PATH}:/opt/ros/jazzy PS1=\[\e]0;\u@\h: \w\a\]${debian_chroot:+($debian_chroot)}\[\033[01;32m\]\u@\h\[\033[00m\]:\[\033[01;34m\]\w\[\033[00m\]\$ /usr/bin/cmake --install /home/jonatan/ros2_ws/build/articubot_one
