[0.024s] Invoking command in '/home/jonatan/ros2_ws/build/working_robot': CMAKE_PREFIX_PATH=${CMAKE_PREFIX_PATH}:/opt/ros/jazzy PS1=\[\e]0;\u@\h: \w\a\]${debian_chroot:+($debian_chroot)}\[\033[01;32m\]\u@\h\[\033[00m\]:\[\033[01;34m\]\w\[\033[00m\]\$ /usr/bin/cmake --build /home/jonatan/ros2_ws/build/working_robot -- -j4 -l4
[0.122s] Invoked command in '/home/jonatan/ros2_ws/build/working_robot' returned '0': CMAKE_PREFIX_PATH=${CMAKE_PREFIX_PATH}:/opt/ros/jazzy PS1=\[\e]0;\u@\h: \w\a\]${debian_chroot:+($debian_chroot)}\[\033[01;32m\]\u@\h\[\033[00m\]:\[\033[01;34m\]\w\[\033[00m\]\$ /usr/bin/cmake --build /home/jonatan/ros2_ws/build/working_robot -- -j4 -l4
[0.147s] Invoking command in '/home/jonatan/ros2_ws/build/working_robot': CMAKE_PREFIX_PATH=${CMAKE_PREFIX_PATH}:/opt/ros/jazzy PS1=\[\e]0;\u@\h: \w\a\]${debian_chroot:+($debian_chroot)}\[\033[01;32m\]\u@\h\[\033[00m\]:\[\033[01;34m\]\w\[\033[00m\]\$ /usr/bin/cmake --install /home/jonatan/ros2_ws/build/working_robot
[0.166s] -- Install configuration: ""
[0.166s] -- Up-to-date: /home/jonatan/ros2_ws/install/working_robot/share/working_robot/launch
[0.166s] -- Up-to-date: /home/jonatan/ros2_ws/install/working_robot/share/working_robot/launch/gazebo.launch.py
[0.167s] -- Up-to-date: /home/jonatan/ros2_ws/install/working_robot/share/working_robot/launch/__pycache__
[0.167s] -- Up-to-date: /home/jonatan/ros2_ws/install/working_robot/share/working_robot/launch/__pycache__/display.launch.cpython-312.pyc
[0.167s] -- Up-to-date: /home/jonatan/ros2_ws/install/working_robot/share/working_robot/launch/display.launch.py
[0.167s] -- Up-to-date: /home/jonatan/ros2_ws/install/working_robot/share/working_robot/meshes
[0.168s] -- Up-to-date: /home/jonatan/ros2_ws/install/working_robot/share/working_robot/meshes/castro_wheel_1.stl
[0.170s] -- Up-to-date: /home/jonatan/ros2_ws/install/working_robot/share/working_robot/meshes/right_wheel_1.stl
[0.170s] -- Up-to-date: /home/jonatan/ros2_ws/install/working_robot/share/working_robot/meshes/lidar_1.stl
[0.170s] -- Up-to-date: /home/jonatan/ros2_ws/install/working_robot/share/working_robot/meshes/left_wheel_1.stl
[0.170s] -- Up-to-date: /home/jonatan/ros2_ws/install/working_robot/share/working_robot/meshes/base_link.stl
[0.171s] -- Up-to-date: /home/jonatan/ros2_ws/install/working_robot/share/working_robot/urdf
[0.171s] -- Installing: /home/jonatan/ros2_ws/install/working_robot/share/working_robot/urdf/obslidar.xacro
[0.171s] -- Up-to-date: /home/jonatan/ros2_ws/install/working_robot/share/working_robot/urdf/obslidar.ros2control
[0.171s] -- Installing: /home/jonatan/ros2_ws/install/working_robot/share/working_robot/urdf/obslidar.gazebo
[0.171s] -- Up-to-date: /home/jonatan/ros2_ws/install/working_robot/share/working_robot/urdf/materials.xacro
[0.171s] -- Up-to-date: /home/jonatan/ros2_ws/install/working_robot/share/working_robot/config
[0.172s] -- Up-to-date: /home/jonatan/ros2_ws/install/working_robot/share/working_robot/config/display.rviz
[0.172s] -- Up-to-date: /home/jonatan/ros2_ws/install/working_robot/share/working_robot/config/gazebo.rviz
[0.172s] -- Up-to-date: /home/jonatan/ros2_ws/install/working_robot/share/working_robot/config/ros_gz_bridge_gazebo.yaml
[0.172s] -- Up-to-date: /home/jonatan/ros2_ws/install/working_robot/share/working_robot/worlds
[0.173s] -- Up-to-date: /home/jonatan/ros2_ws/install/working_robot/share/working_robot/worlds/fws_robot_world.sdf
[0.173s] -- Up-to-date: /home/jonatan/ros2_ws/install/working_robot/share/ament_index/resource_index/package_run_dependencies/working_robot
[0.173s] -- Up-to-date: /home/jonatan/ros2_ws/install/working_robot/share/ament_index/resource_index/parent_prefix_path/working_robot
[0.173s] -- Up-to-date: /home/jonatan/ros2_ws/install/working_robot/share/working_robot/environment/ament_prefix_path.sh
[0.174s] -- Up-to-date: /home/jonatan/ros2_ws/install/working_robot/share/working_robot/environment/ament_prefix_path.dsv
[0.174s] -- Up-to-date: /home/jonatan/ros2_ws/install/working_robot/share/working_robot/environment/path.sh
[0.175s] -- Up-to-date: /home/jonatan/ros2_ws/install/working_robot/share/working_robot/environment/path.dsv
[0.176s] -- Up-to-date: /home/jonatan/ros2_ws/install/working_robot/share/working_robot/local_setup.bash
[0.176s] -- Up-to-date: /home/jonatan/ros2_ws/install/working_robot/share/working_robot/local_setup.sh
[0.177s] -- Up-to-date: /home/jonatan/ros2_ws/install/working_robot/share/working_robot/local_setup.zsh
[0.177s] -- Up-to-date: /home/jonatan/ros2_ws/install/working_robot/share/working_robot/local_setup.dsv
[0.177s] -- Installing: /home/jonatan/ros2_ws/install/working_robot/share/working_robot/package.dsv
[0.178s] -- Up-to-date: /home/jonatan/ros2_ws/install/working_robot/share/ament_index/resource_index/packages/working_robot
[0.178s] -- Up-to-date: /home/jonatan/ros2_ws/install/working_robot/share/working_robot/cmake/working_robotConfig.cmake
[0.178s] -- Up-to-date: /home/jonatan/ros2_ws/install/working_robot/share/working_robot/cmake/working_robotConfig-version.cmake
[0.179s] -- Up-to-date: /home/jonatan/ros2_ws/install/working_robot/share/working_robot/package.xml
[0.179s] Invoked command in '/home/jonatan/ros2_ws/build/working_robot' returned '0': CMAKE_PREFIX_PATH=${CMAKE_PREFIX_PATH}:/opt/ros/jazzy PS1=\[\e]0;\u@\h: \w\a\]${debian_chroot:+($debian_chroot)}\[\033[01;32m\]\u@\h\[\033[00m\]:\[\033[01;34m\]\w\[\033[00m\]\$ /usr/bin/cmake --install /home/jonatan/ros2_ws/build/working_robot
