[0.013s] Invoking command in '/home/jonatan/ros2_ws/build/my_robot': CMAKE_PREFIX_PATH=${CMAKE_PREFIX_PATH}:/opt/ros/jazzy PS1=\[\e]0;\u@\h: \w\a\]${debian_chroot:+($debian_chroot)}\[\033[01;32m\]\u@\h\[\033[00m\]:\[\033[01;34m\]\w\[\033[00m\]\$ /usr/bin/cmake --build /home/jonatan/ros2_ws/build/my_robot -- -j4 -l4
[0.055s] Invoked command in '/home/jonatan/ros2_ws/build/my_robot' returned '0': CMAKE_PREFIX_PATH=${CMAKE_PREFIX_PATH}:/opt/ros/jazzy PS1=\[\e]0;\u@\h: \w\a\]${debian_chroot:+($debian_chroot)}\[\033[01;32m\]\u@\h\[\033[00m\]:\[\033[01;34m\]\w\[\033[00m\]\$ /usr/bin/cmake --build /home/jonatan/ros2_ws/build/my_robot -- -j4 -l4
[0.066s] Invoking command in '/home/jonatan/ros2_ws/build/my_robot': CMAKE_PREFIX_PATH=${CMAKE_PREFIX_PATH}:/opt/ros/jazzy PS1=\[\e]0;\u@\h: \w\a\]${debian_chroot:+($debian_chroot)}\[\033[01;32m\]\u@\h\[\033[00m\]:\[\033[01;34m\]\w\[\033[00m\]\$ /usr/bin/cmake --install /home/jonatan/ros2_ws/build/my_robot
[0.075s] -- Install configuration: ""
[0.075s] -- Up-to-date: /home/jonatan/ros2_ws/install/my_robot/share/my_robot/launch
[0.075s] -- Up-to-date: /home/jonatan/ros2_ws/install/my_robot/share/my_robot/launch/gz_urdf_launch.launch.py
[0.075s] -- Up-to-date: /home/jonatan/ros2_ws/install/my_robot/share/my_robot/launch/display.launch.xml
[0.075s] -- Up-to-date: /home/jonatan/ros2_ws/install/my_robot/share/my_robot/launch/two_wheeled.launch.py
[0.076s] -- Up-to-date: /home/jonatan/ros2_ws/install/my_robot/share/my_robot/meshes
[0.076s] -- Up-to-date: /home/jonatan/ros2_ws/install/my_robot/share/my_robot/meshes/robot_base.stl
[0.076s] -- Up-to-date: /home/jonatan/ros2_ws/install/my_robot/share/my_robot/urdf
[0.076s] -- Installing: /home/jonatan/ros2_ws/install/my_robot/share/my_robot/urdf/robot.xacro
[0.076s] -- Up-to-date: /home/jonatan/ros2_ws/install/my_robot/share/my_robot/urdf/model.urdf
[0.076s] -- Up-to-date: /home/jonatan/ros2_ws/install/my_robot/share/my_robot/config
[0.076s] -- Up-to-date: /home/jonatan/ros2_ws/install/my_robot/share/my_robot/config/my_robot_config.rviz
[0.076s] -- Up-to-date: /home/jonatan/ros2_ws/install/my_robot/share/my_robot/config/my_robot.rviz
[0.077s] -- Up-to-date: /home/jonatan/ros2_ws/install/my_robot/share/my_robot/worlds
[0.077s] -- Up-to-date: /home/jonatan/ros2_ws/install/my_robot/share/my_robot/worlds/fws_robot_world.sdf
[0.077s] -- Up-to-date: /home/jonatan/ros2_ws/install/my_robot/share/my_robot/rviz
[0.077s] -- Up-to-date: /home/jonatan/ros2_ws/install/my_robot/share/my_robot/rviz/urdf_gazebo_config.rviz
[0.077s] -- Up-to-date: /home/jonatan/ros2_ws/install/my_robot/share/my_robot/parts
[0.077s] -- Up-to-date: /home/jonatan/ros2_ws/install/my_robot/share/my_robot/parts/lidar
[0.077s] -- Installing: /home/jonatan/ros2_ws/install/my_robot/share/my_robot/parts/lidar/lidar.xacro
[0.077s] -- Installing: /home/jonatan/ros2_ws/install/my_robot/share/my_robot/parts/lidar/lidar.gazebo.xacro
[0.078s] -- Up-to-date: /home/jonatan/ros2_ws/install/my_robot/share/my_robot/parts/footprint
[0.078s] -- Up-to-date: /home/jonatan/ros2_ws/install/my_robot/share/my_robot/parts/footprint/footprint.xacro
[0.078s] -- Up-to-date: /home/jonatan/ros2_ws/install/my_robot/share/my_robot/parts/prop
[0.078s] -- Up-to-date: /home/jonatan/ros2_ws/install/my_robot/share/my_robot/parts/prop/property.xacro
[0.078s] -- Up-to-date: /home/jonatan/ros2_ws/install/my_robot/share/my_robot/parts/wheel
[0.078s] -- Up-to-date: /home/jonatan/ros2_ws/install/my_robot/share/my_robot/parts/wheel/wheel.xacro
[0.078s] -- Up-to-date: /home/jonatan/ros2_ws/install/my_robot/share/my_robot/parts/wheel/wheel.gazebo.xacro
[0.078s] -- Up-to-date: /home/jonatan/ros2_ws/install/my_robot/share/my_robot/parts/caster
[0.079s] -- Installing: /home/jonatan/ros2_ws/install/my_robot/share/my_robot/parts/caster/caster.xacro
[0.079s] -- Up-to-date: /home/jonatan/ros2_ws/install/my_robot/share/my_robot/parts/imu
[0.079s] -- Installing: /home/jonatan/ros2_ws/install/my_robot/share/my_robot/parts/imu/imu.gazebo.xacro
[0.079s] -- Installing: /home/jonatan/ros2_ws/install/my_robot/share/my_robot/parts/imu/imu.xacro
[0.079s] -- Up-to-date: /home/jonatan/ros2_ws/install/my_robot/share/my_robot/parts/base
[0.079s] -- Up-to-date: /home/jonatan/ros2_ws/install/my_robot/share/my_robot/parts/base/base.urdf.xacro
[0.079s] -- Up-to-date: /home/jonatan/ros2_ws/install/my_robot/share/my_robot/parts/base/base.gazebo.xacro
[0.079s] -- Up-to-date: /home/jonatan/ros2_ws/install/my_robot/share/ament_index/resource_index/package_run_dependencies/my_robot
[0.080s] -- Up-to-date: /home/jonatan/ros2_ws/install/my_robot/share/ament_index/resource_index/parent_prefix_path/my_robot
[0.080s] -- Up-to-date: /home/jonatan/ros2_ws/install/my_robot/share/my_robot/environment/ament_prefix_path.sh
[0.080s] -- Up-to-date: /home/jonatan/ros2_ws/install/my_robot/share/my_robot/environment/ament_prefix_path.dsv
[0.080s] -- Up-to-date: /home/jonatan/ros2_ws/install/my_robot/share/my_robot/environment/path.sh
[0.080s] -- Up-to-date: /home/jonatan/ros2_ws/install/my_robot/share/my_robot/environment/path.dsv
[0.080s] -- Up-to-date: /home/jonatan/ros2_ws/install/my_robot/share/my_robot/local_setup.bash
[0.080s] -- Up-to-date: /home/jonatan/ros2_ws/install/my_robot/share/my_robot/local_setup.sh
[0.081s] -- Up-to-date: /home/jonatan/ros2_ws/install/my_robot/share/my_robot/local_setup.zsh
[0.081s] -- Up-to-date: /home/jonatan/ros2_ws/install/my_robot/share/my_robot/local_setup.dsv
[0.081s] -- Installing: /home/jonatan/ros2_ws/install/my_robot/share/my_robot/package.dsv
[0.081s] -- Up-to-date: /home/jonatan/ros2_ws/install/my_robot/share/ament_index/resource_index/packages/my_robot
[0.082s] -- Up-to-date: /home/jonatan/ros2_ws/install/my_robot/share/my_robot/cmake/my_robotConfig.cmake
[0.082s] -- Up-to-date: /home/jonatan/ros2_ws/install/my_robot/share/my_robot/cmake/my_robotConfig-version.cmake
[0.082s] -- Up-to-date: /home/jonatan/ros2_ws/install/my_robot/share/my_robot/package.xml
[0.082s] Invoked command in '/home/jonatan/ros2_ws/build/my_robot' returned '0': CMAKE_PREFIX_PATH=${CMAKE_PREFIX_PATH}:/opt/ros/jazzy PS1=\[\e]0;\u@\h: \w\a\]${debian_chroot:+($debian_chroot)}\[\033[01;32m\]\u@\h\[\033[00m\]:\[\033[01;34m\]\w\[\033[00m\]\$ /usr/bin/cmake --install /home/jonatan/ros2_ws/build/my_robot
