running egg_info
creating ../../build/turtlesim_interface/turtlesim_interface.egg-info
writing ../../build/turtlesim_interface/turtlesim_interface.egg-info/PKG-INFO
writing dependency_links to ../../build/turtlesim_interface/turtlesim_interface.egg-info/dependency_links.txt
writing entry points to ../../build/turtlesim_interface/turtlesim_interface.egg-info/entry_points.txt
writing requirements to ../../build/turtlesim_interface/turtlesim_interface.egg-info/requires.txt
writing top-level names to ../../build/turtlesim_interface/turtlesim_interface.egg-info/top_level.txt
writing manifest file '../../build/turtlesim_interface/turtlesim_interface.egg-info/SOURCES.txt'
reading manifest file '../../build/turtlesim_interface/turtlesim_interface.egg-info/SOURCES.txt'
adding license file 'LICENSE'
writing manifest file '../../build/turtlesim_interface/turtlesim_interface.egg-info/SOURCES.txt'
running build
running build_py
creating /home/jonatan/ros2_ws/build/turtlesim_interface/build
creating /home/jonatan/ros2_ws/build/turtlesim_interface/build/lib
creating /home/jonatan/ros2_ws/build/turtlesim_interface/build/lib/turtlesim_interface
copying turtlesim_interface/main_code.py -> /home/jonatan/ros2_ws/build/turtlesim_interface/build/lib/turtlesim_interface
copying turtlesim_interface/utils.py -> /home/jonatan/ros2_ws/build/turtlesim_interface/build/lib/turtlesim_interface
copying turtlesim_interface/__init__.py -> /home/jonatan/ros2_ws/build/turtlesim_interface/build/lib/turtlesim_interface
running install
running install_lib
creating /home/jonatan/ros2_ws/install/turtlesim_interface/lib/python3.12/site-packages/turtlesim_interface
copying /home/jonatan/ros2_ws/build/turtlesim_interface/build/lib/turtlesim_interface/main_code.py -> /home/jonatan/ros2_ws/install/turtlesim_interface/lib/python3.12/site-packages/turtlesim_interface
copying /home/jonatan/ros2_ws/build/turtlesim_interface/build/lib/turtlesim_interface/utils.py -> /home/jonatan/ros2_ws/install/turtlesim_interface/lib/python3.12/site-packages/turtlesim_interface
copying /home/jonatan/ros2_ws/build/turtlesim_interface/build/lib/turtlesim_interface/__init__.py -> /home/jonatan/ros2_ws/install/turtlesim_interface/lib/python3.12/site-packages/turtlesim_interface
byte-compiling /home/jonatan/ros2_ws/install/turtlesim_interface/lib/python3.12/site-packages/turtlesim_interface/main_code.py to main_code.cpython-312.pyc
byte-compiling /home/jonatan/ros2_ws/install/turtlesim_interface/lib/python3.12/site-packages/turtlesim_interface/utils.py to utils.cpython-312.pyc
byte-compiling /home/jonatan/ros2_ws/install/turtlesim_interface/lib/python3.12/site-packages/turtlesim_interface/__init__.py to __init__.cpython-312.pyc
running install_data
creating /home/jonatan/ros2_ws/install/turtlesim_interface/share/ament_index
creating /home/jonatan/ros2_ws/install/turtlesim_interface/share/ament_index/resource_index
creating /home/jonatan/ros2_ws/install/turtlesim_interface/share/ament_index/resource_index/packages
copying resource/turtlesim_interface -> /home/jonatan/ros2_ws/install/turtlesim_interface/share/ament_index/resource_index/packages
copying package.xml -> /home/jonatan/ros2_ws/install/turtlesim_interface/share/turtlesim_interface
running install_egg_info
Copying ../../build/turtlesim_interface/turtlesim_interface.egg-info to /home/jonatan/ros2_ws/install/turtlesim_interface/lib/python3.12/site-packages/turtlesim_interface-0.0.0-py3.12.egg-info
running install_scripts
Installing show_gui script to /home/jonatan/ros2_ws/install/turtlesim_interface/lib/turtlesim_interface
writing list of installed files to '/home/jonatan/ros2_ws/build/turtlesim_interface/install.log'
