[1.208s] Invoking command in '/home/jonatan/ros2_ws/src/turtlesim_interface': PS1=\[\e]0;\u@\h: \w\a\]${debian_chroot:+($debian_chroot)}\[\033[01;32m\]\u@\h\[\033[00m\]:\[\033[01;34m\]\w\[\033[00m\]\$ PYTHONPATH=/home/jonatan/ros2_ws/build/turtlesim_interface/prefix_override:/usr/lib/python3/dist-packages/colcon_core/task/python/colcon_distutils_commands:/home/jonatan/ros2_ws/install/turtlesim_interface/lib/python3.12/site-packages:${PYTHONPATH} /usr/bin/python3 -W ignore:setup.py install is deprecated -W ignore:easy_install command is deprecated setup.py egg_info --egg-base ../../build/turtlesim_interface build --build-base /home/jonatan/ros2_ws/build/turtlesim_interface/build install --record /home/jonatan/ros2_ws/build/turtlesim_interface/install.log --single-version-externally-managed install_data
[1.477s] running egg_info
[1.477s] creating ../../build/turtlesim_interface/turtlesim_interface.egg-info
[1.498s] writing ../../build/turtlesim_interface/turtlesim_interface.egg-info/PKG-INFO
[1.498s] writing dependency_links to ../../build/turtlesim_interface/turtlesim_interface.egg-info/dependency_links.txt
[1.498s] writing entry points to ../../build/turtlesim_interface/turtlesim_interface.egg-info/entry_points.txt
[1.498s] writing requirements to ../../build/turtlesim_interface/turtlesim_interface.egg-info/requires.txt
[1.498s] writing top-level names to ../../build/turtlesim_interface/turtlesim_interface.egg-info/top_level.txt
[1.498s] writing manifest file '../../build/turtlesim_interface/turtlesim_interface.egg-info/SOURCES.txt'
[1.540s] reading manifest file '../../build/turtlesim_interface/turtlesim_interface.egg-info/SOURCES.txt'
[1.540s] adding license file 'LICENSE'
[1.541s] writing manifest file '../../build/turtlesim_interface/turtlesim_interface.egg-info/SOURCES.txt'
[1.541s] running build
[1.541s] running build_py
[1.541s] creating /home/jonatan/ros2_ws/build/turtlesim_interface/build
[1.541s] creating /home/jonatan/ros2_ws/build/turtlesim_interface/build/lib
[1.541s] creating /home/jonatan/ros2_ws/build/turtlesim_interface/build/lib/turtlesim_interface
[1.541s] copying turtlesim_interface/main_code.py -> /home/jonatan/ros2_ws/build/turtlesim_interface/build/lib/turtlesim_interface
[1.544s] copying turtlesim_interface/utils.py -> /home/jonatan/ros2_ws/build/turtlesim_interface/build/lib/turtlesim_interface
[1.545s] copying turtlesim_interface/__init__.py -> /home/jonatan/ros2_ws/build/turtlesim_interface/build/lib/turtlesim_interface
[1.545s] running install
[1.552s] running install_lib
[1.574s] creating /home/jonatan/ros2_ws/install/turtlesim_interface/lib/python3.12/site-packages/turtlesim_interface
[1.574s] copying /home/jonatan/ros2_ws/build/turtlesim_interface/build/lib/turtlesim_interface/main_code.py -> /home/jonatan/ros2_ws/install/turtlesim_interface/lib/python3.12/site-packages/turtlesim_interface
[1.575s] copying /home/jonatan/ros2_ws/build/turtlesim_interface/build/lib/turtlesim_interface/utils.py -> /home/jonatan/ros2_ws/install/turtlesim_interface/lib/python3.12/site-packages/turtlesim_interface
[1.575s] copying /home/jonatan/ros2_ws/build/turtlesim_interface/build/lib/turtlesim_interface/__init__.py -> /home/jonatan/ros2_ws/install/turtlesim_interface/lib/python3.12/site-packages/turtlesim_interface
[1.575s] byte-compiling /home/jonatan/ros2_ws/install/turtlesim_interface/lib/python3.12/site-packages/turtlesim_interface/main_code.py to main_code.cpython-312.pyc
[1.577s] byte-compiling /home/jonatan/ros2_ws/install/turtlesim_interface/lib/python3.12/site-packages/turtlesim_interface/utils.py to utils.cpython-312.pyc
[1.580s] byte-compiling /home/jonatan/ros2_ws/install/turtlesim_interface/lib/python3.12/site-packages/turtlesim_interface/__init__.py to __init__.cpython-312.pyc
[1.580s] running install_data
[1.580s] creating /home/jonatan/ros2_ws/install/turtlesim_interface/share/ament_index
[1.581s] creating /home/jonatan/ros2_ws/install/turtlesim_interface/share/ament_index/resource_index
[1.581s] creating /home/jonatan/ros2_ws/install/turtlesim_interface/share/ament_index/resource_index/packages
[1.581s] copying resource/turtlesim_interface -> /home/jonatan/ros2_ws/install/turtlesim_interface/share/ament_index/resource_index/packages
[1.581s] copying package.xml -> /home/jonatan/ros2_ws/install/turtlesim_interface/share/turtlesim_interface
[1.581s] running install_egg_info
[1.603s] Copying ../../build/turtlesim_interface/turtlesim_interface.egg-info to /home/jonatan/ros2_ws/install/turtlesim_interface/lib/python3.12/site-packages/turtlesim_interface-0.0.0-py3.12.egg-info
[1.603s] running install_scripts
[1.737s] Installing show_gui script to /home/jonatan/ros2_ws/install/turtlesim_interface/lib/turtlesim_interface
[1.738s] writing list of installed files to '/home/jonatan/ros2_ws/build/turtlesim_interface/install.log'
[1.767s] Invoked command in '/home/jonatan/ros2_ws/src/turtlesim_interface' returned '0': PS1=\[\e]0;\u@\h: \w\a\]${debian_chroot:+($debian_chroot)}\[\033[01;32m\]\u@\h\[\033[00m\]:\[\033[01;34m\]\w\[\033[00m\]\$ PYTHONPATH=/home/jonatan/ros2_ws/build/turtlesim_interface/prefix_override:/usr/lib/python3/dist-packages/colcon_core/task/python/colcon_distutils_commands:/home/jonatan/ros2_ws/install/turtlesim_interface/lib/python3.12/site-packages:${PYTHONPATH} /usr/bin/python3 -W ignore:setup.py install is deprecated -W ignore:easy_install command is deprecated setup.py egg_info --egg-base ../../build/turtlesim_interface build --build-base /home/jonatan/ros2_ws/build/turtlesim_interface/build install --record /home/jonatan/ros2_ws/build/turtlesim_interface/install.log --single-version-externally-managed install_data
