[0.014s] Invoking command in '/home/jonatan/ros2_ws/build/articubot_one': CMAKE_PREFIX_PATH=${CMAKE_PREFIX_PATH}:/opt/ros/jazzy PS1=\[\e]0;\u@\h: \w\a\]${debian_chroot:+($debian_chroot)}\[\033[01;32m\]\u@\h\[\033[00m\]:\[\033[01;34m\]\w\[\033[00m\]\$ /usr/bin/cmake /home/jonatan/ros2_ws/src/articubot_one -DCMAKE_INSTALL_PREFIX=/home/jonatan/ros2_ws/install/articubot_one
[0.133s] -- The C compiler identification is GNU 13.3.0
[0.201s] -- The CXX compiler identification is GNU 13.3.0
[0.224s] -- Detecting C compiler ABI info
[0.320s] -- Detecting C compiler ABI info - done
[0.329s] -- Check for working C compiler: /usr/bin/cc - skipped
[0.334s] -- Detecting C compile features
[0.336s] -- Detecting C compile features - done
[0.354s] -- Detecting CXX compiler ABI info
[0.457s] -- Detecting CXX compiler ABI info - done
[0.466s] -- Check for working CXX compiler: /usr/bin/c++ - skipped
[0.467s] -- Detecting CXX compile features
[0.467s] -- Detecting CXX compile features - done
[0.502s] -- Found ament_cmake: 2.5.3 (/opt/ros/jazzy/share/ament_cmake/cmake)
[0.664s] -- Found Python3: /usr/bin/python3 (found version "3.12.3") found components: Interpreter 
[0.842s] -- Found ament_lint_auto: 0.17.2 (/opt/ros/jazzy/share/ament_lint_auto/cmake)
[0.985s] -- Added test 'copyright' to check source files copyright and LICENSE
[0.995s] -- Added test 'flake8' to check Python code syntax and style conventions
[0.995s] -- Configured 'flake8' exclude dirs and/or files: 
[0.997s] -- Added test 'lint_cmake' to check CMake code style
[0.999s] -- Added test 'pep257' to check Python code against some of the docstring style conventions in PEP 257
[1.006s] -- Added test 'xmllint' to check XML markup files
[1.009s] -- Configuring done (1.0s)
[1.012s] -- Generating done (0.0s)
[1.014s] -- Build files have been written to: /home/jonatan/ros2_ws/build/articubot_one
[1.019s] Invoked command in '/home/jonatan/ros2_ws/build/articubot_one' returned '0': CMAKE_PREFIX_PATH=${CMAKE_PREFIX_PATH}:/opt/ros/jazzy PS1=\[\e]0;\u@\h: \w\a\]${debian_chroot:+($debian_chroot)}\[\033[01;32m\]\u@\h\[\033[00m\]:\[\033[01;34m\]\w\[\033[00m\]\$ /usr/bin/cmake /home/jonatan/ros2_ws/src/articubot_one -DCMAKE_INSTALL_PREFIX=/home/jonatan/ros2_ws/install/articubot_one
[1.020s] Invoking command in '/home/jonatan/ros2_ws/build/articubot_one': CMAKE_PREFIX_PATH=${CMAKE_PREFIX_PATH}:/opt/ros/jazzy PS1=\[\e]0;\u@\h: \w\a\]${debian_chroot:+($debian_chroot)}\[\033[01;32m\]\u@\h\[\033[00m\]:\[\033[01;34m\]\w\[\033[00m\]\$ /usr/bin/cmake --build /home/jonatan/ros2_ws/build/articubot_one -- -j4 -l4
[1.061s] Invoked command in '/home/jonatan/ros2_ws/build/articubot_one' returned '0': CMAKE_PREFIX_PATH=${CMAKE_PREFIX_PATH}:/opt/ros/jazzy PS1=\[\e]0;\u@\h: \w\a\]${debian_chroot:+($debian_chroot)}\[\033[01;32m\]\u@\h\[\033[00m\]:\[\033[01;34m\]\w\[\033[00m\]\$ /usr/bin/cmake --build /home/jonatan/ros2_ws/build/articubot_one -- -j4 -l4
[1.071s] Invoking command in '/home/jonatan/ros2_ws/build/articubot_one': CMAKE_PREFIX_PATH=${CMAKE_PREFIX_PATH}:/opt/ros/jazzy PS1=\[\e]0;\u@\h: \w\a\]${debian_chroot:+($debian_chroot)}\[\033[01;32m\]\u@\h\[\033[00m\]:\[\033[01;34m\]\w\[\033[00m\]\$ /usr/bin/cmake --install /home/jonatan/ros2_ws/build/articubot_one
[1.080s] -- Install configuration: ""
[1.080s] -- Installing: /home/jonatan/ros2_ws/install/articubot_one/share/articubot_one/config
[1.080s] -- Installing: /home/jonatan/ros2_ws/install/articubot_one/share/articubot_one/config/nav2_params.yaml
[1.080s] -- Installing: /home/jonatan/ros2_ws/install/articubot_one/share/articubot_one/config/ball_tracker_params_robot.yaml
[1.080s] -- Installing: /home/jonatan/ros2_ws/install/articubot_one/share/articubot_one/config/joystick.yaml
[1.080s] -- Installing: /home/jonatan/ros2_ws/install/articubot_one/share/articubot_one/config/mapper_params_online_async.yaml
[1.081s] -- Installing: /home/jonatan/ros2_ws/install/articubot_one/share/articubot_one/config/twist_mux.yaml
[1.081s] -- Installing: /home/jonatan/ros2_ws/install/articubot_one/share/articubot_one/config/ball_tracker_params_sim.yaml
[1.081s] -- Installing: /home/jonatan/ros2_ws/install/articubot_one/share/articubot_one/config/map.rviz
[1.081s] -- Installing: /home/jonatan/ros2_ws/install/articubot_one/share/articubot_one/config/gz_bridge.yaml
[1.081s] -- Installing: /home/jonatan/ros2_ws/install/articubot_one/share/articubot_one/config/view_bot.rviz
[1.081s] -- Installing: /home/jonatan/ros2_ws/install/articubot_one/share/articubot_one/config/drive_bot.rviz
[1.081s] -- Installing: /home/jonatan/ros2_ws/install/articubot_one/share/articubot_one/config/my_controllers.yaml
[1.082s] -- Installing: /home/jonatan/ros2_ws/install/articubot_one/share/articubot_one/config/main.rviz
[1.082s] -- Installing: /home/jonatan/ros2_ws/install/articubot_one/share/articubot_one/config/gaz_ros2_ctl_use_sim.yaml
[1.082s] -- Installing: /home/jonatan/ros2_ws/install/articubot_one/share/articubot_one/config/empty.yaml
[1.082s] -- Installing: /home/jonatan/ros2_ws/install/articubot_one/share/articubot_one/description
[1.082s] -- Installing: /home/jonatan/ros2_ws/install/articubot_one/share/articubot_one/description/gazebo_control.xacro
[1.082s] -- Installing: /home/jonatan/ros2_ws/install/articubot_one/share/articubot_one/description/lidar.xacro
[1.082s] -- Installing: /home/jonatan/ros2_ws/install/articubot_one/share/articubot_one/description/inertial_macros.xacro
[1.083s] -- Installing: /home/jonatan/ros2_ws/install/articubot_one/share/articubot_one/description/face.xacro
[1.083s] -- Installing: /home/jonatan/ros2_ws/install/articubot_one/share/articubot_one/description/camera.xacro
[1.083s] -- Installing: /home/jonatan/ros2_ws/install/articubot_one/share/articubot_one/description/depth_camera.xacro
[1.083s] -- Installing: /home/jonatan/ros2_ws/install/articubot_one/share/articubot_one/description/robot_core.xacro
[1.083s] -- Installing: /home/jonatan/ros2_ws/install/articubot_one/share/articubot_one/description/robot.urdf.xacro
[1.083s] -- Installing: /home/jonatan/ros2_ws/install/articubot_one/share/articubot_one/description/ros2_control.xacro
[1.083s] -- Installing: /home/jonatan/ros2_ws/install/articubot_one/share/articubot_one/launch
[1.083s] -- Installing: /home/jonatan/ros2_ws/install/articubot_one/share/articubot_one/launch/joystick.launch.py
[1.083s] -- Installing: /home/jonatan/ros2_ws/install/articubot_one/share/articubot_one/launch/online_async_launch.py
[1.083s] -- Installing: /home/jonatan/ros2_ws/install/articubot_one/share/articubot_one/launch/ball_tracker.launch.py
[1.084s] -- Installing: /home/jonatan/ros2_ws/install/articubot_one/share/articubot_one/launch/localization_launch.py
[1.084s] -- Installing: /home/jonatan/ros2_ws/install/articubot_one/share/articubot_one/launch/navigation_launch.py
[1.084s] -- Installing: /home/jonatan/ros2_ws/install/articubot_one/share/articubot_one/launch/rsp.launch.py
[1.084s] -- Installing: /home/jonatan/ros2_ws/install/articubot_one/share/articubot_one/launch/launch_robot.launch.py
[1.084s] -- Installing: /home/jonatan/ros2_ws/install/articubot_one/share/articubot_one/launch/camera.launch.py
[1.084s] -- Installing: /home/jonatan/ros2_ws/install/articubot_one/share/articubot_one/launch/rplidar.launch.py
[1.084s] -- Installing: /home/jonatan/ros2_ws/install/articubot_one/share/articubot_one/launch/launch_sim.launch.py
[1.084s] -- Installing: /home/jonatan/ros2_ws/install/articubot_one/share/articubot_one/worlds
[1.084s] -- Installing: /home/jonatan/ros2_ws/install/articubot_one/share/articubot_one/worlds/obstacles.world
[1.084s] -- Installing: /home/jonatan/ros2_ws/install/articubot_one/share/articubot_one/worlds/empty.world
[1.085s] -- Installing: /home/jonatan/ros2_ws/install/articubot_one/share/ament_index/resource_index/package_run_dependencies/articubot_one
[1.085s] -- Installing: /home/jonatan/ros2_ws/install/articubot_one/share/ament_index/resource_index/parent_prefix_path/articubot_one
[1.085s] -- Installing: /home/jonatan/ros2_ws/install/articubot_one/share/articubot_one/environment/ament_prefix_path.sh
[1.085s] -- Installing: /home/jonatan/ros2_ws/install/articubot_one/share/articubot_one/environment/ament_prefix_path.dsv
[1.085s] -- Installing: /home/jonatan/ros2_ws/install/articubot_one/share/articubot_one/environment/path.sh
[1.085s] -- Installing: /home/jonatan/ros2_ws/install/articubot_one/share/articubot_one/environment/path.dsv
[1.085s] -- Installing: /home/jonatan/ros2_ws/install/articubot_one/share/articubot_one/local_setup.bash
[1.085s] -- Installing: /home/jonatan/ros2_ws/install/articubot_one/share/articubot_one/local_setup.sh
[1.085s] -- Installing: /home/jonatan/ros2_ws/install/articubot_one/share/articubot_one/local_setup.zsh
[1.085s] -- Installing: /home/jonatan/ros2_ws/install/articubot_one/share/articubot_one/local_setup.dsv
[1.086s] -- Installing: /home/jonatan/ros2_ws/install/articubot_one/share/articubot_one/package.dsv
[1.086s] -- Installing: /home/jonatan/ros2_ws/install/articubot_one/share/ament_index/resource_index/packages/articubot_one
[1.086s] -- Installing: /home/jonatan/ros2_ws/install/articubot_one/share/articubot_one/cmake/articubot_oneConfig.cmake
[1.086s] -- Installing: /home/jonatan/ros2_ws/install/articubot_one/share/articubot_one/cmake/articubot_oneConfig-version.cmake
[1.086s] -- Installing: /home/jonatan/ros2_ws/install/articubot_one/share/articubot_one/package.xml
[1.088s] Invoked command in '/home/jonatan/ros2_ws/build/articubot_one' returned '0': CMAKE_PREFIX_PATH=${CMAKE_PREFIX_PATH}:/opt/ros/jazzy PS1=\[\e]0;\u@\h: \w\a\]${debian_chroot:+($debian_chroot)}\[\033[01;32m\]\u@\h\[\033[00m\]:\[\033[01;34m\]\w\[\033[00m\]\$ /usr/bin/cmake --install /home/jonatan/ros2_ws/build/articubot_one
